[3.369s] Invoking command in '/home/tractor/ws/src/robot': PYTHONPATH=/home/tractor/ws/build/robot/prefix_override:/home/tractor/ws/install/robot/lib/python3.10/site-packages:${PYTHONPATH} /usr/bin/python3 -W ignore:setup.py install is deprecated setup.py egg_info --egg-base ../../build/robot build --build-base /home/tractor/ws/build/robot/build install --record /home/tractor/ws/build/robot/install.log --single-version-externally-managed install_data
[4.428s] running egg_info
[4.495s] writing ../../build/robot/robot.egg-info/PKG-INFO
[4.497s] writing dependency_links to ../../build/robot/robot.egg-info/dependency_links.txt
[4.498s] writing entry points to ../../build/robot/robot.egg-info/entry_points.txt
[4.499s] writing requirements to ../../build/robot/robot.egg-info/requires.txt
[4.500s] writing top-level names to ../../build/robot/robot.egg-info/top_level.txt
[4.636s] reading manifest file '../../build/robot/robot.egg-info/SOURCES.txt'
[4.641s] adding license file 'LICENSE'
[4.644s] writing manifest file '../../build/robot/robot.egg-info/SOURCES.txt'
[4.645s] running build
[4.645s] running build_py
[4.646s] copying robot/startRobot.py -> /home/tractor/ws/build/robot/build/lib/robot
[4.647s] copying robot/Locomotion.py -> /home/tractor/ws/build/robot/build/lib/robot
[4.648s] copying robot/__init__.py -> /home/tractor/ws/build/robot/build/lib/robot
[4.650s] running install
[4.676s] running install_lib
[4.741s] copying /home/tractor/ws/build/robot/build/lib/robot/Locomotion.py -> /home/tractor/ws/install/robot/lib/python3.10/site-packages/robot
[4.744s] byte-compiling /home/tractor/ws/install/robot/lib/python3.10/site-packages/robot/Locomotion.py to Locomotion.cpython-310.pyc
[4.752s] running install_data
[4.756s] copying resource/robot -> /home/tractor/ws/install/robot/share/ament_index/resource_index/packages
[4.757s] copying package.xml -> /home/tractor/ws/install/robot/share/robot
[4.758s] running install_egg_info
[4.829s] removing '/home/tractor/ws/install/robot/lib/python3.10/site-packages/robot-0.0.0-py3.10.egg-info' (and everything under it)
[4.831s] Copying ../../build/robot/robot.egg-info to /home/tractor/ws/install/robot/lib/python3.10/site-packages/robot-0.0.0-py3.10.egg-info
[4.838s] running install_scripts
[5.493s] Installing Locomotion script to /home/tractor/ws/install/robot/lib/robot
[5.495s] writing list of installed files to '/home/tractor/ws/build/robot/install.log'
[5.637s] Invoked command in '/home/tractor/ws/src/robot' returned '0': PYTHONPATH=/home/tractor/ws/build/robot/prefix_override:/home/tractor/ws/install/robot/lib/python3.10/site-packages:${PYTHONPATH} /usr/bin/python3 -W ignore:setup.py install is deprecated setup.py egg_info --egg-base ../../build/robot build --build-base /home/tractor/ws/build/robot/build install --record /home/tractor/ws/build/robot/install.log --single-version-externally-managed install_data
