[0.059s] Invoking command in '/home/tractor/ws/build/astra_camera_msgs': CMAKE_PREFIX_PATH=/opt/ros/humble /usr/bin/cmake --build /home/tractor/ws/build/astra_camera_msgs -- -j4 -l4
[0.323s] [  1%] Built target astra_camera_msgs__cpp
[0.345s] [ 12%] Built target astra_camera_msgs__rosidl_generator_c
[0.479s] [ 24%] Built target astra_camera_msgs__rosidl_typesupport_cpp
[0.496s] [ 24%] Built target ament_cmake_python_copy_astra_camera_msgs
[0.537s] [ 35%] Built target astra_camera_msgs__rosidl_typesupport_introspection_cpp
[0.553s] [ 47%] Built target astra_camera_msgs__rosidl_typesupport_fastrtps_cpp
[0.655s] [ 58%] Built target astra_camera_msgs__rosidl_typesupport_fastrtps_c
[0.675s] [ 70%] Built target astra_camera_msgs__rosidl_typesupport_introspection_c
[0.692s] [ 82%] Built target astra_camera_msgs__rosidl_typesupport_c
[0.789s] [ 82%] Built target astra_camera_msgs
[0.904s] [ 83%] Built target astra_camera_msgs__py
[1.039s] [ 93%] Built target astra_camera_msgs__rosidl_generator_py
[1.186s] [ 95%] Built target astra_camera_msgs__rosidl_typesupport_fastrtps_c__pyext
[1.214s] [ 97%] Built target astra_camera_msgs__rosidl_typesupport_introspection_c__pyext
[1.220s] [100%] Built target astra_camera_msgs__rosidl_typesupport_c__pyext
[1.876s] running egg_info
[1.879s] writing astra_camera_msgs.egg-info/PKG-INFO
[1.880s] writing dependency_links to astra_camera_msgs.egg-info/dependency_links.txt
[1.881s] writing top-level names to astra_camera_msgs.egg-info/top_level.txt
[1.893s] reading manifest file 'astra_camera_msgs.egg-info/SOURCES.txt'
[1.896s] writing manifest file 'astra_camera_msgs.egg-info/SOURCES.txt'
[2.035s] [100%] Built target ament_cmake_python_build_astra_camera_msgs_egg
[2.082s] Invoked command in '/home/tractor/ws/build/astra_camera_msgs' returned '0': CMAKE_PREFIX_PATH=/opt/ros/humble /usr/bin/cmake --build /home/tractor/ws/build/astra_camera_msgs -- -j4 -l4
[3.300s] Invoking command in '/home/tractor/ws/build/astra_camera_msgs': CMAKE_PREFIX_PATH=/opt/ros/humble /usr/bin/cmake --install /home/tractor/ws/build/astra_camera_msgs
[3.333s] -- Install configuration: "Release"
[3.333s] -- Up-to-date: /home/tractor/ws/install/astra_camera_msgs/share/ament_index/resource_index/rosidl_interfaces/astra_camera_msgs
[3.334s] -- Up-to-date: /home/tractor/ws/install/astra_camera_msgs/include/astra_camera_msgs/astra_camera_msgs
[3.335s] -- Up-to-date: /home/tractor/ws/install/astra_camera_msgs/include/astra_camera_msgs/astra_camera_msgs/srv
[3.335s] -- Up-to-date: /home/tractor/ws/install/astra_camera_msgs/include/astra_camera_msgs/astra_camera_msgs/srv/detail
[3.336s] -- Up-to-date: /home/tractor/ws/install/astra_camera_msgs/include/astra_camera_msgs/astra_camera_msgs/srv/detail/get_camera_params__functions.h
[3.336s] -- Up-to-date: /home/tractor/ws/install/astra_camera_msgs/include/astra_camera_msgs/astra_camera_msgs/srv/detail/get_string__type_support.h
[3.337s] -- Up-to-date: /home/tractor/ws/install/astra_camera_msgs/include/astra_camera_msgs/astra_camera_msgs/srv/detail/get_camera_info__functions.c
[3.337s] -- Up-to-date: /home/tractor/ws/install/astra_camera_msgs/include/astra_camera_msgs/astra_camera_msgs/srv/detail/get_camera_params__functions.c
[3.338s] -- Up-to-date: /home/tractor/ws/install/astra_camera_msgs/include/astra_camera_msgs/astra_camera_msgs/srv/detail/set_int32__type_support.h
[3.338s] -- Up-to-date: /home/tractor/ws/install/astra_camera_msgs/include/astra_camera_msgs/astra_camera_msgs/srv/detail/get_device_info__type_support.h
[3.339s] -- Up-to-date: /home/tractor/ws/install/astra_camera_msgs/include/astra_camera_msgs/astra_camera_msgs/srv/detail/get_device_info__functions.c
[3.339s] -- Up-to-date: /home/tractor/ws/install/astra_camera_msgs/include/astra_camera_msgs/astra_camera_msgs/srv/detail/get_string__functions.h
[3.340s] -- Up-to-date: /home/tractor/ws/install/astra_camera_msgs/include/astra_camera_msgs/astra_camera_msgs/srv/detail/get_camera_info__functions.h
[3.340s] -- Up-to-date: /home/tractor/ws/install/astra_camera_msgs/include/astra_camera_msgs/astra_camera_msgs/srv/detail/get_device_info__struct.h
[3.341s] -- Up-to-date: /home/tractor/ws/install/astra_camera_msgs/include/astra_camera_msgs/astra_camera_msgs/srv/detail/get_int32__functions.h
[3.342s] -- Up-to-date: /home/tractor/ws/install/astra_camera_msgs/include/astra_camera_msgs/astra_camera_msgs/srv/detail/get_camera_info__struct.h
[3.342s] -- Up-to-date: /home/tractor/ws/install/astra_camera_msgs/include/astra_camera_msgs/astra_camera_msgs/srv/detail/get_string__struct.h
[3.343s] -- Up-to-date: /home/tractor/ws/install/astra_camera_msgs/include/astra_camera_msgs/astra_camera_msgs/srv/detail/get_int32__functions.c
[3.343s] -- Up-to-date: /home/tractor/ws/install/astra_camera_msgs/include/astra_camera_msgs/astra_camera_msgs/srv/detail/get_int32__type_support.h
[3.344s] -- Up-to-date: /home/tractor/ws/install/astra_camera_msgs/include/astra_camera_msgs/astra_camera_msgs/srv/detail/set_int32__functions.c
[3.344s] -- Up-to-date: /home/tractor/ws/install/astra_camera_msgs/include/astra_camera_msgs/astra_camera_msgs/srv/detail/get_device_info__functions.h
[3.345s] -- Up-to-date: /home/tractor/ws/install/astra_camera_msgs/include/astra_camera_msgs/astra_camera_msgs/srv/detail/set_int32__struct.h
[3.345s] -- Up-to-date: /home/tractor/ws/install/astra_camera_msgs/include/astra_camera_msgs/astra_camera_msgs/srv/detail/get_string__functions.c
[3.346s] -- Up-to-date: /home/tractor/ws/install/astra_camera_msgs/include/astra_camera_msgs/astra_camera_msgs/srv/detail/get_camera_params__type_support.h
[3.346s] -- Up-to-date: /home/tractor/ws/install/astra_camera_msgs/include/astra_camera_msgs/astra_camera_msgs/srv/detail/get_int32__struct.h
[3.347s] -- Up-to-date: /home/tractor/ws/install/astra_camera_msgs/include/astra_camera_msgs/astra_camera_msgs/srv/detail/get_camera_params__struct.h
[3.347s] -- Up-to-date: /home/tractor/ws/install/astra_camera_msgs/include/astra_camera_msgs/astra_camera_msgs/srv/detail/set_int32__functions.h
[3.348s] -- Up-to-date: /home/tractor/ws/install/astra_camera_msgs/include/astra_camera_msgs/astra_camera_msgs/srv/detail/get_camera_info__type_support.h
[3.349s] -- Up-to-date: /home/tractor/ws/install/astra_camera_msgs/include/astra_camera_msgs/astra_camera_msgs/srv/set_int32.h
[3.349s] -- Up-to-date: /home/tractor/ws/install/astra_camera_msgs/include/astra_camera_msgs/astra_camera_msgs/srv/get_camera_info.h
[3.350s] -- Up-to-date: /home/tractor/ws/install/astra_camera_msgs/include/astra_camera_msgs/astra_camera_msgs/srv/get_camera_params.h
[3.350s] -- Up-to-date: /home/tractor/ws/install/astra_camera_msgs/include/astra_camera_msgs/astra_camera_msgs/srv/get_int32.h
[3.351s] -- Up-to-date: /home/tractor/ws/install/astra_camera_msgs/include/astra_camera_msgs/astra_camera_msgs/srv/get_string.h
[3.352s] -- Up-to-date: /home/tractor/ws/install/astra_camera_msgs/include/astra_camera_msgs/astra_camera_msgs/srv/get_device_info.h
[3.352s] -- Up-to-date: /home/tractor/ws/install/astra_camera_msgs/include/astra_camera_msgs/astra_camera_msgs/msg
[3.353s] -- Up-to-date: /home/tractor/ws/install/astra_camera_msgs/include/astra_camera_msgs/astra_camera_msgs/msg/detail
[3.353s] -- Up-to-date: /home/tractor/ws/install/astra_camera_msgs/include/astra_camera_msgs/astra_camera_msgs/msg/detail/device_info__struct.h
[3.354s] -- Up-to-date: /home/tractor/ws/install/astra_camera_msgs/include/astra_camera_msgs/astra_camera_msgs/msg/detail/extrinsics__struct.h
[3.354s] -- Up-to-date: /home/tractor/ws/install/astra_camera_msgs/include/astra_camera_msgs/astra_camera_msgs/msg/detail/extrinsics__type_support.h
[3.355s] -- Up-to-date: /home/tractor/ws/install/astra_camera_msgs/include/astra_camera_msgs/astra_camera_msgs/msg/detail/device_info__functions.c
[3.356s] -- Up-to-date: /home/tractor/ws/install/astra_camera_msgs/include/astra_camera_msgs/astra_camera_msgs/msg/detail/metadata__type_support.h
[3.356s] -- Up-to-date: /home/tractor/ws/install/astra_camera_msgs/include/astra_camera_msgs/astra_camera_msgs/msg/detail/metadata__functions.c
[3.358s] -- Up-to-date: /home/tractor/ws/install/astra_camera_msgs/include/astra_camera_msgs/astra_camera_msgs/msg/detail/extrinsics__functions.h
[3.358s] -- Up-to-date: /home/tractor/ws/install/astra_camera_msgs/include/astra_camera_msgs/astra_camera_msgs/msg/detail/device_info__functions.h
[3.359s] -- Up-to-date: /home/tractor/ws/install/astra_camera_msgs/include/astra_camera_msgs/astra_camera_msgs/msg/detail/metadata__functions.h
[3.359s] -- Up-to-date: /home/tractor/ws/install/astra_camera_msgs/include/astra_camera_msgs/astra_camera_msgs/msg/detail/extrinsics__functions.c
[3.360s] -- Up-to-date: /home/tractor/ws/install/astra_camera_msgs/include/astra_camera_msgs/astra_camera_msgs/msg/detail/device_info__type_support.h
[3.360s] -- Up-to-date: /home/tractor/ws/install/astra_camera_msgs/include/astra_camera_msgs/astra_camera_msgs/msg/detail/metadata__struct.h
[3.361s] -- Up-to-date: /home/tractor/ws/install/astra_camera_msgs/include/astra_camera_msgs/astra_camera_msgs/msg/extrinsics.h
[3.361s] -- Up-to-date: /home/tractor/ws/install/astra_camera_msgs/include/astra_camera_msgs/astra_camera_msgs/msg/metadata.h
[3.361s] -- Up-to-date: /home/tractor/ws/install/astra_camera_msgs/include/astra_camera_msgs/astra_camera_msgs/msg/device_info.h
[3.362s] -- Up-to-date: /home/tractor/ws/install/astra_camera_msgs/include/astra_camera_msgs/astra_camera_msgs/msg/rosidl_generator_c__visibility_control.h
[3.363s] -- Up-to-date: /home/tractor/ws/install/astra_camera_msgs/share/astra_camera_msgs/environment/library_path.sh
[3.363s] -- Up-to-date: /home/tractor/ws/install/astra_camera_msgs/share/astra_camera_msgs/environment/library_path.dsv
[3.364s] -- Up-to-date: /home/tractor/ws/install/astra_camera_msgs/lib/libastra_camera_msgs__rosidl_generator_c.so
[3.364s] -- Up-to-date: /home/tractor/ws/install/astra_camera_msgs/include/astra_camera_msgs/astra_camera_msgs
[3.365s] -- Up-to-date: /home/tractor/ws/install/astra_camera_msgs/include/astra_camera_msgs/astra_camera_msgs/srv
[3.366s] -- Up-to-date: /home/tractor/ws/install/astra_camera_msgs/include/astra_camera_msgs/astra_camera_msgs/srv/detail
[3.366s] -- Up-to-date: /home/tractor/ws/install/astra_camera_msgs/include/astra_camera_msgs/astra_camera_msgs/srv/detail/set_int32__rosidl_typesupport_fastrtps_c.h
[3.367s] -- Up-to-date: /home/tractor/ws/install/astra_camera_msgs/include/astra_camera_msgs/astra_camera_msgs/srv/detail/get_device_info__rosidl_typesupport_fastrtps_c.h
[3.367s] -- Up-to-date: /home/tractor/ws/install/astra_camera_msgs/include/astra_camera_msgs/astra_camera_msgs/srv/detail/get_camera_params__rosidl_typesupport_fastrtps_c.h
[3.368s] -- Up-to-date: /home/tractor/ws/install/astra_camera_msgs/include/astra_camera_msgs/astra_camera_msgs/srv/detail/get_int32__rosidl_typesupport_fastrtps_c.h
[3.368s] -- Up-to-date: /home/tractor/ws/install/astra_camera_msgs/include/astra_camera_msgs/astra_camera_msgs/srv/detail/get_string__rosidl_typesupport_fastrtps_c.h
[3.368s] -- Up-to-date: /home/tractor/ws/install/astra_camera_msgs/include/astra_camera_msgs/astra_camera_msgs/srv/detail/get_camera_info__rosidl_typesupport_fastrtps_c.h
[3.369s] -- Up-to-date: /home/tractor/ws/install/astra_camera_msgs/include/astra_camera_msgs/astra_camera_msgs/msg
[3.369s] -- Up-to-date: /home/tractor/ws/install/astra_camera_msgs/include/astra_camera_msgs/astra_camera_msgs/msg/detail
[3.370s] -- Up-to-date: /home/tractor/ws/install/astra_camera_msgs/include/astra_camera_msgs/astra_camera_msgs/msg/detail/device_info__rosidl_typesupport_fastrtps_c.h
[3.370s] -- Up-to-date: /home/tractor/ws/install/astra_camera_msgs/include/astra_camera_msgs/astra_camera_msgs/msg/detail/extrinsics__rosidl_typesupport_fastrtps_c.h
[3.370s] -- Up-to-date: /home/tractor/ws/install/astra_camera_msgs/include/astra_camera_msgs/astra_camera_msgs/msg/detail/metadata__rosidl_typesupport_fastrtps_c.h
[3.371s] -- Up-to-date: /home/tractor/ws/install/astra_camera_msgs/include/astra_camera_msgs/astra_camera_msgs/msg/rosidl_typesupport_fastrtps_c__visibility_control.h
[3.371s] -- Up-to-date: /home/tractor/ws/install/astra_camera_msgs/lib/libastra_camera_msgs__rosidl_typesupport_fastrtps_c.so
[3.372s] -- Up-to-date: /home/tractor/ws/install/astra_camera_msgs/include/astra_camera_msgs/astra_camera_msgs
[3.372s] -- Up-to-date: /home/tractor/ws/install/astra_camera_msgs/include/astra_camera_msgs/astra_camera_msgs/srv
[3.373s] -- Up-to-date: /home/tractor/ws/install/astra_camera_msgs/include/astra_camera_msgs/astra_camera_msgs/srv/detail
[3.373s] -- Up-to-date: /home/tractor/ws/install/astra_camera_msgs/include/astra_camera_msgs/astra_camera_msgs/srv/detail/get_device_info__rosidl_typesupport_introspection_c.h
[3.373s] -- Up-to-date: /home/tractor/ws/install/astra_camera_msgs/include/astra_camera_msgs/astra_camera_msgs/srv/detail/get_camera_info__rosidl_typesupport_introspection_c.h
[3.374s] -- Up-to-date: /home/tractor/ws/install/astra_camera_msgs/include/astra_camera_msgs/astra_camera_msgs/srv/detail/get_int32__rosidl_typesupport_introspection_c.h
[3.374s] -- Up-to-date: /home/tractor/ws/install/astra_camera_msgs/include/astra_camera_msgs/astra_camera_msgs/srv/detail/get_string__rosidl_typesupport_introspection_c.h
[3.375s] -- Up-to-date: /home/tractor/ws/install/astra_camera_msgs/include/astra_camera_msgs/astra_camera_msgs/srv/detail/get_string__type_support.c
[3.375s] -- Up-to-date: /home/tractor/ws/install/astra_camera_msgs/include/astra_camera_msgs/astra_camera_msgs/srv/detail/get_camera_params__type_support.c
[3.376s] -- Up-to-date: /home/tractor/ws/install/astra_camera_msgs/include/astra_camera_msgs/astra_camera_msgs/srv/detail/set_int32__type_support.c
[3.376s] -- Up-to-date: /home/tractor/ws/install/astra_camera_msgs/include/astra_camera_msgs/astra_camera_msgs/srv/detail/get_camera_params__rosidl_typesupport_introspection_c.h
[3.377s] -- Up-to-date: /home/tractor/ws/install/astra_camera_msgs/include/astra_camera_msgs/astra_camera_msgs/srv/detail/get_device_info__type_support.c
[3.377s] -- Up-to-date: /home/tractor/ws/install/astra_camera_msgs/include/astra_camera_msgs/astra_camera_msgs/srv/detail/get_camera_info__type_support.c
[3.377s] -- Up-to-date: /home/tractor/ws/install/astra_camera_msgs/include/astra_camera_msgs/astra_camera_msgs/srv/detail/get_int32__type_support.c
[3.378s] -- Up-to-date: /home/tractor/ws/install/astra_camera_msgs/include/astra_camera_msgs/astra_camera_msgs/srv/detail/set_int32__rosidl_typesupport_introspection_c.h
[3.378s] -- Up-to-date: /home/tractor/ws/install/astra_camera_msgs/include/astra_camera_msgs/astra_camera_msgs/msg
[3.379s] -- Up-to-date: /home/tractor/ws/install/astra_camera_msgs/include/astra_camera_msgs/astra_camera_msgs/msg/detail
[3.380s] -- Up-to-date: /home/tractor/ws/install/astra_camera_msgs/include/astra_camera_msgs/astra_camera_msgs/msg/detail/metadata__type_support.c
[3.380s] -- Up-to-date: /home/tractor/ws/install/astra_camera_msgs/include/astra_camera_msgs/astra_camera_msgs/msg/detail/extrinsics__rosidl_typesupport_introspection_c.h
[3.380s] -- Up-to-date: /home/tractor/ws/install/astra_camera_msgs/include/astra_camera_msgs/astra_camera_msgs/msg/detail/device_info__type_support.c
[3.381s] -- Up-to-date: /home/tractor/ws/install/astra_camera_msgs/include/astra_camera_msgs/astra_camera_msgs/msg/detail/device_info__rosidl_typesupport_introspection_c.h
[3.381s] -- Up-to-date: /home/tractor/ws/install/astra_camera_msgs/include/astra_camera_msgs/astra_camera_msgs/msg/detail/metadata__rosidl_typesupport_introspection_c.h
[3.381s] -- Up-to-date: /home/tractor/ws/install/astra_camera_msgs/include/astra_camera_msgs/astra_camera_msgs/msg/detail/extrinsics__type_support.c
[3.382s] -- Up-to-date: /home/tractor/ws/install/astra_camera_msgs/include/astra_camera_msgs/astra_camera_msgs/msg/rosidl_typesupport_introspection_c__visibility_control.h
[3.382s] -- Up-to-date: /home/tractor/ws/install/astra_camera_msgs/lib/libastra_camera_msgs__rosidl_typesupport_introspection_c.so
[3.383s] -- Up-to-date: /home/tractor/ws/install/astra_camera_msgs/lib/libastra_camera_msgs__rosidl_typesupport_c.so
[3.383s] -- Up-to-date: /home/tractor/ws/install/astra_camera_msgs/include/astra_camera_msgs/astra_camera_msgs
[3.384s] -- Up-to-date: /home/tractor/ws/install/astra_camera_msgs/include/astra_camera_msgs/astra_camera_msgs/srv
[3.384s] -- Up-to-date: /home/tractor/ws/install/astra_camera_msgs/include/astra_camera_msgs/astra_camera_msgs/srv/detail
[3.385s] -- Up-to-date: /home/tractor/ws/install/astra_camera_msgs/include/astra_camera_msgs/astra_camera_msgs/srv/detail/set_int32__traits.hpp
[3.385s] -- Up-to-date: /home/tractor/ws/install/astra_camera_msgs/include/astra_camera_msgs/astra_camera_msgs/srv/detail/get_device_info__builder.hpp
[3.385s] -- Up-to-date: /home/tractor/ws/install/astra_camera_msgs/include/astra_camera_msgs/astra_camera_msgs/srv/detail/get_int32__traits.hpp
[3.386s] -- Up-to-date: /home/tractor/ws/install/astra_camera_msgs/include/astra_camera_msgs/astra_camera_msgs/srv/detail/set_int32__struct.hpp
[3.386s] -- Up-to-date: /home/tractor/ws/install/astra_camera_msgs/include/astra_camera_msgs/astra_camera_msgs/srv/detail/get_camera_info__struct.hpp
[3.387s] -- Up-to-date: /home/tractor/ws/install/astra_camera_msgs/include/astra_camera_msgs/astra_camera_msgs/srv/detail/set_int32__builder.hpp
[3.387s] -- Up-to-date: /home/tractor/ws/install/astra_camera_msgs/include/astra_camera_msgs/astra_camera_msgs/srv/detail/get_camera_params__builder.hpp
[3.387s] -- Up-to-date: /home/tractor/ws/install/astra_camera_msgs/include/astra_camera_msgs/astra_camera_msgs/srv/detail/get_device_info__traits.hpp
[3.388s] -- Up-to-date: /home/tractor/ws/install/astra_camera_msgs/include/astra_camera_msgs/astra_camera_msgs/srv/detail/get_device_info__struct.hpp
[3.388s] -- Up-to-date: /home/tractor/ws/install/astra_camera_msgs/include/astra_camera_msgs/astra_camera_msgs/srv/detail/get_string__traits.hpp
[3.390s] -- Up-to-date: /home/tractor/ws/install/astra_camera_msgs/include/astra_camera_msgs/astra_camera_msgs/srv/detail/get_string__struct.hpp
[3.390s] -- Up-to-date: /home/tractor/ws/install/astra_camera_msgs/include/astra_camera_msgs/astra_camera_msgs/srv/detail/get_camera_info__traits.hpp
[3.391s] -- Up-to-date: /home/tractor/ws/install/astra_camera_msgs/include/astra_camera_msgs/astra_camera_msgs/srv/detail/get_camera_info__builder.hpp
[3.392s] -- Up-to-date: /home/tractor/ws/install/astra_camera_msgs/include/astra_camera_msgs/astra_camera_msgs/srv/detail/get_int32__struct.hpp
[3.392s] -- Up-to-date: /home/tractor/ws/install/astra_camera_msgs/include/astra_camera_msgs/astra_camera_msgs/srv/detail/get_string__builder.hpp
[3.393s] -- Up-to-date: /home/tractor/ws/install/astra_camera_msgs/include/astra_camera_msgs/astra_camera_msgs/srv/detail/get_camera_params__struct.hpp
[3.393s] -- Up-to-date: /home/tractor/ws/install/astra_camera_msgs/include/astra_camera_msgs/astra_camera_msgs/srv/detail/get_camera_params__traits.hpp
[3.393s] -- Up-to-date: /home/tractor/ws/install/astra_camera_msgs/include/astra_camera_msgs/astra_camera_msgs/srv/detail/get_int32__builder.hpp
[3.394s] -- Up-to-date: /home/tractor/ws/install/astra_camera_msgs/include/astra_camera_msgs/astra_camera_msgs/srv/get_string.hpp
[3.394s] -- Up-to-date: /home/tractor/ws/install/astra_camera_msgs/include/astra_camera_msgs/astra_camera_msgs/srv/get_device_info.hpp
[3.395s] -- Up-to-date: /home/tractor/ws/install/astra_camera_msgs/include/astra_camera_msgs/astra_camera_msgs/srv/get_camera_info.hpp
[3.395s] -- Up-to-date: /home/tractor/ws/install/astra_camera_msgs/include/astra_camera_msgs/astra_camera_msgs/srv/get_int32.hpp
[3.396s] -- Up-to-date: /home/tractor/ws/install/astra_camera_msgs/include/astra_camera_msgs/astra_camera_msgs/srv/set_int32.hpp
[3.396s] -- Up-to-date: /home/tractor/ws/install/astra_camera_msgs/include/astra_camera_msgs/astra_camera_msgs/srv/get_camera_params.hpp
[3.397s] -- Up-to-date: /home/tractor/ws/install/astra_camera_msgs/include/astra_camera_msgs/astra_camera_msgs/msg
[3.397s] -- Up-to-date: /home/tractor/ws/install/astra_camera_msgs/include/astra_camera_msgs/astra_camera_msgs/msg/detail
[3.398s] -- Up-to-date: /home/tractor/ws/install/astra_camera_msgs/include/astra_camera_msgs/astra_camera_msgs/msg/detail/metadata__builder.hpp
[3.398s] -- Up-to-date: /home/tractor/ws/install/astra_camera_msgs/include/astra_camera_msgs/astra_camera_msgs/msg/detail/device_info__builder.hpp
[3.399s] -- Up-to-date: /home/tractor/ws/install/astra_camera_msgs/include/astra_camera_msgs/astra_camera_msgs/msg/detail/metadata__traits.hpp
[3.400s] -- Up-to-date: /home/tractor/ws/install/astra_camera_msgs/include/astra_camera_msgs/astra_camera_msgs/msg/detail/metadata__struct.hpp
[3.400s] -- Up-to-date: /home/tractor/ws/install/astra_camera_msgs/include/astra_camera_msgs/astra_camera_msgs/msg/detail/extrinsics__builder.hpp
[3.401s] -- Up-to-date: /home/tractor/ws/install/astra_camera_msgs/include/astra_camera_msgs/astra_camera_msgs/msg/detail/device_info__traits.hpp
[3.401s] -- Up-to-date: /home/tractor/ws/install/astra_camera_msgs/include/astra_camera_msgs/astra_camera_msgs/msg/detail/device_info__struct.hpp
[3.401s] -- Up-to-date: /home/tractor/ws/install/astra_camera_msgs/include/astra_camera_msgs/astra_camera_msgs/msg/detail/extrinsics__struct.hpp
[3.402s] -- Up-to-date: /home/tractor/ws/install/astra_camera_msgs/include/astra_camera_msgs/astra_camera_msgs/msg/detail/extrinsics__traits.hpp
[3.402s] -- Up-to-date: /home/tractor/ws/install/astra_camera_msgs/include/astra_camera_msgs/astra_camera_msgs/msg/metadata.hpp
[3.403s] -- Up-to-date: /home/tractor/ws/install/astra_camera_msgs/include/astra_camera_msgs/astra_camera_msgs/msg/device_info.hpp
[3.403s] -- Up-to-date: /home/tractor/ws/install/astra_camera_msgs/include/astra_camera_msgs/astra_camera_msgs/msg/extrinsics.hpp
[3.404s] -- Up-to-date: /home/tractor/ws/install/astra_camera_msgs/include/astra_camera_msgs/astra_camera_msgs
[3.404s] -- Up-to-date: /home/tractor/ws/install/astra_camera_msgs/include/astra_camera_msgs/astra_camera_msgs/srv
[3.404s] -- Up-to-date: /home/tractor/ws/install/astra_camera_msgs/include/astra_camera_msgs/astra_camera_msgs/srv/detail
[3.405s] -- Up-to-date: /home/tractor/ws/install/astra_camera_msgs/include/astra_camera_msgs/astra_camera_msgs/srv/detail/get_int32__rosidl_typesupport_fastrtps_cpp.hpp
[3.405s] -- Up-to-date: /home/tractor/ws/install/astra_camera_msgs/include/astra_camera_msgs/astra_camera_msgs/srv/detail/get_device_info__rosidl_typesupport_fastrtps_cpp.hpp
[3.406s] -- Up-to-date: /home/tractor/ws/install/astra_camera_msgs/include/astra_camera_msgs/astra_camera_msgs/srv/detail/dds_fastrtps
[3.406s] -- Up-to-date: /home/tractor/ws/install/astra_camera_msgs/include/astra_camera_msgs/astra_camera_msgs/srv/detail/get_camera_params__rosidl_typesupport_fastrtps_cpp.hpp
[3.406s] -- Up-to-date: /home/tractor/ws/install/astra_camera_msgs/include/astra_camera_msgs/astra_camera_msgs/srv/detail/get_string__rosidl_typesupport_fastrtps_cpp.hpp
[3.407s] -- Up-to-date: /home/tractor/ws/install/astra_camera_msgs/include/astra_camera_msgs/astra_camera_msgs/srv/detail/get_camera_info__rosidl_typesupport_fastrtps_cpp.hpp
[3.408s] -- Up-to-date: /home/tractor/ws/install/astra_camera_msgs/include/astra_camera_msgs/astra_camera_msgs/srv/detail/set_int32__rosidl_typesupport_fastrtps_cpp.hpp
[3.408s] -- Up-to-date: /home/tractor/ws/install/astra_camera_msgs/include/astra_camera_msgs/astra_camera_msgs/msg
[3.408s] -- Up-to-date: /home/tractor/ws/install/astra_camera_msgs/include/astra_camera_msgs/astra_camera_msgs/msg/detail
[3.409s] -- Up-to-date: /home/tractor/ws/install/astra_camera_msgs/include/astra_camera_msgs/astra_camera_msgs/msg/detail/dds_fastrtps
[3.409s] -- Up-to-date: /home/tractor/ws/install/astra_camera_msgs/include/astra_camera_msgs/astra_camera_msgs/msg/detail/metadata__rosidl_typesupport_fastrtps_cpp.hpp
[3.410s] -- Up-to-date: /home/tractor/ws/install/astra_camera_msgs/include/astra_camera_msgs/astra_camera_msgs/msg/detail/device_info__rosidl_typesupport_fastrtps_cpp.hpp
[3.410s] -- Up-to-date: /home/tractor/ws/install/astra_camera_msgs/include/astra_camera_msgs/astra_camera_msgs/msg/detail/extrinsics__rosidl_typesupport_fastrtps_cpp.hpp
[3.410s] -- Up-to-date: /home/tractor/ws/install/astra_camera_msgs/include/astra_camera_msgs/astra_camera_msgs/msg/rosidl_typesupport_fastrtps_cpp__visibility_control.h
[3.411s] -- Up-to-date: /home/tractor/ws/install/astra_camera_msgs/lib/libastra_camera_msgs__rosidl_typesupport_fastrtps_cpp.so
[3.411s] -- Up-to-date: /home/tractor/ws/install/astra_camera_msgs/include/astra_camera_msgs/astra_camera_msgs
[3.412s] -- Up-to-date: /home/tractor/ws/install/astra_camera_msgs/include/astra_camera_msgs/astra_camera_msgs/srv
[3.412s] -- Up-to-date: /home/tractor/ws/install/astra_camera_msgs/include/astra_camera_msgs/astra_camera_msgs/srv/detail
[3.413s] -- Up-to-date: /home/tractor/ws/install/astra_camera_msgs/include/astra_camera_msgs/astra_camera_msgs/srv/detail/set_int32__rosidl_typesupport_introspection_cpp.hpp
[3.413s] -- Up-to-date: /home/tractor/ws/install/astra_camera_msgs/include/astra_camera_msgs/astra_camera_msgs/srv/detail/get_camera_params__rosidl_typesupport_introspection_cpp.hpp
[3.414s] -- Up-to-date: /home/tractor/ws/install/astra_camera_msgs/include/astra_camera_msgs/astra_camera_msgs/srv/detail/get_device_info__type_support.cpp
[3.414s] -- Up-to-date: /home/tractor/ws/install/astra_camera_msgs/include/astra_camera_msgs/astra_camera_msgs/srv/detail/get_string__rosidl_typesupport_introspection_cpp.hpp
[3.415s] -- Up-to-date: /home/tractor/ws/install/astra_camera_msgs/include/astra_camera_msgs/astra_camera_msgs/srv/detail/set_int32__type_support.cpp
[3.415s] -- Up-to-date: /home/tractor/ws/install/astra_camera_msgs/include/astra_camera_msgs/astra_camera_msgs/srv/detail/get_camera_info__rosidl_typesupport_introspection_cpp.hpp
[3.416s] -- Up-to-date: /home/tractor/ws/install/astra_camera_msgs/include/astra_camera_msgs/astra_camera_msgs/srv/detail/get_camera_info__type_support.cpp
[3.416s] -- Up-to-date: /home/tractor/ws/install/astra_camera_msgs/include/astra_camera_msgs/astra_camera_msgs/srv/detail/get_camera_params__type_support.cpp
[3.417s] -- Up-to-date: /home/tractor/ws/install/astra_camera_msgs/include/astra_camera_msgs/astra_camera_msgs/srv/detail/get_int32__type_support.cpp
[3.417s] -- Up-to-date: /home/tractor/ws/install/astra_camera_msgs/include/astra_camera_msgs/astra_camera_msgs/srv/detail/get_string__type_support.cpp
[3.417s] -- Up-to-date: /home/tractor/ws/install/astra_camera_msgs/include/astra_camera_msgs/astra_camera_msgs/srv/detail/get_device_info__rosidl_typesupport_introspection_cpp.hpp
[3.418s] -- Up-to-date: /home/tractor/ws/install/astra_camera_msgs/include/astra_camera_msgs/astra_camera_msgs/srv/detail/get_int32__rosidl_typesupport_introspection_cpp.hpp
[3.418s] -- Up-to-date: /home/tractor/ws/install/astra_camera_msgs/include/astra_camera_msgs/astra_camera_msgs/msg
[3.419s] -- Up-to-date: /home/tractor/ws/install/astra_camera_msgs/include/astra_camera_msgs/astra_camera_msgs/msg/detail
[3.419s] -- Up-to-date: /home/tractor/ws/install/astra_camera_msgs/include/astra_camera_msgs/astra_camera_msgs/msg/detail/device_info__rosidl_typesupport_introspection_cpp.hpp
[3.420s] -- Up-to-date: /home/tractor/ws/install/astra_camera_msgs/include/astra_camera_msgs/astra_camera_msgs/msg/detail/extrinsics__type_support.cpp
[3.420s] -- Up-to-date: /home/tractor/ws/install/astra_camera_msgs/include/astra_camera_msgs/astra_camera_msgs/msg/detail/extrinsics__rosidl_typesupport_introspection_cpp.hpp
[3.421s] -- Up-to-date: /home/tractor/ws/install/astra_camera_msgs/include/astra_camera_msgs/astra_camera_msgs/msg/detail/metadata__rosidl_typesupport_introspection_cpp.hpp
[3.421s] -- Up-to-date: /home/tractor/ws/install/astra_camera_msgs/include/astra_camera_msgs/astra_camera_msgs/msg/detail/metadata__type_support.cpp
[3.422s] -- Up-to-date: /home/tractor/ws/install/astra_camera_msgs/include/astra_camera_msgs/astra_camera_msgs/msg/detail/device_info__type_support.cpp
[3.422s] -- Up-to-date: /home/tractor/ws/install/astra_camera_msgs/lib/libastra_camera_msgs__rosidl_typesupport_introspection_cpp.so
[3.423s] -- Up-to-date: /home/tractor/ws/install/astra_camera_msgs/lib/libastra_camera_msgs__rosidl_typesupport_cpp.so
[3.423s] -- Up-to-date: /home/tractor/ws/install/astra_camera_msgs/share/astra_camera_msgs/environment/pythonpath.sh
[3.424s] -- Up-to-date: /home/tractor/ws/install/astra_camera_msgs/share/astra_camera_msgs/environment/pythonpath.dsv
[3.425s] -- Up-to-date: /home/tractor/ws/install/astra_camera_msgs/local/lib/python3.10/dist-packages/astra_camera_msgs-1.0.1-py3.10.egg-info
[3.426s] -- Installing: /home/tractor/ws/install/astra_camera_msgs/local/lib/python3.10/dist-packages/astra_camera_msgs-1.0.1-py3.10.egg-info/dependency_links.txt
[3.426s] -- Installing: /home/tractor/ws/install/astra_camera_msgs/local/lib/python3.10/dist-packages/astra_camera_msgs-1.0.1-py3.10.egg-info/top_level.txt
[3.427s] -- Installing: /home/tractor/ws/install/astra_camera_msgs/local/lib/python3.10/dist-packages/astra_camera_msgs-1.0.1-py3.10.egg-info/SOURCES.txt
[3.428s] -- Installing: /home/tractor/ws/install/astra_camera_msgs/local/lib/python3.10/dist-packages/astra_camera_msgs-1.0.1-py3.10.egg-info/PKG-INFO
[3.429s] -- Up-to-date: /home/tractor/ws/install/astra_camera_msgs/local/lib/python3.10/dist-packages/astra_camera_msgs
[3.430s] -- Up-to-date: /home/tractor/ws/install/astra_camera_msgs/local/lib/python3.10/dist-packages/astra_camera_msgs/libastra_camera_msgs__rosidl_generator_py.so
[3.430s] -- Up-to-date: /home/tractor/ws/install/astra_camera_msgs/local/lib/python3.10/dist-packages/astra_camera_msgs/_astra_camera_msgs_s.ep.rosidl_typesupport_c.c
[3.431s] -- Up-to-date: /home/tractor/ws/install/astra_camera_msgs/local/lib/python3.10/dist-packages/astra_camera_msgs/srv
[3.432s] -- Up-to-date: /home/tractor/ws/install/astra_camera_msgs/local/lib/python3.10/dist-packages/astra_camera_msgs/srv/_get_string.py
[3.433s] -- Up-to-date: /home/tractor/ws/install/astra_camera_msgs/local/lib/python3.10/dist-packages/astra_camera_msgs/srv/_get_device_info.py
[3.433s] -- Up-to-date: /home/tractor/ws/install/astra_camera_msgs/local/lib/python3.10/dist-packages/astra_camera_msgs/srv/_set_int32.py
[3.434s] -- Up-to-date: /home/tractor/ws/install/astra_camera_msgs/local/lib/python3.10/dist-packages/astra_camera_msgs/srv/_get_string_s.c
[3.434s] -- Up-to-date: /home/tractor/ws/install/astra_camera_msgs/local/lib/python3.10/dist-packages/astra_camera_msgs/srv/_get_int32_s.c
[3.434s] -- Up-to-date: /home/tractor/ws/install/astra_camera_msgs/local/lib/python3.10/dist-packages/astra_camera_msgs/srv/_set_int32_s.c
[3.435s] -- Up-to-date: /home/tractor/ws/install/astra_camera_msgs/local/lib/python3.10/dist-packages/astra_camera_msgs/srv/_get_camera_info_s.c
[3.435s] -- Up-to-date: /home/tractor/ws/install/astra_camera_msgs/local/lib/python3.10/dist-packages/astra_camera_msgs/srv/_get_device_info_s.c
[3.436s] -- Up-to-date: /home/tractor/ws/install/astra_camera_msgs/local/lib/python3.10/dist-packages/astra_camera_msgs/srv/__init__.py
[3.436s] -- Up-to-date: /home/tractor/ws/install/astra_camera_msgs/local/lib/python3.10/dist-packages/astra_camera_msgs/srv/_get_camera_params_s.c
[3.437s] -- Up-to-date: /home/tractor/ws/install/astra_camera_msgs/local/lib/python3.10/dist-packages/astra_camera_msgs/srv/_get_camera_params.py
[3.437s] -- Up-to-date: /home/tractor/ws/install/astra_camera_msgs/local/lib/python3.10/dist-packages/astra_camera_msgs/srv/_get_camera_info.py
[3.438s] -- Up-to-date: /home/tractor/ws/install/astra_camera_msgs/local/lib/python3.10/dist-packages/astra_camera_msgs/srv/_get_int32.py
[3.438s] -- Up-to-date: /home/tractor/ws/install/astra_camera_msgs/local/lib/python3.10/dist-packages/astra_camera_msgs/_astra_camera_msgs_s.ep.rosidl_typesupport_introspection_c.c
[3.438s] -- Up-to-date: /home/tractor/ws/install/astra_camera_msgs/local/lib/python3.10/dist-packages/astra_camera_msgs/msg
[3.439s] -- Up-to-date: /home/tractor/ws/install/astra_camera_msgs/local/lib/python3.10/dist-packages/astra_camera_msgs/msg/_extrinsics.py
[3.439s] -- Up-to-date: /home/tractor/ws/install/astra_camera_msgs/local/lib/python3.10/dist-packages/astra_camera_msgs/msg/_metadata.py
[3.440s] -- Up-to-date: /home/tractor/ws/install/astra_camera_msgs/local/lib/python3.10/dist-packages/astra_camera_msgs/msg/_device_info_s.c
[3.440s] -- Up-to-date: /home/tractor/ws/install/astra_camera_msgs/local/lib/python3.10/dist-packages/astra_camera_msgs/msg/_metadata_s.c
[3.441s] -- Up-to-date: /home/tractor/ws/install/astra_camera_msgs/local/lib/python3.10/dist-packages/astra_camera_msgs/msg/_device_info.py
[3.441s] -- Up-to-date: /home/tractor/ws/install/astra_camera_msgs/local/lib/python3.10/dist-packages/astra_camera_msgs/msg/__init__.py
[3.441s] -- Up-to-date: /home/tractor/ws/install/astra_camera_msgs/local/lib/python3.10/dist-packages/astra_camera_msgs/msg/_extrinsics_s.c
[3.442s] -- Up-to-date: /home/tractor/ws/install/astra_camera_msgs/local/lib/python3.10/dist-packages/astra_camera_msgs/_astra_camera_msgs_s.ep.rosidl_typesupport_fastrtps_c.c
[3.442s] -- Up-to-date: /home/tractor/ws/install/astra_camera_msgs/local/lib/python3.10/dist-packages/astra_camera_msgs/astra_camera_msgs_s__rosidl_typesupport_introspection_c.cpython-310-aarch64-linux-gnu.so
[3.443s] -- Up-to-date: /home/tractor/ws/install/astra_camera_msgs/local/lib/python3.10/dist-packages/astra_camera_msgs/astra_camera_msgs_s__rosidl_typesupport_c.cpython-310-aarch64-linux-gnu.so
[3.443s] -- Up-to-date: /home/tractor/ws/install/astra_camera_msgs/local/lib/python3.10/dist-packages/astra_camera_msgs/astra_camera_msgs_s__rosidl_typesupport_fastrtps_c.cpython-310-aarch64-linux-gnu.so
[3.444s] -- Up-to-date: /home/tractor/ws/install/astra_camera_msgs/local/lib/python3.10/dist-packages/astra_camera_msgs/__init__.py
[3.570s] Listing '/home/tractor/ws/install/astra_camera_msgs/local/lib/python3.10/dist-packages/astra_camera_msgs'...
[3.571s] Listing '/home/tractor/ws/install/astra_camera_msgs/local/lib/python3.10/dist-packages/astra_camera_msgs/msg'...
[3.572s] Listing '/home/tractor/ws/install/astra_camera_msgs/local/lib/python3.10/dist-packages/astra_camera_msgs/srv'...
[3.596s] -- Up-to-date: /home/tractor/ws/install/astra_camera_msgs/local/lib/python3.10/dist-packages/astra_camera_msgs/astra_camera_msgs_s__rosidl_typesupport_fastrtps_c.cpython-310-aarch64-linux-gnu.so
[3.599s] -- Up-to-date: /home/tractor/ws/install/astra_camera_msgs/local/lib/python3.10/dist-packages/astra_camera_msgs/astra_camera_msgs_s__rosidl_typesupport_introspection_c.cpython-310-aarch64-linux-gnu.so
[3.602s] -- Up-to-date: /home/tractor/ws/install/astra_camera_msgs/local/lib/python3.10/dist-packages/astra_camera_msgs/astra_camera_msgs_s__rosidl_typesupport_c.cpython-310-aarch64-linux-gnu.so
[3.605s] -- Up-to-date: /home/tractor/ws/install/astra_camera_msgs/lib/libastra_camera_msgs__rosidl_generator_py.so
[3.606s] -- Up-to-date: /home/tractor/ws/install/astra_camera_msgs/share/astra_camera_msgs/msg/DeviceInfo.idl
[3.607s] -- Up-to-date: /home/tractor/ws/install/astra_camera_msgs/share/astra_camera_msgs/msg/Extrinsics.idl
[3.608s] -- Up-to-date: /home/tractor/ws/install/astra_camera_msgs/share/astra_camera_msgs/msg/Metadata.idl
[3.608s] -- Up-to-date: /home/tractor/ws/install/astra_camera_msgs/share/astra_camera_msgs/srv/GetDeviceInfo.idl
[3.609s] -- Up-to-date: /home/tractor/ws/install/astra_camera_msgs/share/astra_camera_msgs/srv/GetCameraInfo.idl
[3.610s] -- Up-to-date: /home/tractor/ws/install/astra_camera_msgs/share/astra_camera_msgs/srv/GetCameraParams.idl
[3.610s] -- Up-to-date: /home/tractor/ws/install/astra_camera_msgs/share/astra_camera_msgs/srv/GetInt32.idl
[3.611s] -- Up-to-date: /home/tractor/ws/install/astra_camera_msgs/share/astra_camera_msgs/srv/GetString.idl
[3.611s] -- Up-to-date: /home/tractor/ws/install/astra_camera_msgs/share/astra_camera_msgs/srv/SetInt32.idl
[3.612s] -- Up-to-date: /home/tractor/ws/install/astra_camera_msgs/share/astra_camera_msgs/msg/DeviceInfo.msg
[3.613s] -- Up-to-date: /home/tractor/ws/install/astra_camera_msgs/share/astra_camera_msgs/msg/Extrinsics.msg
[3.613s] -- Up-to-date: /home/tractor/ws/install/astra_camera_msgs/share/astra_camera_msgs/msg/Metadata.msg
[3.614s] -- Up-to-date: /home/tractor/ws/install/astra_camera_msgs/share/astra_camera_msgs/srv/GetDeviceInfo.srv
[3.614s] -- Up-to-date: /home/tractor/ws/install/astra_camera_msgs/share/astra_camera_msgs/srv/GetDeviceInfo_Request.msg
[3.616s] -- Up-to-date: /home/tractor/ws/install/astra_camera_msgs/share/astra_camera_msgs/srv/GetDeviceInfo_Response.msg
[3.616s] -- Up-to-date: /home/tractor/ws/install/astra_camera_msgs/share/astra_camera_msgs/srv/GetCameraInfo.srv
[3.617s] -- Up-to-date: /home/tractor/ws/install/astra_camera_msgs/share/astra_camera_msgs/srv/GetCameraInfo_Request.msg
[3.618s] -- Up-to-date: /home/tractor/ws/install/astra_camera_msgs/share/astra_camera_msgs/srv/GetCameraInfo_Response.msg
[3.620s] -- Up-to-date: /home/tractor/ws/install/astra_camera_msgs/share/astra_camera_msgs/srv/GetCameraParams.srv
[3.620s] -- Up-to-date: /home/tractor/ws/install/astra_camera_msgs/share/astra_camera_msgs/srv/GetCameraParams_Request.msg
[3.621s] -- Up-to-date: /home/tractor/ws/install/astra_camera_msgs/share/astra_camera_msgs/srv/GetCameraParams_Response.msg
[3.622s] -- Up-to-date: /home/tractor/ws/install/astra_camera_msgs/share/astra_camera_msgs/srv/GetInt32.srv
[3.622s] -- Up-to-date: /home/tractor/ws/install/astra_camera_msgs/share/astra_camera_msgs/srv/GetInt32_Request.msg
[3.623s] -- Up-to-date: /home/tractor/ws/install/astra_camera_msgs/share/astra_camera_msgs/srv/GetInt32_Response.msg
[3.624s] -- Up-to-date: /home/tractor/ws/install/astra_camera_msgs/share/astra_camera_msgs/srv/GetString.srv
[3.625s] -- Up-to-date: /home/tractor/ws/install/astra_camera_msgs/share/astra_camera_msgs/srv/GetString_Request.msg
[3.625s] -- Up-to-date: /home/tractor/ws/install/astra_camera_msgs/share/astra_camera_msgs/srv/GetString_Response.msg
[3.626s] -- Up-to-date: /home/tractor/ws/install/astra_camera_msgs/share/astra_camera_msgs/srv/SetInt32.srv
[3.626s] -- Up-to-date: /home/tractor/ws/install/astra_camera_msgs/share/astra_camera_msgs/srv/SetInt32_Request.msg
[3.626s] -- Up-to-date: /home/tractor/ws/install/astra_camera_msgs/share/astra_camera_msgs/srv/SetInt32_Response.msg
[3.627s] -- Up-to-date: /home/tractor/ws/install/astra_camera_msgs/share/ament_index/resource_index/package_run_dependencies/astra_camera_msgs
[3.627s] -- Up-to-date: /home/tractor/ws/install/astra_camera_msgs/share/ament_index/resource_index/parent_prefix_path/astra_camera_msgs
[3.628s] -- Up-to-date: /home/tractor/ws/install/astra_camera_msgs/share/astra_camera_msgs/environment/ament_prefix_path.sh
[3.629s] -- Up-to-date: /home/tractor/ws/install/astra_camera_msgs/share/astra_camera_msgs/environment/ament_prefix_path.dsv
[3.630s] -- Up-to-date: /home/tractor/ws/install/astra_camera_msgs/share/astra_camera_msgs/environment/path.sh
[3.631s] -- Up-to-date: /home/tractor/ws/install/astra_camera_msgs/share/astra_camera_msgs/environment/path.dsv
[3.632s] -- Up-to-date: /home/tractor/ws/install/astra_camera_msgs/share/astra_camera_msgs/local_setup.bash
[3.632s] -- Up-to-date: /home/tractor/ws/install/astra_camera_msgs/share/astra_camera_msgs/local_setup.sh
[3.633s] -- Up-to-date: /home/tractor/ws/install/astra_camera_msgs/share/astra_camera_msgs/local_setup.zsh
[3.633s] -- Up-to-date: /home/tractor/ws/install/astra_camera_msgs/share/astra_camera_msgs/local_setup.dsv
[3.634s] -- Installing: /home/tractor/ws/install/astra_camera_msgs/share/astra_camera_msgs/package.dsv
[3.634s] -- Up-to-date: /home/tractor/ws/install/astra_camera_msgs/share/ament_index/resource_index/packages/astra_camera_msgs
[3.635s] -- Up-to-date: /home/tractor/ws/install/astra_camera_msgs/share/astra_camera_msgs/cmake/export_astra_camera_msgs__rosidl_generator_cExport.cmake
[3.635s] -- Up-to-date: /home/tractor/ws/install/astra_camera_msgs/share/astra_camera_msgs/cmake/export_astra_camera_msgs__rosidl_generator_cExport-release.cmake
[3.636s] -- Up-to-date: /home/tractor/ws/install/astra_camera_msgs/share/astra_camera_msgs/cmake/export_astra_camera_msgs__rosidl_typesupport_fastrtps_cExport.cmake
[3.636s] -- Up-to-date: /home/tractor/ws/install/astra_camera_msgs/share/astra_camera_msgs/cmake/export_astra_camera_msgs__rosidl_typesupport_fastrtps_cExport-release.cmake
[3.637s] -- Up-to-date: /home/tractor/ws/install/astra_camera_msgs/share/astra_camera_msgs/cmake/astra_camera_msgs__rosidl_typesupport_introspection_cExport.cmake
[3.637s] -- Up-to-date: /home/tractor/ws/install/astra_camera_msgs/share/astra_camera_msgs/cmake/astra_camera_msgs__rosidl_typesupport_introspection_cExport-release.cmake
[3.638s] -- Up-to-date: /home/tractor/ws/install/astra_camera_msgs/share/astra_camera_msgs/cmake/astra_camera_msgs__rosidl_typesupport_cExport.cmake
[3.638s] -- Up-to-date: /home/tractor/ws/install/astra_camera_msgs/share/astra_camera_msgs/cmake/astra_camera_msgs__rosidl_typesupport_cExport-release.cmake
[3.639s] -- Up-to-date: /home/tractor/ws/install/astra_camera_msgs/share/astra_camera_msgs/cmake/export_astra_camera_msgs__rosidl_generator_cppExport.cmake
[3.639s] -- Up-to-date: /home/tractor/ws/install/astra_camera_msgs/share/astra_camera_msgs/cmake/export_astra_camera_msgs__rosidl_typesupport_fastrtps_cppExport.cmake
[3.640s] -- Up-to-date: /home/tractor/ws/install/astra_camera_msgs/share/astra_camera_msgs/cmake/export_astra_camera_msgs__rosidl_typesupport_fastrtps_cppExport-release.cmake
[3.640s] -- Up-to-date: /home/tractor/ws/install/astra_camera_msgs/share/astra_camera_msgs/cmake/astra_camera_msgs__rosidl_typesupport_introspection_cppExport.cmake
[3.641s] -- Up-to-date: /home/tractor/ws/install/astra_camera_msgs/share/astra_camera_msgs/cmake/astra_camera_msgs__rosidl_typesupport_introspection_cppExport-release.cmake
[3.641s] -- Up-to-date: /home/tractor/ws/install/astra_camera_msgs/share/astra_camera_msgs/cmake/astra_camera_msgs__rosidl_typesupport_cppExport.cmake
[3.642s] -- Up-to-date: /home/tractor/ws/install/astra_camera_msgs/share/astra_camera_msgs/cmake/astra_camera_msgs__rosidl_typesupport_cppExport-release.cmake
[3.642s] -- Up-to-date: /home/tractor/ws/install/astra_camera_msgs/share/astra_camera_msgs/cmake/export_astra_camera_msgs__rosidl_generator_pyExport.cmake
[3.643s] -- Up-to-date: /home/tractor/ws/install/astra_camera_msgs/share/astra_camera_msgs/cmake/export_astra_camera_msgs__rosidl_generator_pyExport-release.cmake
[3.643s] -- Up-to-date: /home/tractor/ws/install/astra_camera_msgs/share/astra_camera_msgs/cmake/rosidl_cmake-extras.cmake
[3.644s] -- Up-to-date: /home/tractor/ws/install/astra_camera_msgs/share/astra_camera_msgs/cmake/ament_cmake_export_dependencies-extras.cmake
[3.645s] -- Up-to-date: /home/tractor/ws/install/astra_camera_msgs/share/astra_camera_msgs/cmake/ament_cmake_export_include_directories-extras.cmake
[3.645s] -- Up-to-date: /home/tractor/ws/install/astra_camera_msgs/share/astra_camera_msgs/cmake/ament_cmake_export_libraries-extras.cmake
[3.646s] -- Up-to-date: /home/tractor/ws/install/astra_camera_msgs/share/astra_camera_msgs/cmake/ament_cmake_export_targets-extras.cmake
[3.646s] -- Up-to-date: /home/tractor/ws/install/astra_camera_msgs/share/astra_camera_msgs/cmake/rosidl_cmake_export_typesupport_targets-extras.cmake
[3.647s] -- Up-to-date: /home/tractor/ws/install/astra_camera_msgs/share/astra_camera_msgs/cmake/rosidl_cmake_export_typesupport_libraries-extras.cmake
[3.648s] -- Up-to-date: /home/tractor/ws/install/astra_camera_msgs/share/astra_camera_msgs/cmake/astra_camera_msgsConfig.cmake
[3.649s] -- Up-to-date: /home/tractor/ws/install/astra_camera_msgs/share/astra_camera_msgs/cmake/astra_camera_msgsConfig-version.cmake
[3.649s] -- Up-to-date: /home/tractor/ws/install/astra_camera_msgs/share/astra_camera_msgs/package.xml
[3.658s] Invoked command in '/home/tractor/ws/build/astra_camera_msgs' returned '0': CMAKE_PREFIX_PATH=/opt/ros/humble /usr/bin/cmake --install /home/tractor/ws/build/astra_camera_msgs
