[3.513s] Invoking command in '/home/tractor/ws/src/robot': PYTHONPATH=/home/tractor/ws/build/robot/prefix_override:/home/tractor/ws/install/robot/lib/python3.10/site-packages:${PYTHONPATH} /usr/bin/python3 -W ignore:setup.py install is deprecated setup.py egg_info --egg-base ../../build/robot build --build-base /home/tractor/ws/build/robot/build install --record /home/tractor/ws/build/robot/install.log --single-version-externally-managed install_data
[4.603s] running egg_info
[4.669s] writing ../../build/robot/robot.egg-info/PKG-INFO
[4.672s] writing dependency_links to ../../build/robot/robot.egg-info/dependency_links.txt
[4.674s] writing entry points to ../../build/robot/robot.egg-info/entry_points.txt
[4.676s] writing requirements to ../../build/robot/robot.egg-info/requires.txt
[4.677s] writing top-level names to ../../build/robot/robot.egg-info/top_level.txt
[4.819s] reading manifest file '../../build/robot/robot.egg-info/SOURCES.txt'
[4.821s] adding license file 'LICENSE'
[4.824s] writing manifest file '../../build/robot/robot.egg-info/SOURCES.txt'
[4.825s] running build
[4.825s] running build_py
[4.826s] copying robot/startRobot.py -> /home/tractor/ws/build/robot/build/lib/robot
[4.828s] copying robot/stop_sign_detection_screen_shots.py -> /home/tractor/ws/build/robot/build/lib/robot
[4.829s] copying robot/Locomotion.py -> /home/tractor/ws/build/robot/build/lib/robot
[4.830s] copying robot/__init__.py -> /home/tractor/ws/build/robot/build/lib/robot
[4.832s] running install
[4.853s] running install_lib
[4.924s] copying /home/tractor/ws/build/robot/build/lib/robot/stop_sign_detection_screen_shots.py -> /home/tractor/ws/install/robot/lib/python3.10/site-packages/robot
[4.927s] byte-compiling /home/tractor/ws/install/robot/lib/python3.10/site-packages/robot/stop_sign_detection_screen_shots.py to stop_sign_detection_screen_shots.cpython-310.pyc
[4.930s] running install_data
[4.931s] copying resource/robot -> /home/tractor/ws/install/robot/share/ament_index/resource_index/packages
[4.932s] copying package.xml -> /home/tractor/ws/install/robot/share/robot
[4.933s] running install_egg_info
[5.006s] removing '/home/tractor/ws/install/robot/lib/python3.10/site-packages/robot-0.0.0-py3.10.egg-info' (and everything under it)
[5.008s] Copying ../../build/robot/robot.egg-info to /home/tractor/ws/install/robot/lib/python3.10/site-packages/robot-0.0.0-py3.10.egg-info
[5.013s] running install_scripts
[5.687s] Installing Locomotion script to /home/tractor/ws/install/robot/lib/robot
[5.688s] Installing stop script to /home/tractor/ws/install/robot/lib/robot
[5.690s] writing list of installed files to '/home/tractor/ws/build/robot/install.log'
[5.835s] Invoked command in '/home/tractor/ws/src/robot' returned '0': PYTHONPATH=/home/tractor/ws/build/robot/prefix_override:/home/tractor/ws/install/robot/lib/python3.10/site-packages:${PYTHONPATH} /usr/bin/python3 -W ignore:setup.py install is deprecated setup.py egg_info --egg-base ../../build/robot build --build-base /home/tractor/ws/build/robot/build install --record /home/tractor/ws/build/robot/install.log --single-version-externally-managed install_data
