[0.439s] DEBUG:colcon:Command line arguments: ['/usr/bin/colcon', 'build', '--event-handlers', 'console_direct+', '--cmake-args', '-DCMAKE_BUILD_TYPE=Release']
[0.439s] DEBUG:colcon:Parsed command line arguments: Namespace(log_base=None, log_level=None, verb_name='build', build_base='build', install_base='install', merge_install=False, symlink_install=False, test_result_base=None, continue_on_error=False, executor='parallel', parallel_workers=4, event_handlers=['console_direct+'], ignore_user_meta=False, metas=['./colcon.meta'], base_paths=['.'], packages_ignore=None, packages_ignore_regex=None, paths=None, packages_up_to=None, packages_up_to_regex=None, packages_above=None, packages_above_and_dependencies=None, packages_above_depth=None, packages_select_by_dep=None, packages_skip_by_dep=None, packages_skip_up_to=None, packages_select_build_failed=False, packages_skip_build_finished=False, packages_select_test_failures=False, packages_skip_test_passed=False, packages_select=None, packages_skip=None, packages_select_regex=None, packages_skip_regex=None, packages_start=None, packages_end=None, allow_overriding=[], cmake_args=['-DCMAKE_BUILD_TYPE=Release'], cmake_target=None, cmake_target_skip_unavailable=False, cmake_clean_cache=False, cmake_clean_first=False, cmake_force_configure=False, ament_cmake_args=None, catkin_cmake_args=None, catkin_skip_building_tests=False, verb_parser=<colcon_defaults.argument_parser.defaults.DefaultArgumentsDecorator object at 0xffffa51e80d0>, verb_extension=<colcon_core.verb.build.BuildVerb object at 0xffffa531ccd0>, main=<bound method BuildVerb.main of <colcon_core.verb.build.BuildVerb object at 0xffffa531ccd0>>)
[1.206s] Level 1:colcon.colcon_core.package_discovery:discover_packages(colcon_meta) check parameters
[1.206s] Level 1:colcon.colcon_core.package_discovery:discover_packages(recursive) check parameters
[1.206s] Level 1:colcon.colcon_core.package_discovery:discover_packages(ignore) check parameters
[1.206s] Level 1:colcon.colcon_core.package_discovery:discover_packages(path) check parameters
[1.206s] Level 1:colcon.colcon_core.package_discovery:discover_packages(colcon_meta) discover
[1.207s] Level 1:colcon.colcon_core.package_discovery:discover_packages(recursive) discover
[1.207s] INFO:colcon.colcon_core.package_discovery:Crawling recursively for packages in '/home/tractor/ws'
[1.207s] Level 1:colcon.colcon_core.package_identification:_identify(.) by extensions ['ignore', 'ignore_ament_install']
[1.208s] Level 1:colcon.colcon_core.package_identification:_identify(.) by extension 'ignore'
[1.208s] Level 1:colcon.colcon_core.package_identification:_identify(.) by extension 'ignore_ament_install'
[1.208s] Level 1:colcon.colcon_core.package_identification:_identify(.) by extensions ['colcon_pkg']
[1.208s] Level 1:colcon.colcon_core.package_identification:_identify(.) by extension 'colcon_pkg'
[1.208s] Level 1:colcon.colcon_core.package_identification:_identify(.) by extensions ['colcon_meta']
[1.209s] Level 1:colcon.colcon_core.package_identification:_identify(.) by extension 'colcon_meta'
[1.209s] Level 1:colcon.colcon_core.package_identification:_identify(.) by extensions ['ros']
[1.209s] Level 1:colcon.colcon_core.package_identification:_identify(.) by extension 'ros'
[1.256s] Level 1:colcon.colcon_core.package_identification:_identify(.) by extensions ['cmake', 'python']
[1.256s] Level 1:colcon.colcon_core.package_identification:_identify(.) by extension 'cmake'
[1.256s] Level 1:colcon.colcon_core.package_identification:_identify(.) by extension 'python'
[1.256s] Level 1:colcon.colcon_core.package_identification:_identify(.) by extensions ['python_setup_py']
[1.256s] Level 1:colcon.colcon_core.package_identification:_identify(.) by extension 'python_setup_py'
[1.257s] Level 1:colcon.colcon_core.package_identification:_identify(build) by extensions ['ignore', 'ignore_ament_install']
[1.257s] Level 1:colcon.colcon_core.package_identification:_identify(build) by extension 'ignore'
[1.257s] Level 1:colcon.colcon_core.package_identification:_identify(build) ignored
[1.258s] Level 1:colcon.colcon_core.package_identification:_identify(install) by extensions ['ignore', 'ignore_ament_install']
[1.258s] Level 1:colcon.colcon_core.package_identification:_identify(install) by extension 'ignore'
[1.259s] Level 1:colcon.colcon_core.package_identification:_identify(install) ignored
[1.259s] Level 1:colcon.colcon_core.package_identification:_identify(log) by extensions ['ignore', 'ignore_ament_install']
[1.259s] Level 1:colcon.colcon_core.package_identification:_identify(log) by extension 'ignore'
[1.260s] Level 1:colcon.colcon_core.package_identification:_identify(log) ignored
[1.260s] Level 1:colcon.colcon_core.package_identification:_identify(src) by extensions ['ignore', 'ignore_ament_install']
[1.260s] Level 1:colcon.colcon_core.package_identification:_identify(src) by extension 'ignore'
[1.260s] Level 1:colcon.colcon_core.package_identification:_identify(src) by extension 'ignore_ament_install'
[1.261s] Level 1:colcon.colcon_core.package_identification:_identify(src) by extensions ['colcon_pkg']
[1.261s] Level 1:colcon.colcon_core.package_identification:_identify(src) by extension 'colcon_pkg'
[1.261s] Level 1:colcon.colcon_core.package_identification:_identify(src) by extensions ['colcon_meta']
[1.261s] Level 1:colcon.colcon_core.package_identification:_identify(src) by extension 'colcon_meta'
[1.261s] Level 1:colcon.colcon_core.package_identification:_identify(src) by extensions ['ros']
[1.261s] Level 1:colcon.colcon_core.package_identification:_identify(src) by extension 'ros'
[1.262s] Level 1:colcon.colcon_core.package_identification:_identify(src) by extensions ['cmake', 'python']
[1.262s] Level 1:colcon.colcon_core.package_identification:_identify(src) by extension 'cmake'
[1.262s] Level 1:colcon.colcon_core.package_identification:_identify(src) by extension 'python'
[1.262s] Level 1:colcon.colcon_core.package_identification:_identify(src) by extensions ['python_setup_py']
[1.262s] Level 1:colcon.colcon_core.package_identification:_identify(src) by extension 'python_setup_py'
[1.263s] Level 1:colcon.colcon_core.package_identification:_identify(src/libuvc) by extensions ['ignore', 'ignore_ament_install']
[1.263s] Level 1:colcon.colcon_core.package_identification:_identify(src/libuvc) by extension 'ignore'
[1.263s] Level 1:colcon.colcon_core.package_identification:_identify(src/libuvc) by extension 'ignore_ament_install'
[1.263s] Level 1:colcon.colcon_core.package_identification:_identify(src/libuvc) by extensions ['colcon_pkg']
[1.264s] Level 1:colcon.colcon_core.package_identification:_identify(src/libuvc) by extension 'colcon_pkg'
[1.264s] Level 1:colcon.colcon_core.package_identification:_identify(src/libuvc) by extensions ['colcon_meta']
[1.264s] Level 1:colcon.colcon_core.package_identification:_identify(src/libuvc) by extension 'colcon_meta'
[1.264s] Level 1:colcon.colcon_core.package_identification:_identify(src/libuvc) by extensions ['ros']
[1.264s] Level 1:colcon.colcon_core.package_identification:_identify(src/libuvc) by extension 'ros'
[1.265s] Level 1:colcon.colcon_core.package_identification:_identify(src/libuvc) by extensions ['cmake', 'python']
[1.265s] Level 1:colcon.colcon_core.package_identification:_identify(src/libuvc) by extension 'cmake'
[1.289s] Level 1:colcon.colcon_core.package_identification:_identify(src/libuvc) by extension 'python'
[1.289s] DEBUG:colcon.colcon_core.package_identification:Package 'src/libuvc' with type 'cmake' and name 'libuvc'
[1.290s] Level 1:colcon.colcon_core.package_identification:_identify(src/ros2_astra_camera) by extensions ['ignore', 'ignore_ament_install']
[1.290s] Level 1:colcon.colcon_core.package_identification:_identify(src/ros2_astra_camera) by extension 'ignore'
[1.290s] Level 1:colcon.colcon_core.package_identification:_identify(src/ros2_astra_camera) by extension 'ignore_ament_install'
[1.290s] Level 1:colcon.colcon_core.package_identification:_identify(src/ros2_astra_camera) by extensions ['colcon_pkg']
[1.291s] Level 1:colcon.colcon_core.package_identification:_identify(src/ros2_astra_camera) by extension 'colcon_pkg'
[1.291s] Level 1:colcon.colcon_core.package_identification:_identify(src/ros2_astra_camera) by extensions ['colcon_meta']
[1.291s] Level 1:colcon.colcon_core.package_identification:_identify(src/ros2_astra_camera) by extension 'colcon_meta'
[1.291s] Level 1:colcon.colcon_core.package_identification:_identify(src/ros2_astra_camera) by extensions ['ros']
[1.291s] Level 1:colcon.colcon_core.package_identification:_identify(src/ros2_astra_camera) by extension 'ros'
[1.291s] Level 1:colcon.colcon_core.package_identification:_identify(src/ros2_astra_camera) by extensions ['cmake', 'python']
[1.292s] Level 1:colcon.colcon_core.package_identification:_identify(src/ros2_astra_camera) by extension 'cmake'
[1.292s] Level 1:colcon.colcon_core.package_identification:_identify(src/ros2_astra_camera) by extension 'python'
[1.292s] Level 1:colcon.colcon_core.package_identification:_identify(src/ros2_astra_camera) by extensions ['python_setup_py']
[1.292s] Level 1:colcon.colcon_core.package_identification:_identify(src/ros2_astra_camera) by extension 'python_setup_py'
[1.293s] Level 1:colcon.colcon_core.package_identification:_identify(src/ros2_astra_camera/astra_camera) by extensions ['ignore', 'ignore_ament_install']
[1.293s] Level 1:colcon.colcon_core.package_identification:_identify(src/ros2_astra_camera/astra_camera) by extension 'ignore'
[1.293s] Level 1:colcon.colcon_core.package_identification:_identify(src/ros2_astra_camera/astra_camera) by extension 'ignore_ament_install'
[1.293s] Level 1:colcon.colcon_core.package_identification:_identify(src/ros2_astra_camera/astra_camera) by extensions ['colcon_pkg']
[1.294s] Level 1:colcon.colcon_core.package_identification:_identify(src/ros2_astra_camera/astra_camera) by extension 'colcon_pkg'
[1.294s] Level 1:colcon.colcon_core.package_identification:_identify(src/ros2_astra_camera/astra_camera) by extensions ['colcon_meta']
[1.294s] Level 1:colcon.colcon_core.package_identification:_identify(src/ros2_astra_camera/astra_camera) by extension 'colcon_meta'
[1.294s] Level 1:colcon.colcon_core.package_identification:_identify(src/ros2_astra_camera/astra_camera) by extensions ['ros']
[1.294s] Level 1:colcon.colcon_core.package_identification:_identify(src/ros2_astra_camera/astra_camera) by extension 'ros'
[1.309s] DEBUG:colcon.colcon_core.package_identification:Package 'src/ros2_astra_camera/astra_camera' with type 'ros.ament_cmake' and name 'astra_camera'
[1.310s] Level 1:colcon.colcon_core.package_identification:_identify(src/ros2_astra_camera/astra_camera_msgs) by extensions ['ignore', 'ignore_ament_install']
[1.310s] Level 1:colcon.colcon_core.package_identification:_identify(src/ros2_astra_camera/astra_camera_msgs) by extension 'ignore'
[1.310s] Level 1:colcon.colcon_core.package_identification:_identify(src/ros2_astra_camera/astra_camera_msgs) by extension 'ignore_ament_install'
[1.311s] Level 1:colcon.colcon_core.package_identification:_identify(src/ros2_astra_camera/astra_camera_msgs) by extensions ['colcon_pkg']
[1.311s] Level 1:colcon.colcon_core.package_identification:_identify(src/ros2_astra_camera/astra_camera_msgs) by extension 'colcon_pkg'
[1.311s] Level 1:colcon.colcon_core.package_identification:_identify(src/ros2_astra_camera/astra_camera_msgs) by extensions ['colcon_meta']
[1.311s] Level 1:colcon.colcon_core.package_identification:_identify(src/ros2_astra_camera/astra_camera_msgs) by extension 'colcon_meta'
[1.311s] Level 1:colcon.colcon_core.package_identification:_identify(src/ros2_astra_camera/astra_camera_msgs) by extensions ['ros']
[1.311s] Level 1:colcon.colcon_core.package_identification:_identify(src/ros2_astra_camera/astra_camera_msgs) by extension 'ros'
[1.314s] DEBUG:colcon.colcon_core.package_identification:Package 'src/ros2_astra_camera/astra_camera_msgs' with type 'ros.ament_cmake' and name 'astra_camera_msgs'
[1.314s] Level 1:colcon.colcon_core.package_discovery:discover_packages(recursive) using defaults
[1.314s] Level 1:colcon.colcon_core.package_discovery:discover_packages(ignore) discover
[1.314s] Level 1:colcon.colcon_core.package_discovery:discover_packages(ignore) using defaults
[1.314s] Level 1:colcon.colcon_core.package_discovery:discover_packages(path) discover
[1.315s] Level 1:colcon.colcon_core.package_discovery:discover_packages(path) using defaults
[1.395s] Level 1:colcon.colcon_core.package_discovery:discover_packages(prefix_path) check parameters
[1.395s] Level 1:colcon.colcon_core.package_discovery:discover_packages(prefix_path) discover
[1.409s] DEBUG:colcon.colcon_installed_package_information.package_discovery:Found 273 installed packages in /opt/ros/humble
[1.453s] Level 1:colcon.colcon_core.package_discovery:discover_packages(prefix_path) using defaults
[1.617s] Level 5:colcon.colcon_core.verb:set package 'astra_camera_msgs' build argument 'cmake_args' from command line to '['-DCMAKE_BUILD_TYPE=Release']'
[1.617s] Level 5:colcon.colcon_core.verb:set package 'astra_camera_msgs' build argument 'cmake_target' from command line to 'None'
[1.617s] Level 5:colcon.colcon_core.verb:set package 'astra_camera_msgs' build argument 'cmake_target_skip_unavailable' from command line to 'False'
[1.617s] Level 5:colcon.colcon_core.verb:set package 'astra_camera_msgs' build argument 'cmake_clean_cache' from command line to 'False'
[1.617s] Level 5:colcon.colcon_core.verb:set package 'astra_camera_msgs' build argument 'cmake_clean_first' from command line to 'False'
[1.617s] Level 5:colcon.colcon_core.verb:set package 'astra_camera_msgs' build argument 'cmake_force_configure' from command line to 'False'
[1.617s] Level 5:colcon.colcon_core.verb:set package 'astra_camera_msgs' build argument 'ament_cmake_args' from command line to 'None'
[1.618s] Level 5:colcon.colcon_core.verb:set package 'astra_camera_msgs' build argument 'catkin_cmake_args' from command line to 'None'
[1.618s] Level 5:colcon.colcon_core.verb:set package 'astra_camera_msgs' build argument 'catkin_skip_building_tests' from command line to 'False'
[1.618s] DEBUG:colcon.colcon_core.verb:Building package 'astra_camera_msgs' with the following arguments: {'ament_cmake_args': None, 'build_base': '/home/tractor/ws/build/astra_camera_msgs', 'catkin_cmake_args': None, 'catkin_skip_building_tests': False, 'cmake_args': ['-DCMAKE_BUILD_TYPE=Release'], 'cmake_clean_cache': False, 'cmake_clean_first': False, 'cmake_force_configure': False, 'cmake_target': None, 'cmake_target_skip_unavailable': False, 'install_base': '/home/tractor/ws/install/astra_camera_msgs', 'merge_install': False, 'path': '/home/tractor/ws/src/ros2_astra_camera/astra_camera_msgs', 'symlink_install': False, 'test_result_base': None}
[1.619s] Level 5:colcon.colcon_core.verb:set package 'libuvc' build argument 'cmake_args' from command line to '['-DCMAKE_BUILD_TYPE=Release']'
[1.619s] Level 5:colcon.colcon_core.verb:set package 'libuvc' build argument 'cmake_target' from command line to 'None'
[1.620s] Level 5:colcon.colcon_core.verb:set package 'libuvc' build argument 'cmake_target_skip_unavailable' from command line to 'False'
[1.620s] Level 5:colcon.colcon_core.verb:set package 'libuvc' build argument 'cmake_clean_cache' from command line to 'False'
[1.620s] Level 5:colcon.colcon_core.verb:set package 'libuvc' build argument 'cmake_clean_first' from command line to 'False'
[1.620s] Level 5:colcon.colcon_core.verb:set package 'libuvc' build argument 'cmake_force_configure' from command line to 'False'
[1.620s] Level 5:colcon.colcon_core.verb:set package 'libuvc' build argument 'ament_cmake_args' from command line to 'None'
[1.620s] Level 5:colcon.colcon_core.verb:set package 'libuvc' build argument 'catkin_cmake_args' from command line to 'None'
[1.620s] Level 5:colcon.colcon_core.verb:set package 'libuvc' build argument 'catkin_skip_building_tests' from command line to 'False'
[1.620s] DEBUG:colcon.colcon_core.verb:Building package 'libuvc' with the following arguments: {'ament_cmake_args': None, 'build_base': '/home/tractor/ws/build/libuvc', 'catkin_cmake_args': None, 'catkin_skip_building_tests': False, 'cmake_args': ['-DCMAKE_BUILD_TYPE=Release'], 'cmake_clean_cache': False, 'cmake_clean_first': False, 'cmake_force_configure': False, 'cmake_target': None, 'cmake_target_skip_unavailable': False, 'install_base': '/home/tractor/ws/install/libuvc', 'merge_install': False, 'path': '/home/tractor/ws/src/libuvc', 'symlink_install': False, 'test_result_base': None}
[1.622s] Level 5:colcon.colcon_core.verb:set package 'astra_camera' build argument 'cmake_args' from command line to '['-DCMAKE_BUILD_TYPE=Release']'
[1.622s] Level 5:colcon.colcon_core.verb:set package 'astra_camera' build argument 'cmake_target' from command line to 'None'
[1.622s] Level 5:colcon.colcon_core.verb:set package 'astra_camera' build argument 'cmake_target_skip_unavailable' from command line to 'False'
[1.622s] Level 5:colcon.colcon_core.verb:set package 'astra_camera' build argument 'cmake_clean_cache' from command line to 'False'
[1.622s] Level 5:colcon.colcon_core.verb:set package 'astra_camera' build argument 'cmake_clean_first' from command line to 'False'
[1.622s] Level 5:colcon.colcon_core.verb:set package 'astra_camera' build argument 'cmake_force_configure' from command line to 'False'
[1.622s] Level 5:colcon.colcon_core.verb:set package 'astra_camera' build argument 'ament_cmake_args' from command line to 'None'
[1.623s] Level 5:colcon.colcon_core.verb:set package 'astra_camera' build argument 'catkin_cmake_args' from command line to 'None'
[1.623s] Level 5:colcon.colcon_core.verb:set package 'astra_camera' build argument 'catkin_skip_building_tests' from command line to 'False'
[1.623s] DEBUG:colcon.colcon_core.verb:Building package 'astra_camera' with the following arguments: {'ament_cmake_args': None, 'build_base': '/home/tractor/ws/build/astra_camera', 'catkin_cmake_args': None, 'catkin_skip_building_tests': False, 'cmake_args': ['-DCMAKE_BUILD_TYPE=Release'], 'cmake_clean_cache': False, 'cmake_clean_first': False, 'cmake_force_configure': False, 'cmake_target': None, 'cmake_target_skip_unavailable': False, 'install_base': '/home/tractor/ws/install/astra_camera', 'merge_install': False, 'path': '/home/tractor/ws/src/ros2_astra_camera/astra_camera', 'symlink_install': False, 'test_result_base': None}
[1.623s] INFO:colcon.colcon_core.executor:Executing jobs using 'parallel' executor
[1.626s] DEBUG:colcon.colcon_parallel_executor.executor.parallel:run_until_complete
[1.628s] INFO:colcon.colcon_ros.task.ament_cmake.build:Building ROS package in '/home/tractor/ws/src/ros2_astra_camera/astra_camera_msgs' with build type 'ament_cmake'
[1.628s] INFO:colcon.colcon_cmake.task.cmake.build:Building CMake package in '/home/tractor/ws/src/ros2_astra_camera/astra_camera_msgs'
[1.636s] INFO:colcon.colcon_core.plugin_system:Skipping extension 'colcon_core.shell.bat': Not used on non-Windows systems
[1.637s] INFO:colcon.colcon_core.shell:Skip shell extension 'powershell' for command environment: Not usable outside of PowerShell
[1.637s] DEBUG:colcon.colcon_core.shell:Skip shell extension 'dsv' for command environment
[1.654s] INFO:colcon.colcon_cmake.task.cmake.build:Building CMake package in '/home/tractor/ws/src/libuvc'
[1.655s] INFO:colcon.colcon_core.shell:Skip shell extension 'powershell' for command environment: Not usable outside of PowerShell
[1.655s] DEBUG:colcon.colcon_core.shell:Skip shell extension 'dsv' for command environment
[1.689s] DEBUG:colcon.colcon_core.event_handler.log_command:Invoking command in '/home/tractor/ws/build/astra_camera_msgs': CMAKE_PREFIX_PATH=/opt/ros/humble /usr/bin/cmake --build /home/tractor/ws/build/astra_camera_msgs -- -j4 -l4
[1.720s] DEBUG:colcon.colcon_core.event_handler.log_command:Invoking command in '/home/tractor/ws/build/libuvc': /usr/bin/cmake --build /home/tractor/ws/build/libuvc -- -j4 -l4
[2.163s] DEBUG:colcon.colcon_core.event_handler.log_command:Invoked command in '/home/tractor/ws/build/libuvc' returned '0': /usr/bin/cmake --build /home/tractor/ws/build/libuvc -- -j4 -l4
[2.564s] DEBUG:colcon.colcon_core.event_handler.log_command:Invoking command in '/home/tractor/ws/build/libuvc': /usr/bin/cmake --install /home/tractor/ws/build/libuvc
[2.629s] Level 1:colcon.colcon_core.environment:create_environment_scripts_only(libuvc)
[2.636s] DEBUG:colcon.colcon_core.event_handler.log_command:Invoked command in '/home/tractor/ws/build/libuvc' returned '0': /usr/bin/cmake --install /home/tractor/ws/build/libuvc
[2.654s] Level 1:colcon.colcon_core.environment:checking '/home/tractor/ws/install/libuvc' for CMake module files
[2.656s] Level 1:colcon.colcon_core.shell:create_environment_hook('libuvc', 'cmake_module_path')
[2.657s] INFO:colcon.colcon_core.shell:Creating environment hook '/home/tractor/ws/install/libuvc/share/libuvc/hook/cmake_module_path.ps1'
[2.661s] INFO:colcon.colcon_core.shell:Creating environment descriptor '/home/tractor/ws/install/libuvc/share/libuvc/hook/cmake_module_path.dsv'
[2.664s] INFO:colcon.colcon_core.shell:Creating environment hook '/home/tractor/ws/install/libuvc/share/libuvc/hook/cmake_module_path.sh'
[2.670s] Level 1:colcon.colcon_core.shell:create_environment_hook('libuvc', 'cmake_module_path1')
[2.672s] INFO:colcon.colcon_core.shell:Creating environment hook '/home/tractor/ws/install/libuvc/share/libuvc/hook/cmake_module_path1.ps1'
[2.674s] INFO:colcon.colcon_core.shell:Creating environment descriptor '/home/tractor/ws/install/libuvc/share/libuvc/hook/cmake_module_path1.dsv'
[2.676s] INFO:colcon.colcon_core.shell:Creating environment hook '/home/tractor/ws/install/libuvc/share/libuvc/hook/cmake_module_path1.sh'
[2.681s] Level 1:colcon.colcon_core.environment:checking '/home/tractor/ws/install/libuvc' for CMake config files
[2.683s] Level 1:colcon.colcon_core.shell:create_environment_hook('libuvc', 'cmake_prefix_path')
[2.684s] INFO:colcon.colcon_core.shell:Creating environment hook '/home/tractor/ws/install/libuvc/share/libuvc/hook/cmake_prefix_path.ps1'
[2.688s] INFO:colcon.colcon_core.shell:Creating environment descriptor '/home/tractor/ws/install/libuvc/share/libuvc/hook/cmake_prefix_path.dsv'
[2.690s] INFO:colcon.colcon_core.shell:Creating environment hook '/home/tractor/ws/install/libuvc/share/libuvc/hook/cmake_prefix_path.sh'
[2.695s] Level 1:colcon.colcon_core.environment:checking '/home/tractor/ws/install/libuvc/lib'
[2.696s] Level 1:colcon.colcon_core.shell:create_environment_hook('libuvc', 'ld_library_path_lib')
[2.698s] INFO:colcon.colcon_core.shell:Creating environment hook '/home/tractor/ws/install/libuvc/share/libuvc/hook/ld_library_path_lib.ps1'
[2.703s] INFO:colcon.colcon_core.shell:Creating environment descriptor '/home/tractor/ws/install/libuvc/share/libuvc/hook/ld_library_path_lib.dsv'
[2.705s] INFO:colcon.colcon_core.shell:Creating environment hook '/home/tractor/ws/install/libuvc/share/libuvc/hook/ld_library_path_lib.sh'
[2.708s] Level 1:colcon.colcon_core.environment:checking '/home/tractor/ws/install/libuvc/bin'
[2.709s] Level 1:colcon.colcon_core.environment:checking '/home/tractor/ws/install/libuvc/lib/pkgconfig/libuvc.pc'
[2.709s] Level 1:colcon.colcon_core.shell:create_environment_hook('libuvc', 'pkg_config')
[2.710s] INFO:colcon.colcon_core.shell:Creating environment hook '/home/tractor/ws/install/libuvc/share/libuvc/hook/pkg_config.ps1'
[2.714s] INFO:colcon.colcon_core.shell:Creating environment descriptor '/home/tractor/ws/install/libuvc/share/libuvc/hook/pkg_config.dsv'
[2.717s] INFO:colcon.colcon_core.shell:Creating environment hook '/home/tractor/ws/install/libuvc/share/libuvc/hook/pkg_config.sh'
[2.721s] Level 1:colcon.colcon_core.environment:checking '/home/tractor/ws/install/libuvc/lib/python3.10/site-packages'
[2.722s] Level 1:colcon.colcon_core.environment:checking '/home/tractor/ws/install/libuvc/bin'
[2.725s] INFO:colcon.colcon_core.shell:Creating package script '/home/tractor/ws/install/libuvc/share/libuvc/package.ps1'
[2.742s] INFO:colcon.colcon_core.shell:Creating package descriptor '/home/tractor/ws/install/libuvc/share/libuvc/package.dsv'
[2.746s] INFO:colcon.colcon_core.shell:Creating package script '/home/tractor/ws/install/libuvc/share/libuvc/package.sh'
[2.751s] INFO:colcon.colcon_core.shell:Creating package script '/home/tractor/ws/install/libuvc/share/libuvc/package.bash'
[2.755s] INFO:colcon.colcon_core.shell:Creating package script '/home/tractor/ws/install/libuvc/share/libuvc/package.zsh'
[2.760s] Level 1:colcon.colcon_core.environment:create_file_with_runtime_dependencies(/home/tractor/ws/install/libuvc/share/colcon-core/packages/libuvc)
[3.712s] DEBUG:colcon.colcon_core.event_handler.log_command:Invoked command in '/home/tractor/ws/build/astra_camera_msgs' returned '0': CMAKE_PREFIX_PATH=/opt/ros/humble /usr/bin/cmake --build /home/tractor/ws/build/astra_camera_msgs -- -j4 -l4
[4.932s] DEBUG:colcon.colcon_core.event_handler.log_command:Invoking command in '/home/tractor/ws/build/astra_camera_msgs': CMAKE_PREFIX_PATH=/opt/ros/humble /usr/bin/cmake --install /home/tractor/ws/build/astra_camera_msgs
[5.285s] Level 1:colcon.colcon_core.environment:create_environment_scripts_only(astra_camera_msgs)
[5.286s] Level 1:colcon.colcon_core.environment:checking '/home/tractor/ws/install/astra_camera_msgs' for CMake module files
[5.287s] DEBUG:colcon.colcon_core.event_handler.log_command:Invoked command in '/home/tractor/ws/build/astra_camera_msgs' returned '0': CMAKE_PREFIX_PATH=/opt/ros/humble /usr/bin/cmake --install /home/tractor/ws/build/astra_camera_msgs
[5.292s] Level 1:colcon.colcon_core.environment:checking '/home/tractor/ws/install/astra_camera_msgs' for CMake config files
[5.294s] Level 1:colcon.colcon_core.shell:create_environment_hook('astra_camera_msgs', 'cmake_prefix_path')
[5.296s] INFO:colcon.colcon_core.shell:Creating environment hook '/home/tractor/ws/install/astra_camera_msgs/share/astra_camera_msgs/hook/cmake_prefix_path.ps1'
[5.298s] INFO:colcon.colcon_core.shell:Creating environment descriptor '/home/tractor/ws/install/astra_camera_msgs/share/astra_camera_msgs/hook/cmake_prefix_path.dsv'
[5.300s] INFO:colcon.colcon_core.shell:Creating environment hook '/home/tractor/ws/install/astra_camera_msgs/share/astra_camera_msgs/hook/cmake_prefix_path.sh'
[5.303s] Level 1:colcon.colcon_core.environment:checking '/home/tractor/ws/install/astra_camera_msgs/lib'
[5.303s] Level 1:colcon.colcon_core.shell:create_environment_hook('astra_camera_msgs', 'ld_library_path_lib')
[5.304s] INFO:colcon.colcon_core.shell:Creating environment hook '/home/tractor/ws/install/astra_camera_msgs/share/astra_camera_msgs/hook/ld_library_path_lib.ps1'
[5.307s] INFO:colcon.colcon_core.shell:Creating environment descriptor '/home/tractor/ws/install/astra_camera_msgs/share/astra_camera_msgs/hook/ld_library_path_lib.dsv'
[5.309s] INFO:colcon.colcon_core.shell:Creating environment hook '/home/tractor/ws/install/astra_camera_msgs/share/astra_camera_msgs/hook/ld_library_path_lib.sh'
[5.311s] Level 1:colcon.colcon_core.environment:checking '/home/tractor/ws/install/astra_camera_msgs/bin'
[5.312s] Level 1:colcon.colcon_core.environment:checking '/home/tractor/ws/install/astra_camera_msgs/lib/pkgconfig/astra_camera_msgs.pc'
[5.313s] Level 1:colcon.colcon_core.environment:checking '/home/tractor/ws/install/astra_camera_msgs/lib/python3.10/site-packages'
[5.315s] Level 1:colcon.colcon_core.environment:checking '/home/tractor/ws/install/astra_camera_msgs/bin'
[5.316s] INFO:colcon.colcon_core.shell:Creating package script '/home/tractor/ws/install/astra_camera_msgs/share/astra_camera_msgs/package.ps1'
[5.318s] INFO:colcon.colcon_core.shell:Creating package descriptor '/home/tractor/ws/install/astra_camera_msgs/share/astra_camera_msgs/package.dsv'
[5.320s] INFO:colcon.colcon_core.shell:Creating package script '/home/tractor/ws/install/astra_camera_msgs/share/astra_camera_msgs/package.sh'
[5.323s] INFO:colcon.colcon_core.shell:Creating package script '/home/tractor/ws/install/astra_camera_msgs/share/astra_camera_msgs/package.bash'
[5.324s] INFO:colcon.colcon_core.shell:Creating package script '/home/tractor/ws/install/astra_camera_msgs/share/astra_camera_msgs/package.zsh'
[5.326s] Level 1:colcon.colcon_core.environment:create_file_with_runtime_dependencies(/home/tractor/ws/install/astra_camera_msgs/share/colcon-core/packages/astra_camera_msgs)
[6.531s] Level 1:colcon.colcon_core.environment:create_environment_scripts_only(astra_camera_msgs)
[6.532s] Level 1:colcon.colcon_core.environment:checking '/home/tractor/ws/install/astra_camera_msgs' for CMake module files
[6.538s] Level 1:colcon.colcon_core.environment:checking '/home/tractor/ws/install/astra_camera_msgs' for CMake config files
[6.541s] Level 1:colcon.colcon_core.shell:create_environment_hook('astra_camera_msgs', 'cmake_prefix_path')
[6.542s] INFO:colcon.colcon_core.shell:Creating environment hook '/home/tractor/ws/install/astra_camera_msgs/share/astra_camera_msgs/hook/cmake_prefix_path.ps1'
[6.545s] INFO:colcon.colcon_core.shell:Creating environment descriptor '/home/tractor/ws/install/astra_camera_msgs/share/astra_camera_msgs/hook/cmake_prefix_path.dsv'
[6.547s] INFO:colcon.colcon_core.shell:Creating environment hook '/home/tractor/ws/install/astra_camera_msgs/share/astra_camera_msgs/hook/cmake_prefix_path.sh'
[6.550s] Level 1:colcon.colcon_core.environment:checking '/home/tractor/ws/install/astra_camera_msgs/lib'
[6.550s] Level 1:colcon.colcon_core.shell:create_environment_hook('astra_camera_msgs', 'ld_library_path_lib')
[6.551s] INFO:colcon.colcon_core.shell:Creating environment hook '/home/tractor/ws/install/astra_camera_msgs/share/astra_camera_msgs/hook/ld_library_path_lib.ps1'
[6.553s] INFO:colcon.colcon_core.shell:Creating environment descriptor '/home/tractor/ws/install/astra_camera_msgs/share/astra_camera_msgs/hook/ld_library_path_lib.dsv'
[6.555s] INFO:colcon.colcon_core.shell:Creating environment hook '/home/tractor/ws/install/astra_camera_msgs/share/astra_camera_msgs/hook/ld_library_path_lib.sh'
[6.556s] Level 1:colcon.colcon_core.environment:checking '/home/tractor/ws/install/astra_camera_msgs/bin'
[6.557s] Level 1:colcon.colcon_core.environment:checking '/home/tractor/ws/install/astra_camera_msgs/lib/pkgconfig/astra_camera_msgs.pc'
[6.558s] Level 1:colcon.colcon_core.environment:checking '/home/tractor/ws/install/astra_camera_msgs/lib/python3.10/site-packages'
[6.559s] Level 1:colcon.colcon_core.environment:checking '/home/tractor/ws/install/astra_camera_msgs/bin'
[6.560s] INFO:colcon.colcon_core.shell:Creating package script '/home/tractor/ws/install/astra_camera_msgs/share/astra_camera_msgs/package.ps1'
[6.563s] INFO:colcon.colcon_core.shell:Creating package descriptor '/home/tractor/ws/install/astra_camera_msgs/share/astra_camera_msgs/package.dsv'
[6.565s] INFO:colcon.colcon_core.shell:Creating package script '/home/tractor/ws/install/astra_camera_msgs/share/astra_camera_msgs/package.sh'
[6.567s] INFO:colcon.colcon_core.shell:Creating package script '/home/tractor/ws/install/astra_camera_msgs/share/astra_camera_msgs/package.bash'
[6.569s] INFO:colcon.colcon_core.shell:Creating package script '/home/tractor/ws/install/astra_camera_msgs/share/astra_camera_msgs/package.zsh'
[6.571s] Level 1:colcon.colcon_core.environment:create_file_with_runtime_dependencies(/home/tractor/ws/install/astra_camera_msgs/share/colcon-core/packages/astra_camera_msgs)
[6.573s] INFO:colcon.colcon_ros.task.ament_cmake.build:Building ROS package in '/home/tractor/ws/src/ros2_astra_camera/astra_camera' with build type 'ament_cmake'
[6.573s] INFO:colcon.colcon_cmake.task.cmake.build:Building CMake package in '/home/tractor/ws/src/ros2_astra_camera/astra_camera'
[6.574s] INFO:colcon.colcon_core.shell:Skip shell extension 'powershell' for command environment: Not usable outside of PowerShell
[6.575s] DEBUG:colcon.colcon_core.shell:Skip shell extension 'dsv' for command environment
[6.628s] DEBUG:colcon.colcon_core.event_handler.log_command:Invoking command in '/home/tractor/ws/build/astra_camera': AMENT_PREFIX_PATH=/home/tractor/ws/install/astra_camera_msgs:${AMENT_PREFIX_PATH} CMAKE_PREFIX_PATH=/home/tractor/ws/install/astra_camera_msgs:/opt/ros/humble LD_LIBRARY_PATH=/home/tractor/ws/install/astra_camera_msgs/lib:${LD_LIBRARY_PATH} PYTHONPATH=/home/tractor/ws/install/astra_camera_msgs/local/lib/python3.10/dist-packages:${PYTHONPATH} /usr/bin/cmake --build /home/tractor/ws/build/astra_camera -- -j4 -l4
[152.891s] DEBUG:colcon.colcon_core.event_handler.log_command:Invoked command in '/home/tractor/ws/build/astra_camera' returned '0': AMENT_PREFIX_PATH=/home/tractor/ws/install/astra_camera_msgs:${AMENT_PREFIX_PATH} CMAKE_PREFIX_PATH=/home/tractor/ws/install/astra_camera_msgs:/opt/ros/humble LD_LIBRARY_PATH=/home/tractor/ws/install/astra_camera_msgs/lib:${LD_LIBRARY_PATH} PYTHONPATH=/home/tractor/ws/install/astra_camera_msgs/local/lib/python3.10/dist-packages:${PYTHONPATH} /usr/bin/cmake --build /home/tractor/ws/build/astra_camera -- -j4 -l4
[153.228s] DEBUG:colcon.colcon_core.event_handler.log_command:Invoking command in '/home/tractor/ws/build/astra_camera': AMENT_PREFIX_PATH=/home/tractor/ws/install/astra_camera_msgs:${AMENT_PREFIX_PATH} CMAKE_PREFIX_PATH=/home/tractor/ws/install/astra_camera_msgs:/opt/ros/humble LD_LIBRARY_PATH=/home/tractor/ws/install/astra_camera_msgs/lib:${LD_LIBRARY_PATH} PYTHONPATH=/home/tractor/ws/install/astra_camera_msgs/local/lib/python3.10/dist-packages:${PYTHONPATH} /usr/bin/cmake --install /home/tractor/ws/build/astra_camera
[153.975s] Level 1:colcon.colcon_core.environment:create_environment_scripts_only(astra_camera)
[153.976s] Level 1:colcon.colcon_core.environment:checking '/home/tractor/ws/install/astra_camera' for CMake module files
[153.978s] DEBUG:colcon.colcon_core.event_handler.log_command:Invoked command in '/home/tractor/ws/build/astra_camera' returned '0': AMENT_PREFIX_PATH=/home/tractor/ws/install/astra_camera_msgs:${AMENT_PREFIX_PATH} CMAKE_PREFIX_PATH=/home/tractor/ws/install/astra_camera_msgs:/opt/ros/humble LD_LIBRARY_PATH=/home/tractor/ws/install/astra_camera_msgs/lib:${LD_LIBRARY_PATH} PYTHONPATH=/home/tractor/ws/install/astra_camera_msgs/local/lib/python3.10/dist-packages:${PYTHONPATH} /usr/bin/cmake --install /home/tractor/ws/build/astra_camera
[153.981s] Level 1:colcon.colcon_core.environment:checking '/home/tractor/ws/install/astra_camera' for CMake config files
[153.982s] Level 1:colcon.colcon_core.shell:create_environment_hook('astra_camera', 'cmake_prefix_path')
[153.983s] INFO:colcon.colcon_core.shell:Creating environment hook '/home/tractor/ws/install/astra_camera/share/astra_camera/hook/cmake_prefix_path.ps1'
[153.985s] INFO:colcon.colcon_core.shell:Creating environment descriptor '/home/tractor/ws/install/astra_camera/share/astra_camera/hook/cmake_prefix_path.dsv'
[153.987s] INFO:colcon.colcon_core.shell:Creating environment hook '/home/tractor/ws/install/astra_camera/share/astra_camera/hook/cmake_prefix_path.sh'
[153.989s] Level 1:colcon.colcon_core.environment:checking '/home/tractor/ws/install/astra_camera/lib'
[153.990s] Level 1:colcon.colcon_core.shell:create_environment_hook('astra_camera', 'ld_library_path_lib')
[153.991s] INFO:colcon.colcon_core.shell:Creating environment hook '/home/tractor/ws/install/astra_camera/share/astra_camera/hook/ld_library_path_lib.ps1'
[153.994s] INFO:colcon.colcon_core.shell:Creating environment descriptor '/home/tractor/ws/install/astra_camera/share/astra_camera/hook/ld_library_path_lib.dsv'
[153.996s] INFO:colcon.colcon_core.shell:Creating environment hook '/home/tractor/ws/install/astra_camera/share/astra_camera/hook/ld_library_path_lib.sh'
[153.998s] Level 1:colcon.colcon_core.environment:checking '/home/tractor/ws/install/astra_camera/bin'
[153.998s] Level 1:colcon.colcon_core.environment:checking '/home/tractor/ws/install/astra_camera/lib/pkgconfig/astra_camera.pc'
[153.999s] Level 1:colcon.colcon_core.environment:checking '/home/tractor/ws/install/astra_camera/lib/python3.10/site-packages'
[154.001s] Level 1:colcon.colcon_core.environment:checking '/home/tractor/ws/install/astra_camera/bin'
[154.003s] INFO:colcon.colcon_core.shell:Creating package script '/home/tractor/ws/install/astra_camera/share/astra_camera/package.ps1'
[154.005s] INFO:colcon.colcon_core.shell:Creating package descriptor '/home/tractor/ws/install/astra_camera/share/astra_camera/package.dsv'
[154.007s] INFO:colcon.colcon_core.shell:Creating package script '/home/tractor/ws/install/astra_camera/share/astra_camera/package.sh'
[154.009s] INFO:colcon.colcon_core.shell:Creating package script '/home/tractor/ws/install/astra_camera/share/astra_camera/package.bash'
[154.011s] INFO:colcon.colcon_core.shell:Creating package script '/home/tractor/ws/install/astra_camera/share/astra_camera/package.zsh'
[154.012s] Level 1:colcon.colcon_core.environment:create_file_with_runtime_dependencies(/home/tractor/ws/install/astra_camera/share/colcon-core/packages/astra_camera)
[154.329s] Level 1:colcon.colcon_core.environment:create_environment_scripts_only(astra_camera)
[154.330s] Level 1:colcon.colcon_core.environment:checking '/home/tractor/ws/install/astra_camera' for CMake module files
[154.333s] Level 1:colcon.colcon_core.environment:checking '/home/tractor/ws/install/astra_camera' for CMake config files
[154.335s] Level 1:colcon.colcon_core.shell:create_environment_hook('astra_camera', 'cmake_prefix_path')
[154.336s] INFO:colcon.colcon_core.shell:Creating environment hook '/home/tractor/ws/install/astra_camera/share/astra_camera/hook/cmake_prefix_path.ps1'
[154.338s] INFO:colcon.colcon_core.shell:Creating environment descriptor '/home/tractor/ws/install/astra_camera/share/astra_camera/hook/cmake_prefix_path.dsv'
[154.340s] INFO:colcon.colcon_core.shell:Creating environment hook '/home/tractor/ws/install/astra_camera/share/astra_camera/hook/cmake_prefix_path.sh'
[154.344s] Level 1:colcon.colcon_core.environment:checking '/home/tractor/ws/install/astra_camera/lib'
[154.344s] Level 1:colcon.colcon_core.shell:create_environment_hook('astra_camera', 'ld_library_path_lib')
[154.346s] INFO:colcon.colcon_core.shell:Creating environment hook '/home/tractor/ws/install/astra_camera/share/astra_camera/hook/ld_library_path_lib.ps1'
[154.347s] INFO:colcon.colcon_core.shell:Creating environment descriptor '/home/tractor/ws/install/astra_camera/share/astra_camera/hook/ld_library_path_lib.dsv'
[154.349s] INFO:colcon.colcon_core.shell:Creating environment hook '/home/tractor/ws/install/astra_camera/share/astra_camera/hook/ld_library_path_lib.sh'
[154.351s] Level 1:colcon.colcon_core.environment:checking '/home/tractor/ws/install/astra_camera/bin'
[154.351s] Level 1:colcon.colcon_core.environment:checking '/home/tractor/ws/install/astra_camera/lib/pkgconfig/astra_camera.pc'
[154.352s] Level 1:colcon.colcon_core.environment:checking '/home/tractor/ws/install/astra_camera/lib/python3.10/site-packages'
[154.353s] Level 1:colcon.colcon_core.environment:checking '/home/tractor/ws/install/astra_camera/bin'
[154.354s] INFO:colcon.colcon_core.shell:Creating package script '/home/tractor/ws/install/astra_camera/share/astra_camera/package.ps1'
[154.356s] INFO:colcon.colcon_core.shell:Creating package descriptor '/home/tractor/ws/install/astra_camera/share/astra_camera/package.dsv'
[154.359s] INFO:colcon.colcon_core.shell:Creating package script '/home/tractor/ws/install/astra_camera/share/astra_camera/package.sh'
[154.361s] INFO:colcon.colcon_core.shell:Creating package script '/home/tractor/ws/install/astra_camera/share/astra_camera/package.bash'
[154.363s] INFO:colcon.colcon_core.shell:Creating package script '/home/tractor/ws/install/astra_camera/share/astra_camera/package.zsh'
[154.365s] Level 1:colcon.colcon_core.environment:create_file_with_runtime_dependencies(/home/tractor/ws/install/astra_camera/share/colcon-core/packages/astra_camera)
[154.366s] DEBUG:colcon.colcon_parallel_executor.executor.parallel:closing loop
[154.368s] DEBUG:colcon.colcon_parallel_executor.executor.parallel:loop closed
[154.368s] DEBUG:colcon.colcon_parallel_executor.executor.parallel:run_until_complete finished with '0'
[154.368s] DEBUG:colcon.colcon_core.event_reactor:joining thread
[154.391s] INFO:colcon.colcon_core.plugin_system:Skipping extension 'colcon_notification.desktop_notification.terminal_notifier': Not used on non-Darwin systems
[154.391s] INFO:colcon.colcon_core.plugin_system:Skipping extension 'colcon_notification.desktop_notification.win32': Not used on non-Windows systems
[154.391s] INFO:colcon.colcon_notification.desktop_notification:Sending desktop notification using 'notify2'
[154.444s] DEBUG:colcon.colcon_core.event_reactor:joined thread
[154.446s] INFO:colcon.colcon_core.shell:Creating prefix script '/home/tractor/ws/install/local_setup.ps1'
[154.450s] INFO:colcon.colcon_core.shell:Creating prefix util module '/home/tractor/ws/install/_local_setup_util_ps1.py'
[154.457s] INFO:colcon.colcon_core.shell:Creating prefix chain script '/home/tractor/ws/install/setup.ps1'
[154.463s] INFO:colcon.colcon_core.shell:Creating prefix script '/home/tractor/ws/install/local_setup.sh'
[154.466s] INFO:colcon.colcon_core.shell:Creating prefix util module '/home/tractor/ws/install/_local_setup_util_sh.py'
[154.469s] INFO:colcon.colcon_core.shell:Creating prefix chain script '/home/tractor/ws/install/setup.sh'
[154.474s] INFO:colcon.colcon_core.shell:Creating prefix script '/home/tractor/ws/install/local_setup.bash'
[154.477s] INFO:colcon.colcon_core.shell:Creating prefix chain script '/home/tractor/ws/install/setup.bash'
[154.482s] INFO:colcon.colcon_core.shell:Creating prefix script '/home/tractor/ws/install/local_setup.zsh'
[154.485s] INFO:colcon.colcon_core.shell:Creating prefix chain script '/home/tractor/ws/install/setup.zsh'
