[3.936s] Invoking command in '/home/tractor/ws/src/robot': PYTHONPATH=/home/tractor/ws/build/robot/prefix_override:/home/tractor/ws/install/robot/lib/python3.10/site-packages:${PYTHONPATH} /usr/bin/python3 -W ignore:setup.py install is deprecated setup.py egg_info --egg-base ../../build/robot build --build-base /home/tractor/ws/build/robot/build install --record /home/tractor/ws/build/robot/install.log --single-version-externally-managed install_data
[5.062s] running egg_info
[5.132s] writing ../../build/robot/robot.egg-info/PKG-INFO
[5.135s] writing dependency_links to ../../build/robot/robot.egg-info/dependency_links.txt
[5.136s] writing entry points to ../../build/robot/robot.egg-info/entry_points.txt
[5.137s] writing requirements to ../../build/robot/robot.egg-info/requires.txt
[5.138s] writing top-level names to ../../build/robot/robot.egg-info/top_level.txt
[5.276s] reading manifest file '../../build/robot/robot.egg-info/SOURCES.txt'
[5.278s] adding license file 'LICENSE'
[5.281s] writing manifest file '../../build/robot/robot.egg-info/SOURCES.txt'
[5.282s] running build
[5.282s] running build_py
[5.283s] copying robot/startRobot.py -> /home/tractor/ws/build/robot/build/lib/robot
[5.285s] copying robot/Locomotion-odof.py -> /home/tractor/ws/build/robot/build/lib/robot
[5.287s] copying robot/__init__.py -> /home/tractor/ws/build/robot/build/lib/robot
[5.290s] running install
[5.311s] running install_lib
[5.379s] copying /home/tractor/ws/build/robot/build/lib/robot/Locomotion-odof.py -> /home/tractor/ws/install/robot/lib/python3.10/site-packages/robot
[5.383s] byte-compiling /home/tractor/ws/install/robot/lib/python3.10/site-packages/robot/Locomotion-odof.py to Locomotion-odof.cpython-310.pyc
[5.393s] running install_data
[5.394s] copying resource/robot -> /home/tractor/ws/install/robot/share/ament_index/resource_index/packages
[5.395s] copying package.xml -> /home/tractor/ws/install/robot/share/robot
[5.396s] running install_egg_info
[5.474s] removing '/home/tractor/ws/install/robot/lib/python3.10/site-packages/robot-0.0.0-py3.10.egg-info' (and everything under it)
[5.476s] Copying ../../build/robot/robot.egg-info to /home/tractor/ws/install/robot/lib/python3.10/site-packages/robot-0.0.0-py3.10.egg-info
[5.481s] running install_scripts
[6.172s] Installing Locomotion script to /home/tractor/ws/install/robot/lib/robot
[6.174s] writing list of installed files to '/home/tractor/ws/build/robot/install.log'
[6.329s] Invoked command in '/home/tractor/ws/src/robot' returned '0': PYTHONPATH=/home/tractor/ws/build/robot/prefix_override:/home/tractor/ws/install/robot/lib/python3.10/site-packages:${PYTHONPATH} /usr/bin/python3 -W ignore:setup.py install is deprecated setup.py egg_info --egg-base ../../build/robot build --build-base /home/tractor/ws/build/robot/build install --record /home/tractor/ws/build/robot/install.log --single-version-externally-managed install_data
