[3.427s] Invoking command in '/home/tractor/ws/src/robot': PYTHONPATH=/home/tractor/ws/build/robot/prefix_override:/home/tractor/ws/install/robot/lib/python3.10/site-packages:${PYTHONPATH} /usr/bin/python3 -W ignore:setup.py install is deprecated setup.py egg_info --egg-base ../../build/robot build --build-base /home/tractor/ws/build/robot/build install --record /home/tractor/ws/build/robot/install.log --single-version-externally-managed install_data
[4.510s] running egg_info
[4.618s] writing ../../build/robot/robot.egg-info/PKG-INFO
[4.622s] writing dependency_links to ../../build/robot/robot.egg-info/dependency_links.txt
[4.626s] writing entry points to ../../build/robot/robot.egg-info/entry_points.txt
[4.629s] writing requirements to ../../build/robot/robot.egg-info/requires.txt
[4.630s] writing top-level names to ../../build/robot/robot.egg-info/top_level.txt
[4.813s] reading manifest file '../../build/robot/robot.egg-info/SOURCES.txt'
[4.815s] adding license file 'LICENSE'
[4.818s] writing manifest file '../../build/robot/robot.egg-info/SOURCES.txt'
[4.818s] running build
[4.819s] running build_py
[4.819s] copying robot/startRobot.py -> /home/tractor/ws/build/robot/build/lib/robot
[4.821s] copying robot/Locomotion.py -> /home/tractor/ws/build/robot/build/lib/robot
[4.822s] copying robot/__init__.py -> /home/tractor/ws/build/robot/build/lib/robot
[4.823s] running install
[4.845s] running install_lib
[4.915s] copying /home/tractor/ws/build/robot/build/lib/robot/Locomotion.py -> /home/tractor/ws/install/robot/lib/python3.10/site-packages/robot
[4.918s] byte-compiling /home/tractor/ws/install/robot/lib/python3.10/site-packages/robot/Locomotion.py to Locomotion.cpython-310.pyc
[4.919s]   File "/home/tractor/ws/install/robot/lib/python3.10/site-packages/robot/Locomotion.py", line 47
[4.920s]     from wpimath.units 
[4.920s]                        ^
[4.921s] SyntaxError: invalid syntax
[4.921s] 
[4.921s] running install_data
[4.922s] copying resource/robot -> /home/tractor/ws/install/robot/share/ament_index/resource_index/packages
[4.922s] copying package.xml -> /home/tractor/ws/install/robot/share/robot
[4.922s] running install_egg_info
[4.996s] removing '/home/tractor/ws/install/robot/lib/python3.10/site-packages/robot-0.0.0-py3.10.egg-info' (and everything under it)
[4.998s] Copying ../../build/robot/robot.egg-info to /home/tractor/ws/install/robot/lib/python3.10/site-packages/robot-0.0.0-py3.10.egg-info
[5.003s] running install_scripts
[5.659s] Installing Locomotion script to /home/tractor/ws/install/robot/lib/robot
[5.662s] writing list of installed files to '/home/tractor/ws/build/robot/install.log'
[5.807s] Invoked command in '/home/tractor/ws/src/robot' returned '0': PYTHONPATH=/home/tractor/ws/build/robot/prefix_override:/home/tractor/ws/install/robot/lib/python3.10/site-packages:${PYTHONPATH} /usr/bin/python3 -W ignore:setup.py install is deprecated setup.py egg_info --egg-base ../../build/robot build --build-base /home/tractor/ws/build/robot/build install --record /home/tractor/ws/build/robot/install.log --single-version-externally-managed install_data
