[6.530s] Invoking command in '/home/tractor/ws/src/robot': PYTHONPATH=/home/tractor/ws/build/robot/prefix_override:/home/tractor/ws/install/robot/lib/python3.10/site-packages:${PYTHONPATH} /usr/bin/python3 -W ignore:setup.py install is deprecated setup.py egg_info --egg-base ../../build/robot build --build-base /home/tractor/ws/build/robot/build install --record /home/tractor/ws/build/robot/install.log --single-version-externally-managed install_data
[8.558s] running egg_info
[8.693s] writing ../../build/robot/robot.egg-info/PKG-INFO
[8.700s] writing dependency_links to ../../build/robot/robot.egg-info/dependency_links.txt
[8.704s] writing entry points to ../../build/robot/robot.egg-info/entry_points.txt
[8.706s] writing requirements to ../../build/robot/robot.egg-info/requires.txt
[8.707s] writing top-level names to ../../build/robot/robot.egg-info/top_level.txt
[8.986s] reading manifest file '../../build/robot/robot.egg-info/SOURCES.txt'
[8.989s] adding license file 'LICENSE'
[8.995s] writing manifest file '../../build/robot/robot.egg-info/SOURCES.txt'
[9.003s] running build
[9.003s] running build_py
[9.004s] copying robot/vision.py -> /home/tractor/ws/build/robot/build/lib/robot
[9.004s] copying robot/startRobot.py -> /home/tractor/ws/build/robot/build/lib/robot
[9.006s] copying robot/stop_sign_detection_screen_shots.py -> /home/tractor/ws/build/robot/build/lib/robot
[9.007s] copying robot/Locomotion.py -> /home/tractor/ws/build/robot/build/lib/robot
[9.009s] copying robot/__init__.py -> /home/tractor/ws/build/robot/build/lib/robot
[9.011s] running install
[9.048s] running install_lib
[9.186s] copying /home/tractor/ws/build/robot/build/lib/robot/stop_sign_detection_screen_shots.py -> /home/tractor/ws/install/robot/lib/python3.10/site-packages/robot
[9.194s] byte-compiling /home/tractor/ws/install/robot/lib/python3.10/site-packages/robot/stop_sign_detection_screen_shots.py to stop_sign_detection_screen_shots.cpython-310.pyc
[9.204s] running install_data
[9.205s] copying resource/robot -> /home/tractor/ws/install/robot/share/ament_index/resource_index/packages
[9.206s] copying package.xml -> /home/tractor/ws/install/robot/share/robot
[9.207s] running install_egg_info
[9.369s] removing '/home/tractor/ws/install/robot/lib/python3.10/site-packages/robot-0.0.0-py3.10.egg-info' (and everything under it)
[9.372s] Copying ../../build/robot/robot.egg-info to /home/tractor/ws/install/robot/lib/python3.10/site-packages/robot-0.0.0-py3.10.egg-info
[9.378s] running install_scripts
[10.735s] Installing Locomotion script to /home/tractor/ws/install/robot/lib/robot
[10.737s] Installing stop script to /home/tractor/ws/install/robot/lib/robot
[10.738s] Installing vision script to /home/tractor/ws/install/robot/lib/robot
[10.741s] writing list of installed files to '/home/tractor/ws/build/robot/install.log'
[10.981s] Invoked command in '/home/tractor/ws/src/robot' returned '0': PYTHONPATH=/home/tractor/ws/build/robot/prefix_override:/home/tractor/ws/install/robot/lib/python3.10/site-packages:${PYTHONPATH} /usr/bin/python3 -W ignore:setup.py install is deprecated setup.py egg_info --egg-base ../../build/robot build --build-base /home/tractor/ws/build/robot/build install --record /home/tractor/ws/build/robot/install.log --single-version-externally-managed install_data
