[6.539s] Invoking command in '/home/tractor/ws/src/robot': PYTHONPATH=/home/tractor/ws/build/robot/prefix_override:/home/tractor/ws/install/robot/lib/python3.10/site-packages:${PYTHONPATH} /usr/bin/python3 -W ignore:setup.py install is deprecated setup.py egg_info --egg-base ../../build/robot build --build-base /home/tractor/ws/build/robot/build install --record /home/tractor/ws/build/robot/install.log --single-version-externally-managed install_data
[8.496s] running egg_info
[8.627s] writing ../../build/robot/robot.egg-info/PKG-INFO
[8.629s] writing dependency_links to ../../build/robot/robot.egg-info/dependency_links.txt
[8.630s] writing entry points to ../../build/robot/robot.egg-info/entry_points.txt
[8.633s] writing requirements to ../../build/robot/robot.egg-info/requires.txt
[8.634s] writing top-level names to ../../build/robot/robot.egg-info/top_level.txt
[8.899s] reading manifest file '../../build/robot/robot.egg-info/SOURCES.txt'
[8.901s] adding license file 'LICENSE'
[8.905s] writing manifest file '../../build/robot/robot.egg-info/SOURCES.txt'
[8.907s] running build
[8.907s] running build_py
[8.909s] copying robot/vision.py -> /home/tractor/ws/build/robot/build/lib/robot
[8.912s] copying robot/startRobot.py -> /home/tractor/ws/build/robot/build/lib/robot
[8.915s] copying robot/stop_sign_detection_screen_shots.py -> /home/tractor/ws/build/robot/build/lib/robot
[8.918s] copying robot/Locomotion.py -> /home/tractor/ws/build/robot/build/lib/robot
[8.921s] copying robot/__init__.py -> /home/tractor/ws/build/robot/build/lib/robot
[8.925s] running install
[8.958s] running install_lib
[9.123s] copying /home/tractor/ws/build/robot/build/lib/robot/stop_sign_detection_screen_shots.py -> /home/tractor/ws/install/robot/lib/python3.10/site-packages/robot
[9.131s] byte-compiling /home/tractor/ws/install/robot/lib/python3.10/site-packages/robot/stop_sign_detection_screen_shots.py to stop_sign_detection_screen_shots.cpython-310.pyc
[9.144s] running install_data
[9.145s] copying resource/robot -> /home/tractor/ws/install/robot/share/ament_index/resource_index/packages
[9.159s] copying package.xml -> /home/tractor/ws/install/robot/share/robot
[9.161s] running install_egg_info
[9.548s] removing '/home/tractor/ws/install/robot/lib/python3.10/site-packages/robot-0.0.0-py3.10.egg-info' (and everything under it)
[9.554s] Copying ../../build/robot/robot.egg-info to /home/tractor/ws/install/robot/lib/python3.10/site-packages/robot-0.0.0-py3.10.egg-info
[9.559s] running install_scripts
[10.872s] Installing Locomotion script to /home/tractor/ws/install/robot/lib/robot
[10.874s] Installing stop script to /home/tractor/ws/install/robot/lib/robot
[10.876s] Installing vision script to /home/tractor/ws/install/robot/lib/robot
[10.883s] writing list of installed files to '/home/tractor/ws/build/robot/install.log'
[11.131s] Invoked command in '/home/tractor/ws/src/robot' returned '0': PYTHONPATH=/home/tractor/ws/build/robot/prefix_override:/home/tractor/ws/install/robot/lib/python3.10/site-packages:${PYTHONPATH} /usr/bin/python3 -W ignore:setup.py install is deprecated setup.py egg_info --egg-base ../../build/robot build --build-base /home/tractor/ws/build/robot/build install --record /home/tractor/ws/build/robot/install.log --single-version-externally-managed install_data
