[0.131s] Invoking command in '/home/tractor/ws/build/astra_camera_msgs': CMAKE_PREFIX_PATH=/opt/ros/humble /usr/bin/cmake --build /home/tractor/ws/build/astra_camera_msgs -- -j4 -l4
[0.723s] [  1%] Built target astra_camera_msgs__cpp
[0.864s] [ 12%] Built target astra_camera_msgs__rosidl_generator_c
[0.873s] [35m[1mConsolidate compiler generated dependencies of target astra_camera_msgs__rosidl_typesupport_fastrtps_cpp[0m
[0.943s] [ 12%] Built target ament_cmake_python_copy_astra_camera_msgs
[0.975s] [ 24%] Built target astra_camera_msgs__rosidl_typesupport_cpp
[0.998s] [35m[1mConsolidate compiler generated dependencies of target astra_camera_msgs__rosidl_typesupport_introspection_cpp[0m
[1.029s] [ 35%] Built target astra_camera_msgs__rosidl_typesupport_fastrtps_cpp
[1.077s] [35m[1mConsolidate compiler generated dependencies of target astra_camera_msgs__rosidl_typesupport_fastrtps_c[0m
[1.091s] [35m[1mConsolidate compiler generated dependencies of target astra_camera_msgs__rosidl_typesupport_introspection_c[0m
[1.143s] [35m[1mConsolidate compiler generated dependencies of target astra_camera_msgs__rosidl_typesupport_c[0m
[1.153s] [ 47%] Built target astra_camera_msgs__rosidl_typesupport_introspection_cpp
[1.188s] [ 58%] Built target astra_camera_msgs__rosidl_typesupport_introspection_c
[1.245s] [ 70%] Built target astra_camera_msgs__rosidl_typesupport_fastrtps_c
[1.245s] [ 82%] Built target astra_camera_msgs__rosidl_typesupport_c
[1.362s] [ 82%] Built target astra_camera_msgs
[1.482s] [ 83%] Built target astra_camera_msgs__py
[1.599s] [35m[1mConsolidate compiler generated dependencies of target astra_camera_msgs__rosidl_generator_py[0m
[1.748s] [ 93%] Built target astra_camera_msgs__rosidl_generator_py
[1.852s] [35m[1mConsolidate compiler generated dependencies of target astra_camera_msgs__rosidl_typesupport_introspection_c__pyext[0m
[1.858s] [35m[1mConsolidate compiler generated dependencies of target astra_camera_msgs__rosidl_typesupport_fastrtps_c__pyext[0m
[1.873s] [35m[1mConsolidate compiler generated dependencies of target astra_camera_msgs__rosidl_typesupport_c__pyext[0m
[1.993s] [ 95%] Built target astra_camera_msgs__rosidl_typesupport_introspection_c__pyext
[2.000s] [ 97%] Built target astra_camera_msgs__rosidl_typesupport_fastrtps_c__pyext
[2.002s] [100%] Built target astra_camera_msgs__rosidl_typesupport_c__pyext
[2.582s] running egg_info
[2.661s] writing astra_camera_msgs.egg-info/PKG-INFO
[2.663s] writing dependency_links to astra_camera_msgs.egg-info/dependency_links.txt
[2.665s] writing top-level names to astra_camera_msgs.egg-info/top_level.txt
[3.028s] reading manifest file 'astra_camera_msgs.egg-info/SOURCES.txt'
[3.034s] writing manifest file 'astra_camera_msgs.egg-info/SOURCES.txt'
[3.196s] [100%] Built target ament_cmake_python_build_astra_camera_msgs_egg
[3.245s] Invoked command in '/home/tractor/ws/build/astra_camera_msgs' returned '0': CMAKE_PREFIX_PATH=/opt/ros/humble /usr/bin/cmake --build /home/tractor/ws/build/astra_camera_msgs -- -j4 -l4
[4.526s] Invoking command in '/home/tractor/ws/build/astra_camera_msgs': CMAKE_PREFIX_PATH=/opt/ros/humble /usr/bin/cmake --install /home/tractor/ws/build/astra_camera_msgs
[4.559s] -- Install configuration: "Release"
[4.562s] -- Up-to-date: /home/tractor/ws/install/astra_camera_msgs/share/ament_index/resource_index/rosidl_interfaces/astra_camera_msgs
[4.562s] -- Up-to-date: /home/tractor/ws/install/astra_camera_msgs/include/astra_camera_msgs/astra_camera_msgs
[4.563s] -- Up-to-date: /home/tractor/ws/install/astra_camera_msgs/include/astra_camera_msgs/astra_camera_msgs/srv
[4.568s] -- Up-to-date: /home/tractor/ws/install/astra_camera_msgs/include/astra_camera_msgs/astra_camera_msgs/srv/detail
[4.569s] -- Up-to-date: /home/tractor/ws/install/astra_camera_msgs/include/astra_camera_msgs/astra_camera_msgs/srv/detail/get_camera_params__functions.h
[4.571s] -- Up-to-date: /home/tractor/ws/install/astra_camera_msgs/include/astra_camera_msgs/astra_camera_msgs/srv/detail/get_string__type_support.h
[4.572s] -- Up-to-date: /home/tractor/ws/install/astra_camera_msgs/include/astra_camera_msgs/astra_camera_msgs/srv/detail/get_camera_info__functions.c
[4.573s] -- Up-to-date: /home/tractor/ws/install/astra_camera_msgs/include/astra_camera_msgs/astra_camera_msgs/srv/detail/get_camera_params__functions.c
[4.574s] -- Up-to-date: /home/tractor/ws/install/astra_camera_msgs/include/astra_camera_msgs/astra_camera_msgs/srv/detail/set_int32__type_support.h
[4.575s] -- Up-to-date: /home/tractor/ws/install/astra_camera_msgs/include/astra_camera_msgs/astra_camera_msgs/srv/detail/get_device_info__type_support.h
[4.576s] -- Up-to-date: /home/tractor/ws/install/astra_camera_msgs/include/astra_camera_msgs/astra_camera_msgs/srv/detail/get_device_info__functions.c
[4.576s] -- Up-to-date: /home/tractor/ws/install/astra_camera_msgs/include/astra_camera_msgs/astra_camera_msgs/srv/detail/get_string__functions.h
[4.577s] -- Up-to-date: /home/tractor/ws/install/astra_camera_msgs/include/astra_camera_msgs/astra_camera_msgs/srv/detail/get_camera_info__functions.h
[4.577s] -- Up-to-date: /home/tractor/ws/install/astra_camera_msgs/include/astra_camera_msgs/astra_camera_msgs/srv/detail/get_device_info__struct.h
[4.577s] -- Up-to-date: /home/tractor/ws/install/astra_camera_msgs/include/astra_camera_msgs/astra_camera_msgs/srv/detail/get_int32__functions.h
[4.578s] -- Up-to-date: /home/tractor/ws/install/astra_camera_msgs/include/astra_camera_msgs/astra_camera_msgs/srv/detail/get_camera_info__struct.h
[4.578s] -- Up-to-date: /home/tractor/ws/install/astra_camera_msgs/include/astra_camera_msgs/astra_camera_msgs/srv/detail/get_string__struct.h
[4.578s] -- Up-to-date: /home/tractor/ws/install/astra_camera_msgs/include/astra_camera_msgs/astra_camera_msgs/srv/detail/get_int32__functions.c
[4.579s] -- Up-to-date: /home/tractor/ws/install/astra_camera_msgs/include/astra_camera_msgs/astra_camera_msgs/srv/detail/get_int32__type_support.h
[4.580s] -- Up-to-date: /home/tractor/ws/install/astra_camera_msgs/include/astra_camera_msgs/astra_camera_msgs/srv/detail/set_int32__functions.c
[4.582s] -- Up-to-date: /home/tractor/ws/install/astra_camera_msgs/include/astra_camera_msgs/astra_camera_msgs/srv/detail/get_device_info__functions.h
[4.583s] -- Up-to-date: /home/tractor/ws/install/astra_camera_msgs/include/astra_camera_msgs/astra_camera_msgs/srv/detail/set_int32__struct.h
[4.584s] -- Up-to-date: /home/tractor/ws/install/astra_camera_msgs/include/astra_camera_msgs/astra_camera_msgs/srv/detail/get_string__functions.c
[4.584s] -- Up-to-date: /home/tractor/ws/install/astra_camera_msgs/include/astra_camera_msgs/astra_camera_msgs/srv/detail/get_camera_params__type_support.h
[4.585s] -- Up-to-date: /home/tractor/ws/install/astra_camera_msgs/include/astra_camera_msgs/astra_camera_msgs/srv/detail/get_int32__struct.h
[4.586s] -- Up-to-date: /home/tractor/ws/install/astra_camera_msgs/include/astra_camera_msgs/astra_camera_msgs/srv/detail/get_camera_params__struct.h
[4.586s] -- Up-to-date: /home/tractor/ws/install/astra_camera_msgs/include/astra_camera_msgs/astra_camera_msgs/srv/detail/set_int32__functions.h
[4.587s] -- Up-to-date: /home/tractor/ws/install/astra_camera_msgs/include/astra_camera_msgs/astra_camera_msgs/srv/detail/get_camera_info__type_support.h
[4.587s] -- Up-to-date: /home/tractor/ws/install/astra_camera_msgs/include/astra_camera_msgs/astra_camera_msgs/srv/set_int32.h
[4.588s] -- Up-to-date: /home/tractor/ws/install/astra_camera_msgs/include/astra_camera_msgs/astra_camera_msgs/srv/get_camera_info.h
[4.588s] -- Up-to-date: /home/tractor/ws/install/astra_camera_msgs/include/astra_camera_msgs/astra_camera_msgs/srv/get_camera_params.h
[4.589s] -- Up-to-date: /home/tractor/ws/install/astra_camera_msgs/include/astra_camera_msgs/astra_camera_msgs/srv/get_int32.h
[4.589s] -- Up-to-date: /home/tractor/ws/install/astra_camera_msgs/include/astra_camera_msgs/astra_camera_msgs/srv/get_string.h
[4.591s] -- Up-to-date: /home/tractor/ws/install/astra_camera_msgs/include/astra_camera_msgs/astra_camera_msgs/srv/get_device_info.h
[4.592s] -- Up-to-date: /home/tractor/ws/install/astra_camera_msgs/include/astra_camera_msgs/astra_camera_msgs/msg
[4.593s] -- Up-to-date: /home/tractor/ws/install/astra_camera_msgs/include/astra_camera_msgs/astra_camera_msgs/msg/detail
[4.594s] -- Up-to-date: /home/tractor/ws/install/astra_camera_msgs/include/astra_camera_msgs/astra_camera_msgs/msg/detail/device_info__struct.h
[4.594s] -- Up-to-date: /home/tractor/ws/install/astra_camera_msgs/include/astra_camera_msgs/astra_camera_msgs/msg/detail/extrinsics__struct.h
[4.597s] -- Up-to-date: /home/tractor/ws/install/astra_camera_msgs/include/astra_camera_msgs/astra_camera_msgs/msg/detail/extrinsics__type_support.h
[4.602s] -- Up-to-date: /home/tractor/ws/install/astra_camera_msgs/include/astra_camera_msgs/astra_camera_msgs/msg/detail/device_info__functions.c
[4.603s] -- Up-to-date: /home/tractor/ws/install/astra_camera_msgs/include/astra_camera_msgs/astra_camera_msgs/msg/detail/metadata__type_support.h
[4.603s] -- Up-to-date: /home/tractor/ws/install/astra_camera_msgs/include/astra_camera_msgs/astra_camera_msgs/msg/detail/metadata__functions.c
[4.604s] -- Up-to-date: /home/tractor/ws/install/astra_camera_msgs/include/astra_camera_msgs/astra_camera_msgs/msg/detail/extrinsics__functions.h
[4.604s] -- Up-to-date: /home/tractor/ws/install/astra_camera_msgs/include/astra_camera_msgs/astra_camera_msgs/msg/detail/device_info__functions.h
[4.605s] -- Up-to-date: /home/tractor/ws/install/astra_camera_msgs/include/astra_camera_msgs/astra_camera_msgs/msg/detail/metadata__functions.h
[4.606s] -- Up-to-date: /home/tractor/ws/install/astra_camera_msgs/include/astra_camera_msgs/astra_camera_msgs/msg/detail/extrinsics__functions.c
[4.607s] -- Up-to-date: /home/tractor/ws/install/astra_camera_msgs/include/astra_camera_msgs/astra_camera_msgs/msg/detail/device_info__type_support.h
[4.607s] -- Up-to-date: /home/tractor/ws/install/astra_camera_msgs/include/astra_camera_msgs/astra_camera_msgs/msg/detail/metadata__struct.h
[4.609s] -- Up-to-date: /home/tractor/ws/install/astra_camera_msgs/include/astra_camera_msgs/astra_camera_msgs/msg/extrinsics.h
[4.609s] -- Up-to-date: /home/tractor/ws/install/astra_camera_msgs/include/astra_camera_msgs/astra_camera_msgs/msg/metadata.h
[4.610s] -- Up-to-date: /home/tractor/ws/install/astra_camera_msgs/include/astra_camera_msgs/astra_camera_msgs/msg/device_info.h
[4.611s] -- Up-to-date: /home/tractor/ws/install/astra_camera_msgs/include/astra_camera_msgs/astra_camera_msgs/msg/rosidl_generator_c__visibility_control.h
[4.612s] -- Up-to-date: /home/tractor/ws/install/astra_camera_msgs/share/astra_camera_msgs/environment/library_path.sh
[4.613s] -- Up-to-date: /home/tractor/ws/install/astra_camera_msgs/share/astra_camera_msgs/environment/library_path.dsv
[4.614s] -- Up-to-date: /home/tractor/ws/install/astra_camera_msgs/lib/libastra_camera_msgs__rosidl_generator_c.so
[4.614s] -- Up-to-date: /home/tractor/ws/install/astra_camera_msgs/include/astra_camera_msgs/astra_camera_msgs
[4.615s] -- Up-to-date: /home/tractor/ws/install/astra_camera_msgs/include/astra_camera_msgs/astra_camera_msgs/srv
[4.615s] -- Up-to-date: /home/tractor/ws/install/astra_camera_msgs/include/astra_camera_msgs/astra_camera_msgs/srv/detail
[4.615s] -- Up-to-date: /home/tractor/ws/install/astra_camera_msgs/include/astra_camera_msgs/astra_camera_msgs/srv/detail/set_int32__rosidl_typesupport_fastrtps_c.h
[4.616s] -- Up-to-date: /home/tractor/ws/install/astra_camera_msgs/include/astra_camera_msgs/astra_camera_msgs/srv/detail/get_device_info__rosidl_typesupport_fastrtps_c.h
[4.616s] -- Up-to-date: /home/tractor/ws/install/astra_camera_msgs/include/astra_camera_msgs/astra_camera_msgs/srv/detail/get_camera_params__rosidl_typesupport_fastrtps_c.h
[4.616s] -- Up-to-date: /home/tractor/ws/install/astra_camera_msgs/include/astra_camera_msgs/astra_camera_msgs/srv/detail/get_int32__rosidl_typesupport_fastrtps_c.h
[4.617s] -- Up-to-date: /home/tractor/ws/install/astra_camera_msgs/include/astra_camera_msgs/astra_camera_msgs/srv/detail/get_string__rosidl_typesupport_fastrtps_c.h
[4.617s] -- Up-to-date: /home/tractor/ws/install/astra_camera_msgs/include/astra_camera_msgs/astra_camera_msgs/srv/detail/get_camera_info__rosidl_typesupport_fastrtps_c.h
[4.618s] -- Up-to-date: /home/tractor/ws/install/astra_camera_msgs/include/astra_camera_msgs/astra_camera_msgs/msg
[4.618s] -- Up-to-date: /home/tractor/ws/install/astra_camera_msgs/include/astra_camera_msgs/astra_camera_msgs/msg/detail
[4.618s] -- Up-to-date: /home/tractor/ws/install/astra_camera_msgs/include/astra_camera_msgs/astra_camera_msgs/msg/detail/device_info__rosidl_typesupport_fastrtps_c.h
[4.619s] -- Up-to-date: /home/tractor/ws/install/astra_camera_msgs/include/astra_camera_msgs/astra_camera_msgs/msg/detail/extrinsics__rosidl_typesupport_fastrtps_c.h
[4.619s] -- Up-to-date: /home/tractor/ws/install/astra_camera_msgs/include/astra_camera_msgs/astra_camera_msgs/msg/detail/metadata__rosidl_typesupport_fastrtps_c.h
[4.620s] -- Up-to-date: /home/tractor/ws/install/astra_camera_msgs/include/astra_camera_msgs/astra_camera_msgs/msg/rosidl_typesupport_fastrtps_c__visibility_control.h
[4.620s] -- Up-to-date: /home/tractor/ws/install/astra_camera_msgs/lib/libastra_camera_msgs__rosidl_typesupport_fastrtps_c.so
[4.621s] -- Up-to-date: /home/tractor/ws/install/astra_camera_msgs/include/astra_camera_msgs/astra_camera_msgs
[4.621s] -- Up-to-date: /home/tractor/ws/install/astra_camera_msgs/include/astra_camera_msgs/astra_camera_msgs/srv
[4.621s] -- Up-to-date: /home/tractor/ws/install/astra_camera_msgs/include/astra_camera_msgs/astra_camera_msgs/srv/detail
[4.622s] -- Up-to-date: /home/tractor/ws/install/astra_camera_msgs/include/astra_camera_msgs/astra_camera_msgs/srv/detail/get_device_info__rosidl_typesupport_introspection_c.h
[4.622s] -- Up-to-date: /home/tractor/ws/install/astra_camera_msgs/include/astra_camera_msgs/astra_camera_msgs/srv/detail/get_camera_info__rosidl_typesupport_introspection_c.h
[4.623s] -- Up-to-date: /home/tractor/ws/install/astra_camera_msgs/include/astra_camera_msgs/astra_camera_msgs/srv/detail/get_int32__rosidl_typesupport_introspection_c.h
[4.624s] -- Up-to-date: /home/tractor/ws/install/astra_camera_msgs/include/astra_camera_msgs/astra_camera_msgs/srv/detail/get_string__rosidl_typesupport_introspection_c.h
[4.625s] -- Up-to-date: /home/tractor/ws/install/astra_camera_msgs/include/astra_camera_msgs/astra_camera_msgs/srv/detail/get_string__type_support.c
[4.625s] -- Up-to-date: /home/tractor/ws/install/astra_camera_msgs/include/astra_camera_msgs/astra_camera_msgs/srv/detail/get_camera_params__type_support.c
[4.625s] -- Up-to-date: /home/tractor/ws/install/astra_camera_msgs/include/astra_camera_msgs/astra_camera_msgs/srv/detail/set_int32__type_support.c
[4.626s] -- Up-to-date: /home/tractor/ws/install/astra_camera_msgs/include/astra_camera_msgs/astra_camera_msgs/srv/detail/get_camera_params__rosidl_typesupport_introspection_c.h
[4.627s] -- Up-to-date: /home/tractor/ws/install/astra_camera_msgs/include/astra_camera_msgs/astra_camera_msgs/srv/detail/get_device_info__type_support.c
[4.627s] -- Up-to-date: /home/tractor/ws/install/astra_camera_msgs/include/astra_camera_msgs/astra_camera_msgs/srv/detail/get_camera_info__type_support.c
[4.628s] -- Up-to-date: /home/tractor/ws/install/astra_camera_msgs/include/astra_camera_msgs/astra_camera_msgs/srv/detail/get_int32__type_support.c
[4.628s] -- Up-to-date: /home/tractor/ws/install/astra_camera_msgs/include/astra_camera_msgs/astra_camera_msgs/srv/detail/set_int32__rosidl_typesupport_introspection_c.h
[4.630s] -- Up-to-date: /home/tractor/ws/install/astra_camera_msgs/include/astra_camera_msgs/astra_camera_msgs/msg
[4.630s] -- Up-to-date: /home/tractor/ws/install/astra_camera_msgs/include/astra_camera_msgs/astra_camera_msgs/msg/detail
[4.631s] -- Up-to-date: /home/tractor/ws/install/astra_camera_msgs/include/astra_camera_msgs/astra_camera_msgs/msg/detail/metadata__type_support.c
[4.631s] -- Up-to-date: /home/tractor/ws/install/astra_camera_msgs/include/astra_camera_msgs/astra_camera_msgs/msg/detail/extrinsics__rosidl_typesupport_introspection_c.h
[4.632s] -- Up-to-date: /home/tractor/ws/install/astra_camera_msgs/include/astra_camera_msgs/astra_camera_msgs/msg/detail/device_info__type_support.c
[4.633s] -- Up-to-date: /home/tractor/ws/install/astra_camera_msgs/include/astra_camera_msgs/astra_camera_msgs/msg/detail/device_info__rosidl_typesupport_introspection_c.h
[4.633s] -- Up-to-date: /home/tractor/ws/install/astra_camera_msgs/include/astra_camera_msgs/astra_camera_msgs/msg/detail/metadata__rosidl_typesupport_introspection_c.h
[4.634s] -- Up-to-date: /home/tractor/ws/install/astra_camera_msgs/include/astra_camera_msgs/astra_camera_msgs/msg/detail/extrinsics__type_support.c
[4.634s] -- Up-to-date: /home/tractor/ws/install/astra_camera_msgs/include/astra_camera_msgs/astra_camera_msgs/msg/rosidl_typesupport_introspection_c__visibility_control.h
[4.635s] -- Up-to-date: /home/tractor/ws/install/astra_camera_msgs/lib/libastra_camera_msgs__rosidl_typesupport_introspection_c.so
[4.636s] -- Up-to-date: /home/tractor/ws/install/astra_camera_msgs/lib/libastra_camera_msgs__rosidl_typesupport_c.so
[4.636s] -- Up-to-date: /home/tractor/ws/install/astra_camera_msgs/include/astra_camera_msgs/astra_camera_msgs
[4.637s] -- Up-to-date: /home/tractor/ws/install/astra_camera_msgs/include/astra_camera_msgs/astra_camera_msgs/srv
[4.637s] -- Up-to-date: /home/tractor/ws/install/astra_camera_msgs/include/astra_camera_msgs/astra_camera_msgs/srv/detail
[4.638s] -- Up-to-date: /home/tractor/ws/install/astra_camera_msgs/include/astra_camera_msgs/astra_camera_msgs/srv/detail/set_int32__traits.hpp
[4.638s] -- Up-to-date: /home/tractor/ws/install/astra_camera_msgs/include/astra_camera_msgs/astra_camera_msgs/srv/detail/get_device_info__builder.hpp
[4.639s] -- Up-to-date: /home/tractor/ws/install/astra_camera_msgs/include/astra_camera_msgs/astra_camera_msgs/srv/detail/get_int32__traits.hpp
[4.641s] -- Up-to-date: /home/tractor/ws/install/astra_camera_msgs/include/astra_camera_msgs/astra_camera_msgs/srv/detail/set_int32__struct.hpp
[4.641s] -- Up-to-date: /home/tractor/ws/install/astra_camera_msgs/include/astra_camera_msgs/astra_camera_msgs/srv/detail/get_camera_info__struct.hpp
[4.642s] -- Up-to-date: /home/tractor/ws/install/astra_camera_msgs/include/astra_camera_msgs/astra_camera_msgs/srv/detail/set_int32__builder.hpp
[4.642s] -- Up-to-date: /home/tractor/ws/install/astra_camera_msgs/include/astra_camera_msgs/astra_camera_msgs/srv/detail/get_camera_params__builder.hpp
[4.643s] -- Up-to-date: /home/tractor/ws/install/astra_camera_msgs/include/astra_camera_msgs/astra_camera_msgs/srv/detail/get_device_info__traits.hpp
[4.643s] -- Up-to-date: /home/tractor/ws/install/astra_camera_msgs/include/astra_camera_msgs/astra_camera_msgs/srv/detail/get_device_info__struct.hpp
[4.644s] -- Up-to-date: /home/tractor/ws/install/astra_camera_msgs/include/astra_camera_msgs/astra_camera_msgs/srv/detail/get_string__traits.hpp
[4.644s] -- Up-to-date: /home/tractor/ws/install/astra_camera_msgs/include/astra_camera_msgs/astra_camera_msgs/srv/detail/get_string__struct.hpp
[4.645s] -- Up-to-date: /home/tractor/ws/install/astra_camera_msgs/include/astra_camera_msgs/astra_camera_msgs/srv/detail/get_camera_info__traits.hpp
[4.646s] -- Up-to-date: /home/tractor/ws/install/astra_camera_msgs/include/astra_camera_msgs/astra_camera_msgs/srv/detail/get_camera_info__builder.hpp
[4.646s] -- Up-to-date: /home/tractor/ws/install/astra_camera_msgs/include/astra_camera_msgs/astra_camera_msgs/srv/detail/get_int32__struct.hpp
[4.647s] -- Up-to-date: /home/tractor/ws/install/astra_camera_msgs/include/astra_camera_msgs/astra_camera_msgs/srv/detail/get_string__builder.hpp
[4.647s] -- Up-to-date: /home/tractor/ws/install/astra_camera_msgs/include/astra_camera_msgs/astra_camera_msgs/srv/detail/get_camera_params__struct.hpp
[4.648s] -- Up-to-date: /home/tractor/ws/install/astra_camera_msgs/include/astra_camera_msgs/astra_camera_msgs/srv/detail/get_camera_params__traits.hpp
[4.648s] -- Up-to-date: /home/tractor/ws/install/astra_camera_msgs/include/astra_camera_msgs/astra_camera_msgs/srv/detail/get_int32__builder.hpp
[4.649s] -- Up-to-date: /home/tractor/ws/install/astra_camera_msgs/include/astra_camera_msgs/astra_camera_msgs/srv/get_string.hpp
[4.649s] -- Up-to-date: /home/tractor/ws/install/astra_camera_msgs/include/astra_camera_msgs/astra_camera_msgs/srv/get_device_info.hpp
[4.649s] -- Up-to-date: /home/tractor/ws/install/astra_camera_msgs/include/astra_camera_msgs/astra_camera_msgs/srv/get_camera_info.hpp
[4.650s] -- Up-to-date: /home/tractor/ws/install/astra_camera_msgs/include/astra_camera_msgs/astra_camera_msgs/srv/get_int32.hpp
[4.650s] -- Up-to-date: /home/tractor/ws/install/astra_camera_msgs/include/astra_camera_msgs/astra_camera_msgs/srv/set_int32.hpp
[4.650s] -- Up-to-date: /home/tractor/ws/install/astra_camera_msgs/include/astra_camera_msgs/astra_camera_msgs/srv/get_camera_params.hpp
[4.651s] -- Up-to-date: /home/tractor/ws/install/astra_camera_msgs/include/astra_camera_msgs/astra_camera_msgs/msg
[4.651s] -- Up-to-date: /home/tractor/ws/install/astra_camera_msgs/include/astra_camera_msgs/astra_camera_msgs/msg/detail
[4.651s] -- Up-to-date: /home/tractor/ws/install/astra_camera_msgs/include/astra_camera_msgs/astra_camera_msgs/msg/detail/metadata__builder.hpp
[4.652s] -- Up-to-date: /home/tractor/ws/install/astra_camera_msgs/include/astra_camera_msgs/astra_camera_msgs/msg/detail/device_info__builder.hpp
[4.652s] -- Up-to-date: /home/tractor/ws/install/astra_camera_msgs/include/astra_camera_msgs/astra_camera_msgs/msg/detail/metadata__traits.hpp
[4.653s] -- Up-to-date: /home/tractor/ws/install/astra_camera_msgs/include/astra_camera_msgs/astra_camera_msgs/msg/detail/metadata__struct.hpp
[4.653s] -- Up-to-date: /home/tractor/ws/install/astra_camera_msgs/include/astra_camera_msgs/astra_camera_msgs/msg/detail/extrinsics__builder.hpp
[4.653s] -- Up-to-date: /home/tractor/ws/install/astra_camera_msgs/include/astra_camera_msgs/astra_camera_msgs/msg/detail/device_info__traits.hpp
[4.654s] -- Up-to-date: /home/tractor/ws/install/astra_camera_msgs/include/astra_camera_msgs/astra_camera_msgs/msg/detail/device_info__struct.hpp
[4.654s] -- Up-to-date: /home/tractor/ws/install/astra_camera_msgs/include/astra_camera_msgs/astra_camera_msgs/msg/detail/extrinsics__struct.hpp
[4.655s] -- Up-to-date: /home/tractor/ws/install/astra_camera_msgs/include/astra_camera_msgs/astra_camera_msgs/msg/detail/extrinsics__traits.hpp
[4.657s] -- Up-to-date: /home/tractor/ws/install/astra_camera_msgs/include/astra_camera_msgs/astra_camera_msgs/msg/metadata.hpp
[4.657s] -- Up-to-date: /home/tractor/ws/install/astra_camera_msgs/include/astra_camera_msgs/astra_camera_msgs/msg/device_info.hpp
[4.658s] -- Up-to-date: /home/tractor/ws/install/astra_camera_msgs/include/astra_camera_msgs/astra_camera_msgs/msg/extrinsics.hpp
[4.658s] -- Up-to-date: /home/tractor/ws/install/astra_camera_msgs/include/astra_camera_msgs/astra_camera_msgs
[4.661s] -- Up-to-date: /home/tractor/ws/install/astra_camera_msgs/include/astra_camera_msgs/astra_camera_msgs/srv
[4.662s] -- Up-to-date: /home/tractor/ws/install/astra_camera_msgs/include/astra_camera_msgs/astra_camera_msgs/srv/detail
[4.667s] -- Up-to-date: /home/tractor/ws/install/astra_camera_msgs/include/astra_camera_msgs/astra_camera_msgs/srv/detail/get_int32__rosidl_typesupport_fastrtps_cpp.hpp
[4.667s] -- Up-to-date: /home/tractor/ws/install/astra_camera_msgs/include/astra_camera_msgs/astra_camera_msgs/srv/detail/get_device_info__rosidl_typesupport_fastrtps_cpp.hpp
[4.668s] -- Up-to-date: /home/tractor/ws/install/astra_camera_msgs/include/astra_camera_msgs/astra_camera_msgs/srv/detail/dds_fastrtps
[4.668s] -- Up-to-date: /home/tractor/ws/install/astra_camera_msgs/include/astra_camera_msgs/astra_camera_msgs/srv/detail/get_camera_params__rosidl_typesupport_fastrtps_cpp.hpp
[4.668s] -- Up-to-date: /home/tractor/ws/install/astra_camera_msgs/include/astra_camera_msgs/astra_camera_msgs/srv/detail/get_string__rosidl_typesupport_fastrtps_cpp.hpp
[4.669s] -- Up-to-date: /home/tractor/ws/install/astra_camera_msgs/include/astra_camera_msgs/astra_camera_msgs/srv/detail/get_camera_info__rosidl_typesupport_fastrtps_cpp.hpp
[4.669s] -- Up-to-date: /home/tractor/ws/install/astra_camera_msgs/include/astra_camera_msgs/astra_camera_msgs/srv/detail/set_int32__rosidl_typesupport_fastrtps_cpp.hpp
[4.669s] -- Up-to-date: /home/tractor/ws/install/astra_camera_msgs/include/astra_camera_msgs/astra_camera_msgs/msg
[4.670s] -- Up-to-date: /home/tractor/ws/install/astra_camera_msgs/include/astra_camera_msgs/astra_camera_msgs/msg/detail
[4.670s] -- Up-to-date: /home/tractor/ws/install/astra_camera_msgs/include/astra_camera_msgs/astra_camera_msgs/msg/detail/dds_fastrtps
[4.670s] -- Up-to-date: /home/tractor/ws/install/astra_camera_msgs/include/astra_camera_msgs/astra_camera_msgs/msg/detail/metadata__rosidl_typesupport_fastrtps_cpp.hpp
[4.671s] -- Up-to-date: /home/tractor/ws/install/astra_camera_msgs/include/astra_camera_msgs/astra_camera_msgs/msg/detail/device_info__rosidl_typesupport_fastrtps_cpp.hpp
[4.671s] -- Up-to-date: /home/tractor/ws/install/astra_camera_msgs/include/astra_camera_msgs/astra_camera_msgs/msg/detail/extrinsics__rosidl_typesupport_fastrtps_cpp.hpp
[4.672s] -- Up-to-date: /home/tractor/ws/install/astra_camera_msgs/include/astra_camera_msgs/astra_camera_msgs/msg/rosidl_typesupport_fastrtps_cpp__visibility_control.h
[4.672s] -- Up-to-date: /home/tractor/ws/install/astra_camera_msgs/lib/libastra_camera_msgs__rosidl_typesupport_fastrtps_cpp.so
[4.672s] -- Up-to-date: /home/tractor/ws/install/astra_camera_msgs/include/astra_camera_msgs/astra_camera_msgs
[4.673s] -- Up-to-date: /home/tractor/ws/install/astra_camera_msgs/include/astra_camera_msgs/astra_camera_msgs/srv
[4.673s] -- Up-to-date: /home/tractor/ws/install/astra_camera_msgs/include/astra_camera_msgs/astra_camera_msgs/srv/detail
[4.673s] -- Up-to-date: /home/tractor/ws/install/astra_camera_msgs/include/astra_camera_msgs/astra_camera_msgs/srv/detail/set_int32__rosidl_typesupport_introspection_cpp.hpp
[4.674s] -- Up-to-date: /home/tractor/ws/install/astra_camera_msgs/include/astra_camera_msgs/astra_camera_msgs/srv/detail/get_camera_params__rosidl_typesupport_introspection_cpp.hpp
[4.674s] -- Up-to-date: /home/tractor/ws/install/astra_camera_msgs/include/astra_camera_msgs/astra_camera_msgs/srv/detail/get_device_info__type_support.cpp
[4.675s] -- Up-to-date: /home/tractor/ws/install/astra_camera_msgs/include/astra_camera_msgs/astra_camera_msgs/srv/detail/get_string__rosidl_typesupport_introspection_cpp.hpp
[4.675s] -- Up-to-date: /home/tractor/ws/install/astra_camera_msgs/include/astra_camera_msgs/astra_camera_msgs/srv/detail/set_int32__type_support.cpp
[4.676s] -- Up-to-date: /home/tractor/ws/install/astra_camera_msgs/include/astra_camera_msgs/astra_camera_msgs/srv/detail/get_camera_info__rosidl_typesupport_introspection_cpp.hpp
[4.676s] -- Up-to-date: /home/tractor/ws/install/astra_camera_msgs/include/astra_camera_msgs/astra_camera_msgs/srv/detail/get_camera_info__type_support.cpp
[4.677s] -- Up-to-date: /home/tractor/ws/install/astra_camera_msgs/include/astra_camera_msgs/astra_camera_msgs/srv/detail/get_camera_params__type_support.cpp
[4.677s] -- Up-to-date: /home/tractor/ws/install/astra_camera_msgs/include/astra_camera_msgs/astra_camera_msgs/srv/detail/get_int32__type_support.cpp
[4.677s] -- Up-to-date: /home/tractor/ws/install/astra_camera_msgs/include/astra_camera_msgs/astra_camera_msgs/srv/detail/get_string__type_support.cpp
[4.678s] -- Up-to-date: /home/tractor/ws/install/astra_camera_msgs/include/astra_camera_msgs/astra_camera_msgs/srv/detail/get_device_info__rosidl_typesupport_introspection_cpp.hpp
[4.678s] -- Up-to-date: /home/tractor/ws/install/astra_camera_msgs/include/astra_camera_msgs/astra_camera_msgs/srv/detail/get_int32__rosidl_typesupport_introspection_cpp.hpp
[4.678s] -- Up-to-date: /home/tractor/ws/install/astra_camera_msgs/include/astra_camera_msgs/astra_camera_msgs/msg
[4.679s] -- Up-to-date: /home/tractor/ws/install/astra_camera_msgs/include/astra_camera_msgs/astra_camera_msgs/msg/detail
[4.680s] -- Up-to-date: /home/tractor/ws/install/astra_camera_msgs/include/astra_camera_msgs/astra_camera_msgs/msg/detail/device_info__rosidl_typesupport_introspection_cpp.hpp
[4.680s] -- Up-to-date: /home/tractor/ws/install/astra_camera_msgs/include/astra_camera_msgs/astra_camera_msgs/msg/detail/extrinsics__type_support.cpp
[4.681s] -- Up-to-date: /home/tractor/ws/install/astra_camera_msgs/include/astra_camera_msgs/astra_camera_msgs/msg/detail/extrinsics__rosidl_typesupport_introspection_cpp.hpp
[4.681s] -- Up-to-date: /home/tractor/ws/install/astra_camera_msgs/include/astra_camera_msgs/astra_camera_msgs/msg/detail/metadata__rosidl_typesupport_introspection_cpp.hpp
[4.682s] -- Up-to-date: /home/tractor/ws/install/astra_camera_msgs/include/astra_camera_msgs/astra_camera_msgs/msg/detail/metadata__type_support.cpp
[4.682s] -- Up-to-date: /home/tractor/ws/install/astra_camera_msgs/include/astra_camera_msgs/astra_camera_msgs/msg/detail/device_info__type_support.cpp
[4.683s] -- Up-to-date: /home/tractor/ws/install/astra_camera_msgs/lib/libastra_camera_msgs__rosidl_typesupport_introspection_cpp.so
[4.683s] -- Up-to-date: /home/tractor/ws/install/astra_camera_msgs/lib/libastra_camera_msgs__rosidl_typesupport_cpp.so
[4.684s] -- Up-to-date: /home/tractor/ws/install/astra_camera_msgs/share/astra_camera_msgs/environment/pythonpath.sh
[4.684s] -- Up-to-date: /home/tractor/ws/install/astra_camera_msgs/share/astra_camera_msgs/environment/pythonpath.dsv
[4.684s] -- Up-to-date: /home/tractor/ws/install/astra_camera_msgs/local/lib/python3.10/dist-packages/astra_camera_msgs-1.0.1-py3.10.egg-info
[4.685s] -- Installing: /home/tractor/ws/install/astra_camera_msgs/local/lib/python3.10/dist-packages/astra_camera_msgs-1.0.1-py3.10.egg-info/dependency_links.txt
[4.685s] -- Installing: /home/tractor/ws/install/astra_camera_msgs/local/lib/python3.10/dist-packages/astra_camera_msgs-1.0.1-py3.10.egg-info/top_level.txt
[4.686s] -- Installing: /home/tractor/ws/install/astra_camera_msgs/local/lib/python3.10/dist-packages/astra_camera_msgs-1.0.1-py3.10.egg-info/SOURCES.txt
[4.687s] -- Installing: /home/tractor/ws/install/astra_camera_msgs/local/lib/python3.10/dist-packages/astra_camera_msgs-1.0.1-py3.10.egg-info/PKG-INFO
[4.689s] -- Up-to-date: /home/tractor/ws/install/astra_camera_msgs/local/lib/python3.10/dist-packages/astra_camera_msgs
[4.689s] -- Up-to-date: /home/tractor/ws/install/astra_camera_msgs/local/lib/python3.10/dist-packages/astra_camera_msgs/libastra_camera_msgs__rosidl_generator_py.so
[4.691s] -- Up-to-date: /home/tractor/ws/install/astra_camera_msgs/local/lib/python3.10/dist-packages/astra_camera_msgs/_astra_camera_msgs_s.ep.rosidl_typesupport_c.c
[4.691s] -- Up-to-date: /home/tractor/ws/install/astra_camera_msgs/local/lib/python3.10/dist-packages/astra_camera_msgs/srv
[4.692s] -- Up-to-date: /home/tractor/ws/install/astra_camera_msgs/local/lib/python3.10/dist-packages/astra_camera_msgs/srv/_get_string.py
[4.693s] -- Up-to-date: /home/tractor/ws/install/astra_camera_msgs/local/lib/python3.10/dist-packages/astra_camera_msgs/srv/_get_device_info.py
[4.693s] -- Up-to-date: /home/tractor/ws/install/astra_camera_msgs/local/lib/python3.10/dist-packages/astra_camera_msgs/srv/_set_int32.py
[4.694s] -- Up-to-date: /home/tractor/ws/install/astra_camera_msgs/local/lib/python3.10/dist-packages/astra_camera_msgs/srv/_get_string_s.c
[4.694s] -- Up-to-date: /home/tractor/ws/install/astra_camera_msgs/local/lib/python3.10/dist-packages/astra_camera_msgs/srv/_get_int32_s.c
[4.695s] -- Up-to-date: /home/tractor/ws/install/astra_camera_msgs/local/lib/python3.10/dist-packages/astra_camera_msgs/srv/_set_int32_s.c
[4.696s] -- Up-to-date: /home/tractor/ws/install/astra_camera_msgs/local/lib/python3.10/dist-packages/astra_camera_msgs/srv/_get_camera_info_s.c
[4.696s] -- Up-to-date: /home/tractor/ws/install/astra_camera_msgs/local/lib/python3.10/dist-packages/astra_camera_msgs/srv/_get_device_info_s.c
[4.697s] -- Up-to-date: /home/tractor/ws/install/astra_camera_msgs/local/lib/python3.10/dist-packages/astra_camera_msgs/srv/__init__.py
[4.697s] -- Up-to-date: /home/tractor/ws/install/astra_camera_msgs/local/lib/python3.10/dist-packages/astra_camera_msgs/srv/_get_camera_params_s.c
[4.698s] -- Up-to-date: /home/tractor/ws/install/astra_camera_msgs/local/lib/python3.10/dist-packages/astra_camera_msgs/srv/_get_camera_params.py
[4.698s] -- Up-to-date: /home/tractor/ws/install/astra_camera_msgs/local/lib/python3.10/dist-packages/astra_camera_msgs/srv/_get_camera_info.py
[4.699s] -- Up-to-date: /home/tractor/ws/install/astra_camera_msgs/local/lib/python3.10/dist-packages/astra_camera_msgs/srv/_get_int32.py
[4.699s] -- Up-to-date: /home/tractor/ws/install/astra_camera_msgs/local/lib/python3.10/dist-packages/astra_camera_msgs/_astra_camera_msgs_s.ep.rosidl_typesupport_introspection_c.c
[4.700s] -- Up-to-date: /home/tractor/ws/install/astra_camera_msgs/local/lib/python3.10/dist-packages/astra_camera_msgs/msg
[4.701s] -- Up-to-date: /home/tractor/ws/install/astra_camera_msgs/local/lib/python3.10/dist-packages/astra_camera_msgs/msg/_extrinsics.py
[4.701s] -- Up-to-date: /home/tractor/ws/install/astra_camera_msgs/local/lib/python3.10/dist-packages/astra_camera_msgs/msg/_metadata.py
[4.702s] -- Up-to-date: /home/tractor/ws/install/astra_camera_msgs/local/lib/python3.10/dist-packages/astra_camera_msgs/msg/_device_info_s.c
[4.702s] -- Up-to-date: /home/tractor/ws/install/astra_camera_msgs/local/lib/python3.10/dist-packages/astra_camera_msgs/msg/_metadata_s.c
[4.702s] -- Up-to-date: /home/tractor/ws/install/astra_camera_msgs/local/lib/python3.10/dist-packages/astra_camera_msgs/msg/_device_info.py
[4.703s] -- Up-to-date: /home/tractor/ws/install/astra_camera_msgs/local/lib/python3.10/dist-packages/astra_camera_msgs/msg/__init__.py
[4.703s] -- Up-to-date: /home/tractor/ws/install/astra_camera_msgs/local/lib/python3.10/dist-packages/astra_camera_msgs/msg/_extrinsics_s.c
[4.704s] -- Up-to-date: /home/tractor/ws/install/astra_camera_msgs/local/lib/python3.10/dist-packages/astra_camera_msgs/_astra_camera_msgs_s.ep.rosidl_typesupport_fastrtps_c.c
[4.704s] -- Up-to-date: /home/tractor/ws/install/astra_camera_msgs/local/lib/python3.10/dist-packages/astra_camera_msgs/astra_camera_msgs_s__rosidl_typesupport_introspection_c.cpython-310-aarch64-linux-gnu.so
[4.704s] -- Up-to-date: /home/tractor/ws/install/astra_camera_msgs/local/lib/python3.10/dist-packages/astra_camera_msgs/astra_camera_msgs_s__rosidl_typesupport_c.cpython-310-aarch64-linux-gnu.so
[4.705s] -- Up-to-date: /home/tractor/ws/install/astra_camera_msgs/local/lib/python3.10/dist-packages/astra_camera_msgs/astra_camera_msgs_s__rosidl_typesupport_fastrtps_c.cpython-310-aarch64-linux-gnu.so
[4.705s] -- Up-to-date: /home/tractor/ws/install/astra_camera_msgs/local/lib/python3.10/dist-packages/astra_camera_msgs/__init__.py
[4.877s] Listing '/home/tractor/ws/install/astra_camera_msgs/local/lib/python3.10/dist-packages/astra_camera_msgs'...
[4.878s] Listing '/home/tractor/ws/install/astra_camera_msgs/local/lib/python3.10/dist-packages/astra_camera_msgs/msg'...
[4.879s] Listing '/home/tractor/ws/install/astra_camera_msgs/local/lib/python3.10/dist-packages/astra_camera_msgs/srv'...
[4.909s] -- Up-to-date: /home/tractor/ws/install/astra_camera_msgs/local/lib/python3.10/dist-packages/astra_camera_msgs/astra_camera_msgs_s__rosidl_typesupport_fastrtps_c.cpython-310-aarch64-linux-gnu.so
[4.912s] -- Up-to-date: /home/tractor/ws/install/astra_camera_msgs/local/lib/python3.10/dist-packages/astra_camera_msgs/astra_camera_msgs_s__rosidl_typesupport_introspection_c.cpython-310-aarch64-linux-gnu.so
[4.917s] -- Up-to-date: /home/tractor/ws/install/astra_camera_msgs/local/lib/python3.10/dist-packages/astra_camera_msgs/astra_camera_msgs_s__rosidl_typesupport_c.cpython-310-aarch64-linux-gnu.so
[4.921s] -- Up-to-date: /home/tractor/ws/install/astra_camera_msgs/lib/libastra_camera_msgs__rosidl_generator_py.so
[4.924s] -- Up-to-date: /home/tractor/ws/install/astra_camera_msgs/share/astra_camera_msgs/msg/DeviceInfo.idl
[4.925s] -- Up-to-date: /home/tractor/ws/install/astra_camera_msgs/share/astra_camera_msgs/msg/Extrinsics.idl
[4.925s] -- Up-to-date: /home/tractor/ws/install/astra_camera_msgs/share/astra_camera_msgs/msg/Metadata.idl
[4.926s] -- Up-to-date: /home/tractor/ws/install/astra_camera_msgs/share/astra_camera_msgs/srv/GetDeviceInfo.idl
[4.927s] -- Up-to-date: /home/tractor/ws/install/astra_camera_msgs/share/astra_camera_msgs/srv/GetCameraInfo.idl
[4.927s] -- Up-to-date: /home/tractor/ws/install/astra_camera_msgs/share/astra_camera_msgs/srv/GetCameraParams.idl
[4.928s] -- Up-to-date: /home/tractor/ws/install/astra_camera_msgs/share/astra_camera_msgs/srv/GetInt32.idl
[4.929s] -- Up-to-date: /home/tractor/ws/install/astra_camera_msgs/share/astra_camera_msgs/srv/GetString.idl
[4.929s] -- Up-to-date: /home/tractor/ws/install/astra_camera_msgs/share/astra_camera_msgs/srv/SetInt32.idl
[4.931s] -- Up-to-date: /home/tractor/ws/install/astra_camera_msgs/share/astra_camera_msgs/msg/DeviceInfo.msg
[4.932s] -- Up-to-date: /home/tractor/ws/install/astra_camera_msgs/share/astra_camera_msgs/msg/Extrinsics.msg
[4.933s] -- Up-to-date: /home/tractor/ws/install/astra_camera_msgs/share/astra_camera_msgs/msg/Metadata.msg
[4.933s] -- Up-to-date: /home/tractor/ws/install/astra_camera_msgs/share/astra_camera_msgs/srv/GetDeviceInfo.srv
[4.934s] -- Up-to-date: /home/tractor/ws/install/astra_camera_msgs/share/astra_camera_msgs/srv/GetDeviceInfo_Request.msg
[4.934s] -- Up-to-date: /home/tractor/ws/install/astra_camera_msgs/share/astra_camera_msgs/srv/GetDeviceInfo_Response.msg
[4.935s] -- Up-to-date: /home/tractor/ws/install/astra_camera_msgs/share/astra_camera_msgs/srv/GetCameraInfo.srv
[4.936s] -- Up-to-date: /home/tractor/ws/install/astra_camera_msgs/share/astra_camera_msgs/srv/GetCameraInfo_Request.msg
[4.937s] -- Up-to-date: /home/tractor/ws/install/astra_camera_msgs/share/astra_camera_msgs/srv/GetCameraInfo_Response.msg
[4.937s] -- Up-to-date: /home/tractor/ws/install/astra_camera_msgs/share/astra_camera_msgs/srv/GetCameraParams.srv
[4.938s] -- Up-to-date: /home/tractor/ws/install/astra_camera_msgs/share/astra_camera_msgs/srv/GetCameraParams_Request.msg
[4.938s] -- Up-to-date: /home/tractor/ws/install/astra_camera_msgs/share/astra_camera_msgs/srv/GetCameraParams_Response.msg
[4.939s] -- Up-to-date: /home/tractor/ws/install/astra_camera_msgs/share/astra_camera_msgs/srv/GetInt32.srv
[4.940s] -- Up-to-date: /home/tractor/ws/install/astra_camera_msgs/share/astra_camera_msgs/srv/GetInt32_Request.msg
[4.940s] -- Up-to-date: /home/tractor/ws/install/astra_camera_msgs/share/astra_camera_msgs/srv/GetInt32_Response.msg
[4.941s] -- Up-to-date: /home/tractor/ws/install/astra_camera_msgs/share/astra_camera_msgs/srv/GetString.srv
[4.941s] -- Up-to-date: /home/tractor/ws/install/astra_camera_msgs/share/astra_camera_msgs/srv/GetString_Request.msg
[4.942s] -- Up-to-date: /home/tractor/ws/install/astra_camera_msgs/share/astra_camera_msgs/srv/GetString_Response.msg
[4.942s] -- Up-to-date: /home/tractor/ws/install/astra_camera_msgs/share/astra_camera_msgs/srv/SetInt32.srv
[4.943s] -- Up-to-date: /home/tractor/ws/install/astra_camera_msgs/share/astra_camera_msgs/srv/SetInt32_Request.msg
[4.943s] -- Up-to-date: /home/tractor/ws/install/astra_camera_msgs/share/astra_camera_msgs/srv/SetInt32_Response.msg
[4.944s] -- Up-to-date: /home/tractor/ws/install/astra_camera_msgs/share/ament_index/resource_index/package_run_dependencies/astra_camera_msgs
[4.945s] -- Up-to-date: /home/tractor/ws/install/astra_camera_msgs/share/ament_index/resource_index/parent_prefix_path/astra_camera_msgs
[4.946s] -- Up-to-date: /home/tractor/ws/install/astra_camera_msgs/share/astra_camera_msgs/environment/ament_prefix_path.sh
[4.947s] -- Up-to-date: /home/tractor/ws/install/astra_camera_msgs/share/astra_camera_msgs/environment/ament_prefix_path.dsv
[4.948s] -- Up-to-date: /home/tractor/ws/install/astra_camera_msgs/share/astra_camera_msgs/environment/path.sh
[4.948s] -- Up-to-date: /home/tractor/ws/install/astra_camera_msgs/share/astra_camera_msgs/environment/path.dsv
[4.949s] -- Up-to-date: /home/tractor/ws/install/astra_camera_msgs/share/astra_camera_msgs/local_setup.bash
[4.949s] -- Up-to-date: /home/tractor/ws/install/astra_camera_msgs/share/astra_camera_msgs/local_setup.sh
[4.950s] -- Up-to-date: /home/tractor/ws/install/astra_camera_msgs/share/astra_camera_msgs/local_setup.zsh
[4.951s] -- Up-to-date: /home/tractor/ws/install/astra_camera_msgs/share/astra_camera_msgs/local_setup.dsv
[4.951s] -- Installing: /home/tractor/ws/install/astra_camera_msgs/share/astra_camera_msgs/package.dsv
[4.955s] -- Up-to-date: /home/tractor/ws/install/astra_camera_msgs/share/ament_index/resource_index/packages/astra_camera_msgs
[4.964s] -- Up-to-date: /home/tractor/ws/install/astra_camera_msgs/share/astra_camera_msgs/cmake/export_astra_camera_msgs__rosidl_generator_cExport.cmake
[4.965s] -- Up-to-date: /home/tractor/ws/install/astra_camera_msgs/share/astra_camera_msgs/cmake/export_astra_camera_msgs__rosidl_generator_cExport-release.cmake
[4.966s] -- Up-to-date: /home/tractor/ws/install/astra_camera_msgs/share/astra_camera_msgs/cmake/export_astra_camera_msgs__rosidl_typesupport_fastrtps_cExport.cmake
[4.966s] -- Up-to-date: /home/tractor/ws/install/astra_camera_msgs/share/astra_camera_msgs/cmake/export_astra_camera_msgs__rosidl_typesupport_fastrtps_cExport-release.cmake
[4.972s] -- Up-to-date: /home/tractor/ws/install/astra_camera_msgs/share/astra_camera_msgs/cmake/astra_camera_msgs__rosidl_typesupport_introspection_cExport.cmake
[4.973s] -- Up-to-date: /home/tractor/ws/install/astra_camera_msgs/share/astra_camera_msgs/cmake/astra_camera_msgs__rosidl_typesupport_introspection_cExport-release.cmake
[4.975s] -- Up-to-date: /home/tractor/ws/install/astra_camera_msgs/share/astra_camera_msgs/cmake/astra_camera_msgs__rosidl_typesupport_cExport.cmake
[4.976s] -- Up-to-date: /home/tractor/ws/install/astra_camera_msgs/share/astra_camera_msgs/cmake/astra_camera_msgs__rosidl_typesupport_cExport-release.cmake
[4.978s] -- Up-to-date: /home/tractor/ws/install/astra_camera_msgs/share/astra_camera_msgs/cmake/export_astra_camera_msgs__rosidl_generator_cppExport.cmake
[4.980s] -- Up-to-date: /home/tractor/ws/install/astra_camera_msgs/share/astra_camera_msgs/cmake/export_astra_camera_msgs__rosidl_typesupport_fastrtps_cppExport.cmake
[4.981s] -- Up-to-date: /home/tractor/ws/install/astra_camera_msgs/share/astra_camera_msgs/cmake/export_astra_camera_msgs__rosidl_typesupport_fastrtps_cppExport-release.cmake
[4.984s] -- Up-to-date: /home/tractor/ws/install/astra_camera_msgs/share/astra_camera_msgs/cmake/astra_camera_msgs__rosidl_typesupport_introspection_cppExport.cmake
[4.984s] -- Up-to-date: /home/tractor/ws/install/astra_camera_msgs/share/astra_camera_msgs/cmake/astra_camera_msgs__rosidl_typesupport_introspection_cppExport-release.cmake
[4.987s] -- Up-to-date: /home/tractor/ws/install/astra_camera_msgs/share/astra_camera_msgs/cmake/astra_camera_msgs__rosidl_typesupport_cppExport.cmake
[4.988s] -- Up-to-date: /home/tractor/ws/install/astra_camera_msgs/share/astra_camera_msgs/cmake/astra_camera_msgs__rosidl_typesupport_cppExport-release.cmake
[4.991s] -- Up-to-date: /home/tractor/ws/install/astra_camera_msgs/share/astra_camera_msgs/cmake/export_astra_camera_msgs__rosidl_generator_pyExport.cmake
[4.991s] -- Up-to-date: /home/tractor/ws/install/astra_camera_msgs/share/astra_camera_msgs/cmake/export_astra_camera_msgs__rosidl_generator_pyExport-release.cmake
[4.992s] -- Up-to-date: /home/tractor/ws/install/astra_camera_msgs/share/astra_camera_msgs/cmake/rosidl_cmake-extras.cmake
[4.993s] -- Up-to-date: /home/tractor/ws/install/astra_camera_msgs/share/astra_camera_msgs/cmake/ament_cmake_export_dependencies-extras.cmake
[4.993s] -- Up-to-date: /home/tractor/ws/install/astra_camera_msgs/share/astra_camera_msgs/cmake/ament_cmake_export_include_directories-extras.cmake
[4.994s] -- Up-to-date: /home/tractor/ws/install/astra_camera_msgs/share/astra_camera_msgs/cmake/ament_cmake_export_libraries-extras.cmake
[4.995s] -- Up-to-date: /home/tractor/ws/install/astra_camera_msgs/share/astra_camera_msgs/cmake/ament_cmake_export_targets-extras.cmake
[4.995s] -- Up-to-date: /home/tractor/ws/install/astra_camera_msgs/share/astra_camera_msgs/cmake/rosidl_cmake_export_typesupport_targets-extras.cmake
[4.996s] -- Up-to-date: /home/tractor/ws/install/astra_camera_msgs/share/astra_camera_msgs/cmake/rosidl_cmake_export_typesupport_libraries-extras.cmake
[4.996s] -- Up-to-date: /home/tractor/ws/install/astra_camera_msgs/share/astra_camera_msgs/cmake/astra_camera_msgsConfig.cmake
[4.997s] -- Up-to-date: /home/tractor/ws/install/astra_camera_msgs/share/astra_camera_msgs/cmake/astra_camera_msgsConfig-version.cmake
[4.997s] -- Up-to-date: /home/tractor/ws/install/astra_camera_msgs/share/astra_camera_msgs/package.xml
[5.007s] Invoked command in '/home/tractor/ws/build/astra_camera_msgs' returned '0': CMAKE_PREFIX_PATH=/opt/ros/humble /usr/bin/cmake --install /home/tractor/ws/build/astra_camera_msgs
[5.286s] Traceback (most recent call last):
  File "/usr/lib/python3/dist-packages/colcon_parallel_executor/executor/parallel.py", line 75, in execute
    loop.run_until_complete(future)
  File "/usr/lib/python3.10/asyncio/base_events.py", line 636, in run_until_complete
    self.run_forever()
  File "/usr/lib/python3.10/asyncio/base_events.py", line 603, in run_forever
    self._run_once()
  File "/usr/lib/python3.10/asyncio/base_events.py", line 1871, in _run_once
    event_list = self._selector.select(timeout)
  File "/usr/lib/python3.10/selectors.py", line 469, in select
    fd_event_list = self._selector.poll(timeout, max_ev)
KeyboardInterrupt

During handling of the above exception, another exception occurred:

Traceback (most recent call last):
  File "/usr/lib/python3/dist-packages/colcon_core/executor/__init__.py", line 91, in __call__
    rc = await self.task(*args, **kwargs)
  File "/usr/lib/python3/dist-packages/colcon_core/task/__init__.py", line 93, in __call__
    return await task_method(*args, **kwargs)
  File "/usr/lib/python3/dist-packages/colcon_ros/task/ament_cmake/build.py", line 65, in build
    has_install_target = await has_target(args.build_base, 'install')
  File "/usr/lib/python3/dist-packages/colcon_cmake/task/cmake/__init__.py", line 57, in has_target
    return target in await get_makefile_targets(path)
  File "/usr/lib/python3/dist-packages/colcon_cmake/task/cmake/__init__.py", line 77, in get_makefile_targets
    output = await check_output([
  File "/usr/lib/python3/dist-packages/colcon_core/subprocess.py", line 129, in check_output
    assert not rc, f'Expected {args} to pass: {stderr_data}'
AssertionError: Expected ['/usr/bin/cmake', '--build', '/home/tractor/ws/build/astra_camera_msgs', '--target', 'help'] to pass: gmake: *** [Makefile:2240: help] Interrupt

