[0.728s] DEBUG:colcon:Command line arguments: ['/usr/bin/colcon', 'build']
[0.729s] DEBUG:colcon:Parsed command line arguments: Namespace(log_base=None, log_level=None, verb_name='build', build_base='build', install_base='install', merge_install=False, symlink_install=False, test_result_base=None, continue_on_error=False, executor='parallel', parallel_workers=4, event_handlers=None, ignore_user_meta=False, metas=['./colcon.meta'], base_paths=['.'], packages_ignore=None, packages_ignore_regex=None, paths=None, packages_up_to=None, packages_up_to_regex=None, packages_above=None, packages_above_and_dependencies=None, packages_above_depth=None, packages_select_by_dep=None, packages_skip_by_dep=None, packages_skip_up_to=None, packages_select_build_failed=False, packages_skip_build_finished=False, packages_select_test_failures=False, packages_skip_test_passed=False, packages_select=None, packages_skip=None, packages_select_regex=None, packages_skip_regex=None, packages_start=None, packages_end=None, allow_overriding=[], cmake_args=None, cmake_target=None, cmake_target_skip_unavailable=False, cmake_clean_cache=False, cmake_clean_first=False, cmake_force_configure=False, ament_cmake_args=None, catkin_cmake_args=None, catkin_skip_building_tests=False, verb_parser=<colcon_defaults.argument_parser.defaults.DefaultArgumentsDecorator object at 0xffff87cd4670>, verb_extension=<colcon_core.verb.build.BuildVerb object at 0xffff87e0d270>, main=<bound method BuildVerb.main of <colcon_core.verb.build.BuildVerb object at 0xffff87e0d270>>)
[1.033s] Level 1:colcon.colcon_core.package_discovery:discover_packages(colcon_meta) check parameters
[1.034s] Level 1:colcon.colcon_core.package_discovery:discover_packages(recursive) check parameters
[1.034s] Level 1:colcon.colcon_core.package_discovery:discover_packages(ignore) check parameters
[1.034s] Level 1:colcon.colcon_core.package_discovery:discover_packages(path) check parameters
[1.034s] Level 1:colcon.colcon_core.package_discovery:discover_packages(colcon_meta) discover
[1.035s] Level 1:colcon.colcon_core.package_discovery:discover_packages(recursive) discover
[1.035s] INFO:colcon.colcon_core.package_discovery:Crawling recursively for packages in '/home/tractor/ws'
[1.035s] Level 1:colcon.colcon_core.package_identification:_identify(.) by extensions ['ignore', 'ignore_ament_install']
[1.036s] Level 1:colcon.colcon_core.package_identification:_identify(.) by extension 'ignore'
[1.036s] Level 1:colcon.colcon_core.package_identification:_identify(.) by extension 'ignore_ament_install'
[1.036s] Level 1:colcon.colcon_core.package_identification:_identify(.) by extensions ['colcon_pkg']
[1.037s] Level 1:colcon.colcon_core.package_identification:_identify(.) by extension 'colcon_pkg'
[1.037s] Level 1:colcon.colcon_core.package_identification:_identify(.) by extensions ['colcon_meta']
[1.037s] Level 1:colcon.colcon_core.package_identification:_identify(.) by extension 'colcon_meta'
[1.037s] Level 1:colcon.colcon_core.package_identification:_identify(.) by extensions ['ros']
[1.037s] Level 1:colcon.colcon_core.package_identification:_identify(.) by extension 'ros'
[1.100s] Level 1:colcon.colcon_core.package_identification:_identify(.) by extensions ['cmake', 'python']
[1.100s] Level 1:colcon.colcon_core.package_identification:_identify(.) by extension 'cmake'
[1.100s] Level 1:colcon.colcon_core.package_identification:_identify(.) by extension 'python'
[1.100s] Level 1:colcon.colcon_core.package_identification:_identify(.) by extensions ['python_setup_py']
[1.100s] Level 1:colcon.colcon_core.package_identification:_identify(.) by extension 'python_setup_py'
[1.101s] Level 1:colcon.colcon_core.package_identification:_identify(build) by extensions ['ignore', 'ignore_ament_install']
[1.101s] Level 1:colcon.colcon_core.package_identification:_identify(build) by extension 'ignore'
[1.101s] Level 1:colcon.colcon_core.package_identification:_identify(build) ignored
[1.102s] Level 1:colcon.colcon_core.package_identification:_identify(install) by extensions ['ignore', 'ignore_ament_install']
[1.102s] Level 1:colcon.colcon_core.package_identification:_identify(install) by extension 'ignore'
[1.103s] Level 1:colcon.colcon_core.package_identification:_identify(install) ignored
[1.103s] Level 1:colcon.colcon_core.package_identification:_identify(log) by extensions ['ignore', 'ignore_ament_install']
[1.103s] Level 1:colcon.colcon_core.package_identification:_identify(log) by extension 'ignore'
[1.104s] Level 1:colcon.colcon_core.package_identification:_identify(log) ignored
[1.104s] Level 1:colcon.colcon_core.package_identification:_identify(src) by extensions ['ignore', 'ignore_ament_install']
[1.104s] Level 1:colcon.colcon_core.package_identification:_identify(src) by extension 'ignore'
[1.104s] Level 1:colcon.colcon_core.package_identification:_identify(src) by extension 'ignore_ament_install'
[1.105s] Level 1:colcon.colcon_core.package_identification:_identify(src) by extensions ['colcon_pkg']
[1.105s] Level 1:colcon.colcon_core.package_identification:_identify(src) by extension 'colcon_pkg'
[1.105s] Level 1:colcon.colcon_core.package_identification:_identify(src) by extensions ['colcon_meta']
[1.105s] Level 1:colcon.colcon_core.package_identification:_identify(src) by extension 'colcon_meta'
[1.105s] Level 1:colcon.colcon_core.package_identification:_identify(src) by extensions ['ros']
[1.106s] Level 1:colcon.colcon_core.package_identification:_identify(src) by extension 'ros'
[1.106s] Level 1:colcon.colcon_core.package_identification:_identify(src) by extensions ['cmake', 'python']
[1.106s] Level 1:colcon.colcon_core.package_identification:_identify(src) by extension 'cmake'
[1.106s] Level 1:colcon.colcon_core.package_identification:_identify(src) by extension 'python'
[1.106s] Level 1:colcon.colcon_core.package_identification:_identify(src) by extensions ['python_setup_py']
[1.106s] Level 1:colcon.colcon_core.package_identification:_identify(src) by extension 'python_setup_py'
[1.107s] Level 1:colcon.colcon_core.package_identification:_identify(src/Info) by extensions ['ignore', 'ignore_ament_install']
[1.107s] Level 1:colcon.colcon_core.package_identification:_identify(src/Info) by extension 'ignore'
[1.108s] Level 1:colcon.colcon_core.package_identification:_identify(src/Info) by extension 'ignore_ament_install'
[1.108s] Level 1:colcon.colcon_core.package_identification:_identify(src/Info) by extensions ['colcon_pkg']
[1.108s] Level 1:colcon.colcon_core.package_identification:_identify(src/Info) by extension 'colcon_pkg'
[1.108s] Level 1:colcon.colcon_core.package_identification:_identify(src/Info) by extensions ['colcon_meta']
[1.108s] Level 1:colcon.colcon_core.package_identification:_identify(src/Info) by extension 'colcon_meta'
[1.108s] Level 1:colcon.colcon_core.package_identification:_identify(src/Info) by extensions ['ros']
[1.109s] Level 1:colcon.colcon_core.package_identification:_identify(src/Info) by extension 'ros'
[1.109s] Level 1:colcon.colcon_core.package_identification:_identify(src/Info) by extensions ['cmake', 'python']
[1.109s] Level 1:colcon.colcon_core.package_identification:_identify(src/Info) by extension 'cmake'
[1.109s] Level 1:colcon.colcon_core.package_identification:_identify(src/Info) by extension 'python'
[1.109s] Level 1:colcon.colcon_core.package_identification:_identify(src/Info) by extensions ['python_setup_py']
[1.110s] Level 1:colcon.colcon_core.package_identification:_identify(src/Info) by extension 'python_setup_py'
[1.110s] Level 1:colcon.colcon_core.package_identification:_identify(src/Info/Lab01 (125)-20240305) by extensions ['ignore', 'ignore_ament_install']
[1.110s] Level 1:colcon.colcon_core.package_identification:_identify(src/Info/Lab01 (125)-20240305) by extension 'ignore'
[1.111s] Level 1:colcon.colcon_core.package_identification:_identify(src/Info/Lab01 (125)-20240305) by extension 'ignore_ament_install'
[1.111s] Level 1:colcon.colcon_core.package_identification:_identify(src/Info/Lab01 (125)-20240305) by extensions ['colcon_pkg']
[1.111s] Level 1:colcon.colcon_core.package_identification:_identify(src/Info/Lab01 (125)-20240305) by extension 'colcon_pkg'
[1.111s] Level 1:colcon.colcon_core.package_identification:_identify(src/Info/Lab01 (125)-20240305) by extensions ['colcon_meta']
[1.111s] Level 1:colcon.colcon_core.package_identification:_identify(src/Info/Lab01 (125)-20240305) by extension 'colcon_meta'
[1.112s] Level 1:colcon.colcon_core.package_identification:_identify(src/Info/Lab01 (125)-20240305) by extensions ['ros']
[1.112s] Level 1:colcon.colcon_core.package_identification:_identify(src/Info/Lab01 (125)-20240305) by extension 'ros'
[1.112s] Level 1:colcon.colcon_core.package_identification:_identify(src/Info/Lab01 (125)-20240305) by extensions ['cmake', 'python']
[1.112s] Level 1:colcon.colcon_core.package_identification:_identify(src/Info/Lab01 (125)-20240305) by extension 'cmake'
[1.112s] Level 1:colcon.colcon_core.package_identification:_identify(src/Info/Lab01 (125)-20240305) by extension 'python'
[1.112s] Level 1:colcon.colcon_core.package_identification:_identify(src/Info/Lab01 (125)-20240305) by extensions ['python_setup_py']
[1.113s] Level 1:colcon.colcon_core.package_identification:_identify(src/Info/Lab01 (125)-20240305) by extension 'python_setup_py'
[1.113s] Level 1:colcon.colcon_core.package_identification:_identify(src/Info/Lab02 (21)-20240305) by extensions ['ignore', 'ignore_ament_install']
[1.113s] Level 1:colcon.colcon_core.package_identification:_identify(src/Info/Lab02 (21)-20240305) by extension 'ignore'
[1.114s] Level 1:colcon.colcon_core.package_identification:_identify(src/Info/Lab02 (21)-20240305) by extension 'ignore_ament_install'
[1.114s] Level 1:colcon.colcon_core.package_identification:_identify(src/Info/Lab02 (21)-20240305) by extensions ['colcon_pkg']
[1.114s] Level 1:colcon.colcon_core.package_identification:_identify(src/Info/Lab02 (21)-20240305) by extension 'colcon_pkg'
[1.114s] Level 1:colcon.colcon_core.package_identification:_identify(src/Info/Lab02 (21)-20240305) by extensions ['colcon_meta']
[1.114s] Level 1:colcon.colcon_core.package_identification:_identify(src/Info/Lab02 (21)-20240305) by extension 'colcon_meta'
[1.114s] Level 1:colcon.colcon_core.package_identification:_identify(src/Info/Lab02 (21)-20240305) by extensions ['ros']
[1.115s] Level 1:colcon.colcon_core.package_identification:_identify(src/Info/Lab02 (21)-20240305) by extension 'ros'
[1.115s] Level 1:colcon.colcon_core.package_identification:_identify(src/Info/Lab02 (21)-20240305) by extensions ['cmake', 'python']
[1.115s] Level 1:colcon.colcon_core.package_identification:_identify(src/Info/Lab02 (21)-20240305) by extension 'cmake'
[1.115s] Level 1:colcon.colcon_core.package_identification:_identify(src/Info/Lab02 (21)-20240305) by extension 'python'
[1.115s] Level 1:colcon.colcon_core.package_identification:_identify(src/Info/Lab02 (21)-20240305) by extensions ['python_setup_py']
[1.115s] Level 1:colcon.colcon_core.package_identification:_identify(src/Info/Lab02 (21)-20240305) by extension 'python_setup_py'
[1.116s] Level 1:colcon.colcon_core.package_identification:_identify(src/Info/Lab05 - Computer Vision-20240305) by extensions ['ignore', 'ignore_ament_install']
[1.117s] Level 1:colcon.colcon_core.package_identification:_identify(src/Info/Lab05 - Computer Vision-20240305) by extension 'ignore'
[1.117s] Level 1:colcon.colcon_core.package_identification:_identify(src/Info/Lab05 - Computer Vision-20240305) by extension 'ignore_ament_install'
[1.117s] Level 1:colcon.colcon_core.package_identification:_identify(src/Info/Lab05 - Computer Vision-20240305) by extensions ['colcon_pkg']
[1.118s] Level 1:colcon.colcon_core.package_identification:_identify(src/Info/Lab05 - Computer Vision-20240305) by extension 'colcon_pkg'
[1.118s] Level 1:colcon.colcon_core.package_identification:_identify(src/Info/Lab05 - Computer Vision-20240305) by extensions ['colcon_meta']
[1.118s] Level 1:colcon.colcon_core.package_identification:_identify(src/Info/Lab05 - Computer Vision-20240305) by extension 'colcon_meta'
[1.118s] Level 1:colcon.colcon_core.package_identification:_identify(src/Info/Lab05 - Computer Vision-20240305) by extensions ['ros']
[1.118s] Level 1:colcon.colcon_core.package_identification:_identify(src/Info/Lab05 - Computer Vision-20240305) by extension 'ros'
[1.119s] Level 1:colcon.colcon_core.package_identification:_identify(src/Info/Lab05 - Computer Vision-20240305) by extensions ['cmake', 'python']
[1.119s] Level 1:colcon.colcon_core.package_identification:_identify(src/Info/Lab05 - Computer Vision-20240305) by extension 'cmake'
[1.119s] Level 1:colcon.colcon_core.package_identification:_identify(src/Info/Lab05 - Computer Vision-20240305) by extension 'python'
[1.119s] Level 1:colcon.colcon_core.package_identification:_identify(src/Info/Lab05 - Computer Vision-20240305) by extensions ['python_setup_py']
[1.119s] Level 1:colcon.colcon_core.package_identification:_identify(src/Info/Lab05 - Computer Vision-20240305) by extension 'python_setup_py'
[1.120s] Level 1:colcon.colcon_core.package_identification:_identify(src/Info/Lab06 - More ROS2 3D RGB-D data-20240305) by extensions ['ignore', 'ignore_ament_install']
[1.120s] Level 1:colcon.colcon_core.package_identification:_identify(src/Info/Lab06 - More ROS2 3D RGB-D data-20240305) by extension 'ignore'
[1.120s] Level 1:colcon.colcon_core.package_identification:_identify(src/Info/Lab06 - More ROS2 3D RGB-D data-20240305) by extension 'ignore_ament_install'
[1.121s] Level 1:colcon.colcon_core.package_identification:_identify(src/Info/Lab06 - More ROS2 3D RGB-D data-20240305) by extensions ['colcon_pkg']
[1.121s] Level 1:colcon.colcon_core.package_identification:_identify(src/Info/Lab06 - More ROS2 3D RGB-D data-20240305) by extension 'colcon_pkg'
[1.121s] Level 1:colcon.colcon_core.package_identification:_identify(src/Info/Lab06 - More ROS2 3D RGB-D data-20240305) by extensions ['colcon_meta']
[1.121s] Level 1:colcon.colcon_core.package_identification:_identify(src/Info/Lab06 - More ROS2 3D RGB-D data-20240305) by extension 'colcon_meta'
[1.121s] Level 1:colcon.colcon_core.package_identification:_identify(src/Info/Lab06 - More ROS2 3D RGB-D data-20240305) by extensions ['ros']
[1.121s] Level 1:colcon.colcon_core.package_identification:_identify(src/Info/Lab06 - More ROS2 3D RGB-D data-20240305) by extension 'ros'
[1.122s] Level 1:colcon.colcon_core.package_identification:_identify(src/Info/Lab06 - More ROS2 3D RGB-D data-20240305) by extensions ['cmake', 'python']
[1.122s] Level 1:colcon.colcon_core.package_identification:_identify(src/Info/Lab06 - More ROS2 3D RGB-D data-20240305) by extension 'cmake'
[1.122s] Level 1:colcon.colcon_core.package_identification:_identify(src/Info/Lab06 - More ROS2 3D RGB-D data-20240305) by extension 'python'
[1.122s] Level 1:colcon.colcon_core.package_identification:_identify(src/Info/Lab06 - More ROS2 3D RGB-D data-20240305) by extensions ['python_setup_py']
[1.122s] Level 1:colcon.colcon_core.package_identification:_identify(src/Info/Lab06 - More ROS2 3D RGB-D data-20240305) by extension 'python_setup_py'
[1.123s] Level 1:colcon.colcon_core.package_identification:_identify(src/Info/Week06 OpenCV Example-20240220) by extensions ['ignore', 'ignore_ament_install']
[1.123s] Level 1:colcon.colcon_core.package_identification:_identify(src/Info/Week06 OpenCV Example-20240220) by extension 'ignore'
[1.123s] Level 1:colcon.colcon_core.package_identification:_identify(src/Info/Week06 OpenCV Example-20240220) by extension 'ignore_ament_install'
[1.123s] Level 1:colcon.colcon_core.package_identification:_identify(src/Info/Week06 OpenCV Example-20240220) by extensions ['colcon_pkg']
[1.124s] Level 1:colcon.colcon_core.package_identification:_identify(src/Info/Week06 OpenCV Example-20240220) by extension 'colcon_pkg'
[1.124s] Level 1:colcon.colcon_core.package_identification:_identify(src/Info/Week06 OpenCV Example-20240220) by extensions ['colcon_meta']
[1.124s] Level 1:colcon.colcon_core.package_identification:_identify(src/Info/Week06 OpenCV Example-20240220) by extension 'colcon_meta'
[1.124s] Level 1:colcon.colcon_core.package_identification:_identify(src/Info/Week06 OpenCV Example-20240220) by extensions ['ros']
[1.124s] Level 1:colcon.colcon_core.package_identification:_identify(src/Info/Week06 OpenCV Example-20240220) by extension 'ros'
[1.125s] Level 1:colcon.colcon_core.package_identification:_identify(src/Info/Week06 OpenCV Example-20240220) by extensions ['cmake', 'python']
[1.125s] Level 1:colcon.colcon_core.package_identification:_identify(src/Info/Week06 OpenCV Example-20240220) by extension 'cmake'
[1.125s] Level 1:colcon.colcon_core.package_identification:_identify(src/Info/Week06 OpenCV Example-20240220) by extension 'python'
[1.125s] Level 1:colcon.colcon_core.package_identification:_identify(src/Info/Week06 OpenCV Example-20240220) by extensions ['python_setup_py']
[1.125s] Level 1:colcon.colcon_core.package_identification:_identify(src/Info/Week06 OpenCV Example-20240220) by extension 'python_setup_py'
[1.126s] Level 1:colcon.colcon_core.package_identification:_identify(src/Info/basic_mobile_robot) by extensions ['ignore', 'ignore_ament_install']
[1.126s] Level 1:colcon.colcon_core.package_identification:_identify(src/Info/basic_mobile_robot) by extension 'ignore'
[1.126s] Level 1:colcon.colcon_core.package_identification:_identify(src/Info/basic_mobile_robot) by extension 'ignore_ament_install'
[1.126s] Level 1:colcon.colcon_core.package_identification:_identify(src/Info/basic_mobile_robot) by extensions ['colcon_pkg']
[1.127s] Level 1:colcon.colcon_core.package_identification:_identify(src/Info/basic_mobile_robot) by extension 'colcon_pkg'
[1.127s] Level 1:colcon.colcon_core.package_identification:_identify(src/Info/basic_mobile_robot) by extensions ['colcon_meta']
[1.127s] Level 1:colcon.colcon_core.package_identification:_identify(src/Info/basic_mobile_robot) by extension 'colcon_meta'
[1.127s] Level 1:colcon.colcon_core.package_identification:_identify(src/Info/basic_mobile_robot) by extensions ['ros']
[1.127s] Level 1:colcon.colcon_core.package_identification:_identify(src/Info/basic_mobile_robot) by extension 'ros'
[1.127s] Level 1:colcon.colcon_core.package_identification:_identify(src/Info/basic_mobile_robot) by extensions ['cmake', 'python']
[1.128s] Level 1:colcon.colcon_core.package_identification:_identify(src/Info/basic_mobile_robot) by extension 'cmake'
[1.128s] Level 1:colcon.colcon_core.package_identification:_identify(src/Info/basic_mobile_robot) by extension 'python'
[1.128s] Level 1:colcon.colcon_core.package_identification:_identify(src/Info/basic_mobile_robot) by extensions ['python_setup_py']
[1.128s] Level 1:colcon.colcon_core.package_identification:_identify(src/Info/basic_mobile_robot) by extension 'python_setup_py'
[1.129s] Level 1:colcon.colcon_core.package_identification:_identify(src/Info/basic_mobile_robot/basic_mobile_robot) by extensions ['ignore', 'ignore_ament_install']
[1.129s] Level 1:colcon.colcon_core.package_identification:_identify(src/Info/basic_mobile_robot/basic_mobile_robot) by extension 'ignore'
[1.129s] Level 1:colcon.colcon_core.package_identification:_identify(src/Info/basic_mobile_robot/basic_mobile_robot) by extension 'ignore_ament_install'
[1.130s] Level 1:colcon.colcon_core.package_identification:_identify(src/Info/basic_mobile_robot/basic_mobile_robot) by extensions ['colcon_pkg']
[1.130s] Level 1:colcon.colcon_core.package_identification:_identify(src/Info/basic_mobile_robot/basic_mobile_robot) by extension 'colcon_pkg'
[1.130s] Level 1:colcon.colcon_core.package_identification:_identify(src/Info/basic_mobile_robot/basic_mobile_robot) by extensions ['colcon_meta']
[1.130s] Level 1:colcon.colcon_core.package_identification:_identify(src/Info/basic_mobile_robot/basic_mobile_robot) by extension 'colcon_meta'
[1.130s] Level 1:colcon.colcon_core.package_identification:_identify(src/Info/basic_mobile_robot/basic_mobile_robot) by extensions ['ros']
[1.130s] Level 1:colcon.colcon_core.package_identification:_identify(src/Info/basic_mobile_robot/basic_mobile_robot) by extension 'ros'
[1.145s] DEBUG:colcon.colcon_core.package_identification:Package 'src/Info/basic_mobile_robot/basic_mobile_robot' with type 'ros.ament_cmake' and name 'basic_mobile_robot'
[1.146s] Level 1:colcon.colcon_core.package_identification:_identify(src/Locomotion) by extensions ['ignore', 'ignore_ament_install']
[1.146s] Level 1:colcon.colcon_core.package_identification:_identify(src/Locomotion) by extension 'ignore'
[1.146s] Level 1:colcon.colcon_core.package_identification:_identify(src/Locomotion) by extension 'ignore_ament_install'
[1.147s] Level 1:colcon.colcon_core.package_identification:_identify(src/Locomotion) by extensions ['colcon_pkg']
[1.147s] Level 1:colcon.colcon_core.package_identification:_identify(src/Locomotion) by extension 'colcon_pkg'
[1.147s] Level 1:colcon.colcon_core.package_identification:_identify(src/Locomotion) by extensions ['colcon_meta']
[1.147s] Level 1:colcon.colcon_core.package_identification:_identify(src/Locomotion) by extension 'colcon_meta'
[1.148s] Level 1:colcon.colcon_core.package_identification:_identify(src/Locomotion) by extensions ['ros']
[1.148s] Level 1:colcon.colcon_core.package_identification:_identify(src/Locomotion) by extension 'ros'
[1.148s] Level 1:colcon.colcon_core.package_identification:_identify(src/Locomotion) by extensions ['cmake', 'python']
[1.148s] Level 1:colcon.colcon_core.package_identification:_identify(src/Locomotion) by extension 'cmake'
[1.148s] Level 1:colcon.colcon_core.package_identification:_identify(src/Locomotion) by extension 'python'
[1.149s] Level 1:colcon.colcon_core.package_identification:_identify(src/Locomotion) by extensions ['python_setup_py']
[1.149s] Level 1:colcon.colcon_core.package_identification:_identify(src/Locomotion) by extension 'python_setup_py'
[1.150s] Level 1:colcon.colcon_core.package_identification:_identify(src/libuvc) by extensions ['ignore', 'ignore_ament_install']
[1.150s] Level 1:colcon.colcon_core.package_identification:_identify(src/libuvc) by extension 'ignore'
[1.150s] Level 1:colcon.colcon_core.package_identification:_identify(src/libuvc) by extension 'ignore_ament_install'
[1.151s] Level 1:colcon.colcon_core.package_identification:_identify(src/libuvc) by extensions ['colcon_pkg']
[1.151s] Level 1:colcon.colcon_core.package_identification:_identify(src/libuvc) by extension 'colcon_pkg'
[1.151s] Level 1:colcon.colcon_core.package_identification:_identify(src/libuvc) by extensions ['colcon_meta']
[1.151s] Level 1:colcon.colcon_core.package_identification:_identify(src/libuvc) by extension 'colcon_meta'
[1.151s] Level 1:colcon.colcon_core.package_identification:_identify(src/libuvc) by extensions ['ros']
[1.151s] Level 1:colcon.colcon_core.package_identification:_identify(src/libuvc) by extension 'ros'
[1.152s] Level 1:colcon.colcon_core.package_identification:_identify(src/libuvc) by extensions ['cmake', 'python']
[1.152s] Level 1:colcon.colcon_core.package_identification:_identify(src/libuvc) by extension 'cmake'
[1.208s] Level 1:colcon.colcon_core.package_identification:_identify(src/libuvc) by extension 'python'
[1.209s] DEBUG:colcon.colcon_core.package_identification:Package 'src/libuvc' with type 'cmake' and name 'libuvc'
[1.210s] Level 1:colcon.colcon_core.package_identification:_identify(src/robot) by extensions ['ignore', 'ignore_ament_install']
[1.210s] Level 1:colcon.colcon_core.package_identification:_identify(src/robot) by extension 'ignore'
[1.210s] Level 1:colcon.colcon_core.package_identification:_identify(src/robot) by extension 'ignore_ament_install'
[1.211s] Level 1:colcon.colcon_core.package_identification:_identify(src/robot) by extensions ['colcon_pkg']
[1.211s] Level 1:colcon.colcon_core.package_identification:_identify(src/robot) by extension 'colcon_pkg'
[1.211s] Level 1:colcon.colcon_core.package_identification:_identify(src/robot) by extensions ['colcon_meta']
[1.211s] Level 1:colcon.colcon_core.package_identification:_identify(src/robot) by extension 'colcon_meta'
[1.211s] Level 1:colcon.colcon_core.package_identification:_identify(src/robot) by extensions ['ros']
[1.212s] Level 1:colcon.colcon_core.package_identification:_identify(src/robot) by extension 'ros'
[1.215s] DEBUG:colcon.colcon_core.package_identification:Package 'src/robot' with type 'ros.ament_python' and name 'robot'
[1.215s] Level 1:colcon.colcon_core.package_identification:_identify(src/ros2_astra_camera) by extensions ['ignore', 'ignore_ament_install']
[1.216s] Level 1:colcon.colcon_core.package_identification:_identify(src/ros2_astra_camera) by extension 'ignore'
[1.216s] Level 1:colcon.colcon_core.package_identification:_identify(src/ros2_astra_camera) by extension 'ignore_ament_install'
[1.216s] Level 1:colcon.colcon_core.package_identification:_identify(src/ros2_astra_camera) by extensions ['colcon_pkg']
[1.216s] Level 1:colcon.colcon_core.package_identification:_identify(src/ros2_astra_camera) by extension 'colcon_pkg'
[1.217s] Level 1:colcon.colcon_core.package_identification:_identify(src/ros2_astra_camera) by extensions ['colcon_meta']
[1.217s] Level 1:colcon.colcon_core.package_identification:_identify(src/ros2_astra_camera) by extension 'colcon_meta'
[1.217s] Level 1:colcon.colcon_core.package_identification:_identify(src/ros2_astra_camera) by extensions ['ros']
[1.217s] Level 1:colcon.colcon_core.package_identification:_identify(src/ros2_astra_camera) by extension 'ros'
[1.217s] Level 1:colcon.colcon_core.package_identification:_identify(src/ros2_astra_camera) by extensions ['cmake', 'python']
[1.218s] Level 1:colcon.colcon_core.package_identification:_identify(src/ros2_astra_camera) by extension 'cmake'
[1.218s] Level 1:colcon.colcon_core.package_identification:_identify(src/ros2_astra_camera) by extension 'python'
[1.218s] Level 1:colcon.colcon_core.package_identification:_identify(src/ros2_astra_camera) by extensions ['python_setup_py']
[1.218s] Level 1:colcon.colcon_core.package_identification:_identify(src/ros2_astra_camera) by extension 'python_setup_py'
[1.221s] Level 1:colcon.colcon_core.package_identification:_identify(src/ros2_astra_camera/astra_camera) by extensions ['ignore', 'ignore_ament_install']
[1.222s] Level 1:colcon.colcon_core.package_identification:_identify(src/ros2_astra_camera/astra_camera) by extension 'ignore'
[1.222s] Level 1:colcon.colcon_core.package_identification:_identify(src/ros2_astra_camera/astra_camera) by extension 'ignore_ament_install'
[1.222s] Level 1:colcon.colcon_core.package_identification:_identify(src/ros2_astra_camera/astra_camera) by extensions ['colcon_pkg']
[1.222s] Level 1:colcon.colcon_core.package_identification:_identify(src/ros2_astra_camera/astra_camera) by extension 'colcon_pkg'
[1.222s] Level 1:colcon.colcon_core.package_identification:_identify(src/ros2_astra_camera/astra_camera) by extensions ['colcon_meta']
[1.223s] Level 1:colcon.colcon_core.package_identification:_identify(src/ros2_astra_camera/astra_camera) by extension 'colcon_meta'
[1.223s] Level 1:colcon.colcon_core.package_identification:_identify(src/ros2_astra_camera/astra_camera) by extensions ['ros']
[1.223s] Level 1:colcon.colcon_core.package_identification:_identify(src/ros2_astra_camera/astra_camera) by extension 'ros'
[1.233s] DEBUG:colcon.colcon_core.package_identification:Package 'src/ros2_astra_camera/astra_camera' with type 'ros.ament_cmake' and name 'astra_camera'
[1.236s] Level 1:colcon.colcon_core.package_identification:_identify(src/ros2_astra_camera/astra_camera_msgs) by extensions ['ignore', 'ignore_ament_install']
[1.237s] Level 1:colcon.colcon_core.package_identification:_identify(src/ros2_astra_camera/astra_camera_msgs) by extension 'ignore'
[1.237s] Level 1:colcon.colcon_core.package_identification:_identify(src/ros2_astra_camera/astra_camera_msgs) by extension 'ignore_ament_install'
[1.237s] Level 1:colcon.colcon_core.package_identification:_identify(src/ros2_astra_camera/astra_camera_msgs) by extensions ['colcon_pkg']
[1.237s] Level 1:colcon.colcon_core.package_identification:_identify(src/ros2_astra_camera/astra_camera_msgs) by extension 'colcon_pkg'
[1.237s] Level 1:colcon.colcon_core.package_identification:_identify(src/ros2_astra_camera/astra_camera_msgs) by extensions ['colcon_meta']
[1.238s] Level 1:colcon.colcon_core.package_identification:_identify(src/ros2_astra_camera/astra_camera_msgs) by extension 'colcon_meta'
[1.238s] Level 1:colcon.colcon_core.package_identification:_identify(src/ros2_astra_camera/astra_camera_msgs) by extensions ['ros']
[1.238s] Level 1:colcon.colcon_core.package_identification:_identify(src/ros2_astra_camera/astra_camera_msgs) by extension 'ros'
[1.241s] DEBUG:colcon.colcon_core.package_identification:Package 'src/ros2_astra_camera/astra_camera_msgs' with type 'ros.ament_cmake' and name 'astra_camera_msgs'
[1.241s] Level 1:colcon.colcon_core.package_discovery:discover_packages(recursive) using defaults
[1.241s] Level 1:colcon.colcon_core.package_discovery:discover_packages(ignore) discover
[1.241s] Level 1:colcon.colcon_core.package_discovery:discover_packages(ignore) using defaults
[1.241s] Level 1:colcon.colcon_core.package_discovery:discover_packages(path) discover
[1.242s] Level 1:colcon.colcon_core.package_discovery:discover_packages(path) using defaults
[1.355s] Level 1:colcon.colcon_core.package_discovery:discover_packages(prefix_path) check parameters
[1.355s] Level 1:colcon.colcon_core.package_discovery:discover_packages(prefix_path) discover
[1.377s] DEBUG:colcon.colcon_installed_package_information.package_discovery:Found 273 installed packages in /opt/ros/humble
[1.384s] Level 1:colcon.colcon_core.package_discovery:discover_packages(prefix_path) using defaults
[1.552s] Level 5:colcon.colcon_core.verb:set package 'astra_camera_msgs' build argument 'cmake_args' from command line to 'None'
[1.552s] Level 5:colcon.colcon_core.verb:set package 'astra_camera_msgs' build argument 'cmake_target' from command line to 'None'
[1.552s] Level 5:colcon.colcon_core.verb:set package 'astra_camera_msgs' build argument 'cmake_target_skip_unavailable' from command line to 'False'
[1.552s] Level 5:colcon.colcon_core.verb:set package 'astra_camera_msgs' build argument 'cmake_clean_cache' from command line to 'False'
[1.552s] Level 5:colcon.colcon_core.verb:set package 'astra_camera_msgs' build argument 'cmake_clean_first' from command line to 'False'
[1.553s] Level 5:colcon.colcon_core.verb:set package 'astra_camera_msgs' build argument 'cmake_force_configure' from command line to 'False'
[1.553s] Level 5:colcon.colcon_core.verb:set package 'astra_camera_msgs' build argument 'ament_cmake_args' from command line to 'None'
[1.553s] Level 5:colcon.colcon_core.verb:set package 'astra_camera_msgs' build argument 'catkin_cmake_args' from command line to 'None'
[1.553s] Level 5:colcon.colcon_core.verb:set package 'astra_camera_msgs' build argument 'catkin_skip_building_tests' from command line to 'False'
[1.553s] DEBUG:colcon.colcon_core.verb:Building package 'astra_camera_msgs' with the following arguments: {'ament_cmake_args': None, 'build_base': '/home/tractor/ws/build/astra_camera_msgs', 'catkin_cmake_args': None, 'catkin_skip_building_tests': False, 'cmake_args': None, 'cmake_clean_cache': False, 'cmake_clean_first': False, 'cmake_force_configure': False, 'cmake_target': None, 'cmake_target_skip_unavailable': False, 'install_base': '/home/tractor/ws/install/astra_camera_msgs', 'merge_install': False, 'path': '/home/tractor/ws/src/ros2_astra_camera/astra_camera_msgs', 'symlink_install': False, 'test_result_base': None}
[1.555s] Level 5:colcon.colcon_core.verb:set package 'basic_mobile_robot' build argument 'cmake_args' from command line to 'None'
[1.555s] Level 5:colcon.colcon_core.verb:set package 'basic_mobile_robot' build argument 'cmake_target' from command line to 'None'
[1.555s] Level 5:colcon.colcon_core.verb:set package 'basic_mobile_robot' build argument 'cmake_target_skip_unavailable' from command line to 'False'
[1.555s] Level 5:colcon.colcon_core.verb:set package 'basic_mobile_robot' build argument 'cmake_clean_cache' from command line to 'False'
[1.555s] Level 5:colcon.colcon_core.verb:set package 'basic_mobile_robot' build argument 'cmake_clean_first' from command line to 'False'
[1.555s] Level 5:colcon.colcon_core.verb:set package 'basic_mobile_robot' build argument 'cmake_force_configure' from command line to 'False'
[1.555s] Level 5:colcon.colcon_core.verb:set package 'basic_mobile_robot' build argument 'ament_cmake_args' from command line to 'None'
[1.555s] Level 5:colcon.colcon_core.verb:set package 'basic_mobile_robot' build argument 'catkin_cmake_args' from command line to 'None'
[1.555s] Level 5:colcon.colcon_core.verb:set package 'basic_mobile_robot' build argument 'catkin_skip_building_tests' from command line to 'False'
[1.556s] DEBUG:colcon.colcon_core.verb:Building package 'basic_mobile_robot' with the following arguments: {'ament_cmake_args': None, 'build_base': '/home/tractor/ws/build/basic_mobile_robot', 'catkin_cmake_args': None, 'catkin_skip_building_tests': False, 'cmake_args': None, 'cmake_clean_cache': False, 'cmake_clean_first': False, 'cmake_force_configure': False, 'cmake_target': None, 'cmake_target_skip_unavailable': False, 'install_base': '/home/tractor/ws/install/basic_mobile_robot', 'merge_install': False, 'path': '/home/tractor/ws/src/Info/basic_mobile_robot/basic_mobile_robot', 'symlink_install': False, 'test_result_base': None}
[1.557s] Level 5:colcon.colcon_core.verb:set package 'libuvc' build argument 'cmake_args' from command line to 'None'
[1.557s] Level 5:colcon.colcon_core.verb:set package 'libuvc' build argument 'cmake_target' from command line to 'None'
[1.557s] Level 5:colcon.colcon_core.verb:set package 'libuvc' build argument 'cmake_target_skip_unavailable' from command line to 'False'
[1.557s] Level 5:colcon.colcon_core.verb:set package 'libuvc' build argument 'cmake_clean_cache' from command line to 'False'
[1.557s] Level 5:colcon.colcon_core.verb:set package 'libuvc' build argument 'cmake_clean_first' from command line to 'False'
[1.558s] Level 5:colcon.colcon_core.verb:set package 'libuvc' build argument 'cmake_force_configure' from command line to 'False'
[1.558s] Level 5:colcon.colcon_core.verb:set package 'libuvc' build argument 'ament_cmake_args' from command line to 'None'
[1.558s] Level 5:colcon.colcon_core.verb:set package 'libuvc' build argument 'catkin_cmake_args' from command line to 'None'
[1.558s] Level 5:colcon.colcon_core.verb:set package 'libuvc' build argument 'catkin_skip_building_tests' from command line to 'False'
[1.558s] DEBUG:colcon.colcon_core.verb:Building package 'libuvc' with the following arguments: {'ament_cmake_args': None, 'build_base': '/home/tractor/ws/build/libuvc', 'catkin_cmake_args': None, 'catkin_skip_building_tests': False, 'cmake_args': None, 'cmake_clean_cache': False, 'cmake_clean_first': False, 'cmake_force_configure': False, 'cmake_target': None, 'cmake_target_skip_unavailable': False, 'install_base': '/home/tractor/ws/install/libuvc', 'merge_install': False, 'path': '/home/tractor/ws/src/libuvc', 'symlink_install': False, 'test_result_base': None}
[1.559s] Level 5:colcon.colcon_core.verb:set package 'robot' build argument 'cmake_args' from command line to 'None'
[1.560s] Level 5:colcon.colcon_core.verb:set package 'robot' build argument 'cmake_target' from command line to 'None'
[1.560s] Level 5:colcon.colcon_core.verb:set package 'robot' build argument 'cmake_target_skip_unavailable' from command line to 'False'
[1.560s] Level 5:colcon.colcon_core.verb:set package 'robot' build argument 'cmake_clean_cache' from command line to 'False'
[1.560s] Level 5:colcon.colcon_core.verb:set package 'robot' build argument 'cmake_clean_first' from command line to 'False'
[1.560s] Level 5:colcon.colcon_core.verb:set package 'robot' build argument 'cmake_force_configure' from command line to 'False'
[1.560s] Level 5:colcon.colcon_core.verb:set package 'robot' build argument 'ament_cmake_args' from command line to 'None'
[1.560s] Level 5:colcon.colcon_core.verb:set package 'robot' build argument 'catkin_cmake_args' from command line to 'None'
[1.560s] Level 5:colcon.colcon_core.verb:set package 'robot' build argument 'catkin_skip_building_tests' from command line to 'False'
[1.560s] DEBUG:colcon.colcon_core.verb:Building package 'robot' with the following arguments: {'ament_cmake_args': None, 'build_base': '/home/tractor/ws/build/robot', 'catkin_cmake_args': None, 'catkin_skip_building_tests': False, 'cmake_args': None, 'cmake_clean_cache': False, 'cmake_clean_first': False, 'cmake_force_configure': False, 'cmake_target': None, 'cmake_target_skip_unavailable': False, 'install_base': '/home/tractor/ws/install/robot', 'merge_install': False, 'path': '/home/tractor/ws/src/robot', 'symlink_install': False, 'test_result_base': None}
[1.562s] Level 5:colcon.colcon_core.verb:set package 'astra_camera' build argument 'cmake_args' from command line to 'None'
[1.562s] Level 5:colcon.colcon_core.verb:set package 'astra_camera' build argument 'cmake_target' from command line to 'None'
[1.562s] Level 5:colcon.colcon_core.verb:set package 'astra_camera' build argument 'cmake_target_skip_unavailable' from command line to 'False'
[1.562s] Level 5:colcon.colcon_core.verb:set package 'astra_camera' build argument 'cmake_clean_cache' from command line to 'False'
[1.563s] Level 5:colcon.colcon_core.verb:set package 'astra_camera' build argument 'cmake_clean_first' from command line to 'False'
[1.563s] Level 5:colcon.colcon_core.verb:set package 'astra_camera' build argument 'cmake_force_configure' from command line to 'False'
[1.563s] Level 5:colcon.colcon_core.verb:set package 'astra_camera' build argument 'ament_cmake_args' from command line to 'None'
[1.563s] Level 5:colcon.colcon_core.verb:set package 'astra_camera' build argument 'catkin_cmake_args' from command line to 'None'
[1.563s] Level 5:colcon.colcon_core.verb:set package 'astra_camera' build argument 'catkin_skip_building_tests' from command line to 'False'
[1.563s] DEBUG:colcon.colcon_core.verb:Building package 'astra_camera' with the following arguments: {'ament_cmake_args': None, 'build_base': '/home/tractor/ws/build/astra_camera', 'catkin_cmake_args': None, 'catkin_skip_building_tests': False, 'cmake_args': None, 'cmake_clean_cache': False, 'cmake_clean_first': False, 'cmake_force_configure': False, 'cmake_target': None, 'cmake_target_skip_unavailable': False, 'install_base': '/home/tractor/ws/install/astra_camera', 'merge_install': False, 'path': '/home/tractor/ws/src/ros2_astra_camera/astra_camera', 'symlink_install': False, 'test_result_base': None}
[1.564s] INFO:colcon.colcon_core.executor:Executing jobs using 'parallel' executor
[1.567s] DEBUG:colcon.colcon_parallel_executor.executor.parallel:run_until_complete
[1.568s] INFO:colcon.colcon_ros.task.ament_cmake.build:Building ROS package in '/home/tractor/ws/src/ros2_astra_camera/astra_camera_msgs' with build type 'ament_cmake'
[1.569s] INFO:colcon.colcon_cmake.task.cmake.build:Building CMake package in '/home/tractor/ws/src/ros2_astra_camera/astra_camera_msgs'
[1.591s] INFO:colcon.colcon_core.plugin_system:Skipping extension 'colcon_core.shell.bat': Not used on non-Windows systems
[1.592s] INFO:colcon.colcon_core.shell:Skip shell extension 'powershell' for command environment: Not usable outside of PowerShell
[1.593s] DEBUG:colcon.colcon_core.shell:Skip shell extension 'dsv' for command environment
[1.616s] INFO:colcon.colcon_ros.task.ament_cmake.build:Building ROS package in '/home/tractor/ws/src/Info/basic_mobile_robot/basic_mobile_robot' with build type 'ament_cmake'
[1.616s] INFO:colcon.colcon_cmake.task.cmake.build:Building CMake package in '/home/tractor/ws/src/Info/basic_mobile_robot/basic_mobile_robot'
[1.618s] INFO:colcon.colcon_core.shell:Skip shell extension 'powershell' for command environment: Not usable outside of PowerShell
[1.618s] DEBUG:colcon.colcon_core.shell:Skip shell extension 'dsv' for command environment
[1.636s] INFO:colcon.colcon_cmake.task.cmake.build:Building CMake package in '/home/tractor/ws/src/libuvc'
[1.637s] INFO:colcon.colcon_core.shell:Skip shell extension 'powershell' for command environment: Not usable outside of PowerShell
[1.638s] DEBUG:colcon.colcon_core.shell:Skip shell extension 'dsv' for command environment
[1.658s] INFO:colcon.colcon_ros.task.ament_python.build:Building ROS package in '/home/tractor/ws/src/robot' with build type 'ament_python'
[1.659s] Level 1:colcon.colcon_core.shell:create_environment_hook('robot', 'ament_prefix_path')
[1.661s] INFO:colcon.colcon_core.shell:Creating environment hook '/home/tractor/ws/install/robot/share/robot/hook/ament_prefix_path.ps1'
[1.671s] INFO:colcon.colcon_core.shell:Creating environment descriptor '/home/tractor/ws/install/robot/share/robot/hook/ament_prefix_path.dsv'
[1.676s] INFO:colcon.colcon_core.shell:Creating environment hook '/home/tractor/ws/install/robot/share/robot/hook/ament_prefix_path.sh'
[1.680s] INFO:colcon.colcon_core.shell:Skip shell extension 'powershell' for command environment: Not usable outside of PowerShell
[1.681s] DEBUG:colcon.colcon_core.shell:Skip shell extension 'dsv' for command environment
[1.721s] DEBUG:colcon.colcon_core.event_handler.log_command:Invoking command in '/home/tractor/ws/build/astra_camera_msgs': CMAKE_PREFIX_PATH=/opt/ros/humble /usr/bin/cmake /home/tractor/ws/src/ros2_astra_camera/astra_camera_msgs -DCMAKE_INSTALL_PREFIX=/home/tractor/ws/install/astra_camera_msgs
[1.747s] DEBUG:colcon.colcon_core.event_handler.log_command:Invoking command in '/home/tractor/ws/build/basic_mobile_robot': CMAKE_PREFIX_PATH=/opt/ros/humble /usr/bin/cmake /home/tractor/ws/src/Info/basic_mobile_robot/basic_mobile_robot -DCMAKE_INSTALL_PREFIX=/home/tractor/ws/install/basic_mobile_robot
[1.769s] DEBUG:colcon.colcon_core.event_handler.log_command:Invoking command in '/home/tractor/ws/build/libuvc': /usr/bin/cmake /home/tractor/ws/src/libuvc -DCMAKE_INSTALL_PREFIX=/home/tractor/ws/install/libuvc
[3.174s] INFO:colcon.colcon_core.task.python.build:Building Python package in '/home/tractor/ws/src/robot'
[3.176s] INFO:colcon.colcon_core.shell:Skip shell extension 'powershell' for command environment: Not usable outside of PowerShell
[3.176s] DEBUG:colcon.colcon_core.shell:Skip shell extension 'dsv' for command environment
[3.202s] DEBUG:colcon.colcon_core.event_handler.log_command:Invoked command in '/home/tractor/ws/build/libuvc' returned '0': /usr/bin/cmake /home/tractor/ws/src/libuvc -DCMAKE_INSTALL_PREFIX=/home/tractor/ws/install/libuvc
[3.204s] DEBUG:colcon.colcon_core.event_handler.log_command:Invoking command in '/home/tractor/ws/build/libuvc': /usr/bin/cmake --build /home/tractor/ws/build/libuvc -- -j4 -l4
[11.667s] DEBUG:colcon.colcon_core.event_handler.log_command:Invoked command in '/home/tractor/ws/build/basic_mobile_robot' returned '0': CMAKE_PREFIX_PATH=/opt/ros/humble /usr/bin/cmake /home/tractor/ws/src/Info/basic_mobile_robot/basic_mobile_robot -DCMAKE_INSTALL_PREFIX=/home/tractor/ws/install/basic_mobile_robot
[11.669s] DEBUG:colcon.colcon_core.event_handler.log_command:Invoking command in '/home/tractor/ws/build/basic_mobile_robot': CMAKE_PREFIX_PATH=/opt/ros/humble /usr/bin/cmake --build /home/tractor/ws/build/basic_mobile_robot -- -j4 -l4
[11.883s] DEBUG:colcon.colcon_core.event_handler.log_command:Invoked command in '/home/tractor/ws/build/basic_mobile_robot' returned '0': CMAKE_PREFIX_PATH=/opt/ros/humble /usr/bin/cmake --build /home/tractor/ws/build/basic_mobile_robot -- -j4 -l4
[12.324s] DEBUG:colcon.colcon_core.event_handler.log_command:Invoking command in '/home/tractor/ws/build/basic_mobile_robot': CMAKE_PREFIX_PATH=/opt/ros/humble /usr/bin/cmake --install /home/tractor/ws/build/basic_mobile_robot
[12.348s] DEBUG:colcon.colcon_core.event_handler.log_command:Invoking command in '/home/tractor/ws/src/robot': PYTHONPATH=/home/tractor/ws/build/robot/prefix_override:/home/tractor/ws/install/robot/lib/python3.10/site-packages:${PYTHONPATH} /usr/bin/python3 -W ignore:setup.py install is deprecated setup.py egg_info --egg-base ../../build/robot build --build-base /home/tractor/ws/build/robot/build install --record /home/tractor/ws/build/robot/install.log --single-version-externally-managed install_data
[12.663s] Level 1:colcon.colcon_core.environment:create_environment_scripts_only(basic_mobile_robot)
[12.665s] DEBUG:colcon.colcon_core.event_handler.log_command:Invoked command in '/home/tractor/ws/build/basic_mobile_robot' returned '0': CMAKE_PREFIX_PATH=/opt/ros/humble /usr/bin/cmake --install /home/tractor/ws/build/basic_mobile_robot
[12.725s] Level 1:colcon.colcon_core.environment:checking '/home/tractor/ws/install/basic_mobile_robot' for CMake module files
[12.729s] Level 1:colcon.colcon_core.environment:checking '/home/tractor/ws/install/basic_mobile_robot' for CMake config files
[12.737s] Level 1:colcon.colcon_core.shell:create_environment_hook('basic_mobile_robot', 'cmake_prefix_path')
[12.739s] INFO:colcon.colcon_core.shell:Creating environment hook '/home/tractor/ws/install/basic_mobile_robot/share/basic_mobile_robot/hook/cmake_prefix_path.ps1'
[12.742s] INFO:colcon.colcon_core.shell:Creating environment descriptor '/home/tractor/ws/install/basic_mobile_robot/share/basic_mobile_robot/hook/cmake_prefix_path.dsv'
[12.744s] INFO:colcon.colcon_core.shell:Creating environment hook '/home/tractor/ws/install/basic_mobile_robot/share/basic_mobile_robot/hook/cmake_prefix_path.sh'
[12.749s] Level 1:colcon.colcon_core.environment:checking '/home/tractor/ws/install/basic_mobile_robot/bin'
[12.750s] Level 1:colcon.colcon_core.environment:checking '/home/tractor/ws/install/basic_mobile_robot/lib/pkgconfig/basic_mobile_robot.pc'
[12.751s] Level 1:colcon.colcon_core.environment:checking '/home/tractor/ws/install/basic_mobile_robot/lib/python3.10/site-packages'
[12.753s] Level 1:colcon.colcon_core.environment:checking '/home/tractor/ws/install/basic_mobile_robot/bin'
[12.755s] INFO:colcon.colcon_core.shell:Creating package script '/home/tractor/ws/install/basic_mobile_robot/share/basic_mobile_robot/package.ps1'
[12.763s] INFO:colcon.colcon_core.shell:Creating package descriptor '/home/tractor/ws/install/basic_mobile_robot/share/basic_mobile_robot/package.dsv'
[12.769s] INFO:colcon.colcon_core.shell:Creating package script '/home/tractor/ws/install/basic_mobile_robot/share/basic_mobile_robot/package.sh'
[12.778s] INFO:colcon.colcon_core.shell:Creating package script '/home/tractor/ws/install/basic_mobile_robot/share/basic_mobile_robot/package.bash'
[12.795s] INFO:colcon.colcon_core.shell:Creating package script '/home/tractor/ws/install/basic_mobile_robot/share/basic_mobile_robot/package.zsh'
[12.801s] Level 1:colcon.colcon_core.environment:create_file_with_runtime_dependencies(/home/tractor/ws/install/basic_mobile_robot/share/colcon-core/packages/basic_mobile_robot)
[13.143s] Level 1:colcon.colcon_core.environment:create_environment_scripts_only(basic_mobile_robot)
[13.145s] Level 1:colcon.colcon_core.environment:checking '/home/tractor/ws/install/basic_mobile_robot' for CMake module files
[13.149s] Level 1:colcon.colcon_core.environment:checking '/home/tractor/ws/install/basic_mobile_robot' for CMake config files
[13.158s] Level 1:colcon.colcon_core.shell:create_environment_hook('basic_mobile_robot', 'cmake_prefix_path')
[13.159s] INFO:colcon.colcon_core.shell:Creating environment hook '/home/tractor/ws/install/basic_mobile_robot/share/basic_mobile_robot/hook/cmake_prefix_path.ps1'
[13.169s] INFO:colcon.colcon_core.shell:Creating environment descriptor '/home/tractor/ws/install/basic_mobile_robot/share/basic_mobile_robot/hook/cmake_prefix_path.dsv'
[13.173s] INFO:colcon.colcon_core.shell:Creating environment hook '/home/tractor/ws/install/basic_mobile_robot/share/basic_mobile_robot/hook/cmake_prefix_path.sh'
[13.177s] Level 1:colcon.colcon_core.environment:checking '/home/tractor/ws/install/basic_mobile_robot/bin'
[13.178s] Level 1:colcon.colcon_core.environment:checking '/home/tractor/ws/install/basic_mobile_robot/lib/pkgconfig/basic_mobile_robot.pc'
[13.179s] Level 1:colcon.colcon_core.environment:checking '/home/tractor/ws/install/basic_mobile_robot/lib/python3.10/site-packages'
[13.180s] Level 1:colcon.colcon_core.environment:checking '/home/tractor/ws/install/basic_mobile_robot/bin'
[13.182s] INFO:colcon.colcon_core.shell:Creating package script '/home/tractor/ws/install/basic_mobile_robot/share/basic_mobile_robot/package.ps1'
[13.186s] INFO:colcon.colcon_core.shell:Creating package descriptor '/home/tractor/ws/install/basic_mobile_robot/share/basic_mobile_robot/package.dsv'
[13.190s] INFO:colcon.colcon_core.shell:Creating package script '/home/tractor/ws/install/basic_mobile_robot/share/basic_mobile_robot/package.sh'
[13.194s] INFO:colcon.colcon_core.shell:Creating package script '/home/tractor/ws/install/basic_mobile_robot/share/basic_mobile_robot/package.bash'
[13.206s] INFO:colcon.colcon_core.shell:Creating package script '/home/tractor/ws/install/basic_mobile_robot/share/basic_mobile_robot/package.zsh'
[13.209s] Level 1:colcon.colcon_core.environment:create_file_with_runtime_dependencies(/home/tractor/ws/install/basic_mobile_robot/share/colcon-core/packages/basic_mobile_robot)
[13.723s] DEBUG:colcon.colcon_core.event_handler.log_command:Invoked command in '/home/tractor/ws/build/libuvc' returned '0': /usr/bin/cmake --build /home/tractor/ws/build/libuvc -- -j4 -l4
[14.003s] DEBUG:colcon.colcon_core.event_handler.log_command:Invoking command in '/home/tractor/ws/build/libuvc': /usr/bin/cmake --install /home/tractor/ws/build/libuvc
[14.074s] Level 1:colcon.colcon_core.environment:create_environment_scripts_only(libuvc)
[14.075s] Level 1:colcon.colcon_core.environment:checking '/home/tractor/ws/install/libuvc' for CMake module files
[14.078s] DEBUG:colcon.colcon_core.event_handler.log_command:Invoked command in '/home/tractor/ws/build/libuvc' returned '0': /usr/bin/cmake --install /home/tractor/ws/build/libuvc
[14.079s] Level 1:colcon.colcon_core.shell:create_environment_hook('libuvc', 'cmake_module_path')
[14.080s] INFO:colcon.colcon_core.shell:Creating environment hook '/home/tractor/ws/install/libuvc/share/libuvc/hook/cmake_module_path.ps1'
[14.086s] INFO:colcon.colcon_core.shell:Creating environment descriptor '/home/tractor/ws/install/libuvc/share/libuvc/hook/cmake_module_path.dsv'
[14.088s] INFO:colcon.colcon_core.shell:Creating environment hook '/home/tractor/ws/install/libuvc/share/libuvc/hook/cmake_module_path.sh'
[14.091s] Level 1:colcon.colcon_core.shell:create_environment_hook('libuvc', 'cmake_module_path1')
[14.092s] INFO:colcon.colcon_core.shell:Creating environment hook '/home/tractor/ws/install/libuvc/share/libuvc/hook/cmake_module_path1.ps1'
[14.095s] INFO:colcon.colcon_core.shell:Creating environment descriptor '/home/tractor/ws/install/libuvc/share/libuvc/hook/cmake_module_path1.dsv'
[14.097s] INFO:colcon.colcon_core.shell:Creating environment hook '/home/tractor/ws/install/libuvc/share/libuvc/hook/cmake_module_path1.sh'
[14.101s] Level 1:colcon.colcon_core.environment:checking '/home/tractor/ws/install/libuvc' for CMake config files
[14.105s] Level 1:colcon.colcon_core.shell:create_environment_hook('libuvc', 'cmake_prefix_path')
[14.106s] INFO:colcon.colcon_core.shell:Creating environment hook '/home/tractor/ws/install/libuvc/share/libuvc/hook/cmake_prefix_path.ps1'
[14.108s] INFO:colcon.colcon_core.shell:Creating environment descriptor '/home/tractor/ws/install/libuvc/share/libuvc/hook/cmake_prefix_path.dsv'
[14.111s] INFO:colcon.colcon_core.shell:Creating environment hook '/home/tractor/ws/install/libuvc/share/libuvc/hook/cmake_prefix_path.sh'
[14.114s] Level 1:colcon.colcon_core.environment:checking '/home/tractor/ws/install/libuvc/lib'
[14.115s] Level 1:colcon.colcon_core.shell:create_environment_hook('libuvc', 'ld_library_path_lib')
[14.116s] INFO:colcon.colcon_core.shell:Creating environment hook '/home/tractor/ws/install/libuvc/share/libuvc/hook/ld_library_path_lib.ps1'
[14.119s] INFO:colcon.colcon_core.shell:Creating environment descriptor '/home/tractor/ws/install/libuvc/share/libuvc/hook/ld_library_path_lib.dsv'
[14.121s] INFO:colcon.colcon_core.shell:Creating environment hook '/home/tractor/ws/install/libuvc/share/libuvc/hook/ld_library_path_lib.sh'
[14.125s] Level 1:colcon.colcon_core.environment:checking '/home/tractor/ws/install/libuvc/bin'
[14.126s] Level 1:colcon.colcon_core.environment:checking '/home/tractor/ws/install/libuvc/lib/pkgconfig/libuvc.pc'
[14.126s] Level 1:colcon.colcon_core.shell:create_environment_hook('libuvc', 'pkg_config')
[14.127s] INFO:colcon.colcon_core.shell:Creating environment hook '/home/tractor/ws/install/libuvc/share/libuvc/hook/pkg_config.ps1'
[14.129s] INFO:colcon.colcon_core.shell:Creating environment descriptor '/home/tractor/ws/install/libuvc/share/libuvc/hook/pkg_config.dsv'
[14.132s] INFO:colcon.colcon_core.shell:Creating environment hook '/home/tractor/ws/install/libuvc/share/libuvc/hook/pkg_config.sh'
[14.135s] Level 1:colcon.colcon_core.environment:checking '/home/tractor/ws/install/libuvc/lib/python3.10/site-packages'
[14.137s] Level 1:colcon.colcon_core.environment:checking '/home/tractor/ws/install/libuvc/bin'
[14.140s] INFO:colcon.colcon_core.shell:Creating package script '/home/tractor/ws/install/libuvc/share/libuvc/package.ps1'
[14.144s] INFO:colcon.colcon_core.shell:Creating package descriptor '/home/tractor/ws/install/libuvc/share/libuvc/package.dsv'
[14.147s] INFO:colcon.colcon_core.shell:Creating package script '/home/tractor/ws/install/libuvc/share/libuvc/package.sh'
[14.149s] INFO:colcon.colcon_core.shell:Creating package script '/home/tractor/ws/install/libuvc/share/libuvc/package.bash'
[14.152s] INFO:colcon.colcon_core.shell:Creating package script '/home/tractor/ws/install/libuvc/share/libuvc/package.zsh'
[14.154s] Level 1:colcon.colcon_core.environment:create_file_with_runtime_dependencies(/home/tractor/ws/install/libuvc/share/colcon-core/packages/libuvc)
[15.825s] Level 1:colcon.colcon_core.environment:checking '/home/tractor/ws/install/robot' for CMake module files
[15.827s] DEBUG:colcon.colcon_core.event_handler.log_command:Invoked command in '/home/tractor/ws/src/robot' returned '0': PYTHONPATH=/home/tractor/ws/build/robot/prefix_override:/home/tractor/ws/install/robot/lib/python3.10/site-packages:${PYTHONPATH} /usr/bin/python3 -W ignore:setup.py install is deprecated setup.py egg_info --egg-base ../../build/robot build --build-base /home/tractor/ws/build/robot/build install --record /home/tractor/ws/build/robot/install.log --single-version-externally-managed install_data
[15.829s] Level 1:colcon.colcon_core.environment:checking '/home/tractor/ws/install/robot' for CMake config files
[15.832s] Level 1:colcon.colcon_core.environment:checking '/home/tractor/ws/install/robot/lib'
[15.832s] Level 1:colcon.colcon_core.environment:checking '/home/tractor/ws/install/robot/bin'
[15.833s] Level 1:colcon.colcon_core.environment:checking '/home/tractor/ws/install/robot/lib/pkgconfig/robot.pc'
[15.834s] Level 1:colcon.colcon_core.environment:checking '/home/tractor/ws/install/robot/lib/python3.10/site-packages'
[15.834s] Level 1:colcon.colcon_core.shell:create_environment_hook('robot', 'pythonpath')
[15.835s] INFO:colcon.colcon_core.shell:Creating environment hook '/home/tractor/ws/install/robot/share/robot/hook/pythonpath.ps1'
[15.837s] INFO:colcon.colcon_core.shell:Creating environment descriptor '/home/tractor/ws/install/robot/share/robot/hook/pythonpath.dsv'
[15.839s] INFO:colcon.colcon_core.shell:Creating environment hook '/home/tractor/ws/install/robot/share/robot/hook/pythonpath.sh'
[15.841s] Level 1:colcon.colcon_core.environment:checking '/home/tractor/ws/install/robot/bin'
[15.842s] Level 1:colcon.colcon_core.environment:create_environment_scripts_only(robot)
[15.844s] INFO:colcon.colcon_core.shell:Creating package script '/home/tractor/ws/install/robot/share/robot/package.ps1'
[15.848s] INFO:colcon.colcon_core.shell:Creating package descriptor '/home/tractor/ws/install/robot/share/robot/package.dsv'
[15.850s] INFO:colcon.colcon_core.shell:Creating package script '/home/tractor/ws/install/robot/share/robot/package.sh'
[15.852s] INFO:colcon.colcon_core.shell:Creating package script '/home/tractor/ws/install/robot/share/robot/package.bash'
[15.854s] INFO:colcon.colcon_core.shell:Creating package script '/home/tractor/ws/install/robot/share/robot/package.zsh'
[15.855s] Level 1:colcon.colcon_core.environment:create_file_with_runtime_dependencies(/home/tractor/ws/install/robot/share/colcon-core/packages/robot)
[16.491s] DEBUG:colcon.colcon_core.event_handler.log_command:Invoked command in '/home/tractor/ws/build/astra_camera_msgs' returned '0': CMAKE_PREFIX_PATH=/opt/ros/humble /usr/bin/cmake /home/tractor/ws/src/ros2_astra_camera/astra_camera_msgs -DCMAKE_INSTALL_PREFIX=/home/tractor/ws/install/astra_camera_msgs
[16.498s] DEBUG:colcon.colcon_core.event_handler.log_command:Invoking command in '/home/tractor/ws/build/astra_camera_msgs': CMAKE_PREFIX_PATH=/opt/ros/humble /usr/bin/cmake --build /home/tractor/ws/build/astra_camera_msgs -- -j4 -l4
[39.090s] DEBUG:colcon.colcon_parallel_executor.executor.parallel:run_until_complete was interrupted
[39.091s] DEBUG:colcon.colcon_parallel_executor.executor.parallel:run_until_complete again
[39.120s] DEBUG:colcon.colcon_core.event_handler.log_command:Invoked command in '/home/tractor/ws/build/astra_camera_msgs' returned '-2': CMAKE_PREFIX_PATH=/opt/ros/humble /usr/bin/cmake --build /home/tractor/ws/build/astra_camera_msgs -- -j4 -l4
[40.336s] Level 1:colcon.colcon_core.environment:create_environment_scripts_only(astra_camera_msgs)
[40.337s] Level 1:colcon.colcon_core.environment:checking '/home/tractor/ws/install/astra_camera_msgs' for CMake module files
[40.349s] Level 1:colcon.colcon_core.environment:checking '/home/tractor/ws/install/astra_camera_msgs' for CMake config files
[40.352s] Level 1:colcon.colcon_core.shell:create_environment_hook('astra_camera_msgs', 'cmake_prefix_path')
[40.354s] INFO:colcon.colcon_core.shell:Creating environment hook '/home/tractor/ws/install/astra_camera_msgs/share/astra_camera_msgs/hook/cmake_prefix_path.ps1'
[40.357s] INFO:colcon.colcon_core.shell:Creating environment descriptor '/home/tractor/ws/install/astra_camera_msgs/share/astra_camera_msgs/hook/cmake_prefix_path.dsv'
[40.359s] INFO:colcon.colcon_core.shell:Creating environment hook '/home/tractor/ws/install/astra_camera_msgs/share/astra_camera_msgs/hook/cmake_prefix_path.sh'
[40.362s] Level 1:colcon.colcon_core.environment:checking '/home/tractor/ws/install/astra_camera_msgs/lib'
[40.363s] Level 1:colcon.colcon_core.shell:create_environment_hook('astra_camera_msgs', 'ld_library_path_lib')
[40.364s] INFO:colcon.colcon_core.shell:Creating environment hook '/home/tractor/ws/install/astra_camera_msgs/share/astra_camera_msgs/hook/ld_library_path_lib.ps1'
[40.367s] INFO:colcon.colcon_core.shell:Creating environment descriptor '/home/tractor/ws/install/astra_camera_msgs/share/astra_camera_msgs/hook/ld_library_path_lib.dsv'
[40.368s] INFO:colcon.colcon_core.shell:Creating environment hook '/home/tractor/ws/install/astra_camera_msgs/share/astra_camera_msgs/hook/ld_library_path_lib.sh'
[40.370s] Level 1:colcon.colcon_core.environment:checking '/home/tractor/ws/install/astra_camera_msgs/bin'
[40.370s] Level 1:colcon.colcon_core.environment:checking '/home/tractor/ws/install/astra_camera_msgs/lib/pkgconfig/astra_camera_msgs.pc'
[40.371s] Level 1:colcon.colcon_core.environment:checking '/home/tractor/ws/install/astra_camera_msgs/lib/python3.10/site-packages'
[40.372s] Level 1:colcon.colcon_core.environment:checking '/home/tractor/ws/install/astra_camera_msgs/bin'
[40.373s] INFO:colcon.colcon_core.shell:Creating package script '/home/tractor/ws/install/astra_camera_msgs/share/astra_camera_msgs/package.ps1'
[40.376s] INFO:colcon.colcon_core.shell:Creating package descriptor '/home/tractor/ws/install/astra_camera_msgs/share/astra_camera_msgs/package.dsv'
[40.378s] INFO:colcon.colcon_core.shell:Creating package script '/home/tractor/ws/install/astra_camera_msgs/share/astra_camera_msgs/package.sh'
[40.380s] INFO:colcon.colcon_core.shell:Creating package script '/home/tractor/ws/install/astra_camera_msgs/share/astra_camera_msgs/package.bash'
[40.382s] INFO:colcon.colcon_core.shell:Creating package script '/home/tractor/ws/install/astra_camera_msgs/share/astra_camera_msgs/package.zsh'
[40.383s] Level 1:colcon.colcon_core.environment:create_file_with_runtime_dependencies(/home/tractor/ws/install/astra_camera_msgs/share/colcon-core/packages/astra_camera_msgs)
[40.404s] DEBUG:colcon.colcon_parallel_executor.executor.parallel:run_until_complete finished
[40.404s] DEBUG:colcon.colcon_parallel_executor.executor.parallel:closing loop
[40.405s] DEBUG:colcon.colcon_parallel_executor.executor.parallel:loop closed
[40.405s] DEBUG:colcon.colcon_core.event_reactor:joining thread
[40.440s] INFO:colcon.colcon_core.plugin_system:Skipping extension 'colcon_notification.desktop_notification.terminal_notifier': Not used on non-Darwin systems
[40.441s] INFO:colcon.colcon_core.plugin_system:Skipping extension 'colcon_notification.desktop_notification.win32': Not used on non-Windows systems
[40.441s] INFO:colcon.colcon_notification.desktop_notification:Sending desktop notification using 'notify2'
[40.519s] DEBUG:colcon.colcon_core.event_reactor:joined thread
[40.521s] INFO:colcon.colcon_core.shell:Creating prefix script '/home/tractor/ws/install/local_setup.ps1'
[40.530s] INFO:colcon.colcon_core.shell:Creating prefix util module '/home/tractor/ws/install/_local_setup_util_ps1.py'
[40.541s] INFO:colcon.colcon_core.shell:Creating prefix chain script '/home/tractor/ws/install/setup.ps1'
[40.549s] INFO:colcon.colcon_core.shell:Creating prefix script '/home/tractor/ws/install/local_setup.sh'
[40.553s] INFO:colcon.colcon_core.shell:Creating prefix util module '/home/tractor/ws/install/_local_setup_util_sh.py'
[40.558s] INFO:colcon.colcon_core.shell:Creating prefix chain script '/home/tractor/ws/install/setup.sh'
[40.565s] INFO:colcon.colcon_core.shell:Creating prefix script '/home/tractor/ws/install/local_setup.bash'
[40.571s] INFO:colcon.colcon_core.shell:Creating prefix chain script '/home/tractor/ws/install/setup.bash'
[40.578s] INFO:colcon.colcon_core.shell:Creating prefix script '/home/tractor/ws/install/local_setup.zsh'
[40.582s] INFO:colcon.colcon_core.shell:Creating prefix chain script '/home/tractor/ws/install/setup.zsh'
