[3.494s] Invoking command in '/home/tractor/ws/src/robot': PYTHONPATH=/home/tractor/ws/build/robot/prefix_override:/home/tractor/ws/install/robot/lib/python3.10/site-packages:${PYTHONPATH} /usr/bin/python3 -W ignore:setup.py install is deprecated setup.py egg_info --egg-base ../../build/robot build --build-base /home/tractor/ws/build/robot/build install --record /home/tractor/ws/build/robot/install.log --single-version-externally-managed install_data
[4.561s] running egg_info
[4.628s] writing ../../build/robot/robot.egg-info/PKG-INFO
[4.630s] writing dependency_links to ../../build/robot/robot.egg-info/dependency_links.txt
[4.631s] writing entry points to ../../build/robot/robot.egg-info/entry_points.txt
[4.632s] writing requirements to ../../build/robot/robot.egg-info/requires.txt
[4.633s] writing top-level names to ../../build/robot/robot.egg-info/top_level.txt
[4.772s] reading manifest file '../../build/robot/robot.egg-info/SOURCES.txt'
[4.774s] adding license file 'LICENSE'
[4.777s] writing manifest file '../../build/robot/robot.egg-info/SOURCES.txt'
[4.777s] running build
[4.778s] running build_py
[4.778s] copying robot/startRobot.py -> /home/tractor/ws/build/robot/build/lib/robot
[4.780s] copying robot/__init__.py -> /home/tractor/ws/build/robot/build/lib/robot
[4.782s] running install
[4.804s] running install_lib
[4.873s] creating /home/tractor/ws/install/robot/lib/python3.10/site-packages/robot
[4.873s] copying /home/tractor/ws/build/robot/build/lib/robot/startRobot.py -> /home/tractor/ws/install/robot/lib/python3.10/site-packages/robot
[4.874s] copying /home/tractor/ws/build/robot/build/lib/robot/Locomotion-odof.py -> /home/tractor/ws/install/robot/lib/python3.10/site-packages/robot
[4.879s] copying /home/tractor/ws/build/robot/build/lib/robot/Locomotion.py -> /home/tractor/ws/install/robot/lib/python3.10/site-packages/robot
[4.881s] copying /home/tractor/ws/build/robot/build/lib/robot/__init__.py -> /home/tractor/ws/install/robot/lib/python3.10/site-packages/robot
[4.884s] byte-compiling /home/tractor/ws/install/robot/lib/python3.10/site-packages/robot/startRobot.py to startRobot.cpython-310.pyc
[4.889s] byte-compiling /home/tractor/ws/install/robot/lib/python3.10/site-packages/robot/Locomotion-odof.py to Locomotion-odof.cpython-310.pyc
[4.897s] byte-compiling /home/tractor/ws/install/robot/lib/python3.10/site-packages/robot/Locomotion.py to Locomotion.cpython-310.pyc
[4.902s] byte-compiling /home/tractor/ws/install/robot/lib/python3.10/site-packages/robot/__init__.py to __init__.cpython-310.pyc
[4.903s] running install_data
[4.904s] creating /home/tractor/ws/install/robot/share/ament_index
[4.905s] creating /home/tractor/ws/install/robot/share/ament_index/resource_index
[4.905s] creating /home/tractor/ws/install/robot/share/ament_index/resource_index/packages
[4.905s] copying resource/robot -> /home/tractor/ws/install/robot/share/ament_index/resource_index/packages
[4.906s] copying package.xml -> /home/tractor/ws/install/robot/share/robot
[4.907s] running install_egg_info
[4.978s] Copying ../../build/robot/robot.egg-info to /home/tractor/ws/install/robot/lib/python3.10/site-packages/robot-0.0.0-py3.10.egg-info
[4.983s] running install_scripts
[5.638s] Installing Locomotion script to /home/tractor/ws/install/robot/lib/robot
[5.640s] writing list of installed files to '/home/tractor/ws/build/robot/install.log'
[5.785s] Invoked command in '/home/tractor/ws/src/robot' returned '0': PYTHONPATH=/home/tractor/ws/build/robot/prefix_override:/home/tractor/ws/install/robot/lib/python3.10/site-packages:${PYTHONPATH} /usr/bin/python3 -W ignore:setup.py install is deprecated setup.py egg_info --egg-base ../../build/robot build --build-base /home/tractor/ws/build/robot/build install --record /home/tractor/ws/build/robot/install.log --single-version-externally-managed install_data
