[3.504s] Invoking command in '/home/tractor/ws/src/robot': PYTHONPATH=/home/tractor/ws/build/robot/prefix_override:/home/tractor/ws/install/robot/lib/python3.10/site-packages:${PYTHONPATH} /usr/bin/python3 -W ignore:setup.py install is deprecated setup.py egg_info --egg-base ../../build/robot build --build-base /home/tractor/ws/build/robot/build install --record /home/tractor/ws/build/robot/install.log --single-version-externally-managed install_data
[4.593s] running egg_info
[4.658s] writing ../../build/robot/robot.egg-info/PKG-INFO
[4.662s] writing dependency_links to ../../build/robot/robot.egg-info/dependency_links.txt
[4.663s] writing entry points to ../../build/robot/robot.egg-info/entry_points.txt
[4.664s] writing requirements to ../../build/robot/robot.egg-info/requires.txt
[4.667s] writing top-level names to ../../build/robot/robot.egg-info/top_level.txt
[4.806s] reading manifest file '../../build/robot/robot.egg-info/SOURCES.txt'
[4.808s] adding license file 'LICENSE'
[4.811s] writing manifest file '../../build/robot/robot.egg-info/SOURCES.txt'
[4.811s] running build
[4.812s] running build_py
[4.813s] copying robot/vision.py -> /home/tractor/ws/build/robot/build/lib/robot
[4.814s] copying robot/startRobot.py -> /home/tractor/ws/build/robot/build/lib/robot
[4.816s] copying robot/stop_sign_detection_screen_shots.py -> /home/tractor/ws/build/robot/build/lib/robot
[4.817s] copying robot/Locomotion.py -> /home/tractor/ws/build/robot/build/lib/robot
[4.818s] copying robot/__init__.py -> /home/tractor/ws/build/robot/build/lib/robot
[4.820s] running install
[4.842s] running install_lib
[4.912s] copying /home/tractor/ws/build/robot/build/lib/robot/Locomotion.py -> /home/tractor/ws/install/robot/lib/python3.10/site-packages/robot
[4.917s] byte-compiling /home/tractor/ws/install/robot/lib/python3.10/site-packages/robot/Locomotion.py to Locomotion.cpython-310.pyc
[4.922s] running install_data
[4.922s] copying resource/robot -> /home/tractor/ws/install/robot/share/ament_index/resource_index/packages
[4.923s] copying package.xml -> /home/tractor/ws/install/robot/share/robot
[4.924s] running install_egg_info
[4.998s] removing '/home/tractor/ws/install/robot/lib/python3.10/site-packages/robot-0.0.0-py3.10.egg-info' (and everything under it)
[5.000s] Copying ../../build/robot/robot.egg-info to /home/tractor/ws/install/robot/lib/python3.10/site-packages/robot-0.0.0-py3.10.egg-info
[5.005s] running install_scripts
[5.664s] Installing Locomotion script to /home/tractor/ws/install/robot/lib/robot
[5.667s] Installing stop script to /home/tractor/ws/install/robot/lib/robot
[5.669s] Installing vision script to /home/tractor/ws/install/robot/lib/robot
[5.672s] writing list of installed files to '/home/tractor/ws/build/robot/install.log'
[5.816s] Invoked command in '/home/tractor/ws/src/robot' returned '0': PYTHONPATH=/home/tractor/ws/build/robot/prefix_override:/home/tractor/ws/install/robot/lib/python3.10/site-packages:${PYTHONPATH} /usr/bin/python3 -W ignore:setup.py install is deprecated setup.py egg_info --egg-base ../../build/robot build --build-base /home/tractor/ws/build/robot/build install --record /home/tractor/ws/build/robot/install.log --single-version-externally-managed install_data
