running egg_info
writing ../../build/robot/robot.egg-info/PKG-INFO
writing dependency_links to ../../build/robot/robot.egg-info/dependency_links.txt
writing entry points to ../../build/robot/robot.egg-info/entry_points.txt
writing requirements to ../../build/robot/robot.egg-info/requires.txt
writing top-level names to ../../build/robot/robot.egg-info/top_level.txt
reading manifest file '../../build/robot/robot.egg-info/SOURCES.txt'
adding license file 'LICENSE'
writing manifest file '../../build/robot/robot.egg-info/SOURCES.txt'
running build
running build_py
copying robot/vision.py -> /home/tractor/ws/build/robot/build/lib/robot
copying robot/startRobot.py -> /home/tractor/ws/build/robot/build/lib/robot
copying robot/stop_sign_detection_screen_shots.py -> /home/tractor/ws/build/robot/build/lib/robot
copying robot/Locomotion.py -> /home/tractor/ws/build/robot/build/lib/robot
copying robot/__init__.py -> /home/tractor/ws/build/robot/build/lib/robot
running install
running install_lib
copying /home/tractor/ws/build/robot/build/lib/robot/vision.py -> /home/tractor/ws/install/robot/lib/python3.10/site-packages/robot
byte-compiling /home/tractor/ws/install/robot/lib/python3.10/site-packages/robot/vision.py to vision.cpython-310.pyc
running install_data
copying resource/robot -> /home/tractor/ws/install/robot/share/ament_index/resource_index/packages
copying package.xml -> /home/tractor/ws/install/robot/share/robot
running install_egg_info
removing '/home/tractor/ws/install/robot/lib/python3.10/site-packages/robot-0.0.0-py3.10.egg-info' (and everything under it)
Copying ../../build/robot/robot.egg-info to /home/tractor/ws/install/robot/lib/python3.10/site-packages/robot-0.0.0-py3.10.egg-info
running install_scripts
Installing Locomotion script to /home/tractor/ws/install/robot/lib/robot
Installing stop script to /home/tractor/ws/install/robot/lib/robot
Installing vision script to /home/tractor/ws/install/robot/lib/robot
writing list of installed files to '/home/tractor/ws/build/robot/install.log'
