/home/tractor/ws/install/robot/lib/python3.10/site-packages/robot/vision.py
/home/tractor/ws/install/robot/lib/python3.10/site-packages/robot/startRobot.py
/home/tractor/ws/install/robot/lib/python3.10/site-packages/robot/stop_sign_detection_parse&save_video.py
/home/tractor/ws/install/robot/lib/python3.10/site-packages/robot/stop_sign_detection_screen_shots.py
/home/tractor/ws/install/robot/lib/python3.10/site-packages/robot/haar_cascade_steps.py
/home/tractor/ws/install/robot/lib/python3.10/site-packages/robot/Locomotion.py
/home/tractor/ws/install/robot/lib/python3.10/site-packages/robot/__init__.py
/home/tractor/ws/install/robot/lib/python3.10/site-packages/robot/__pycache__/vision.cpython-310.pyc
/home/tractor/ws/install/robot/lib/python3.10/site-packages/robot/__pycache__/startRobot.cpython-310.pyc
/home/tractor/ws/install/robot/lib/python3.10/site-packages/robot/__pycache__/stop_sign_detection_parse&save_video.cpython-310.pyc
/home/tractor/ws/install/robot/lib/python3.10/site-packages/robot/__pycache__/stop_sign_detection_screen_shots.cpython-310.pyc
/home/tractor/ws/install/robot/lib/python3.10/site-packages/robot/__pycache__/haar_cascade_steps.cpython-310.pyc
/home/tractor/ws/install/robot/lib/python3.10/site-packages/robot/__pycache__/Locomotion.cpython-310.pyc
/home/tractor/ws/install/robot/lib/python3.10/site-packages/robot/__pycache__/__init__.cpython-310.pyc
/home/tractor/ws/install/robot/share/ament_index/resource_index/packages/robot
/home/tractor/ws/install/robot/share/robot/package.xml
/home/tractor/ws/install/robot/lib/python3.10/site-packages/robot-0.0.0-py3.10.egg-info/dependency_links.txt
/home/tractor/ws/install/robot/lib/python3.10/site-packages/robot-0.0.0-py3.10.egg-info/top_level.txt
/home/tractor/ws/install/robot/lib/python3.10/site-packages/robot-0.0.0-py3.10.egg-info/requires.txt
/home/tractor/ws/install/robot/lib/python3.10/site-packages/robot-0.0.0-py3.10.egg-info/entry_points.txt
/home/tractor/ws/install/robot/lib/python3.10/site-packages/robot-0.0.0-py3.10.egg-info/SOURCES.txt
/home/tractor/ws/install/robot/lib/python3.10/site-packages/robot-0.0.0-py3.10.egg-info/zip-safe
/home/tractor/ws/install/robot/lib/python3.10/site-packages/robot-0.0.0-py3.10.egg-info/PKG-INFO
/home/tractor/ws/install/robot/lib/robot/Locomotion
/home/tractor/ws/install/robot/lib/robot/stop
/home/tractor/ws/install/robot/lib/robot/vision
