[3.346s] Invoking command in '/home/tractor/ws/src/robot': PYTHONPATH=/home/tractor/ws/build/robot/prefix_override:/home/tractor/ws/install/robot/lib/python3.10/site-packages:${PYTHONPATH} /usr/bin/python3 -W ignore:setup.py install is deprecated setup.py egg_info --egg-base ../../build/robot build --build-base /home/tractor/ws/build/robot/build install --record /home/tractor/ws/build/robot/install.log --single-version-externally-managed install_data
[4.421s] running egg_info
[4.487s] writing ../../build/robot/robot.egg-info/PKG-INFO
[4.490s] writing dependency_links to ../../build/robot/robot.egg-info/dependency_links.txt
[4.491s] writing entry points to ../../build/robot/robot.egg-info/entry_points.txt
[4.492s] writing requirements to ../../build/robot/robot.egg-info/requires.txt
[4.493s] writing top-level names to ../../build/robot/robot.egg-info/top_level.txt
[4.625s] reading manifest file '../../build/robot/robot.egg-info/SOURCES.txt'
[4.626s] adding license file 'LICENSE'
[4.629s] writing manifest file '../../build/robot/robot.egg-info/SOURCES.txt'
[4.630s] running build
[4.630s] running build_py
[4.631s] copying robot/startRobot.py -> /home/tractor/ws/build/robot/build/lib/robot
[4.632s] copying robot/Locomotion.py -> /home/tractor/ws/build/robot/build/lib/robot
[4.633s] copying robot/__init__.py -> /home/tractor/ws/build/robot/build/lib/robot
[4.635s] running install
[4.658s] running install_lib
[4.723s] copying /home/tractor/ws/build/robot/build/lib/robot/Locomotion.py -> /home/tractor/ws/install/robot/lib/python3.10/site-packages/robot
[4.727s] byte-compiling /home/tractor/ws/install/robot/lib/python3.10/site-packages/robot/Locomotion.py to Locomotion.cpython-310.pyc
[4.732s] running install_data
[4.733s] copying resource/robot -> /home/tractor/ws/install/robot/share/ament_index/resource_index/packages
[4.734s] copying package.xml -> /home/tractor/ws/install/robot/share/robot
[4.735s] running install_egg_info
[4.807s] removing '/home/tractor/ws/install/robot/lib/python3.10/site-packages/robot-0.0.0-py3.10.egg-info' (and everything under it)
[4.809s] Copying ../../build/robot/robot.egg-info to /home/tractor/ws/install/robot/lib/python3.10/site-packages/robot-0.0.0-py3.10.egg-info
[4.814s] running install_scripts
[5.468s] Installing Locomotion script to /home/tractor/ws/install/robot/lib/robot
[5.470s] writing list of installed files to '/home/tractor/ws/build/robot/install.log'
[5.618s] Invoked command in '/home/tractor/ws/src/robot' returned '0': PYTHONPATH=/home/tractor/ws/build/robot/prefix_override:/home/tractor/ws/install/robot/lib/python3.10/site-packages:${PYTHONPATH} /usr/bin/python3 -W ignore:setup.py install is deprecated setup.py egg_info --egg-base ../../build/robot build --build-base /home/tractor/ws/build/robot/build install --record /home/tractor/ws/build/robot/install.log --single-version-externally-managed install_data
