[3.451s] Invoking command in '/home/tractor/ws/src/robot': PYTHONPATH=/home/tractor/ws/build/robot/prefix_override:/home/tractor/ws/install/robot/lib/python3.10/site-packages:${PYTHONPATH} /usr/bin/python3 -W ignore:setup.py install is deprecated setup.py egg_info --egg-base ../../build/robot build --build-base /home/tractor/ws/build/robot/build install --record /home/tractor/ws/build/robot/install.log --single-version-externally-managed install_data
[4.534s] running egg_info
[4.602s] writing ../../build/robot/robot.egg-info/PKG-INFO
[4.605s] writing dependency_links to ../../build/robot/robot.egg-info/dependency_links.txt
[4.606s] writing entry points to ../../build/robot/robot.egg-info/entry_points.txt
[4.607s] writing requirements to ../../build/robot/robot.egg-info/requires.txt
[4.608s] writing top-level names to ../../build/robot/robot.egg-info/top_level.txt
[4.748s] reading manifest file '../../build/robot/robot.egg-info/SOURCES.txt'
[4.750s] adding license file 'LICENSE'
[4.753s] writing manifest file '../../build/robot/robot.egg-info/SOURCES.txt'
[4.754s] running build
[4.754s] running build_py
[4.755s] copying robot/vision.py -> /home/tractor/ws/build/robot/build/lib/robot
[4.756s] copying robot/startRobot.py -> /home/tractor/ws/build/robot/build/lib/robot
[4.758s] copying robot/stop_sign_detection_screen_shots.py -> /home/tractor/ws/build/robot/build/lib/robot
[4.761s] copying robot/Locomotion.py -> /home/tractor/ws/build/robot/build/lib/robot
[4.762s] copying robot/__init__.py -> /home/tractor/ws/build/robot/build/lib/robot
[4.764s] running install
[4.786s] running install_lib
[4.853s] copying /home/tractor/ws/build/robot/build/lib/robot/Locomotion.py -> /home/tractor/ws/install/robot/lib/python3.10/site-packages/robot
[4.858s] byte-compiling /home/tractor/ws/install/robot/lib/python3.10/site-packages/robot/Locomotion.py to Locomotion.cpython-310.pyc
[4.864s] running install_data
[4.864s] copying resource/robot -> /home/tractor/ws/install/robot/share/ament_index/resource_index/packages
[4.865s] copying package.xml -> /home/tractor/ws/install/robot/share/robot
[4.866s] running install_egg_info
[4.938s] removing '/home/tractor/ws/install/robot/lib/python3.10/site-packages/robot-0.0.0-py3.10.egg-info' (and everything under it)
[4.940s] Copying ../../build/robot/robot.egg-info to /home/tractor/ws/install/robot/lib/python3.10/site-packages/robot-0.0.0-py3.10.egg-info
[4.945s] running install_scripts
[5.617s] Installing Locomotion script to /home/tractor/ws/install/robot/lib/robot
[5.618s] Installing stop script to /home/tractor/ws/install/robot/lib/robot
[5.619s] Installing vision script to /home/tractor/ws/install/robot/lib/robot
[5.621s] writing list of installed files to '/home/tractor/ws/build/robot/install.log'
[5.767s] Invoked command in '/home/tractor/ws/src/robot' returned '0': PYTHONPATH=/home/tractor/ws/build/robot/prefix_override:/home/tractor/ws/install/robot/lib/python3.10/site-packages:${PYTHONPATH} /usr/bin/python3 -W ignore:setup.py install is deprecated setup.py egg_info --egg-base ../../build/robot build --build-base /home/tractor/ws/build/robot/build install --record /home/tractor/ws/build/robot/install.log --single-version-externally-managed install_data
