[0.773s] DEBUG:colcon:Command line arguments: ['/usr/bin/colcon', 'build', '--packages-select', 'robot']
[0.774s] DEBUG:colcon:Parsed command line arguments: Namespace(log_base=None, log_level=None, verb_name='build', build_base='build', install_base='install', merge_install=False, symlink_install=False, test_result_base=None, continue_on_error=False, executor='parallel', parallel_workers=4, event_handlers=None, ignore_user_meta=False, metas=['./colcon.meta'], base_paths=['.'], packages_ignore=None, packages_ignore_regex=None, paths=None, packages_up_to=None, packages_up_to_regex=None, packages_above=None, packages_above_and_dependencies=None, packages_above_depth=None, packages_select_by_dep=None, packages_skip_by_dep=None, packages_skip_up_to=None, packages_select_build_failed=False, packages_skip_build_finished=False, packages_select_test_failures=False, packages_skip_test_passed=False, packages_select=['robot'], packages_skip=None, packages_select_regex=None, packages_skip_regex=None, packages_start=None, packages_end=None, allow_overriding=[], cmake_args=None, cmake_target=None, cmake_target_skip_unavailable=False, cmake_clean_cache=False, cmake_clean_first=False, cmake_force_configure=False, ament_cmake_args=None, catkin_cmake_args=None, catkin_skip_building_tests=False, verb_parser=<colcon_defaults.argument_parser.defaults.DefaultArgumentsDecorator object at 0xffff8e794a00>, verb_extension=<colcon_core.verb.build.BuildVerb object at 0xffff8e8cd600>, main=<bound method BuildVerb.main of <colcon_core.verb.build.BuildVerb object at 0xffff8e8cd600>>)
[1.082s] Level 1:colcon.colcon_core.package_discovery:discover_packages(colcon_meta) check parameters
[1.083s] Level 1:colcon.colcon_core.package_discovery:discover_packages(recursive) check parameters
[1.083s] Level 1:colcon.colcon_core.package_discovery:discover_packages(ignore) check parameters
[1.083s] Level 1:colcon.colcon_core.package_discovery:discover_packages(path) check parameters
[1.083s] Level 1:colcon.colcon_core.package_discovery:discover_packages(colcon_meta) discover
[1.084s] Level 1:colcon.colcon_core.package_discovery:discover_packages(recursive) discover
[1.084s] INFO:colcon.colcon_core.package_discovery:Crawling recursively for packages in '/home/tractor/ws'
[1.084s] Level 1:colcon.colcon_core.package_identification:_identify(.) by extensions ['ignore', 'ignore_ament_install']
[1.085s] Level 1:colcon.colcon_core.package_identification:_identify(.) by extension 'ignore'
[1.085s] Level 1:colcon.colcon_core.package_identification:_identify(.) by extension 'ignore_ament_install'
[1.085s] Level 1:colcon.colcon_core.package_identification:_identify(.) by extensions ['colcon_pkg']
[1.085s] Level 1:colcon.colcon_core.package_identification:_identify(.) by extension 'colcon_pkg'
[1.085s] Level 1:colcon.colcon_core.package_identification:_identify(.) by extensions ['colcon_meta']
[1.085s] Level 1:colcon.colcon_core.package_identification:_identify(.) by extension 'colcon_meta'
[1.086s] Level 1:colcon.colcon_core.package_identification:_identify(.) by extensions ['ros']
[1.086s] Level 1:colcon.colcon_core.package_identification:_identify(.) by extension 'ros'
[1.187s] Level 1:colcon.colcon_core.package_identification:_identify(.) by extensions ['cmake', 'python']
[1.188s] Level 1:colcon.colcon_core.package_identification:_identify(.) by extension 'cmake'
[1.188s] Level 1:colcon.colcon_core.package_identification:_identify(.) by extension 'python'
[1.189s] Level 1:colcon.colcon_core.package_identification:_identify(.) by extensions ['python_setup_py']
[1.189s] Level 1:colcon.colcon_core.package_identification:_identify(.) by extension 'python_setup_py'
[1.190s] Level 1:colcon.colcon_core.package_identification:_identify(build) by extensions ['ignore', 'ignore_ament_install']
[1.191s] Level 1:colcon.colcon_core.package_identification:_identify(build) by extension 'ignore'
[1.192s] Level 1:colcon.colcon_core.package_identification:_identify(build) ignored
[1.193s] Level 1:colcon.colcon_core.package_identification:_identify(install) by extensions ['ignore', 'ignore_ament_install']
[1.194s] Level 1:colcon.colcon_core.package_identification:_identify(install) by extension 'ignore'
[1.195s] Level 1:colcon.colcon_core.package_identification:_identify(install) ignored
[1.198s] Level 1:colcon.colcon_core.package_identification:_identify(log) by extensions ['ignore', 'ignore_ament_install']
[1.198s] Level 1:colcon.colcon_core.package_identification:_identify(log) by extension 'ignore'
[1.199s] Level 1:colcon.colcon_core.package_identification:_identify(log) ignored
[1.203s] Level 1:colcon.colcon_core.package_identification:_identify(src) by extensions ['ignore', 'ignore_ament_install']
[1.205s] Level 1:colcon.colcon_core.package_identification:_identify(src) by extension 'ignore'
[1.206s] Level 1:colcon.colcon_core.package_identification:_identify(src) by extension 'ignore_ament_install'
[1.208s] Level 1:colcon.colcon_core.package_identification:_identify(src) by extensions ['colcon_pkg']
[1.208s] Level 1:colcon.colcon_core.package_identification:_identify(src) by extension 'colcon_pkg'
[1.208s] Level 1:colcon.colcon_core.package_identification:_identify(src) by extensions ['colcon_meta']
[1.208s] Level 1:colcon.colcon_core.package_identification:_identify(src) by extension 'colcon_meta'
[1.208s] Level 1:colcon.colcon_core.package_identification:_identify(src) by extensions ['ros']
[1.209s] Level 1:colcon.colcon_core.package_identification:_identify(src) by extension 'ros'
[1.209s] Level 1:colcon.colcon_core.package_identification:_identify(src) by extensions ['cmake', 'python']
[1.209s] Level 1:colcon.colcon_core.package_identification:_identify(src) by extension 'cmake'
[1.209s] Level 1:colcon.colcon_core.package_identification:_identify(src) by extension 'python'
[1.209s] Level 1:colcon.colcon_core.package_identification:_identify(src) by extensions ['python_setup_py']
[1.210s] Level 1:colcon.colcon_core.package_identification:_identify(src) by extension 'python_setup_py'
[1.210s] Level 1:colcon.colcon_core.package_identification:_identify(src/Locomotion) by extensions ['ignore', 'ignore_ament_install']
[1.210s] Level 1:colcon.colcon_core.package_identification:_identify(src/Locomotion) by extension 'ignore'
[1.211s] Level 1:colcon.colcon_core.package_identification:_identify(src/Locomotion) by extension 'ignore_ament_install'
[1.211s] Level 1:colcon.colcon_core.package_identification:_identify(src/Locomotion) by extensions ['colcon_pkg']
[1.211s] Level 1:colcon.colcon_core.package_identification:_identify(src/Locomotion) by extension 'colcon_pkg'
[1.211s] Level 1:colcon.colcon_core.package_identification:_identify(src/Locomotion) by extensions ['colcon_meta']
[1.211s] Level 1:colcon.colcon_core.package_identification:_identify(src/Locomotion) by extension 'colcon_meta'
[1.212s] Level 1:colcon.colcon_core.package_identification:_identify(src/Locomotion) by extensions ['ros']
[1.212s] Level 1:colcon.colcon_core.package_identification:_identify(src/Locomotion) by extension 'ros'
[1.212s] Level 1:colcon.colcon_core.package_identification:_identify(src/Locomotion) by extensions ['cmake', 'python']
[1.212s] Level 1:colcon.colcon_core.package_identification:_identify(src/Locomotion) by extension 'cmake'
[1.212s] Level 1:colcon.colcon_core.package_identification:_identify(src/Locomotion) by extension 'python'
[1.212s] Level 1:colcon.colcon_core.package_identification:_identify(src/Locomotion) by extensions ['python_setup_py']
[1.213s] Level 1:colcon.colcon_core.package_identification:_identify(src/Locomotion) by extension 'python_setup_py'
[1.213s] Level 1:colcon.colcon_core.package_identification:_identify(src/libuvc) by extensions ['ignore', 'ignore_ament_install']
[1.214s] Level 1:colcon.colcon_core.package_identification:_identify(src/libuvc) by extension 'ignore'
[1.214s] Level 1:colcon.colcon_core.package_identification:_identify(src/libuvc) by extension 'ignore_ament_install'
[1.214s] Level 1:colcon.colcon_core.package_identification:_identify(src/libuvc) by extensions ['colcon_pkg']
[1.214s] Level 1:colcon.colcon_core.package_identification:_identify(src/libuvc) by extension 'colcon_pkg'
[1.214s] Level 1:colcon.colcon_core.package_identification:_identify(src/libuvc) by extensions ['colcon_meta']
[1.214s] Level 1:colcon.colcon_core.package_identification:_identify(src/libuvc) by extension 'colcon_meta'
[1.215s] Level 1:colcon.colcon_core.package_identification:_identify(src/libuvc) by extensions ['ros']
[1.215s] Level 1:colcon.colcon_core.package_identification:_identify(src/libuvc) by extension 'ros'
[1.215s] Level 1:colcon.colcon_core.package_identification:_identify(src/libuvc) by extensions ['cmake', 'python']
[1.216s] Level 1:colcon.colcon_core.package_identification:_identify(src/libuvc) by extension 'cmake'
[1.252s] Level 1:colcon.colcon_core.package_identification:_identify(src/libuvc) by extension 'python'
[1.252s] DEBUG:colcon.colcon_core.package_identification:Package 'src/libuvc' with type 'cmake' and name 'libuvc'
[1.253s] Level 1:colcon.colcon_core.package_identification:_identify(src/robot) by extensions ['ignore', 'ignore_ament_install']
[1.253s] Level 1:colcon.colcon_core.package_identification:_identify(src/robot) by extension 'ignore'
[1.254s] Level 1:colcon.colcon_core.package_identification:_identify(src/robot) by extension 'ignore_ament_install'
[1.254s] Level 1:colcon.colcon_core.package_identification:_identify(src/robot) by extensions ['colcon_pkg']
[1.254s] Level 1:colcon.colcon_core.package_identification:_identify(src/robot) by extension 'colcon_pkg'
[1.254s] Level 1:colcon.colcon_core.package_identification:_identify(src/robot) by extensions ['colcon_meta']
[1.255s] Level 1:colcon.colcon_core.package_identification:_identify(src/robot) by extension 'colcon_meta'
[1.255s] Level 1:colcon.colcon_core.package_identification:_identify(src/robot) by extensions ['ros']
[1.256s] Level 1:colcon.colcon_core.package_identification:_identify(src/robot) by extension 'ros'
[1.276s] DEBUG:colcon.colcon_core.package_identification:Package 'src/robot' with type 'ros.ament_python' and name 'robot'
[1.277s] Level 1:colcon.colcon_core.package_identification:_identify(src/ros2_astra_camera) by extensions ['ignore', 'ignore_ament_install']
[1.277s] Level 1:colcon.colcon_core.package_identification:_identify(src/ros2_astra_camera) by extension 'ignore'
[1.278s] Level 1:colcon.colcon_core.package_identification:_identify(src/ros2_astra_camera) by extension 'ignore_ament_install'
[1.278s] Level 1:colcon.colcon_core.package_identification:_identify(src/ros2_astra_camera) by extensions ['colcon_pkg']
[1.278s] Level 1:colcon.colcon_core.package_identification:_identify(src/ros2_astra_camera) by extension 'colcon_pkg'
[1.278s] Level 1:colcon.colcon_core.package_identification:_identify(src/ros2_astra_camera) by extensions ['colcon_meta']
[1.278s] Level 1:colcon.colcon_core.package_identification:_identify(src/ros2_astra_camera) by extension 'colcon_meta'
[1.278s] Level 1:colcon.colcon_core.package_identification:_identify(src/ros2_astra_camera) by extensions ['ros']
[1.279s] Level 1:colcon.colcon_core.package_identification:_identify(src/ros2_astra_camera) by extension 'ros'
[1.279s] Level 1:colcon.colcon_core.package_identification:_identify(src/ros2_astra_camera) by extensions ['cmake', 'python']
[1.279s] Level 1:colcon.colcon_core.package_identification:_identify(src/ros2_astra_camera) by extension 'cmake'
[1.279s] Level 1:colcon.colcon_core.package_identification:_identify(src/ros2_astra_camera) by extension 'python'
[1.279s] Level 1:colcon.colcon_core.package_identification:_identify(src/ros2_astra_camera) by extensions ['python_setup_py']
[1.279s] Level 1:colcon.colcon_core.package_identification:_identify(src/ros2_astra_camera) by extension 'python_setup_py'
[1.280s] Level 1:colcon.colcon_core.package_identification:_identify(src/ros2_astra_camera/astra_camera) by extensions ['ignore', 'ignore_ament_install']
[1.280s] Level 1:colcon.colcon_core.package_identification:_identify(src/ros2_astra_camera/astra_camera) by extension 'ignore'
[1.281s] Level 1:colcon.colcon_core.package_identification:_identify(src/ros2_astra_camera/astra_camera) by extension 'ignore_ament_install'
[1.281s] Level 1:colcon.colcon_core.package_identification:_identify(src/ros2_astra_camera/astra_camera) by extensions ['colcon_pkg']
[1.281s] Level 1:colcon.colcon_core.package_identification:_identify(src/ros2_astra_camera/astra_camera) by extension 'colcon_pkg'
[1.281s] Level 1:colcon.colcon_core.package_identification:_identify(src/ros2_astra_camera/astra_camera) by extensions ['colcon_meta']
[1.281s] Level 1:colcon.colcon_core.package_identification:_identify(src/ros2_astra_camera/astra_camera) by extension 'colcon_meta'
[1.282s] Level 1:colcon.colcon_core.package_identification:_identify(src/ros2_astra_camera/astra_camera) by extensions ['ros']
[1.282s] Level 1:colcon.colcon_core.package_identification:_identify(src/ros2_astra_camera/astra_camera) by extension 'ros'
[1.291s] DEBUG:colcon.colcon_core.package_identification:Package 'src/ros2_astra_camera/astra_camera' with type 'ros.ament_cmake' and name 'astra_camera'
[1.292s] Level 1:colcon.colcon_core.package_identification:_identify(src/ros2_astra_camera/astra_camera_msgs) by extensions ['ignore', 'ignore_ament_install']
[1.293s] Level 1:colcon.colcon_core.package_identification:_identify(src/ros2_astra_camera/astra_camera_msgs) by extension 'ignore'
[1.293s] Level 1:colcon.colcon_core.package_identification:_identify(src/ros2_astra_camera/astra_camera_msgs) by extension 'ignore_ament_install'
[1.293s] Level 1:colcon.colcon_core.package_identification:_identify(src/ros2_astra_camera/astra_camera_msgs) by extensions ['colcon_pkg']
[1.294s] Level 1:colcon.colcon_core.package_identification:_identify(src/ros2_astra_camera/astra_camera_msgs) by extension 'colcon_pkg'
[1.294s] Level 1:colcon.colcon_core.package_identification:_identify(src/ros2_astra_camera/astra_camera_msgs) by extensions ['colcon_meta']
[1.295s] Level 1:colcon.colcon_core.package_identification:_identify(src/ros2_astra_camera/astra_camera_msgs) by extension 'colcon_meta'
[1.296s] Level 1:colcon.colcon_core.package_identification:_identify(src/ros2_astra_camera/astra_camera_msgs) by extensions ['ros']
[1.296s] Level 1:colcon.colcon_core.package_identification:_identify(src/ros2_astra_camera/astra_camera_msgs) by extension 'ros'
[1.300s] DEBUG:colcon.colcon_core.package_identification:Package 'src/ros2_astra_camera/astra_camera_msgs' with type 'ros.ament_cmake' and name 'astra_camera_msgs'
[1.302s] Level 1:colcon.colcon_core.package_discovery:discover_packages(recursive) using defaults
[1.304s] Level 1:colcon.colcon_core.package_discovery:discover_packages(ignore) discover
[1.305s] Level 1:colcon.colcon_core.package_discovery:discover_packages(ignore) using defaults
[1.306s] Level 1:colcon.colcon_core.package_discovery:discover_packages(path) discover
[1.307s] Level 1:colcon.colcon_core.package_discovery:discover_packages(path) using defaults
[1.436s] INFO:colcon.colcon_core.package_selection:Skipping not selected package 'astra_camera_msgs' in 'src/ros2_astra_camera/astra_camera_msgs'
[1.438s] INFO:colcon.colcon_core.package_selection:Skipping not selected package 'libuvc' in 'src/libuvc'
[1.439s] INFO:colcon.colcon_core.package_selection:Skipping not selected package 'astra_camera' in 'src/ros2_astra_camera/astra_camera'
[1.442s] Level 1:colcon.colcon_core.package_discovery:discover_packages(prefix_path) check parameters
[1.443s] Level 1:colcon.colcon_core.package_discovery:discover_packages(prefix_path) discover
[1.452s] DEBUG:colcon.colcon_installed_package_information.package_discovery:Found 5 installed packages in /home/tractor/ws/install
[1.462s] DEBUG:colcon.colcon_installed_package_information.package_discovery:Found 274 installed packages in /opt/ros/humble
[1.473s] Level 1:colcon.colcon_core.package_discovery:discover_packages(prefix_path) using defaults
[1.777s] Level 5:colcon.colcon_core.verb:set package 'robot' build argument 'cmake_args' from command line to 'None'
[1.777s] Level 5:colcon.colcon_core.verb:set package 'robot' build argument 'cmake_target' from command line to 'None'
[1.777s] Level 5:colcon.colcon_core.verb:set package 'robot' build argument 'cmake_target_skip_unavailable' from command line to 'False'
[1.777s] Level 5:colcon.colcon_core.verb:set package 'robot' build argument 'cmake_clean_cache' from command line to 'False'
[1.778s] Level 5:colcon.colcon_core.verb:set package 'robot' build argument 'cmake_clean_first' from command line to 'False'
[1.778s] Level 5:colcon.colcon_core.verb:set package 'robot' build argument 'cmake_force_configure' from command line to 'False'
[1.778s] Level 5:colcon.colcon_core.verb:set package 'robot' build argument 'ament_cmake_args' from command line to 'None'
[1.778s] Level 5:colcon.colcon_core.verb:set package 'robot' build argument 'catkin_cmake_args' from command line to 'None'
[1.778s] Level 5:colcon.colcon_core.verb:set package 'robot' build argument 'catkin_skip_building_tests' from command line to 'False'
[1.778s] DEBUG:colcon.colcon_core.verb:Building package 'robot' with the following arguments: {'ament_cmake_args': None, 'build_base': '/home/tractor/ws/build/robot', 'catkin_cmake_args': None, 'catkin_skip_building_tests': False, 'cmake_args': None, 'cmake_clean_cache': False, 'cmake_clean_first': False, 'cmake_force_configure': False, 'cmake_target': None, 'cmake_target_skip_unavailable': False, 'install_base': '/home/tractor/ws/install/robot', 'merge_install': False, 'path': '/home/tractor/ws/src/robot', 'symlink_install': False, 'test_result_base': None}
[1.779s] INFO:colcon.colcon_core.executor:Executing jobs using 'parallel' executor
[1.782s] DEBUG:colcon.colcon_parallel_executor.executor.parallel:run_until_complete
[1.783s] INFO:colcon.colcon_ros.task.ament_python.build:Building ROS package in '/home/tractor/ws/src/robot' with build type 'ament_python'
[1.784s] Level 1:colcon.colcon_core.shell:create_environment_hook('robot', 'ament_prefix_path')
[1.799s] INFO:colcon.colcon_core.plugin_system:Skipping extension 'colcon_core.shell.bat': Not used on non-Windows systems
[1.804s] INFO:colcon.colcon_core.shell:Creating environment hook '/home/tractor/ws/install/robot/share/robot/hook/ament_prefix_path.ps1'
[1.811s] INFO:colcon.colcon_core.shell:Creating environment descriptor '/home/tractor/ws/install/robot/share/robot/hook/ament_prefix_path.dsv'
[1.814s] INFO:colcon.colcon_core.shell:Creating environment hook '/home/tractor/ws/install/robot/share/robot/hook/ament_prefix_path.sh'
[1.819s] INFO:colcon.colcon_core.shell:Skip shell extension 'powershell' for command environment: Not usable outside of PowerShell
[1.820s] DEBUG:colcon.colcon_core.shell:Skip shell extension 'dsv' for command environment
[3.684s] INFO:colcon.colcon_core.task.python.build:Building Python package in '/home/tractor/ws/src/robot'
[3.685s] INFO:colcon.colcon_core.shell:Skip shell extension 'powershell' for command environment: Not usable outside of PowerShell
[3.686s] DEBUG:colcon.colcon_core.shell:Skip shell extension 'dsv' for command environment
[8.457s] DEBUG:colcon.colcon_core.event_handler.log_command:Invoking command in '/home/tractor/ws/src/robot': PYTHONPATH=/home/tractor/ws/build/robot/prefix_override:/home/tractor/ws/install/robot/lib/python3.10/site-packages:${PYTHONPATH} /usr/bin/python3 -W ignore:setup.py install is deprecated setup.py egg_info --egg-base ../../build/robot build --build-base /home/tractor/ws/build/robot/build install --record /home/tractor/ws/build/robot/install.log --single-version-externally-managed install_data
[13.085s] DEBUG:colcon.colcon_core.event_handler.log_command:Invoked command in '/home/tractor/ws/src/robot' returned '0': PYTHONPATH=/home/tractor/ws/build/robot/prefix_override:/home/tractor/ws/install/robot/lib/python3.10/site-packages:${PYTHONPATH} /usr/bin/python3 -W ignore:setup.py install is deprecated setup.py egg_info --egg-base ../../build/robot build --build-base /home/tractor/ws/build/robot/build install --record /home/tractor/ws/build/robot/install.log --single-version-externally-managed install_data
[13.101s] Level 1:colcon.colcon_core.environment:checking '/home/tractor/ws/install/robot' for CMake module files
[13.107s] Level 1:colcon.colcon_core.environment:checking '/home/tractor/ws/install/robot' for CMake config files
[13.113s] Level 1:colcon.colcon_core.environment:checking '/home/tractor/ws/install/robot/lib'
[13.114s] Level 1:colcon.colcon_core.environment:checking '/home/tractor/ws/install/robot/bin'
[13.115s] Level 1:colcon.colcon_core.environment:checking '/home/tractor/ws/install/robot/lib/pkgconfig/robot.pc'
[13.116s] Level 1:colcon.colcon_core.environment:checking '/home/tractor/ws/install/robot/lib/python3.10/site-packages'
[13.116s] Level 1:colcon.colcon_core.shell:create_environment_hook('robot', 'pythonpath')
[13.117s] INFO:colcon.colcon_core.shell:Creating environment hook '/home/tractor/ws/install/robot/share/robot/hook/pythonpath.ps1'
[13.120s] INFO:colcon.colcon_core.shell:Creating environment descriptor '/home/tractor/ws/install/robot/share/robot/hook/pythonpath.dsv'
[13.121s] INFO:colcon.colcon_core.shell:Creating environment hook '/home/tractor/ws/install/robot/share/robot/hook/pythonpath.sh'
[13.125s] Level 1:colcon.colcon_core.environment:checking '/home/tractor/ws/install/robot/bin'
[13.126s] Level 1:colcon.colcon_core.environment:create_environment_scripts_only(robot)
[13.127s] INFO:colcon.colcon_core.shell:Creating package script '/home/tractor/ws/install/robot/share/robot/package.ps1'
[13.132s] INFO:colcon.colcon_core.shell:Creating package descriptor '/home/tractor/ws/install/robot/share/robot/package.dsv'
[13.142s] INFO:colcon.colcon_core.shell:Creating package script '/home/tractor/ws/install/robot/share/robot/package.sh'
[13.147s] INFO:colcon.colcon_core.shell:Creating package script '/home/tractor/ws/install/robot/share/robot/package.bash'
[13.152s] INFO:colcon.colcon_core.shell:Creating package script '/home/tractor/ws/install/robot/share/robot/package.zsh'
[13.157s] Level 1:colcon.colcon_core.environment:create_file_with_runtime_dependencies(/home/tractor/ws/install/robot/share/colcon-core/packages/robot)
[13.159s] DEBUG:colcon.colcon_parallel_executor.executor.parallel:closing loop
[13.161s] DEBUG:colcon.colcon_parallel_executor.executor.parallel:loop closed
[13.161s] DEBUG:colcon.colcon_parallel_executor.executor.parallel:run_until_complete finished with '0'
[13.162s] DEBUG:colcon.colcon_core.event_reactor:joining thread
[13.207s] INFO:colcon.colcon_core.plugin_system:Skipping extension 'colcon_notification.desktop_notification.terminal_notifier': Not used on non-Darwin systems
[13.209s] INFO:colcon.colcon_core.plugin_system:Skipping extension 'colcon_notification.desktop_notification.win32': Not used on non-Windows systems
[13.209s] INFO:colcon.colcon_notification.desktop_notification:Sending desktop notification using 'notify2'
[13.322s] DEBUG:colcon.colcon_core.event_reactor:joined thread
[13.323s] INFO:colcon.colcon_core.shell:Creating prefix script '/home/tractor/ws/install/local_setup.ps1'
[13.329s] INFO:colcon.colcon_core.shell:Creating prefix util module '/home/tractor/ws/install/_local_setup_util_ps1.py'
[13.339s] INFO:colcon.colcon_core.shell:Creating prefix chain script '/home/tractor/ws/install/setup.ps1'
[13.359s] INFO:colcon.colcon_core.shell:Creating prefix script '/home/tractor/ws/install/local_setup.sh'
[13.366s] INFO:colcon.colcon_core.shell:Creating prefix util module '/home/tractor/ws/install/_local_setup_util_sh.py'
[13.373s] INFO:colcon.colcon_core.shell:Creating prefix chain script '/home/tractor/ws/install/setup.sh'
[13.390s] INFO:colcon.colcon_core.shell:Creating prefix script '/home/tractor/ws/install/local_setup.bash'
[13.401s] INFO:colcon.colcon_core.shell:Creating prefix chain script '/home/tractor/ws/install/setup.bash'
[13.419s] INFO:colcon.colcon_core.shell:Creating prefix script '/home/tractor/ws/install/local_setup.zsh'
[13.427s] INFO:colcon.colcon_core.shell:Creating prefix chain script '/home/tractor/ws/install/setup.zsh'
