[5.292s] Invoking command in '/home/tractor/ws/src/robot': PYTHONPATH=/home/tractor/ws/build/robot/prefix_override:/home/tractor/ws/install/robot/lib/python3.10/site-packages:${PYTHONPATH} /usr/bin/python3 -W ignore:setup.py install is deprecated setup.py egg_info --egg-base ../../build/robot build --build-base /home/tractor/ws/build/robot/build install --record /home/tractor/ws/build/robot/install.log --single-version-externally-managed install_data
[6.546s] running egg_info
[6.633s] writing ../../build/robot/robot.egg-info/PKG-INFO
[6.639s] writing dependency_links to ../../build/robot/robot.egg-info/dependency_links.txt
[6.640s] writing entry points to ../../build/robot/robot.egg-info/entry_points.txt
[6.642s] writing requirements to ../../build/robot/robot.egg-info/requires.txt
[6.643s] writing top-level names to ../../build/robot/robot.egg-info/top_level.txt
[6.802s] reading manifest file '../../build/robot/robot.egg-info/SOURCES.txt'
[6.809s] adding license file 'LICENSE'
[6.809s] writing manifest file '../../build/robot/robot.egg-info/SOURCES.txt'
[6.810s] running build
[6.810s] running build_py
[6.813s] copying robot/vision.py -> /home/tractor/ws/build/robot/build/lib/robot
[6.814s] copying robot/startRobot.py -> /home/tractor/ws/build/robot/build/lib/robot
[6.815s] copying robot/stop_sign_detection_screen_shots.py -> /home/tractor/ws/build/robot/build/lib/robot
[6.817s] copying robot/Locomotion.py -> /home/tractor/ws/build/robot/build/lib/robot
[6.818s] copying robot/__init__.py -> /home/tractor/ws/build/robot/build/lib/robot
[6.820s] running install
[6.848s] running install_lib
[6.970s] copying /home/tractor/ws/build/robot/build/lib/robot/Locomotion.py -> /home/tractor/ws/install/robot/lib/python3.10/site-packages/robot
[6.979s] byte-compiling /home/tractor/ws/install/robot/lib/python3.10/site-packages/robot/Locomotion.py to Locomotion.cpython-310.pyc
[6.985s] running install_data
[6.989s] copying resource/robot -> /home/tractor/ws/install/robot/share/ament_index/resource_index/packages
[6.990s] copying package.xml -> /home/tractor/ws/install/robot/share/robot
[6.992s] running install_egg_info
[7.101s] removing '/home/tractor/ws/install/robot/lib/python3.10/site-packages/robot-0.0.0-py3.10.egg-info' (and everything under it)
[7.103s] Copying ../../build/robot/robot.egg-info to /home/tractor/ws/install/robot/lib/python3.10/site-packages/robot-0.0.0-py3.10.egg-info
[7.112s] running install_scripts
[7.937s] Installing Locomotion script to /home/tractor/ws/install/robot/lib/robot
[7.942s] Installing stop script to /home/tractor/ws/install/robot/lib/robot
[7.943s] Installing vision script to /home/tractor/ws/install/robot/lib/robot
[7.946s] writing list of installed files to '/home/tractor/ws/build/robot/install.log'
[8.107s] Invoked command in '/home/tractor/ws/src/robot' returned '0': PYTHONPATH=/home/tractor/ws/build/robot/prefix_override:/home/tractor/ws/install/robot/lib/python3.10/site-packages:${PYTHONPATH} /usr/bin/python3 -W ignore:setup.py install is deprecated setup.py egg_info --egg-base ../../build/robot build --build-base /home/tractor/ws/build/robot/build install --record /home/tractor/ws/build/robot/install.log --single-version-externally-managed install_data
