[3.407s] Invoking command in '/home/tractor/ws/src/robot': PYTHONPATH=/home/tractor/ws/build/robot/prefix_override:/home/tractor/ws/install/robot/lib/python3.10/site-packages:${PYTHONPATH} /usr/bin/python3 -W ignore:setup.py install is deprecated setup.py egg_info --egg-base ../../build/robot build --build-base /home/tractor/ws/build/robot/build install --record /home/tractor/ws/build/robot/install.log --single-version-externally-managed install_data
[4.515s] running egg_info
[4.584s] writing ../../build/robot/robot.egg-info/PKG-INFO
[4.586s] writing dependency_links to ../../build/robot/robot.egg-info/dependency_links.txt
[4.587s] writing entry points to ../../build/robot/robot.egg-info/entry_points.txt
[4.589s] writing requirements to ../../build/robot/robot.egg-info/requires.txt
[4.589s] writing top-level names to ../../build/robot/robot.egg-info/top_level.txt
[4.727s] reading manifest file '../../build/robot/robot.egg-info/SOURCES.txt'
[4.729s] adding license file 'LICENSE'
[4.732s] writing manifest file '../../build/robot/robot.egg-info/SOURCES.txt'
[4.733s] running build
[4.733s] running build_py
[4.734s] copying robot/startRobot.py -> /home/tractor/ws/build/robot/build/lib/robot
[4.735s] copying robot/Locomotion.py -> /home/tractor/ws/build/robot/build/lib/robot
[4.736s] copying robot/__init__.py -> /home/tractor/ws/build/robot/build/lib/robot
[4.737s] running install
[4.760s] running install_lib
[4.827s] copying /home/tractor/ws/build/robot/build/lib/robot/Locomotion.py -> /home/tractor/ws/install/robot/lib/python3.10/site-packages/robot
[4.831s] byte-compiling /home/tractor/ws/install/robot/lib/python3.10/site-packages/robot/Locomotion.py to Locomotion.cpython-310.pyc
[4.836s] running install_data
[4.836s] copying resource/robot -> /home/tractor/ws/install/robot/share/ament_index/resource_index/packages
[4.837s] copying package.xml -> /home/tractor/ws/install/robot/share/robot
[4.838s] running install_egg_info
[4.911s] removing '/home/tractor/ws/install/robot/lib/python3.10/site-packages/robot-0.0.0-py3.10.egg-info' (and everything under it)
[4.913s] Copying ../../build/robot/robot.egg-info to /home/tractor/ws/install/robot/lib/python3.10/site-packages/robot-0.0.0-py3.10.egg-info
[4.918s] running install_scripts
[5.575s] Installing Locomotion script to /home/tractor/ws/install/robot/lib/robot
[5.577s] writing list of installed files to '/home/tractor/ws/build/robot/install.log'
[5.719s] Invoked command in '/home/tractor/ws/src/robot' returned '0': PYTHONPATH=/home/tractor/ws/build/robot/prefix_override:/home/tractor/ws/install/robot/lib/python3.10/site-packages:${PYTHONPATH} /usr/bin/python3 -W ignore:setup.py install is deprecated setup.py egg_info --egg-base ../../build/robot build --build-base /home/tractor/ws/build/robot/build install --record /home/tractor/ws/build/robot/install.log --single-version-externally-managed install_data
