[3.564s] Invoking command in '/home/tractor/ws/src/robot': PYTHONPATH=/home/tractor/ws/build/robot/prefix_override:/home/tractor/ws/install/robot/lib/python3.10/site-packages:${PYTHONPATH} /usr/bin/python3 -W ignore:setup.py install is deprecated setup.py egg_info --egg-base ../../build/robot build --build-base /home/tractor/ws/build/robot/build install --record /home/tractor/ws/build/robot/install.log --single-version-externally-managed install_data
[4.650s] running egg_info
[4.718s] writing ../../build/robot/robot.egg-info/PKG-INFO
[4.720s] writing dependency_links to ../../build/robot/robot.egg-info/dependency_links.txt
[4.721s] writing entry points to ../../build/robot/robot.egg-info/entry_points.txt
[4.723s] writing requirements to ../../build/robot/robot.egg-info/requires.txt
[4.723s] writing top-level names to ../../build/robot/robot.egg-info/top_level.txt
[4.859s] reading manifest file '../../build/robot/robot.egg-info/SOURCES.txt'
[4.860s] adding license file 'LICENSE'
[4.863s] writing manifest file '../../build/robot/robot.egg-info/SOURCES.txt'
[4.865s] running build
[4.865s] running build_py
[4.866s] copying robot/startRobot.py -> /home/tractor/ws/build/robot/build/lib/robot
[4.868s] copying robot/Locomotion.py -> /home/tractor/ws/build/robot/build/lib/robot
[4.870s] copying robot/__init__.py -> /home/tractor/ws/build/robot/build/lib/robot
[4.872s] running install
[4.893s] running install_lib
[4.957s] copying /home/tractor/ws/build/robot/build/lib/robot/Locomotion.py -> /home/tractor/ws/install/robot/lib/python3.10/site-packages/robot
[4.961s] byte-compiling /home/tractor/ws/install/robot/lib/python3.10/site-packages/robot/Locomotion.py to Locomotion.cpython-310.pyc
[4.967s] running install_data
[4.969s] copying resource/robot -> /home/tractor/ws/install/robot/share/ament_index/resource_index/packages
[4.970s] copying package.xml -> /home/tractor/ws/install/robot/share/robot
[4.971s] running install_egg_info
[5.040s] removing '/home/tractor/ws/install/robot/lib/python3.10/site-packages/robot-0.0.0-py3.10.egg-info' (and everything under it)
[5.042s] Copying ../../build/robot/robot.egg-info to /home/tractor/ws/install/robot/lib/python3.10/site-packages/robot-0.0.0-py3.10.egg-info
[5.047s] running install_scripts
[5.700s] Installing Locomotion script to /home/tractor/ws/install/robot/lib/robot
[5.702s] writing list of installed files to '/home/tractor/ws/build/robot/install.log'
[5.844s] Invoked command in '/home/tractor/ws/src/robot' returned '0': PYTHONPATH=/home/tractor/ws/build/robot/prefix_override:/home/tractor/ws/install/robot/lib/python3.10/site-packages:${PYTHONPATH} /usr/bin/python3 -W ignore:setup.py install is deprecated setup.py egg_info --egg-base ../../build/robot build --build-base /home/tractor/ws/build/robot/build install --record /home/tractor/ws/build/robot/install.log --single-version-externally-managed install_data
