[6.362s] Invoking command in '/home/tractor/ws/src/robot': PYTHONPATH=/home/tractor/ws/build/robot/prefix_override:/home/tractor/ws/install/robot/lib/python3.10/site-packages:${PYTHONPATH} /usr/bin/python3 -W ignore:setup.py install is deprecated setup.py egg_info --egg-base ../../build/robot build --build-base /home/tractor/ws/build/robot/build install --record /home/tractor/ws/build/robot/install.log --single-version-externally-managed install_data
[8.396s] running egg_info
[8.537s] writing ../../build/robot/robot.egg-info/PKG-INFO
[8.541s] writing dependency_links to ../../build/robot/robot.egg-info/dependency_links.txt
[8.549s] writing entry points to ../../build/robot/robot.egg-info/entry_points.txt
[8.552s] writing requirements to ../../build/robot/robot.egg-info/requires.txt
[8.554s] writing top-level names to ../../build/robot/robot.egg-info/top_level.txt
[8.825s] reading manifest file '../../build/robot/robot.egg-info/SOURCES.txt'
[8.827s] adding license file 'LICENSE'
[8.831s] writing manifest file '../../build/robot/robot.egg-info/SOURCES.txt'
[8.834s] running build
[8.836s] running build_py
[8.837s] copying robot/vision.py -> /home/tractor/ws/build/robot/build/lib/robot
[8.842s] copying robot/startRobot.py -> /home/tractor/ws/build/robot/build/lib/robot
[8.845s] copying robot/stop_sign_detection_screen_shots.py -> /home/tractor/ws/build/robot/build/lib/robot
[8.849s] copying robot/Locomotion.py -> /home/tractor/ws/build/robot/build/lib/robot
[8.850s] copying robot/__init__.py -> /home/tractor/ws/build/robot/build/lib/robot
[8.851s] running install
[8.893s] running install_lib
[9.102s] copying /home/tractor/ws/build/robot/build/lib/robot/stop_sign_detection_screen_shots.py -> /home/tractor/ws/install/robot/lib/python3.10/site-packages/robot
[9.112s] byte-compiling /home/tractor/ws/install/robot/lib/python3.10/site-packages/robot/stop_sign_detection_screen_shots.py to stop_sign_detection_screen_shots.cpython-310.pyc
[9.123s] running install_data
[9.125s] copying resource/robot -> /home/tractor/ws/install/robot/share/ament_index/resource_index/packages
[9.130s] copying package.xml -> /home/tractor/ws/install/robot/share/robot
[9.132s] running install_egg_info
[9.325s] removing '/home/tractor/ws/install/robot/lib/python3.10/site-packages/robot-0.0.0-py3.10.egg-info' (and everything under it)
[9.327s] Copying ../../build/robot/robot.egg-info to /home/tractor/ws/install/robot/lib/python3.10/site-packages/robot-0.0.0-py3.10.egg-info
[9.338s] running install_scripts
[10.695s] Installing Locomotion script to /home/tractor/ws/install/robot/lib/robot
[10.696s] Installing stop script to /home/tractor/ws/install/robot/lib/robot
[10.697s] Installing vision script to /home/tractor/ws/install/robot/lib/robot
[10.701s] writing list of installed files to '/home/tractor/ws/build/robot/install.log'
[10.961s] Invoked command in '/home/tractor/ws/src/robot' returned '0': PYTHONPATH=/home/tractor/ws/build/robot/prefix_override:/home/tractor/ws/install/robot/lib/python3.10/site-packages:${PYTHONPATH} /usr/bin/python3 -W ignore:setup.py install is deprecated setup.py egg_info --egg-base ../../build/robot build --build-base /home/tractor/ws/build/robot/build install --record /home/tractor/ws/build/robot/install.log --single-version-externally-managed install_data
