[20.179s] Invoking command in '/home/tractor/ws/src/robot': PYTHONPATH=/home/tractor/ws/build/robot/prefix_override:/home/tractor/ws/install/robot/lib/python3.10/site-packages:${PYTHONPATH} /usr/bin/python3 -W ignore:setup.py install is deprecated setup.py egg_info --egg-base ../../build/robot build --build-base /home/tractor/ws/build/robot/build install --record /home/tractor/ws/build/robot/install.log --single-version-externally-managed install_data
[26.694s] running egg_info
[27.210s] writing ../../build/robot/robot.egg-info/PKG-INFO
[27.220s] writing dependency_links to ../../build/robot/robot.egg-info/dependency_links.txt
[27.227s] writing entry points to ../../build/robot/robot.egg-info/entry_points.txt
[27.234s] writing requirements to ../../build/robot/robot.egg-info/requires.txt
[27.246s] writing top-level names to ../../build/robot/robot.egg-info/top_level.txt
[28.434s] reading manifest file '../../build/robot/robot.egg-info/SOURCES.txt'
[28.440s] adding license file 'LICENSE'
[28.462s] writing manifest file '../../build/robot/robot.egg-info/SOURCES.txt'
[28.470s] running build
[28.500s] running build_py
[28.501s] copying robot/vision.py -> /home/tractor/ws/build/robot/build/lib/robot
[28.503s] copying robot/startRobot.py -> /home/tractor/ws/build/robot/build/lib/robot
[28.508s] copying robot/stop_sign_detection_screen_shots.py -> /home/tractor/ws/build/robot/build/lib/robot
[28.508s] copying robot/Locomotion.py -> /home/tractor/ws/build/robot/build/lib/robot
[28.514s] copying robot/__init__.py -> /home/tractor/ws/build/robot/build/lib/robot
[28.519s] running install
[28.577s] running install_lib
[29.146s] copying /home/tractor/ws/build/robot/build/lib/robot/stop_sign_detection_screen_shots.py -> /home/tractor/ws/install/robot/lib/python3.10/site-packages/robot
[29.164s] byte-compiling /home/tractor/ws/install/robot/lib/python3.10/site-packages/robot/stop_sign_detection_screen_shots.py to stop_sign_detection_screen_shots.cpython-310.pyc
[29.179s] Sorry: TabError: inconsistent use of tabs and spaces in indentation (stop_sign_detection_screen_shots.py, line 54)
[29.183s] running install_data
[29.192s] copying resource/robot -> /home/tractor/ws/install/robot/share/ament_index/resource_index/packages
[29.195s] copying package.xml -> /home/tractor/ws/install/robot/share/robot
[29.195s] running install_egg_info
[29.824s] removing '/home/tractor/ws/install/robot/lib/python3.10/site-packages/robot-0.0.0-py3.10.egg-info' (and everything under it)
[29.837s] Copying ../../build/robot/robot.egg-info to /home/tractor/ws/install/robot/lib/python3.10/site-packages/robot-0.0.0-py3.10.egg-info
[29.861s] running install_scripts
[34.621s] Installing Locomotion script to /home/tractor/ws/install/robot/lib/robot
[34.624s] Installing stop script to /home/tractor/ws/install/robot/lib/robot
[34.652s] Installing vision script to /home/tractor/ws/install/robot/lib/robot
[34.662s] writing list of installed files to '/home/tractor/ws/build/robot/install.log'
[35.211s] Invoked command in '/home/tractor/ws/src/robot' returned '0': PYTHONPATH=/home/tractor/ws/build/robot/prefix_override:/home/tractor/ws/install/robot/lib/python3.10/site-packages:${PYTHONPATH} /usr/bin/python3 -W ignore:setup.py install is deprecated setup.py egg_info --egg-base ../../build/robot build --build-base /home/tractor/ws/build/robot/build install --record /home/tractor/ws/build/robot/install.log --single-version-externally-managed install_data
