[3.801s] Invoking command in '/home/tractor/ws/src/robot': PYTHONPATH=/home/tractor/ws/build/robot/prefix_override:/home/tractor/ws/install/robot/lib/python3.10/site-packages:${PYTHONPATH} /usr/bin/python3 -W ignore:setup.py install is deprecated setup.py egg_info --egg-base ../../build/robot build --build-base /home/tractor/ws/build/robot/build install --record /home/tractor/ws/build/robot/install.log --single-version-externally-managed install_data
[4.906s] running egg_info
[4.974s] writing ../../build/robot/robot.egg-info/PKG-INFO
[4.976s] writing dependency_links to ../../build/robot/robot.egg-info/dependency_links.txt
[4.978s] writing entry points to ../../build/robot/robot.egg-info/entry_points.txt
[4.979s] writing requirements to ../../build/robot/robot.egg-info/requires.txt
[4.980s] writing top-level names to ../../build/robot/robot.egg-info/top_level.txt
[5.116s] reading manifest file '../../build/robot/robot.egg-info/SOURCES.txt'
[5.118s] adding license file 'LICENSE'
[5.120s] writing manifest file '../../build/robot/robot.egg-info/SOURCES.txt'
[5.121s] running build
[5.121s] running build_py
[5.122s] copying robot/startRobot.py -> /home/tractor/ws/build/robot/build/lib/robot
[5.123s] copying robot/Locomotion.py -> /home/tractor/ws/build/robot/build/lib/robot
[5.124s] copying robot/__init__.py -> /home/tractor/ws/build/robot/build/lib/robot
[5.126s] running install
[5.148s] running install_lib
[5.224s] copying /home/tractor/ws/build/robot/build/lib/robot/Locomotion.py -> /home/tractor/ws/install/robot/lib/python3.10/site-packages/robot
[5.227s] byte-compiling /home/tractor/ws/install/robot/lib/python3.10/site-packages/robot/Locomotion.py to Locomotion.cpython-310.pyc
[5.233s] running install_data
[5.233s] copying resource/robot -> /home/tractor/ws/install/robot/share/ament_index/resource_index/packages
[5.234s] copying package.xml -> /home/tractor/ws/install/robot/share/robot
[5.235s] running install_egg_info
[5.311s] removing '/home/tractor/ws/install/robot/lib/python3.10/site-packages/robot-0.0.0-py3.10.egg-info' (and everything under it)
[5.312s] Copying ../../build/robot/robot.egg-info to /home/tractor/ws/install/robot/lib/python3.10/site-packages/robot-0.0.0-py3.10.egg-info
[5.317s] running install_scripts
[5.994s] Installing Locomotion script to /home/tractor/ws/install/robot/lib/robot
[5.996s] writing list of installed files to '/home/tractor/ws/build/robot/install.log'
[6.140s] Invoked command in '/home/tractor/ws/src/robot' returned '0': PYTHONPATH=/home/tractor/ws/build/robot/prefix_override:/home/tractor/ws/install/robot/lib/python3.10/site-packages:${PYTHONPATH} /usr/bin/python3 -W ignore:setup.py install is deprecated setup.py egg_info --egg-base ../../build/robot build --build-base /home/tractor/ws/build/robot/build install --record /home/tractor/ws/build/robot/install.log --single-version-externally-managed install_data
