[0.139s] Invoking command in '/home/tractor/ws/build/astra_camera_msgs': CMAKE_PREFIX_PATH=${CMAKE_PREFIX_PATH}:/home/tractor/ws/install/robot:/opt/ros/humble /usr/bin/cmake --build /home/tractor/ws/build/astra_camera_msgs -- -j4 -l4
[0.687s] [  1%] Built target astra_camera_msgs__cpp
[0.940s] [  1%] Built target ament_cmake_python_copy_astra_camera_msgs
[1.130s] [ 12%] Built target astra_camera_msgs__rosidl_typesupport_fastrtps_cpp
[1.286s] [ 24%] Built target astra_camera_msgs__rosidl_typesupport_introspection_cpp
[2.630s] running egg_info
[2.719s] writing astra_camera_msgs.egg-info/PKG-INFO
[2.721s] writing dependency_links to astra_camera_msgs.egg-info/dependency_links.txt
[2.723s] writing top-level names to astra_camera_msgs.egg-info/top_level.txt
[3.013s] reading manifest file 'astra_camera_msgs.egg-info/SOURCES.txt'
[3.020s] writing manifest file 'astra_camera_msgs.egg-info/SOURCES.txt'
[3.196s] [ 24%] Built target ament_cmake_python_build_astra_camera_msgs_egg
[3.340s] [ 35%] Built target astra_camera_msgs__rosidl_typesupport_cpp
[3.486s] [ 47%] Built target astra_camera_msgs__rosidl_generator_c
[3.767s] [ 58%] Built target astra_camera_msgs__rosidl_typesupport_fastrtps_c
[3.902s] [ 70%] Built target astra_camera_msgs__rosidl_typesupport_c
[4.049s] [ 82%] Built target astra_camera_msgs__rosidl_typesupport_introspection_c
[4.166s] [ 82%] Built target astra_camera_msgs
[4.278s] [ 83%] Built target astra_camera_msgs__py
[4.420s] [ 93%] Built target astra_camera_msgs__rosidl_generator_py
[4.545s] [ 95%] Built target astra_camera_msgs__rosidl_typesupport_fastrtps_c__pyext
[4.731s] [ 97%] Built target astra_camera_msgs__rosidl_typesupport_c__pyext
[4.882s] [100%] Built target astra_camera_msgs__rosidl_typesupport_introspection_c__pyext
[4.941s] Invoked command in '/home/tractor/ws/build/astra_camera_msgs' returned '0': CMAKE_PREFIX_PATH=${CMAKE_PREFIX_PATH}:/home/tractor/ws/install/robot:/opt/ros/humble /usr/bin/cmake --build /home/tractor/ws/build/astra_camera_msgs -- -j4 -l4
[6.401s] Invoking command in '/home/tractor/ws/build/astra_camera_msgs': CMAKE_PREFIX_PATH=${CMAKE_PREFIX_PATH}:/home/tractor/ws/install/robot:/opt/ros/humble /usr/bin/cmake --install /home/tractor/ws/build/astra_camera_msgs
[6.438s] -- Install configuration: "Release"
[6.439s] -- Up-to-date: /home/tractor/ws/install/astra_camera_msgs/share/ament_index/resource_index/rosidl_interfaces/astra_camera_msgs
[6.441s] -- Up-to-date: /home/tractor/ws/install/astra_camera_msgs/include/astra_camera_msgs/astra_camera_msgs
[6.441s] -- Up-to-date: /home/tractor/ws/install/astra_camera_msgs/include/astra_camera_msgs/astra_camera_msgs/srv
[6.443s] -- Up-to-date: /home/tractor/ws/install/astra_camera_msgs/include/astra_camera_msgs/astra_camera_msgs/srv/detail
[6.444s] -- Up-to-date: /home/tractor/ws/install/astra_camera_msgs/include/astra_camera_msgs/astra_camera_msgs/srv/detail/get_camera_params__functions.h
[6.445s] -- Up-to-date: /home/tractor/ws/install/astra_camera_msgs/include/astra_camera_msgs/astra_camera_msgs/srv/detail/get_string__type_support.h
[6.446s] -- Up-to-date: /home/tractor/ws/install/astra_camera_msgs/include/astra_camera_msgs/astra_camera_msgs/srv/detail/get_camera_info__functions.c
[6.446s] -- Up-to-date: /home/tractor/ws/install/astra_camera_msgs/include/astra_camera_msgs/astra_camera_msgs/srv/detail/get_camera_params__functions.c
[6.447s] -- Up-to-date: /home/tractor/ws/install/astra_camera_msgs/include/astra_camera_msgs/astra_camera_msgs/srv/detail/set_int32__type_support.h
[6.449s] -- Up-to-date: /home/tractor/ws/install/astra_camera_msgs/include/astra_camera_msgs/astra_camera_msgs/srv/detail/get_device_info__type_support.h
[6.450s] -- Up-to-date: /home/tractor/ws/install/astra_camera_msgs/include/astra_camera_msgs/astra_camera_msgs/srv/detail/get_device_info__functions.c
[6.451s] -- Up-to-date: /home/tractor/ws/install/astra_camera_msgs/include/astra_camera_msgs/astra_camera_msgs/srv/detail/get_string__functions.h
[6.451s] -- Up-to-date: /home/tractor/ws/install/astra_camera_msgs/include/astra_camera_msgs/astra_camera_msgs/srv/detail/get_camera_info__functions.h
[6.452s] -- Up-to-date: /home/tractor/ws/install/astra_camera_msgs/include/astra_camera_msgs/astra_camera_msgs/srv/detail/get_device_info__struct.h
[6.453s] -- Up-to-date: /home/tractor/ws/install/astra_camera_msgs/include/astra_camera_msgs/astra_camera_msgs/srv/detail/get_int32__functions.h
[6.454s] -- Up-to-date: /home/tractor/ws/install/astra_camera_msgs/include/astra_camera_msgs/astra_camera_msgs/srv/detail/get_camera_info__struct.h
[6.455s] -- Up-to-date: /home/tractor/ws/install/astra_camera_msgs/include/astra_camera_msgs/astra_camera_msgs/srv/detail/get_string__struct.h
[6.455s] -- Up-to-date: /home/tractor/ws/install/astra_camera_msgs/include/astra_camera_msgs/astra_camera_msgs/srv/detail/get_int32__functions.c
[6.456s] -- Up-to-date: /home/tractor/ws/install/astra_camera_msgs/include/astra_camera_msgs/astra_camera_msgs/srv/detail/get_int32__type_support.h
[6.458s] -- Up-to-date: /home/tractor/ws/install/astra_camera_msgs/include/astra_camera_msgs/astra_camera_msgs/srv/detail/set_int32__functions.c
[6.459s] -- Up-to-date: /home/tractor/ws/install/astra_camera_msgs/include/astra_camera_msgs/astra_camera_msgs/srv/detail/get_device_info__functions.h
[6.460s] -- Up-to-date: /home/tractor/ws/install/astra_camera_msgs/include/astra_camera_msgs/astra_camera_msgs/srv/detail/set_int32__struct.h
[6.461s] -- Up-to-date: /home/tractor/ws/install/astra_camera_msgs/include/astra_camera_msgs/astra_camera_msgs/srv/detail/get_string__functions.c
[6.462s] -- Up-to-date: /home/tractor/ws/install/astra_camera_msgs/include/astra_camera_msgs/astra_camera_msgs/srv/detail/get_camera_params__type_support.h
[6.463s] -- Up-to-date: /home/tractor/ws/install/astra_camera_msgs/include/astra_camera_msgs/astra_camera_msgs/srv/detail/get_int32__struct.h
[6.464s] -- Up-to-date: /home/tractor/ws/install/astra_camera_msgs/include/astra_camera_msgs/astra_camera_msgs/srv/detail/get_camera_params__struct.h
[6.464s] -- Up-to-date: /home/tractor/ws/install/astra_camera_msgs/include/astra_camera_msgs/astra_camera_msgs/srv/detail/set_int32__functions.h
[6.465s] -- Up-to-date: /home/tractor/ws/install/astra_camera_msgs/include/astra_camera_msgs/astra_camera_msgs/srv/detail/get_camera_info__type_support.h
[6.465s] -- Up-to-date: /home/tractor/ws/install/astra_camera_msgs/include/astra_camera_msgs/astra_camera_msgs/srv/set_int32.h
[6.465s] -- Up-to-date: /home/tractor/ws/install/astra_camera_msgs/include/astra_camera_msgs/astra_camera_msgs/srv/get_camera_info.h
[6.466s] -- Up-to-date: /home/tractor/ws/install/astra_camera_msgs/include/astra_camera_msgs/astra_camera_msgs/srv/get_camera_params.h
[6.466s] -- Up-to-date: /home/tractor/ws/install/astra_camera_msgs/include/astra_camera_msgs/astra_camera_msgs/srv/get_int32.h
[6.467s] -- Up-to-date: /home/tractor/ws/install/astra_camera_msgs/include/astra_camera_msgs/astra_camera_msgs/srv/get_string.h
[6.467s] -- Up-to-date: /home/tractor/ws/install/astra_camera_msgs/include/astra_camera_msgs/astra_camera_msgs/srv/get_device_info.h
[6.468s] -- Up-to-date: /home/tractor/ws/install/astra_camera_msgs/include/astra_camera_msgs/astra_camera_msgs/msg
[6.469s] -- Up-to-date: /home/tractor/ws/install/astra_camera_msgs/include/astra_camera_msgs/astra_camera_msgs/msg/detail
[6.469s] -- Up-to-date: /home/tractor/ws/install/astra_camera_msgs/include/astra_camera_msgs/astra_camera_msgs/msg/detail/device_info__struct.h
[6.470s] -- Up-to-date: /home/tractor/ws/install/astra_camera_msgs/include/astra_camera_msgs/astra_camera_msgs/msg/detail/extrinsics__struct.h
[6.470s] -- Up-to-date: /home/tractor/ws/install/astra_camera_msgs/include/astra_camera_msgs/astra_camera_msgs/msg/detail/extrinsics__type_support.h
[6.471s] -- Up-to-date: /home/tractor/ws/install/astra_camera_msgs/include/astra_camera_msgs/astra_camera_msgs/msg/detail/device_info__functions.c
[6.471s] -- Up-to-date: /home/tractor/ws/install/astra_camera_msgs/include/astra_camera_msgs/astra_camera_msgs/msg/detail/metadata__type_support.h
[6.472s] -- Up-to-date: /home/tractor/ws/install/astra_camera_msgs/include/astra_camera_msgs/astra_camera_msgs/msg/detail/metadata__functions.c
[6.473s] -- Up-to-date: /home/tractor/ws/install/astra_camera_msgs/include/astra_camera_msgs/astra_camera_msgs/msg/detail/extrinsics__functions.h
[6.473s] -- Up-to-date: /home/tractor/ws/install/astra_camera_msgs/include/astra_camera_msgs/astra_camera_msgs/msg/detail/device_info__functions.h
[6.474s] -- Up-to-date: /home/tractor/ws/install/astra_camera_msgs/include/astra_camera_msgs/astra_camera_msgs/msg/detail/metadata__functions.h
[6.475s] -- Up-to-date: /home/tractor/ws/install/astra_camera_msgs/include/astra_camera_msgs/astra_camera_msgs/msg/detail/extrinsics__functions.c
[6.475s] -- Up-to-date: /home/tractor/ws/install/astra_camera_msgs/include/astra_camera_msgs/astra_camera_msgs/msg/detail/device_info__type_support.h
[6.476s] -- Up-to-date: /home/tractor/ws/install/astra_camera_msgs/include/astra_camera_msgs/astra_camera_msgs/msg/detail/metadata__struct.h
[6.476s] -- Up-to-date: /home/tractor/ws/install/astra_camera_msgs/include/astra_camera_msgs/astra_camera_msgs/msg/extrinsics.h
[6.476s] -- Up-to-date: /home/tractor/ws/install/astra_camera_msgs/include/astra_camera_msgs/astra_camera_msgs/msg/metadata.h
[6.477s] -- Up-to-date: /home/tractor/ws/install/astra_camera_msgs/include/astra_camera_msgs/astra_camera_msgs/msg/device_info.h
[6.477s] -- Up-to-date: /home/tractor/ws/install/astra_camera_msgs/include/astra_camera_msgs/astra_camera_msgs/msg/rosidl_generator_c__visibility_control.h
[6.478s] -- Up-to-date: /home/tractor/ws/install/astra_camera_msgs/share/astra_camera_msgs/environment/library_path.sh
[6.479s] -- Up-to-date: /home/tractor/ws/install/astra_camera_msgs/share/astra_camera_msgs/environment/library_path.dsv
[6.484s] -- Up-to-date: /home/tractor/ws/install/astra_camera_msgs/lib/libastra_camera_msgs__rosidl_generator_c.so
[6.487s] -- Up-to-date: /home/tractor/ws/install/astra_camera_msgs/include/astra_camera_msgs/astra_camera_msgs
[6.487s] -- Up-to-date: /home/tractor/ws/install/astra_camera_msgs/include/astra_camera_msgs/astra_camera_msgs/srv
[6.488s] -- Up-to-date: /home/tractor/ws/install/astra_camera_msgs/include/astra_camera_msgs/astra_camera_msgs/srv/detail
[6.488s] -- Up-to-date: /home/tractor/ws/install/astra_camera_msgs/include/astra_camera_msgs/astra_camera_msgs/srv/detail/set_int32__rosidl_typesupport_fastrtps_c.h
[6.488s] -- Up-to-date: /home/tractor/ws/install/astra_camera_msgs/include/astra_camera_msgs/astra_camera_msgs/srv/detail/get_device_info__rosidl_typesupport_fastrtps_c.h
[6.489s] -- Up-to-date: /home/tractor/ws/install/astra_camera_msgs/include/astra_camera_msgs/astra_camera_msgs/srv/detail/get_camera_params__rosidl_typesupport_fastrtps_c.h
[6.490s] -- Up-to-date: /home/tractor/ws/install/astra_camera_msgs/include/astra_camera_msgs/astra_camera_msgs/srv/detail/get_int32__rosidl_typesupport_fastrtps_c.h
[6.491s] -- Up-to-date: /home/tractor/ws/install/astra_camera_msgs/include/astra_camera_msgs/astra_camera_msgs/srv/detail/get_string__rosidl_typesupport_fastrtps_c.h
[6.492s] -- Up-to-date: /home/tractor/ws/install/astra_camera_msgs/include/astra_camera_msgs/astra_camera_msgs/srv/detail/get_camera_info__rosidl_typesupport_fastrtps_c.h
[6.492s] -- Up-to-date: /home/tractor/ws/install/astra_camera_msgs/include/astra_camera_msgs/astra_camera_msgs/msg
[6.493s] -- Up-to-date: /home/tractor/ws/install/astra_camera_msgs/include/astra_camera_msgs/astra_camera_msgs/msg/detail
[6.493s] -- Up-to-date: /home/tractor/ws/install/astra_camera_msgs/include/astra_camera_msgs/astra_camera_msgs/msg/detail/device_info__rosidl_typesupport_fastrtps_c.h
[6.494s] -- Up-to-date: /home/tractor/ws/install/astra_camera_msgs/include/astra_camera_msgs/astra_camera_msgs/msg/detail/extrinsics__rosidl_typesupport_fastrtps_c.h
[6.494s] -- Up-to-date: /home/tractor/ws/install/astra_camera_msgs/include/astra_camera_msgs/astra_camera_msgs/msg/detail/metadata__rosidl_typesupport_fastrtps_c.h
[6.495s] -- Up-to-date: /home/tractor/ws/install/astra_camera_msgs/include/astra_camera_msgs/astra_camera_msgs/msg/rosidl_typesupport_fastrtps_c__visibility_control.h
[6.495s] -- Up-to-date: /home/tractor/ws/install/astra_camera_msgs/lib/libastra_camera_msgs__rosidl_typesupport_fastrtps_c.so
[6.495s] -- Up-to-date: /home/tractor/ws/install/astra_camera_msgs/include/astra_camera_msgs/astra_camera_msgs
[6.496s] -- Up-to-date: /home/tractor/ws/install/astra_camera_msgs/include/astra_camera_msgs/astra_camera_msgs/srv
[6.496s] -- Up-to-date: /home/tractor/ws/install/astra_camera_msgs/include/astra_camera_msgs/astra_camera_msgs/srv/detail
[6.497s] -- Up-to-date: /home/tractor/ws/install/astra_camera_msgs/include/astra_camera_msgs/astra_camera_msgs/srv/detail/get_device_info__rosidl_typesupport_introspection_c.h
[6.497s] -- Up-to-date: /home/tractor/ws/install/astra_camera_msgs/include/astra_camera_msgs/astra_camera_msgs/srv/detail/get_camera_info__rosidl_typesupport_introspection_c.h
[6.497s] -- Up-to-date: /home/tractor/ws/install/astra_camera_msgs/include/astra_camera_msgs/astra_camera_msgs/srv/detail/get_int32__rosidl_typesupport_introspection_c.h
[6.498s] -- Up-to-date: /home/tractor/ws/install/astra_camera_msgs/include/astra_camera_msgs/astra_camera_msgs/srv/detail/get_string__rosidl_typesupport_introspection_c.h
[6.498s] -- Up-to-date: /home/tractor/ws/install/astra_camera_msgs/include/astra_camera_msgs/astra_camera_msgs/srv/detail/get_string__type_support.c
[6.498s] -- Up-to-date: /home/tractor/ws/install/astra_camera_msgs/include/astra_camera_msgs/astra_camera_msgs/srv/detail/get_camera_params__type_support.c
[6.499s] -- Up-to-date: /home/tractor/ws/install/astra_camera_msgs/include/astra_camera_msgs/astra_camera_msgs/srv/detail/set_int32__type_support.c
[6.500s] -- Up-to-date: /home/tractor/ws/install/astra_camera_msgs/include/astra_camera_msgs/astra_camera_msgs/srv/detail/get_camera_params__rosidl_typesupport_introspection_c.h
[6.501s] -- Up-to-date: /home/tractor/ws/install/astra_camera_msgs/include/astra_camera_msgs/astra_camera_msgs/srv/detail/get_device_info__type_support.c
[6.502s] -- Up-to-date: /home/tractor/ws/install/astra_camera_msgs/include/astra_camera_msgs/astra_camera_msgs/srv/detail/get_camera_info__type_support.c
[6.502s] -- Up-to-date: /home/tractor/ws/install/astra_camera_msgs/include/astra_camera_msgs/astra_camera_msgs/srv/detail/get_int32__type_support.c
[6.503s] -- Up-to-date: /home/tractor/ws/install/astra_camera_msgs/include/astra_camera_msgs/astra_camera_msgs/srv/detail/set_int32__rosidl_typesupport_introspection_c.h
[6.503s] -- Up-to-date: /home/tractor/ws/install/astra_camera_msgs/include/astra_camera_msgs/astra_camera_msgs/msg
[6.504s] -- Up-to-date: /home/tractor/ws/install/astra_camera_msgs/include/astra_camera_msgs/astra_camera_msgs/msg/detail
[6.504s] -- Up-to-date: /home/tractor/ws/install/astra_camera_msgs/include/astra_camera_msgs/astra_camera_msgs/msg/detail/metadata__type_support.c
[6.505s] -- Up-to-date: /home/tractor/ws/install/astra_camera_msgs/include/astra_camera_msgs/astra_camera_msgs/msg/detail/extrinsics__rosidl_typesupport_introspection_c.h
[6.505s] -- Up-to-date: /home/tractor/ws/install/astra_camera_msgs/include/astra_camera_msgs/astra_camera_msgs/msg/detail/device_info__type_support.c
[6.513s] -- Up-to-date: /home/tractor/ws/install/astra_camera_msgs/include/astra_camera_msgs/astra_camera_msgs/msg/detail/device_info__rosidl_typesupport_introspection_c.h
[6.516s] -- Up-to-date: /home/tractor/ws/install/astra_camera_msgs/include/astra_camera_msgs/astra_camera_msgs/msg/detail/metadata__rosidl_typesupport_introspection_c.h
[6.516s] -- Up-to-date: /home/tractor/ws/install/astra_camera_msgs/include/astra_camera_msgs/astra_camera_msgs/msg/detail/extrinsics__type_support.c
[6.517s] -- Up-to-date: /home/tractor/ws/install/astra_camera_msgs/include/astra_camera_msgs/astra_camera_msgs/msg/rosidl_typesupport_introspection_c__visibility_control.h
[6.518s] -- Up-to-date: /home/tractor/ws/install/astra_camera_msgs/lib/libastra_camera_msgs__rosidl_typesupport_introspection_c.so
[6.518s] -- Up-to-date: /home/tractor/ws/install/astra_camera_msgs/lib/libastra_camera_msgs__rosidl_typesupport_c.so
[6.519s] -- Up-to-date: /home/tractor/ws/install/astra_camera_msgs/include/astra_camera_msgs/astra_camera_msgs
[6.519s] -- Up-to-date: /home/tractor/ws/install/astra_camera_msgs/include/astra_camera_msgs/astra_camera_msgs/srv
[6.520s] -- Up-to-date: /home/tractor/ws/install/astra_camera_msgs/include/astra_camera_msgs/astra_camera_msgs/srv/detail
[6.520s] -- Up-to-date: /home/tractor/ws/install/astra_camera_msgs/include/astra_camera_msgs/astra_camera_msgs/srv/detail/set_int32__traits.hpp
[6.521s] -- Up-to-date: /home/tractor/ws/install/astra_camera_msgs/include/astra_camera_msgs/astra_camera_msgs/srv/detail/get_device_info__builder.hpp
[6.522s] -- Up-to-date: /home/tractor/ws/install/astra_camera_msgs/include/astra_camera_msgs/astra_camera_msgs/srv/detail/get_int32__traits.hpp
[6.522s] -- Up-to-date: /home/tractor/ws/install/astra_camera_msgs/include/astra_camera_msgs/astra_camera_msgs/srv/detail/set_int32__struct.hpp
[6.523s] -- Up-to-date: /home/tractor/ws/install/astra_camera_msgs/include/astra_camera_msgs/astra_camera_msgs/srv/detail/get_camera_info__struct.hpp
[6.524s] -- Up-to-date: /home/tractor/ws/install/astra_camera_msgs/include/astra_camera_msgs/astra_camera_msgs/srv/detail/set_int32__builder.hpp
[6.524s] -- Up-to-date: /home/tractor/ws/install/astra_camera_msgs/include/astra_camera_msgs/astra_camera_msgs/srv/detail/get_camera_params__builder.hpp
[6.525s] -- Up-to-date: /home/tractor/ws/install/astra_camera_msgs/include/astra_camera_msgs/astra_camera_msgs/srv/detail/get_device_info__traits.hpp
[6.525s] -- Up-to-date: /home/tractor/ws/install/astra_camera_msgs/include/astra_camera_msgs/astra_camera_msgs/srv/detail/get_device_info__struct.hpp
[6.526s] -- Up-to-date: /home/tractor/ws/install/astra_camera_msgs/include/astra_camera_msgs/astra_camera_msgs/srv/detail/get_string__traits.hpp
[6.527s] -- Up-to-date: /home/tractor/ws/install/astra_camera_msgs/include/astra_camera_msgs/astra_camera_msgs/srv/detail/get_string__struct.hpp
[6.527s] -- Up-to-date: /home/tractor/ws/install/astra_camera_msgs/include/astra_camera_msgs/astra_camera_msgs/srv/detail/get_camera_info__traits.hpp
[6.528s] -- Up-to-date: /home/tractor/ws/install/astra_camera_msgs/include/astra_camera_msgs/astra_camera_msgs/srv/detail/get_camera_info__builder.hpp
[6.528s] -- Up-to-date: /home/tractor/ws/install/astra_camera_msgs/include/astra_camera_msgs/astra_camera_msgs/srv/detail/get_int32__struct.hpp
[6.529s] -- Up-to-date: /home/tractor/ws/install/astra_camera_msgs/include/astra_camera_msgs/astra_camera_msgs/srv/detail/get_string__builder.hpp
[6.530s] -- Up-to-date: /home/tractor/ws/install/astra_camera_msgs/include/astra_camera_msgs/astra_camera_msgs/srv/detail/get_camera_params__struct.hpp
[6.530s] -- Up-to-date: /home/tractor/ws/install/astra_camera_msgs/include/astra_camera_msgs/astra_camera_msgs/srv/detail/get_camera_params__traits.hpp
[6.531s] -- Up-to-date: /home/tractor/ws/install/astra_camera_msgs/include/astra_camera_msgs/astra_camera_msgs/srv/detail/get_int32__builder.hpp
[6.531s] -- Up-to-date: /home/tractor/ws/install/astra_camera_msgs/include/astra_camera_msgs/astra_camera_msgs/srv/get_string.hpp
[6.532s] -- Up-to-date: /home/tractor/ws/install/astra_camera_msgs/include/astra_camera_msgs/astra_camera_msgs/srv/get_device_info.hpp
[6.532s] -- Up-to-date: /home/tractor/ws/install/astra_camera_msgs/include/astra_camera_msgs/astra_camera_msgs/srv/get_camera_info.hpp
[6.532s] -- Up-to-date: /home/tractor/ws/install/astra_camera_msgs/include/astra_camera_msgs/astra_camera_msgs/srv/get_int32.hpp
[6.533s] -- Up-to-date: /home/tractor/ws/install/astra_camera_msgs/include/astra_camera_msgs/astra_camera_msgs/srv/set_int32.hpp
[6.535s] -- Up-to-date: /home/tractor/ws/install/astra_camera_msgs/include/astra_camera_msgs/astra_camera_msgs/srv/get_camera_params.hpp
[6.535s] -- Up-to-date: /home/tractor/ws/install/astra_camera_msgs/include/astra_camera_msgs/astra_camera_msgs/msg
[6.536s] -- Up-to-date: /home/tractor/ws/install/astra_camera_msgs/include/astra_camera_msgs/astra_camera_msgs/msg/detail
[6.537s] -- Up-to-date: /home/tractor/ws/install/astra_camera_msgs/include/astra_camera_msgs/astra_camera_msgs/msg/detail/metadata__builder.hpp
[6.537s] -- Up-to-date: /home/tractor/ws/install/astra_camera_msgs/include/astra_camera_msgs/astra_camera_msgs/msg/detail/device_info__builder.hpp
[6.538s] -- Up-to-date: /home/tractor/ws/install/astra_camera_msgs/include/astra_camera_msgs/astra_camera_msgs/msg/detail/metadata__traits.hpp
[6.539s] -- Up-to-date: /home/tractor/ws/install/astra_camera_msgs/include/astra_camera_msgs/astra_camera_msgs/msg/detail/metadata__struct.hpp
[6.539s] -- Up-to-date: /home/tractor/ws/install/astra_camera_msgs/include/astra_camera_msgs/astra_camera_msgs/msg/detail/extrinsics__builder.hpp
[6.540s] -- Up-to-date: /home/tractor/ws/install/astra_camera_msgs/include/astra_camera_msgs/astra_camera_msgs/msg/detail/device_info__traits.hpp
[6.540s] -- Up-to-date: /home/tractor/ws/install/astra_camera_msgs/include/astra_camera_msgs/astra_camera_msgs/msg/detail/device_info__struct.hpp
[6.541s] -- Up-to-date: /home/tractor/ws/install/astra_camera_msgs/include/astra_camera_msgs/astra_camera_msgs/msg/detail/extrinsics__struct.hpp
[6.541s] -- Up-to-date: /home/tractor/ws/install/astra_camera_msgs/include/astra_camera_msgs/astra_camera_msgs/msg/detail/extrinsics__traits.hpp
[6.542s] -- Up-to-date: /home/tractor/ws/install/astra_camera_msgs/include/astra_camera_msgs/astra_camera_msgs/msg/metadata.hpp
[6.543s] -- Up-to-date: /home/tractor/ws/install/astra_camera_msgs/include/astra_camera_msgs/astra_camera_msgs/msg/device_info.hpp
[6.543s] -- Up-to-date: /home/tractor/ws/install/astra_camera_msgs/include/astra_camera_msgs/astra_camera_msgs/msg/extrinsics.hpp
[6.544s] -- Up-to-date: /home/tractor/ws/install/astra_camera_msgs/include/astra_camera_msgs/astra_camera_msgs
[6.544s] -- Up-to-date: /home/tractor/ws/install/astra_camera_msgs/include/astra_camera_msgs/astra_camera_msgs/srv
[6.544s] -- Up-to-date: /home/tractor/ws/install/astra_camera_msgs/include/astra_camera_msgs/astra_camera_msgs/srv/detail
[6.545s] -- Up-to-date: /home/tractor/ws/install/astra_camera_msgs/include/astra_camera_msgs/astra_camera_msgs/srv/detail/get_int32__rosidl_typesupport_fastrtps_cpp.hpp
[6.545s] -- Up-to-date: /home/tractor/ws/install/astra_camera_msgs/include/astra_camera_msgs/astra_camera_msgs/srv/detail/get_device_info__rosidl_typesupport_fastrtps_cpp.hpp
[6.545s] -- Up-to-date: /home/tractor/ws/install/astra_camera_msgs/include/astra_camera_msgs/astra_camera_msgs/srv/detail/dds_fastrtps
[6.546s] -- Up-to-date: /home/tractor/ws/install/astra_camera_msgs/include/astra_camera_msgs/astra_camera_msgs/srv/detail/get_camera_params__rosidl_typesupport_fastrtps_cpp.hpp
[6.546s] -- Up-to-date: /home/tractor/ws/install/astra_camera_msgs/include/astra_camera_msgs/astra_camera_msgs/srv/detail/get_string__rosidl_typesupport_fastrtps_cpp.hpp
[6.547s] -- Up-to-date: /home/tractor/ws/install/astra_camera_msgs/include/astra_camera_msgs/astra_camera_msgs/srv/detail/get_camera_info__rosidl_typesupport_fastrtps_cpp.hpp
[6.547s] -- Up-to-date: /home/tractor/ws/install/astra_camera_msgs/include/astra_camera_msgs/astra_camera_msgs/srv/detail/set_int32__rosidl_typesupport_fastrtps_cpp.hpp
[6.547s] -- Up-to-date: /home/tractor/ws/install/astra_camera_msgs/include/astra_camera_msgs/astra_camera_msgs/msg
[6.548s] -- Up-to-date: /home/tractor/ws/install/astra_camera_msgs/include/astra_camera_msgs/astra_camera_msgs/msg/detail
[6.549s] -- Up-to-date: /home/tractor/ws/install/astra_camera_msgs/include/astra_camera_msgs/astra_camera_msgs/msg/detail/dds_fastrtps
[6.549s] -- Up-to-date: /home/tractor/ws/install/astra_camera_msgs/include/astra_camera_msgs/astra_camera_msgs/msg/detail/metadata__rosidl_typesupport_fastrtps_cpp.hpp
[6.550s] -- Up-to-date: /home/tractor/ws/install/astra_camera_msgs/include/astra_camera_msgs/astra_camera_msgs/msg/detail/device_info__rosidl_typesupport_fastrtps_cpp.hpp
[6.550s] -- Up-to-date: /home/tractor/ws/install/astra_camera_msgs/include/astra_camera_msgs/astra_camera_msgs/msg/detail/extrinsics__rosidl_typesupport_fastrtps_cpp.hpp
[6.551s] -- Up-to-date: /home/tractor/ws/install/astra_camera_msgs/include/astra_camera_msgs/astra_camera_msgs/msg/rosidl_typesupport_fastrtps_cpp__visibility_control.h
[6.551s] -- Up-to-date: /home/tractor/ws/install/astra_camera_msgs/lib/libastra_camera_msgs__rosidl_typesupport_fastrtps_cpp.so
[6.552s] -- Up-to-date: /home/tractor/ws/install/astra_camera_msgs/include/astra_camera_msgs/astra_camera_msgs
[6.552s] -- Up-to-date: /home/tractor/ws/install/astra_camera_msgs/include/astra_camera_msgs/astra_camera_msgs/srv
[6.553s] -- Up-to-date: /home/tractor/ws/install/astra_camera_msgs/include/astra_camera_msgs/astra_camera_msgs/srv/detail
[6.553s] -- Up-to-date: /home/tractor/ws/install/astra_camera_msgs/include/astra_camera_msgs/astra_camera_msgs/srv/detail/set_int32__rosidl_typesupport_introspection_cpp.hpp
[6.554s] -- Up-to-date: /home/tractor/ws/install/astra_camera_msgs/include/astra_camera_msgs/astra_camera_msgs/srv/detail/get_camera_params__rosidl_typesupport_introspection_cpp.hpp
[6.554s] -- Up-to-date: /home/tractor/ws/install/astra_camera_msgs/include/astra_camera_msgs/astra_camera_msgs/srv/detail/get_device_info__type_support.cpp
[6.554s] -- Up-to-date: /home/tractor/ws/install/astra_camera_msgs/include/astra_camera_msgs/astra_camera_msgs/srv/detail/get_string__rosidl_typesupport_introspection_cpp.hpp
[6.555s] -- Up-to-date: /home/tractor/ws/install/astra_camera_msgs/include/astra_camera_msgs/astra_camera_msgs/srv/detail/set_int32__type_support.cpp
[6.555s] -- Up-to-date: /home/tractor/ws/install/astra_camera_msgs/include/astra_camera_msgs/astra_camera_msgs/srv/detail/get_camera_info__rosidl_typesupport_introspection_cpp.hpp
[6.556s] -- Up-to-date: /home/tractor/ws/install/astra_camera_msgs/include/astra_camera_msgs/astra_camera_msgs/srv/detail/get_camera_info__type_support.cpp
[6.556s] -- Up-to-date: /home/tractor/ws/install/astra_camera_msgs/include/astra_camera_msgs/astra_camera_msgs/srv/detail/get_camera_params__type_support.cpp
[6.556s] -- Up-to-date: /home/tractor/ws/install/astra_camera_msgs/include/astra_camera_msgs/astra_camera_msgs/srv/detail/get_int32__type_support.cpp
[6.557s] -- Up-to-date: /home/tractor/ws/install/astra_camera_msgs/include/astra_camera_msgs/astra_camera_msgs/srv/detail/get_string__type_support.cpp
[6.557s] -- Up-to-date: /home/tractor/ws/install/astra_camera_msgs/include/astra_camera_msgs/astra_camera_msgs/srv/detail/get_device_info__rosidl_typesupport_introspection_cpp.hpp
[6.558s] -- Up-to-date: /home/tractor/ws/install/astra_camera_msgs/include/astra_camera_msgs/astra_camera_msgs/srv/detail/get_int32__rosidl_typesupport_introspection_cpp.hpp
[6.558s] -- Up-to-date: /home/tractor/ws/install/astra_camera_msgs/include/astra_camera_msgs/astra_camera_msgs/msg
[6.559s] -- Up-to-date: /home/tractor/ws/install/astra_camera_msgs/include/astra_camera_msgs/astra_camera_msgs/msg/detail
[6.559s] -- Up-to-date: /home/tractor/ws/install/astra_camera_msgs/include/astra_camera_msgs/astra_camera_msgs/msg/detail/device_info__rosidl_typesupport_introspection_cpp.hpp
[6.560s] -- Up-to-date: /home/tractor/ws/install/astra_camera_msgs/include/astra_camera_msgs/astra_camera_msgs/msg/detail/extrinsics__type_support.cpp
[6.561s] -- Up-to-date: /home/tractor/ws/install/astra_camera_msgs/include/astra_camera_msgs/astra_camera_msgs/msg/detail/extrinsics__rosidl_typesupport_introspection_cpp.hpp
[6.561s] -- Up-to-date: /home/tractor/ws/install/astra_camera_msgs/include/astra_camera_msgs/astra_camera_msgs/msg/detail/metadata__rosidl_typesupport_introspection_cpp.hpp
[6.562s] -- Up-to-date: /home/tractor/ws/install/astra_camera_msgs/include/astra_camera_msgs/astra_camera_msgs/msg/detail/metadata__type_support.cpp
[6.562s] -- Up-to-date: /home/tractor/ws/install/astra_camera_msgs/include/astra_camera_msgs/astra_camera_msgs/msg/detail/device_info__type_support.cpp
[6.563s] -- Up-to-date: /home/tractor/ws/install/astra_camera_msgs/lib/libastra_camera_msgs__rosidl_typesupport_introspection_cpp.so
[6.563s] -- Up-to-date: /home/tractor/ws/install/astra_camera_msgs/lib/libastra_camera_msgs__rosidl_typesupport_cpp.so
[6.564s] -- Up-to-date: /home/tractor/ws/install/astra_camera_msgs/share/astra_camera_msgs/environment/pythonpath.sh
[6.564s] -- Up-to-date: /home/tractor/ws/install/astra_camera_msgs/share/astra_camera_msgs/environment/pythonpath.dsv
[6.565s] -- Up-to-date: /home/tractor/ws/install/astra_camera_msgs/local/lib/python3.10/dist-packages/astra_camera_msgs-1.0.1-py3.10.egg-info
[6.565s] -- Installing: /home/tractor/ws/install/astra_camera_msgs/local/lib/python3.10/dist-packages/astra_camera_msgs-1.0.1-py3.10.egg-info/dependency_links.txt
[6.566s] -- Installing: /home/tractor/ws/install/astra_camera_msgs/local/lib/python3.10/dist-packages/astra_camera_msgs-1.0.1-py3.10.egg-info/top_level.txt
[6.566s] -- Installing: /home/tractor/ws/install/astra_camera_msgs/local/lib/python3.10/dist-packages/astra_camera_msgs-1.0.1-py3.10.egg-info/SOURCES.txt
[6.567s] -- Installing: /home/tractor/ws/install/astra_camera_msgs/local/lib/python3.10/dist-packages/astra_camera_msgs-1.0.1-py3.10.egg-info/PKG-INFO
[6.567s] -- Up-to-date: /home/tractor/ws/install/astra_camera_msgs/local/lib/python3.10/dist-packages/astra_camera_msgs
[6.568s] -- Up-to-date: /home/tractor/ws/install/astra_camera_msgs/local/lib/python3.10/dist-packages/astra_camera_msgs/libastra_camera_msgs__rosidl_generator_py.so
[6.568s] -- Up-to-date: /home/tractor/ws/install/astra_camera_msgs/local/lib/python3.10/dist-packages/astra_camera_msgs/_astra_camera_msgs_s.ep.rosidl_typesupport_c.c
[6.569s] -- Up-to-date: /home/tractor/ws/install/astra_camera_msgs/local/lib/python3.10/dist-packages/astra_camera_msgs/srv
[6.569s] -- Up-to-date: /home/tractor/ws/install/astra_camera_msgs/local/lib/python3.10/dist-packages/astra_camera_msgs/srv/_get_string.py
[6.570s] -- Up-to-date: /home/tractor/ws/install/astra_camera_msgs/local/lib/python3.10/dist-packages/astra_camera_msgs/srv/_get_device_info.py
[6.571s] -- Up-to-date: /home/tractor/ws/install/astra_camera_msgs/local/lib/python3.10/dist-packages/astra_camera_msgs/srv/_set_int32.py
[6.571s] -- Up-to-date: /home/tractor/ws/install/astra_camera_msgs/local/lib/python3.10/dist-packages/astra_camera_msgs/srv/_get_string_s.c
[6.572s] -- Up-to-date: /home/tractor/ws/install/astra_camera_msgs/local/lib/python3.10/dist-packages/astra_camera_msgs/srv/_get_int32_s.c
[6.572s] -- Up-to-date: /home/tractor/ws/install/astra_camera_msgs/local/lib/python3.10/dist-packages/astra_camera_msgs/srv/_set_int32_s.c
[6.573s] -- Up-to-date: /home/tractor/ws/install/astra_camera_msgs/local/lib/python3.10/dist-packages/astra_camera_msgs/srv/_get_camera_info_s.c
[6.573s] -- Up-to-date: /home/tractor/ws/install/astra_camera_msgs/local/lib/python3.10/dist-packages/astra_camera_msgs/srv/_get_device_info_s.c
[6.574s] -- Up-to-date: /home/tractor/ws/install/astra_camera_msgs/local/lib/python3.10/dist-packages/astra_camera_msgs/srv/__init__.py
[6.574s] -- Up-to-date: /home/tractor/ws/install/astra_camera_msgs/local/lib/python3.10/dist-packages/astra_camera_msgs/srv/_get_camera_params_s.c
[6.576s] -- Up-to-date: /home/tractor/ws/install/astra_camera_msgs/local/lib/python3.10/dist-packages/astra_camera_msgs/srv/_get_camera_params.py
[6.576s] -- Up-to-date: /home/tractor/ws/install/astra_camera_msgs/local/lib/python3.10/dist-packages/astra_camera_msgs/srv/_get_camera_info.py
[6.577s] -- Up-to-date: /home/tractor/ws/install/astra_camera_msgs/local/lib/python3.10/dist-packages/astra_camera_msgs/srv/_get_int32.py
[6.577s] -- Up-to-date: /home/tractor/ws/install/astra_camera_msgs/local/lib/python3.10/dist-packages/astra_camera_msgs/_astra_camera_msgs_s.ep.rosidl_typesupport_introspection_c.c
[6.578s] -- Up-to-date: /home/tractor/ws/install/astra_camera_msgs/local/lib/python3.10/dist-packages/astra_camera_msgs/msg
[6.579s] -- Up-to-date: /home/tractor/ws/install/astra_camera_msgs/local/lib/python3.10/dist-packages/astra_camera_msgs/msg/_extrinsics.py
[6.579s] -- Up-to-date: /home/tractor/ws/install/astra_camera_msgs/local/lib/python3.10/dist-packages/astra_camera_msgs/msg/_metadata.py
[6.587s] -- Up-to-date: /home/tractor/ws/install/astra_camera_msgs/local/lib/python3.10/dist-packages/astra_camera_msgs/msg/_device_info_s.c
[6.588s] -- Up-to-date: /home/tractor/ws/install/astra_camera_msgs/local/lib/python3.10/dist-packages/astra_camera_msgs/msg/_metadata_s.c
[6.589s] -- Up-to-date: /home/tractor/ws/install/astra_camera_msgs/local/lib/python3.10/dist-packages/astra_camera_msgs/msg/_device_info.py
[6.589s] -- Up-to-date: /home/tractor/ws/install/astra_camera_msgs/local/lib/python3.10/dist-packages/astra_camera_msgs/msg/__init__.py
[6.590s] -- Up-to-date: /home/tractor/ws/install/astra_camera_msgs/local/lib/python3.10/dist-packages/astra_camera_msgs/msg/_extrinsics_s.c
[6.590s] -- Up-to-date: /home/tractor/ws/install/astra_camera_msgs/local/lib/python3.10/dist-packages/astra_camera_msgs/_astra_camera_msgs_s.ep.rosidl_typesupport_fastrtps_c.c
[6.591s] -- Up-to-date: /home/tractor/ws/install/astra_camera_msgs/local/lib/python3.10/dist-packages/astra_camera_msgs/astra_camera_msgs_s__rosidl_typesupport_introspection_c.cpython-310-aarch64-linux-gnu.so
[6.591s] -- Up-to-date: /home/tractor/ws/install/astra_camera_msgs/local/lib/python3.10/dist-packages/astra_camera_msgs/astra_camera_msgs_s__rosidl_typesupport_c.cpython-310-aarch64-linux-gnu.so
[6.592s] -- Up-to-date: /home/tractor/ws/install/astra_camera_msgs/local/lib/python3.10/dist-packages/astra_camera_msgs/astra_camera_msgs_s__rosidl_typesupport_fastrtps_c.cpython-310-aarch64-linux-gnu.so
[6.593s] -- Up-to-date: /home/tractor/ws/install/astra_camera_msgs/local/lib/python3.10/dist-packages/astra_camera_msgs/__init__.py
[6.772s] Listing '/home/tractor/ws/install/astra_camera_msgs/local/lib/python3.10/dist-packages/astra_camera_msgs'...
[6.773s] Listing '/home/tractor/ws/install/astra_camera_msgs/local/lib/python3.10/dist-packages/astra_camera_msgs/msg'...
[6.774s] Listing '/home/tractor/ws/install/astra_camera_msgs/local/lib/python3.10/dist-packages/astra_camera_msgs/srv'...
[6.810s] -- Up-to-date: /home/tractor/ws/install/astra_camera_msgs/local/lib/python3.10/dist-packages/astra_camera_msgs/astra_camera_msgs_s__rosidl_typesupport_fastrtps_c.cpython-310-aarch64-linux-gnu.so
[6.815s] -- Up-to-date: /home/tractor/ws/install/astra_camera_msgs/local/lib/python3.10/dist-packages/astra_camera_msgs/astra_camera_msgs_s__rosidl_typesupport_introspection_c.cpython-310-aarch64-linux-gnu.so
[6.820s] -- Up-to-date: /home/tractor/ws/install/astra_camera_msgs/local/lib/python3.10/dist-packages/astra_camera_msgs/astra_camera_msgs_s__rosidl_typesupport_c.cpython-310-aarch64-linux-gnu.so
[6.824s] -- Up-to-date: /home/tractor/ws/install/astra_camera_msgs/lib/libastra_camera_msgs__rosidl_generator_py.so
[6.827s] -- Up-to-date: /home/tractor/ws/install/astra_camera_msgs/share/astra_camera_msgs/msg/DeviceInfo.idl
[6.828s] -- Up-to-date: /home/tractor/ws/install/astra_camera_msgs/share/astra_camera_msgs/msg/Extrinsics.idl
[6.828s] -- Up-to-date: /home/tractor/ws/install/astra_camera_msgs/share/astra_camera_msgs/msg/Metadata.idl
[6.830s] -- Up-to-date: /home/tractor/ws/install/astra_camera_msgs/share/astra_camera_msgs/srv/GetDeviceInfo.idl
[6.831s] -- Up-to-date: /home/tractor/ws/install/astra_camera_msgs/share/astra_camera_msgs/srv/GetCameraInfo.idl
[6.832s] -- Up-to-date: /home/tractor/ws/install/astra_camera_msgs/share/astra_camera_msgs/srv/GetCameraParams.idl
[6.832s] -- Up-to-date: /home/tractor/ws/install/astra_camera_msgs/share/astra_camera_msgs/srv/GetInt32.idl
[6.833s] -- Up-to-date: /home/tractor/ws/install/astra_camera_msgs/share/astra_camera_msgs/srv/GetString.idl
[6.834s] -- Up-to-date: /home/tractor/ws/install/astra_camera_msgs/share/astra_camera_msgs/srv/SetInt32.idl
[6.834s] -- Up-to-date: /home/tractor/ws/install/astra_camera_msgs/share/astra_camera_msgs/msg/DeviceInfo.msg
[6.835s] -- Up-to-date: /home/tractor/ws/install/astra_camera_msgs/share/astra_camera_msgs/msg/Extrinsics.msg
[6.836s] -- Up-to-date: /home/tractor/ws/install/astra_camera_msgs/share/astra_camera_msgs/msg/Metadata.msg
[6.836s] -- Up-to-date: /home/tractor/ws/install/astra_camera_msgs/share/astra_camera_msgs/srv/GetDeviceInfo.srv
[6.837s] -- Up-to-date: /home/tractor/ws/install/astra_camera_msgs/share/astra_camera_msgs/srv/GetDeviceInfo_Request.msg
[6.837s] -- Up-to-date: /home/tractor/ws/install/astra_camera_msgs/share/astra_camera_msgs/srv/GetDeviceInfo_Response.msg
[6.838s] -- Up-to-date: /home/tractor/ws/install/astra_camera_msgs/share/astra_camera_msgs/srv/GetCameraInfo.srv
[6.839s] -- Up-to-date: /home/tractor/ws/install/astra_camera_msgs/share/astra_camera_msgs/srv/GetCameraInfo_Request.msg
[6.840s] -- Up-to-date: /home/tractor/ws/install/astra_camera_msgs/share/astra_camera_msgs/srv/GetCameraInfo_Response.msg
[6.840s] -- Up-to-date: /home/tractor/ws/install/astra_camera_msgs/share/astra_camera_msgs/srv/GetCameraParams.srv
[6.841s] -- Up-to-date: /home/tractor/ws/install/astra_camera_msgs/share/astra_camera_msgs/srv/GetCameraParams_Request.msg
[6.841s] -- Up-to-date: /home/tractor/ws/install/astra_camera_msgs/share/astra_camera_msgs/srv/GetCameraParams_Response.msg
[6.842s] -- Up-to-date: /home/tractor/ws/install/astra_camera_msgs/share/astra_camera_msgs/srv/GetInt32.srv
[6.843s] -- Up-to-date: /home/tractor/ws/install/astra_camera_msgs/share/astra_camera_msgs/srv/GetInt32_Request.msg
[6.843s] -- Up-to-date: /home/tractor/ws/install/astra_camera_msgs/share/astra_camera_msgs/srv/GetInt32_Response.msg
[6.844s] -- Up-to-date: /home/tractor/ws/install/astra_camera_msgs/share/astra_camera_msgs/srv/GetString.srv
[6.844s] -- Up-to-date: /home/tractor/ws/install/astra_camera_msgs/share/astra_camera_msgs/srv/GetString_Request.msg
[6.845s] -- Up-to-date: /home/tractor/ws/install/astra_camera_msgs/share/astra_camera_msgs/srv/GetString_Response.msg
[6.845s] -- Up-to-date: /home/tractor/ws/install/astra_camera_msgs/share/astra_camera_msgs/srv/SetInt32.srv
[6.846s] -- Up-to-date: /home/tractor/ws/install/astra_camera_msgs/share/astra_camera_msgs/srv/SetInt32_Request.msg
[6.846s] -- Up-to-date: /home/tractor/ws/install/astra_camera_msgs/share/astra_camera_msgs/srv/SetInt32_Response.msg
[6.847s] -- Up-to-date: /home/tractor/ws/install/astra_camera_msgs/share/ament_index/resource_index/package_run_dependencies/astra_camera_msgs
[6.849s] -- Up-to-date: /home/tractor/ws/install/astra_camera_msgs/share/ament_index/resource_index/parent_prefix_path/astra_camera_msgs
[6.851s] -- Up-to-date: /home/tractor/ws/install/astra_camera_msgs/share/astra_camera_msgs/environment/ament_prefix_path.sh
[6.851s] -- Up-to-date: /home/tractor/ws/install/astra_camera_msgs/share/astra_camera_msgs/environment/ament_prefix_path.dsv
[6.852s] -- Up-to-date: /home/tractor/ws/install/astra_camera_msgs/share/astra_camera_msgs/environment/path.sh
[6.853s] -- Up-to-date: /home/tractor/ws/install/astra_camera_msgs/share/astra_camera_msgs/environment/path.dsv
[6.854s] -- Up-to-date: /home/tractor/ws/install/astra_camera_msgs/share/astra_camera_msgs/local_setup.bash
[6.854s] -- Up-to-date: /home/tractor/ws/install/astra_camera_msgs/share/astra_camera_msgs/local_setup.sh
[6.855s] -- Up-to-date: /home/tractor/ws/install/astra_camera_msgs/share/astra_camera_msgs/local_setup.zsh
[6.856s] -- Up-to-date: /home/tractor/ws/install/astra_camera_msgs/share/astra_camera_msgs/local_setup.dsv
[6.856s] -- Installing: /home/tractor/ws/install/astra_camera_msgs/share/astra_camera_msgs/package.dsv
[6.858s] -- Up-to-date: /home/tractor/ws/install/astra_camera_msgs/share/ament_index/resource_index/packages/astra_camera_msgs
[6.864s] -- Up-to-date: /home/tractor/ws/install/astra_camera_msgs/share/astra_camera_msgs/cmake/export_astra_camera_msgs__rosidl_generator_cExport.cmake
[6.865s] -- Up-to-date: /home/tractor/ws/install/astra_camera_msgs/share/astra_camera_msgs/cmake/export_astra_camera_msgs__rosidl_generator_cExport-release.cmake
[6.867s] -- Up-to-date: /home/tractor/ws/install/astra_camera_msgs/share/astra_camera_msgs/cmake/export_astra_camera_msgs__rosidl_typesupport_fastrtps_cExport.cmake
[6.868s] -- Up-to-date: /home/tractor/ws/install/astra_camera_msgs/share/astra_camera_msgs/cmake/export_astra_camera_msgs__rosidl_typesupport_fastrtps_cExport-release.cmake
[6.870s] -- Up-to-date: /home/tractor/ws/install/astra_camera_msgs/share/astra_camera_msgs/cmake/astra_camera_msgs__rosidl_typesupport_introspection_cExport.cmake
[6.871s] -- Up-to-date: /home/tractor/ws/install/astra_camera_msgs/share/astra_camera_msgs/cmake/astra_camera_msgs__rosidl_typesupport_introspection_cExport-release.cmake
[6.874s] -- Up-to-date: /home/tractor/ws/install/astra_camera_msgs/share/astra_camera_msgs/cmake/astra_camera_msgs__rosidl_typesupport_cExport.cmake
[6.875s] -- Up-to-date: /home/tractor/ws/install/astra_camera_msgs/share/astra_camera_msgs/cmake/astra_camera_msgs__rosidl_typesupport_cExport-release.cmake
[6.879s] -- Up-to-date: /home/tractor/ws/install/astra_camera_msgs/share/astra_camera_msgs/cmake/export_astra_camera_msgs__rosidl_generator_cppExport.cmake
[6.880s] -- Up-to-date: /home/tractor/ws/install/astra_camera_msgs/share/astra_camera_msgs/cmake/export_astra_camera_msgs__rosidl_typesupport_fastrtps_cppExport.cmake
[6.882s] -- Up-to-date: /home/tractor/ws/install/astra_camera_msgs/share/astra_camera_msgs/cmake/export_astra_camera_msgs__rosidl_typesupport_fastrtps_cppExport-release.cmake
[6.889s] -- Up-to-date: /home/tractor/ws/install/astra_camera_msgs/share/astra_camera_msgs/cmake/astra_camera_msgs__rosidl_typesupport_introspection_cppExport.cmake
[6.890s] -- Up-to-date: /home/tractor/ws/install/astra_camera_msgs/share/astra_camera_msgs/cmake/astra_camera_msgs__rosidl_typesupport_introspection_cppExport-release.cmake
[6.891s] -- Up-to-date: /home/tractor/ws/install/astra_camera_msgs/share/astra_camera_msgs/cmake/astra_camera_msgs__rosidl_typesupport_cppExport.cmake
[6.892s] -- Up-to-date: /home/tractor/ws/install/astra_camera_msgs/share/astra_camera_msgs/cmake/astra_camera_msgs__rosidl_typesupport_cppExport-release.cmake
[6.894s] -- Up-to-date: /home/tractor/ws/install/astra_camera_msgs/share/astra_camera_msgs/cmake/export_astra_camera_msgs__rosidl_generator_pyExport.cmake
[6.895s] -- Up-to-date: /home/tractor/ws/install/astra_camera_msgs/share/astra_camera_msgs/cmake/export_astra_camera_msgs__rosidl_generator_pyExport-release.cmake
[6.896s] -- Up-to-date: /home/tractor/ws/install/astra_camera_msgs/share/astra_camera_msgs/cmake/rosidl_cmake-extras.cmake
[6.896s] -- Up-to-date: /home/tractor/ws/install/astra_camera_msgs/share/astra_camera_msgs/cmake/ament_cmake_export_dependencies-extras.cmake
[6.897s] -- Up-to-date: /home/tractor/ws/install/astra_camera_msgs/share/astra_camera_msgs/cmake/ament_cmake_export_include_directories-extras.cmake
[6.898s] -- Up-to-date: /home/tractor/ws/install/astra_camera_msgs/share/astra_camera_msgs/cmake/ament_cmake_export_libraries-extras.cmake
[6.900s] -- Up-to-date: /home/tractor/ws/install/astra_camera_msgs/share/astra_camera_msgs/cmake/ament_cmake_export_targets-extras.cmake
[6.901s] -- Up-to-date: /home/tractor/ws/install/astra_camera_msgs/share/astra_camera_msgs/cmake/rosidl_cmake_export_typesupport_targets-extras.cmake
[6.902s] -- Up-to-date: /home/tractor/ws/install/astra_camera_msgs/share/astra_camera_msgs/cmake/rosidl_cmake_export_typesupport_libraries-extras.cmake
[6.903s] -- Up-to-date: /home/tractor/ws/install/astra_camera_msgs/share/astra_camera_msgs/cmake/astra_camera_msgsConfig.cmake
[6.903s] -- Up-to-date: /home/tractor/ws/install/astra_camera_msgs/share/astra_camera_msgs/cmake/astra_camera_msgsConfig-version.cmake
[6.904s] -- Up-to-date: /home/tractor/ws/install/astra_camera_msgs/share/astra_camera_msgs/package.xml
[6.916s] Invoked command in '/home/tractor/ws/build/astra_camera_msgs' returned '0': CMAKE_PREFIX_PATH=${CMAKE_PREFIX_PATH}:/home/tractor/ws/install/robot:/opt/ros/humble /usr/bin/cmake --install /home/tractor/ws/build/astra_camera_msgs
