[0.138s] Invoking command in '/home/tractor/ws/build/astra_camera_msgs': CMAKE_PREFIX_PATH=/opt/ros/humble /usr/bin/cmake --build /home/tractor/ws/build/astra_camera_msgs -- -j4 -l4
[0.776s] [  1%] Built target astra_camera_msgs__cpp
[0.926s] [  1%] Built target ament_cmake_python_copy_astra_camera_msgs
[0.938s] [ 12%] Built target astra_camera_msgs__rosidl_generator_c
[1.049s] [ 24%] Built target astra_camera_msgs__rosidl_typesupport_cpp
[1.059s] [ 35%] Built target astra_camera_msgs__rosidl_typesupport_fastrtps_cpp
[1.159s] [ 47%] Built target astra_camera_msgs__rosidl_typesupport_introspection_cpp
[1.269s] [ 58%] Built target astra_camera_msgs__rosidl_typesupport_introspection_c
[1.290s] [ 70%] Built target astra_camera_msgs__rosidl_typesupport_fastrtps_c
[1.334s] [ 82%] Built target astra_camera_msgs__rosidl_typesupport_c
[1.446s] [ 82%] Built target astra_camera_msgs
[1.588s] [ 83%] Built target astra_camera_msgs__py
[1.783s] [ 93%] Built target astra_camera_msgs__rosidl_generator_py
[1.992s] [ 95%] Built target astra_camera_msgs__rosidl_typesupport_fastrtps_c__pyext
[2.005s] [ 97%] Built target astra_camera_msgs__rosidl_typesupport_c__pyext
[2.017s] [100%] Built target astra_camera_msgs__rosidl_typesupport_introspection_c__pyext
[2.459s] running egg_info
[2.534s] writing astra_camera_msgs.egg-info/PKG-INFO
[2.537s] writing dependency_links to astra_camera_msgs.egg-info/dependency_links.txt
[2.542s] writing top-level names to astra_camera_msgs.egg-info/top_level.txt
[2.782s] reading manifest file 'astra_camera_msgs.egg-info/SOURCES.txt'
[2.789s] writing manifest file 'astra_camera_msgs.egg-info/SOURCES.txt'
[2.951s] [100%] Built target ament_cmake_python_build_astra_camera_msgs_egg
[3.002s] Invoked command in '/home/tractor/ws/build/astra_camera_msgs' returned '0': CMAKE_PREFIX_PATH=/opt/ros/humble /usr/bin/cmake --build /home/tractor/ws/build/astra_camera_msgs -- -j4 -l4
[4.280s] Invoking command in '/home/tractor/ws/build/astra_camera_msgs': CMAKE_PREFIX_PATH=/opt/ros/humble /usr/bin/cmake --install /home/tractor/ws/build/astra_camera_msgs
[4.331s] -- Install configuration: "Release"
[4.377s] -- Up-to-date: /home/tractor/ws/install/astra_camera_msgs/share/ament_index/resource_index/rosidl_interfaces/astra_camera_msgs
[4.395s] -- Up-to-date: /home/tractor/ws/install/astra_camera_msgs/include/astra_camera_msgs/astra_camera_msgs
[4.396s] -- Up-to-date: /home/tractor/ws/install/astra_camera_msgs/include/astra_camera_msgs/astra_camera_msgs/srv
[4.397s] -- Up-to-date: /home/tractor/ws/install/astra_camera_msgs/include/astra_camera_msgs/astra_camera_msgs/srv/detail
[4.398s] -- Up-to-date: /home/tractor/ws/install/astra_camera_msgs/include/astra_camera_msgs/astra_camera_msgs/srv/detail/get_camera_params__functions.h
[4.399s] -- Up-to-date: /home/tractor/ws/install/astra_camera_msgs/include/astra_camera_msgs/astra_camera_msgs/srv/detail/get_string__type_support.h
[4.399s] -- Up-to-date: /home/tractor/ws/install/astra_camera_msgs/include/astra_camera_msgs/astra_camera_msgs/srv/detail/get_camera_info__functions.c
[4.400s] -- Up-to-date: /home/tractor/ws/install/astra_camera_msgs/include/astra_camera_msgs/astra_camera_msgs/srv/detail/get_camera_params__functions.c
[4.401s] -- Up-to-date: /home/tractor/ws/install/astra_camera_msgs/include/astra_camera_msgs/astra_camera_msgs/srv/detail/set_int32__type_support.h
[4.401s] -- Up-to-date: /home/tractor/ws/install/astra_camera_msgs/include/astra_camera_msgs/astra_camera_msgs/srv/detail/get_device_info__type_support.h
[4.402s] -- Up-to-date: /home/tractor/ws/install/astra_camera_msgs/include/astra_camera_msgs/astra_camera_msgs/srv/detail/get_device_info__functions.c
[4.402s] -- Up-to-date: /home/tractor/ws/install/astra_camera_msgs/include/astra_camera_msgs/astra_camera_msgs/srv/detail/get_string__functions.h
[4.403s] -- Up-to-date: /home/tractor/ws/install/astra_camera_msgs/include/astra_camera_msgs/astra_camera_msgs/srv/detail/get_camera_info__functions.h
[4.403s] -- Up-to-date: /home/tractor/ws/install/astra_camera_msgs/include/astra_camera_msgs/astra_camera_msgs/srv/detail/get_device_info__struct.h
[4.404s] -- Up-to-date: /home/tractor/ws/install/astra_camera_msgs/include/astra_camera_msgs/astra_camera_msgs/srv/detail/get_int32__functions.h
[4.405s] -- Up-to-date: /home/tractor/ws/install/astra_camera_msgs/include/astra_camera_msgs/astra_camera_msgs/srv/detail/get_camera_info__struct.h
[4.405s] -- Up-to-date: /home/tractor/ws/install/astra_camera_msgs/include/astra_camera_msgs/astra_camera_msgs/srv/detail/get_string__struct.h
[4.406s] -- Up-to-date: /home/tractor/ws/install/astra_camera_msgs/include/astra_camera_msgs/astra_camera_msgs/srv/detail/get_int32__functions.c
[4.406s] -- Up-to-date: /home/tractor/ws/install/astra_camera_msgs/include/astra_camera_msgs/astra_camera_msgs/srv/detail/get_int32__type_support.h
[4.407s] -- Up-to-date: /home/tractor/ws/install/astra_camera_msgs/include/astra_camera_msgs/astra_camera_msgs/srv/detail/set_int32__functions.c
[4.408s] -- Up-to-date: /home/tractor/ws/install/astra_camera_msgs/include/astra_camera_msgs/astra_camera_msgs/srv/detail/get_device_info__functions.h
[4.409s] -- Up-to-date: /home/tractor/ws/install/astra_camera_msgs/include/astra_camera_msgs/astra_camera_msgs/srv/detail/set_int32__struct.h
[4.409s] -- Up-to-date: /home/tractor/ws/install/astra_camera_msgs/include/astra_camera_msgs/astra_camera_msgs/srv/detail/get_string__functions.c
[4.409s] -- Up-to-date: /home/tractor/ws/install/astra_camera_msgs/include/astra_camera_msgs/astra_camera_msgs/srv/detail/get_camera_params__type_support.h
[4.409s] -- Up-to-date: /home/tractor/ws/install/astra_camera_msgs/include/astra_camera_msgs/astra_camera_msgs/srv/detail/get_int32__struct.h
[4.410s] -- Up-to-date: /home/tractor/ws/install/astra_camera_msgs/include/astra_camera_msgs/astra_camera_msgs/srv/detail/get_camera_params__struct.h
[4.410s] -- Up-to-date: /home/tractor/ws/install/astra_camera_msgs/include/astra_camera_msgs/astra_camera_msgs/srv/detail/set_int32__functions.h
[4.410s] -- Up-to-date: /home/tractor/ws/install/astra_camera_msgs/include/astra_camera_msgs/astra_camera_msgs/srv/detail/get_camera_info__type_support.h
[4.411s] -- Up-to-date: /home/tractor/ws/install/astra_camera_msgs/include/astra_camera_msgs/astra_camera_msgs/srv/set_int32.h
[4.411s] -- Up-to-date: /home/tractor/ws/install/astra_camera_msgs/include/astra_camera_msgs/astra_camera_msgs/srv/get_camera_info.h
[4.412s] -- Up-to-date: /home/tractor/ws/install/astra_camera_msgs/include/astra_camera_msgs/astra_camera_msgs/srv/get_camera_params.h
[4.412s] -- Up-to-date: /home/tractor/ws/install/astra_camera_msgs/include/astra_camera_msgs/astra_camera_msgs/srv/get_int32.h
[4.413s] -- Up-to-date: /home/tractor/ws/install/astra_camera_msgs/include/astra_camera_msgs/astra_camera_msgs/srv/get_string.h
[4.413s] -- Up-to-date: /home/tractor/ws/install/astra_camera_msgs/include/astra_camera_msgs/astra_camera_msgs/srv/get_device_info.h
[4.414s] -- Up-to-date: /home/tractor/ws/install/astra_camera_msgs/include/astra_camera_msgs/astra_camera_msgs/msg
[4.414s] -- Up-to-date: /home/tractor/ws/install/astra_camera_msgs/include/astra_camera_msgs/astra_camera_msgs/msg/detail
[4.415s] -- Up-to-date: /home/tractor/ws/install/astra_camera_msgs/include/astra_camera_msgs/astra_camera_msgs/msg/detail/device_info__struct.h
[4.416s] -- Up-to-date: /home/tractor/ws/install/astra_camera_msgs/include/astra_camera_msgs/astra_camera_msgs/msg/detail/extrinsics__struct.h
[4.416s] -- Up-to-date: /home/tractor/ws/install/astra_camera_msgs/include/astra_camera_msgs/astra_camera_msgs/msg/detail/extrinsics__type_support.h
[4.417s] -- Up-to-date: /home/tractor/ws/install/astra_camera_msgs/include/astra_camera_msgs/astra_camera_msgs/msg/detail/device_info__functions.c
[4.417s] -- Up-to-date: /home/tractor/ws/install/astra_camera_msgs/include/astra_camera_msgs/astra_camera_msgs/msg/detail/metadata__type_support.h
[4.418s] -- Up-to-date: /home/tractor/ws/install/astra_camera_msgs/include/astra_camera_msgs/astra_camera_msgs/msg/detail/metadata__functions.c
[4.418s] -- Up-to-date: /home/tractor/ws/install/astra_camera_msgs/include/astra_camera_msgs/astra_camera_msgs/msg/detail/extrinsics__functions.h
[4.418s] -- Up-to-date: /home/tractor/ws/install/astra_camera_msgs/include/astra_camera_msgs/astra_camera_msgs/msg/detail/device_info__functions.h
[4.419s] -- Up-to-date: /home/tractor/ws/install/astra_camera_msgs/include/astra_camera_msgs/astra_camera_msgs/msg/detail/metadata__functions.h
[4.420s] -- Up-to-date: /home/tractor/ws/install/astra_camera_msgs/include/astra_camera_msgs/astra_camera_msgs/msg/detail/extrinsics__functions.c
[4.420s] -- Up-to-date: /home/tractor/ws/install/astra_camera_msgs/include/astra_camera_msgs/astra_camera_msgs/msg/detail/device_info__type_support.h
[4.421s] -- Up-to-date: /home/tractor/ws/install/astra_camera_msgs/include/astra_camera_msgs/astra_camera_msgs/msg/detail/metadata__struct.h
[4.421s] -- Up-to-date: /home/tractor/ws/install/astra_camera_msgs/include/astra_camera_msgs/astra_camera_msgs/msg/extrinsics.h
[4.421s] -- Up-to-date: /home/tractor/ws/install/astra_camera_msgs/include/astra_camera_msgs/astra_camera_msgs/msg/metadata.h
[4.422s] -- Up-to-date: /home/tractor/ws/install/astra_camera_msgs/include/astra_camera_msgs/astra_camera_msgs/msg/device_info.h
[4.422s] -- Up-to-date: /home/tractor/ws/install/astra_camera_msgs/include/astra_camera_msgs/astra_camera_msgs/msg/rosidl_generator_c__visibility_control.h
[4.423s] -- Up-to-date: /home/tractor/ws/install/astra_camera_msgs/share/astra_camera_msgs/environment/library_path.sh
[4.423s] -- Up-to-date: /home/tractor/ws/install/astra_camera_msgs/share/astra_camera_msgs/environment/library_path.dsv
[4.424s] -- Up-to-date: /home/tractor/ws/install/astra_camera_msgs/lib/libastra_camera_msgs__rosidl_generator_c.so
[4.426s] -- Up-to-date: /home/tractor/ws/install/astra_camera_msgs/include/astra_camera_msgs/astra_camera_msgs
[4.428s] -- Up-to-date: /home/tractor/ws/install/astra_camera_msgs/include/astra_camera_msgs/astra_camera_msgs/srv
[4.429s] -- Up-to-date: /home/tractor/ws/install/astra_camera_msgs/include/astra_camera_msgs/astra_camera_msgs/srv/detail
[4.429s] -- Up-to-date: /home/tractor/ws/install/astra_camera_msgs/include/astra_camera_msgs/astra_camera_msgs/srv/detail/set_int32__rosidl_typesupport_fastrtps_c.h
[4.430s] -- Up-to-date: /home/tractor/ws/install/astra_camera_msgs/include/astra_camera_msgs/astra_camera_msgs/srv/detail/get_device_info__rosidl_typesupport_fastrtps_c.h
[4.431s] -- Up-to-date: /home/tractor/ws/install/astra_camera_msgs/include/astra_camera_msgs/astra_camera_msgs/srv/detail/get_camera_params__rosidl_typesupport_fastrtps_c.h
[4.432s] -- Up-to-date: /home/tractor/ws/install/astra_camera_msgs/include/astra_camera_msgs/astra_camera_msgs/srv/detail/get_int32__rosidl_typesupport_fastrtps_c.h
[4.432s] -- Up-to-date: /home/tractor/ws/install/astra_camera_msgs/include/astra_camera_msgs/astra_camera_msgs/srv/detail/get_string__rosidl_typesupport_fastrtps_c.h
[4.432s] -- Up-to-date: /home/tractor/ws/install/astra_camera_msgs/include/astra_camera_msgs/astra_camera_msgs/srv/detail/get_camera_info__rosidl_typesupport_fastrtps_c.h
[4.433s] -- Up-to-date: /home/tractor/ws/install/astra_camera_msgs/include/astra_camera_msgs/astra_camera_msgs/msg
[4.433s] -- Up-to-date: /home/tractor/ws/install/astra_camera_msgs/include/astra_camera_msgs/astra_camera_msgs/msg/detail
[4.434s] -- Up-to-date: /home/tractor/ws/install/astra_camera_msgs/include/astra_camera_msgs/astra_camera_msgs/msg/detail/device_info__rosidl_typesupport_fastrtps_c.h
[4.434s] -- Up-to-date: /home/tractor/ws/install/astra_camera_msgs/include/astra_camera_msgs/astra_camera_msgs/msg/detail/extrinsics__rosidl_typesupport_fastrtps_c.h
[4.434s] -- Up-to-date: /home/tractor/ws/install/astra_camera_msgs/include/astra_camera_msgs/astra_camera_msgs/msg/detail/metadata__rosidl_typesupport_fastrtps_c.h
[4.435s] -- Up-to-date: /home/tractor/ws/install/astra_camera_msgs/include/astra_camera_msgs/astra_camera_msgs/msg/rosidl_typesupport_fastrtps_c__visibility_control.h
[4.436s] -- Up-to-date: /home/tractor/ws/install/astra_camera_msgs/lib/libastra_camera_msgs__rosidl_typesupport_fastrtps_c.so
[4.437s] -- Up-to-date: /home/tractor/ws/install/astra_camera_msgs/include/astra_camera_msgs/astra_camera_msgs
[4.438s] -- Up-to-date: /home/tractor/ws/install/astra_camera_msgs/include/astra_camera_msgs/astra_camera_msgs/srv
[4.439s] -- Up-to-date: /home/tractor/ws/install/astra_camera_msgs/include/astra_camera_msgs/astra_camera_msgs/srv/detail
[4.440s] -- Up-to-date: /home/tractor/ws/install/astra_camera_msgs/include/astra_camera_msgs/astra_camera_msgs/srv/detail/get_device_info__rosidl_typesupport_introspection_c.h
[4.441s] -- Up-to-date: /home/tractor/ws/install/astra_camera_msgs/include/astra_camera_msgs/astra_camera_msgs/srv/detail/get_camera_info__rosidl_typesupport_introspection_c.h
[4.442s] -- Up-to-date: /home/tractor/ws/install/astra_camera_msgs/include/astra_camera_msgs/astra_camera_msgs/srv/detail/get_int32__rosidl_typesupport_introspection_c.h
[4.443s] -- Up-to-date: /home/tractor/ws/install/astra_camera_msgs/include/astra_camera_msgs/astra_camera_msgs/srv/detail/get_string__rosidl_typesupport_introspection_c.h
[4.443s] -- Up-to-date: /home/tractor/ws/install/astra_camera_msgs/include/astra_camera_msgs/astra_camera_msgs/srv/detail/get_string__type_support.c
[4.444s] -- Up-to-date: /home/tractor/ws/install/astra_camera_msgs/include/astra_camera_msgs/astra_camera_msgs/srv/detail/get_camera_params__type_support.c
[4.445s] -- Up-to-date: /home/tractor/ws/install/astra_camera_msgs/include/astra_camera_msgs/astra_camera_msgs/srv/detail/set_int32__type_support.c
[4.446s] -- Up-to-date: /home/tractor/ws/install/astra_camera_msgs/include/astra_camera_msgs/astra_camera_msgs/srv/detail/get_camera_params__rosidl_typesupport_introspection_c.h
[4.446s] -- Up-to-date: /home/tractor/ws/install/astra_camera_msgs/include/astra_camera_msgs/astra_camera_msgs/srv/detail/get_device_info__type_support.c
[4.447s] -- Up-to-date: /home/tractor/ws/install/astra_camera_msgs/include/astra_camera_msgs/astra_camera_msgs/srv/detail/get_camera_info__type_support.c
[4.447s] -- Up-to-date: /home/tractor/ws/install/astra_camera_msgs/include/astra_camera_msgs/astra_camera_msgs/srv/detail/get_int32__type_support.c
[4.447s] -- Up-to-date: /home/tractor/ws/install/astra_camera_msgs/include/astra_camera_msgs/astra_camera_msgs/srv/detail/set_int32__rosidl_typesupport_introspection_c.h
[4.448s] -- Up-to-date: /home/tractor/ws/install/astra_camera_msgs/include/astra_camera_msgs/astra_camera_msgs/msg
[4.448s] -- Up-to-date: /home/tractor/ws/install/astra_camera_msgs/include/astra_camera_msgs/astra_camera_msgs/msg/detail
[4.448s] -- Up-to-date: /home/tractor/ws/install/astra_camera_msgs/include/astra_camera_msgs/astra_camera_msgs/msg/detail/metadata__type_support.c
[4.449s] -- Up-to-date: /home/tractor/ws/install/astra_camera_msgs/include/astra_camera_msgs/astra_camera_msgs/msg/detail/extrinsics__rosidl_typesupport_introspection_c.h
[4.449s] -- Up-to-date: /home/tractor/ws/install/astra_camera_msgs/include/astra_camera_msgs/astra_camera_msgs/msg/detail/device_info__type_support.c
[4.450s] -- Up-to-date: /home/tractor/ws/install/astra_camera_msgs/include/astra_camera_msgs/astra_camera_msgs/msg/detail/device_info__rosidl_typesupport_introspection_c.h
[4.450s] -- Up-to-date: /home/tractor/ws/install/astra_camera_msgs/include/astra_camera_msgs/astra_camera_msgs/msg/detail/metadata__rosidl_typesupport_introspection_c.h
[4.450s] -- Up-to-date: /home/tractor/ws/install/astra_camera_msgs/include/astra_camera_msgs/astra_camera_msgs/msg/detail/extrinsics__type_support.c
[4.451s] -- Up-to-date: /home/tractor/ws/install/astra_camera_msgs/include/astra_camera_msgs/astra_camera_msgs/msg/rosidl_typesupport_introspection_c__visibility_control.h
[4.452s] -- Up-to-date: /home/tractor/ws/install/astra_camera_msgs/lib/libastra_camera_msgs__rosidl_typesupport_introspection_c.so
[4.459s] -- Up-to-date: /home/tractor/ws/install/astra_camera_msgs/lib/libastra_camera_msgs__rosidl_typesupport_c.so
[4.460s] -- Up-to-date: /home/tractor/ws/install/astra_camera_msgs/include/astra_camera_msgs/astra_camera_msgs
[4.461s] -- Up-to-date: /home/tractor/ws/install/astra_camera_msgs/include/astra_camera_msgs/astra_camera_msgs/srv
[4.462s] -- Up-to-date: /home/tractor/ws/install/astra_camera_msgs/include/astra_camera_msgs/astra_camera_msgs/srv/detail
[4.463s] -- Up-to-date: /home/tractor/ws/install/astra_camera_msgs/include/astra_camera_msgs/astra_camera_msgs/srv/detail/set_int32__traits.hpp
[4.464s] -- Up-to-date: /home/tractor/ws/install/astra_camera_msgs/include/astra_camera_msgs/astra_camera_msgs/srv/detail/get_device_info__builder.hpp
[4.465s] -- Up-to-date: /home/tractor/ws/install/astra_camera_msgs/include/astra_camera_msgs/astra_camera_msgs/srv/detail/get_int32__traits.hpp
[4.466s] -- Up-to-date: /home/tractor/ws/install/astra_camera_msgs/include/astra_camera_msgs/astra_camera_msgs/srv/detail/set_int32__struct.hpp
[4.467s] -- Up-to-date: /home/tractor/ws/install/astra_camera_msgs/include/astra_camera_msgs/astra_camera_msgs/srv/detail/get_camera_info__struct.hpp
[4.468s] -- Up-to-date: /home/tractor/ws/install/astra_camera_msgs/include/astra_camera_msgs/astra_camera_msgs/srv/detail/set_int32__builder.hpp
[4.468s] -- Up-to-date: /home/tractor/ws/install/astra_camera_msgs/include/astra_camera_msgs/astra_camera_msgs/srv/detail/get_camera_params__builder.hpp
[4.469s] -- Up-to-date: /home/tractor/ws/install/astra_camera_msgs/include/astra_camera_msgs/astra_camera_msgs/srv/detail/get_device_info__traits.hpp
[4.471s] -- Up-to-date: /home/tractor/ws/install/astra_camera_msgs/include/astra_camera_msgs/astra_camera_msgs/srv/detail/get_device_info__struct.hpp
[4.471s] -- Up-to-date: /home/tractor/ws/install/astra_camera_msgs/include/astra_camera_msgs/astra_camera_msgs/srv/detail/get_string__traits.hpp
[4.472s] -- Up-to-date: /home/tractor/ws/install/astra_camera_msgs/include/astra_camera_msgs/astra_camera_msgs/srv/detail/get_string__struct.hpp
[4.473s] -- Up-to-date: /home/tractor/ws/install/astra_camera_msgs/include/astra_camera_msgs/astra_camera_msgs/srv/detail/get_camera_info__traits.hpp
[4.474s] -- Up-to-date: /home/tractor/ws/install/astra_camera_msgs/include/astra_camera_msgs/astra_camera_msgs/srv/detail/get_camera_info__builder.hpp
[4.475s] -- Up-to-date: /home/tractor/ws/install/astra_camera_msgs/include/astra_camera_msgs/astra_camera_msgs/srv/detail/get_int32__struct.hpp
[4.476s] -- Up-to-date: /home/tractor/ws/install/astra_camera_msgs/include/astra_camera_msgs/astra_camera_msgs/srv/detail/get_string__builder.hpp
[4.476s] -- Up-to-date: /home/tractor/ws/install/astra_camera_msgs/include/astra_camera_msgs/astra_camera_msgs/srv/detail/get_camera_params__struct.hpp
[4.477s] -- Up-to-date: /home/tractor/ws/install/astra_camera_msgs/include/astra_camera_msgs/astra_camera_msgs/srv/detail/get_camera_params__traits.hpp
[4.478s] -- Up-to-date: /home/tractor/ws/install/astra_camera_msgs/include/astra_camera_msgs/astra_camera_msgs/srv/detail/get_int32__builder.hpp
[4.479s] -- Up-to-date: /home/tractor/ws/install/astra_camera_msgs/include/astra_camera_msgs/astra_camera_msgs/srv/get_string.hpp
[4.481s] -- Up-to-date: /home/tractor/ws/install/astra_camera_msgs/include/astra_camera_msgs/astra_camera_msgs/srv/get_device_info.hpp
[4.481s] -- Up-to-date: /home/tractor/ws/install/astra_camera_msgs/include/astra_camera_msgs/astra_camera_msgs/srv/get_camera_info.hpp
[4.481s] -- Up-to-date: /home/tractor/ws/install/astra_camera_msgs/include/astra_camera_msgs/astra_camera_msgs/srv/get_int32.hpp
[4.482s] -- Up-to-date: /home/tractor/ws/install/astra_camera_msgs/include/astra_camera_msgs/astra_camera_msgs/srv/set_int32.hpp
[4.482s] -- Up-to-date: /home/tractor/ws/install/astra_camera_msgs/include/astra_camera_msgs/astra_camera_msgs/srv/get_camera_params.hpp
[4.483s] -- Up-to-date: /home/tractor/ws/install/astra_camera_msgs/include/astra_camera_msgs/astra_camera_msgs/msg
[4.484s] -- Up-to-date: /home/tractor/ws/install/astra_camera_msgs/include/astra_camera_msgs/astra_camera_msgs/msg/detail
[4.484s] -- Up-to-date: /home/tractor/ws/install/astra_camera_msgs/include/astra_camera_msgs/astra_camera_msgs/msg/detail/metadata__builder.hpp
[4.485s] -- Up-to-date: /home/tractor/ws/install/astra_camera_msgs/include/astra_camera_msgs/astra_camera_msgs/msg/detail/device_info__builder.hpp
[4.485s] -- Up-to-date: /home/tractor/ws/install/astra_camera_msgs/include/astra_camera_msgs/astra_camera_msgs/msg/detail/metadata__traits.hpp
[4.486s] -- Up-to-date: /home/tractor/ws/install/astra_camera_msgs/include/astra_camera_msgs/astra_camera_msgs/msg/detail/metadata__struct.hpp
[4.486s] -- Up-to-date: /home/tractor/ws/install/astra_camera_msgs/include/astra_camera_msgs/astra_camera_msgs/msg/detail/extrinsics__builder.hpp
[4.487s] -- Up-to-date: /home/tractor/ws/install/astra_camera_msgs/include/astra_camera_msgs/astra_camera_msgs/msg/detail/device_info__traits.hpp
[4.488s] -- Up-to-date: /home/tractor/ws/install/astra_camera_msgs/include/astra_camera_msgs/astra_camera_msgs/msg/detail/device_info__struct.hpp
[4.489s] -- Up-to-date: /home/tractor/ws/install/astra_camera_msgs/include/astra_camera_msgs/astra_camera_msgs/msg/detail/extrinsics__struct.hpp
[4.490s] -- Up-to-date: /home/tractor/ws/install/astra_camera_msgs/include/astra_camera_msgs/astra_camera_msgs/msg/detail/extrinsics__traits.hpp
[4.491s] -- Up-to-date: /home/tractor/ws/install/astra_camera_msgs/include/astra_camera_msgs/astra_camera_msgs/msg/metadata.hpp
[4.492s] -- Up-to-date: /home/tractor/ws/install/astra_camera_msgs/include/astra_camera_msgs/astra_camera_msgs/msg/device_info.hpp
[4.493s] -- Up-to-date: /home/tractor/ws/install/astra_camera_msgs/include/astra_camera_msgs/astra_camera_msgs/msg/extrinsics.hpp
[4.493s] -- Up-to-date: /home/tractor/ws/install/astra_camera_msgs/include/astra_camera_msgs/astra_camera_msgs
[4.494s] -- Up-to-date: /home/tractor/ws/install/astra_camera_msgs/include/astra_camera_msgs/astra_camera_msgs/srv
[4.496s] -- Up-to-date: /home/tractor/ws/install/astra_camera_msgs/include/astra_camera_msgs/astra_camera_msgs/srv/detail
[4.496s] -- Up-to-date: /home/tractor/ws/install/astra_camera_msgs/include/astra_camera_msgs/astra_camera_msgs/srv/detail/get_int32__rosidl_typesupport_fastrtps_cpp.hpp
[4.497s] -- Up-to-date: /home/tractor/ws/install/astra_camera_msgs/include/astra_camera_msgs/astra_camera_msgs/srv/detail/get_device_info__rosidl_typesupport_fastrtps_cpp.hpp
[4.497s] -- Up-to-date: /home/tractor/ws/install/astra_camera_msgs/include/astra_camera_msgs/astra_camera_msgs/srv/detail/dds_fastrtps
[4.497s] -- Up-to-date: /home/tractor/ws/install/astra_camera_msgs/include/astra_camera_msgs/astra_camera_msgs/srv/detail/get_camera_params__rosidl_typesupport_fastrtps_cpp.hpp
[4.497s] -- Up-to-date: /home/tractor/ws/install/astra_camera_msgs/include/astra_camera_msgs/astra_camera_msgs/srv/detail/get_string__rosidl_typesupport_fastrtps_cpp.hpp
[4.498s] -- Up-to-date: /home/tractor/ws/install/astra_camera_msgs/include/astra_camera_msgs/astra_camera_msgs/srv/detail/get_camera_info__rosidl_typesupport_fastrtps_cpp.hpp
[4.498s] -- Up-to-date: /home/tractor/ws/install/astra_camera_msgs/include/astra_camera_msgs/astra_camera_msgs/srv/detail/set_int32__rosidl_typesupport_fastrtps_cpp.hpp
[4.498s] -- Up-to-date: /home/tractor/ws/install/astra_camera_msgs/include/astra_camera_msgs/astra_camera_msgs/msg
[4.499s] -- Up-to-date: /home/tractor/ws/install/astra_camera_msgs/include/astra_camera_msgs/astra_camera_msgs/msg/detail
[4.499s] -- Up-to-date: /home/tractor/ws/install/astra_camera_msgs/include/astra_camera_msgs/astra_camera_msgs/msg/detail/dds_fastrtps
[4.500s] -- Up-to-date: /home/tractor/ws/install/astra_camera_msgs/include/astra_camera_msgs/astra_camera_msgs/msg/detail/metadata__rosidl_typesupport_fastrtps_cpp.hpp
[4.500s] -- Up-to-date: /home/tractor/ws/install/astra_camera_msgs/include/astra_camera_msgs/astra_camera_msgs/msg/detail/device_info__rosidl_typesupport_fastrtps_cpp.hpp
[4.500s] -- Up-to-date: /home/tractor/ws/install/astra_camera_msgs/include/astra_camera_msgs/astra_camera_msgs/msg/detail/extrinsics__rosidl_typesupport_fastrtps_cpp.hpp
[4.501s] -- Up-to-date: /home/tractor/ws/install/astra_camera_msgs/include/astra_camera_msgs/astra_camera_msgs/msg/rosidl_typesupport_fastrtps_cpp__visibility_control.h
[4.501s] -- Up-to-date: /home/tractor/ws/install/astra_camera_msgs/lib/libastra_camera_msgs__rosidl_typesupport_fastrtps_cpp.so
[4.502s] -- Up-to-date: /home/tractor/ws/install/astra_camera_msgs/include/astra_camera_msgs/astra_camera_msgs
[4.502s] -- Up-to-date: /home/tractor/ws/install/astra_camera_msgs/include/astra_camera_msgs/astra_camera_msgs/srv
[4.503s] -- Up-to-date: /home/tractor/ws/install/astra_camera_msgs/include/astra_camera_msgs/astra_camera_msgs/srv/detail
[4.503s] -- Up-to-date: /home/tractor/ws/install/astra_camera_msgs/include/astra_camera_msgs/astra_camera_msgs/srv/detail/set_int32__rosidl_typesupport_introspection_cpp.hpp
[4.504s] -- Up-to-date: /home/tractor/ws/install/astra_camera_msgs/include/astra_camera_msgs/astra_camera_msgs/srv/detail/get_camera_params__rosidl_typesupport_introspection_cpp.hpp
[4.504s] -- Up-to-date: /home/tractor/ws/install/astra_camera_msgs/include/astra_camera_msgs/astra_camera_msgs/srv/detail/get_device_info__type_support.cpp
[4.504s] -- Up-to-date: /home/tractor/ws/install/astra_camera_msgs/include/astra_camera_msgs/astra_camera_msgs/srv/detail/get_string__rosidl_typesupport_introspection_cpp.hpp
[4.505s] -- Up-to-date: /home/tractor/ws/install/astra_camera_msgs/include/astra_camera_msgs/astra_camera_msgs/srv/detail/set_int32__type_support.cpp
[4.505s] -- Up-to-date: /home/tractor/ws/install/astra_camera_msgs/include/astra_camera_msgs/astra_camera_msgs/srv/detail/get_camera_info__rosidl_typesupport_introspection_cpp.hpp
[4.506s] -- Up-to-date: /home/tractor/ws/install/astra_camera_msgs/include/astra_camera_msgs/astra_camera_msgs/srv/detail/get_camera_info__type_support.cpp
[4.506s] -- Up-to-date: /home/tractor/ws/install/astra_camera_msgs/include/astra_camera_msgs/astra_camera_msgs/srv/detail/get_camera_params__type_support.cpp
[4.507s] -- Up-to-date: /home/tractor/ws/install/astra_camera_msgs/include/astra_camera_msgs/astra_camera_msgs/srv/detail/get_int32__type_support.cpp
[4.508s] -- Up-to-date: /home/tractor/ws/install/astra_camera_msgs/include/astra_camera_msgs/astra_camera_msgs/srv/detail/get_string__type_support.cpp
[4.508s] -- Up-to-date: /home/tractor/ws/install/astra_camera_msgs/include/astra_camera_msgs/astra_camera_msgs/srv/detail/get_device_info__rosidl_typesupport_introspection_cpp.hpp
[4.509s] -- Up-to-date: /home/tractor/ws/install/astra_camera_msgs/include/astra_camera_msgs/astra_camera_msgs/srv/detail/get_int32__rosidl_typesupport_introspection_cpp.hpp
[4.509s] -- Up-to-date: /home/tractor/ws/install/astra_camera_msgs/include/astra_camera_msgs/astra_camera_msgs/msg
[4.509s] -- Up-to-date: /home/tractor/ws/install/astra_camera_msgs/include/astra_camera_msgs/astra_camera_msgs/msg/detail
[4.510s] -- Up-to-date: /home/tractor/ws/install/astra_camera_msgs/include/astra_camera_msgs/astra_camera_msgs/msg/detail/device_info__rosidl_typesupport_introspection_cpp.hpp
[4.510s] -- Up-to-date: /home/tractor/ws/install/astra_camera_msgs/include/astra_camera_msgs/astra_camera_msgs/msg/detail/extrinsics__type_support.cpp
[4.511s] -- Up-to-date: /home/tractor/ws/install/astra_camera_msgs/include/astra_camera_msgs/astra_camera_msgs/msg/detail/extrinsics__rosidl_typesupport_introspection_cpp.hpp
[4.511s] -- Up-to-date: /home/tractor/ws/install/astra_camera_msgs/include/astra_camera_msgs/astra_camera_msgs/msg/detail/metadata__rosidl_typesupport_introspection_cpp.hpp
[4.512s] -- Up-to-date: /home/tractor/ws/install/astra_camera_msgs/include/astra_camera_msgs/astra_camera_msgs/msg/detail/metadata__type_support.cpp
[4.512s] -- Up-to-date: /home/tractor/ws/install/astra_camera_msgs/include/astra_camera_msgs/astra_camera_msgs/msg/detail/device_info__type_support.cpp
[4.513s] -- Up-to-date: /home/tractor/ws/install/astra_camera_msgs/lib/libastra_camera_msgs__rosidl_typesupport_introspection_cpp.so
[4.513s] -- Up-to-date: /home/tractor/ws/install/astra_camera_msgs/lib/libastra_camera_msgs__rosidl_typesupport_cpp.so
[4.514s] -- Up-to-date: /home/tractor/ws/install/astra_camera_msgs/share/astra_camera_msgs/environment/pythonpath.sh
[4.514s] -- Up-to-date: /home/tractor/ws/install/astra_camera_msgs/share/astra_camera_msgs/environment/pythonpath.dsv
[4.515s] -- Up-to-date: /home/tractor/ws/install/astra_camera_msgs/local/lib/python3.10/dist-packages/astra_camera_msgs-1.0.1-py3.10.egg-info
[4.515s] -- Installing: /home/tractor/ws/install/astra_camera_msgs/local/lib/python3.10/dist-packages/astra_camera_msgs-1.0.1-py3.10.egg-info/dependency_links.txt
[4.516s] -- Installing: /home/tractor/ws/install/astra_camera_msgs/local/lib/python3.10/dist-packages/astra_camera_msgs-1.0.1-py3.10.egg-info/top_level.txt
[4.517s] -- Installing: /home/tractor/ws/install/astra_camera_msgs/local/lib/python3.10/dist-packages/astra_camera_msgs-1.0.1-py3.10.egg-info/SOURCES.txt
[4.517s] -- Installing: /home/tractor/ws/install/astra_camera_msgs/local/lib/python3.10/dist-packages/astra_camera_msgs-1.0.1-py3.10.egg-info/PKG-INFO
[4.518s] -- Up-to-date: /home/tractor/ws/install/astra_camera_msgs/local/lib/python3.10/dist-packages/astra_camera_msgs
[4.520s] -- Up-to-date: /home/tractor/ws/install/astra_camera_msgs/local/lib/python3.10/dist-packages/astra_camera_msgs/libastra_camera_msgs__rosidl_generator_py.so
[4.520s] -- Up-to-date: /home/tractor/ws/install/astra_camera_msgs/local/lib/python3.10/dist-packages/astra_camera_msgs/_astra_camera_msgs_s.ep.rosidl_typesupport_c.c
[4.520s] -- Up-to-date: /home/tractor/ws/install/astra_camera_msgs/local/lib/python3.10/dist-packages/astra_camera_msgs/srv
[4.521s] -- Up-to-date: /home/tractor/ws/install/astra_camera_msgs/local/lib/python3.10/dist-packages/astra_camera_msgs/srv/_get_string.py
[4.523s] -- Up-to-date: /home/tractor/ws/install/astra_camera_msgs/local/lib/python3.10/dist-packages/astra_camera_msgs/srv/_get_device_info.py
[4.524s] -- Up-to-date: /home/tractor/ws/install/astra_camera_msgs/local/lib/python3.10/dist-packages/astra_camera_msgs/srv/_set_int32.py
[4.525s] -- Up-to-date: /home/tractor/ws/install/astra_camera_msgs/local/lib/python3.10/dist-packages/astra_camera_msgs/srv/_get_string_s.c
[4.525s] -- Up-to-date: /home/tractor/ws/install/astra_camera_msgs/local/lib/python3.10/dist-packages/astra_camera_msgs/srv/_get_int32_s.c
[4.526s] -- Up-to-date: /home/tractor/ws/install/astra_camera_msgs/local/lib/python3.10/dist-packages/astra_camera_msgs/srv/_set_int32_s.c
[4.527s] -- Up-to-date: /home/tractor/ws/install/astra_camera_msgs/local/lib/python3.10/dist-packages/astra_camera_msgs/srv/_get_camera_info_s.c
[4.529s] -- Up-to-date: /home/tractor/ws/install/astra_camera_msgs/local/lib/python3.10/dist-packages/astra_camera_msgs/srv/_get_device_info_s.c
[4.530s] -- Up-to-date: /home/tractor/ws/install/astra_camera_msgs/local/lib/python3.10/dist-packages/astra_camera_msgs/srv/__init__.py
[4.531s] -- Up-to-date: /home/tractor/ws/install/astra_camera_msgs/local/lib/python3.10/dist-packages/astra_camera_msgs/srv/_get_camera_params_s.c
[4.531s] -- Up-to-date: /home/tractor/ws/install/astra_camera_msgs/local/lib/python3.10/dist-packages/astra_camera_msgs/srv/_get_camera_params.py
[4.532s] -- Up-to-date: /home/tractor/ws/install/astra_camera_msgs/local/lib/python3.10/dist-packages/astra_camera_msgs/srv/_get_camera_info.py
[4.532s] -- Up-to-date: /home/tractor/ws/install/astra_camera_msgs/local/lib/python3.10/dist-packages/astra_camera_msgs/srv/_get_int32.py
[4.532s] -- Up-to-date: /home/tractor/ws/install/astra_camera_msgs/local/lib/python3.10/dist-packages/astra_camera_msgs/_astra_camera_msgs_s.ep.rosidl_typesupport_introspection_c.c
[4.533s] -- Up-to-date: /home/tractor/ws/install/astra_camera_msgs/local/lib/python3.10/dist-packages/astra_camera_msgs/msg
[4.533s] -- Up-to-date: /home/tractor/ws/install/astra_camera_msgs/local/lib/python3.10/dist-packages/astra_camera_msgs/msg/_extrinsics.py
[4.534s] -- Up-to-date: /home/tractor/ws/install/astra_camera_msgs/local/lib/python3.10/dist-packages/astra_camera_msgs/msg/_metadata.py
[4.534s] -- Up-to-date: /home/tractor/ws/install/astra_camera_msgs/local/lib/python3.10/dist-packages/astra_camera_msgs/msg/_device_info_s.c
[4.534s] -- Up-to-date: /home/tractor/ws/install/astra_camera_msgs/local/lib/python3.10/dist-packages/astra_camera_msgs/msg/_metadata_s.c
[4.535s] -- Up-to-date: /home/tractor/ws/install/astra_camera_msgs/local/lib/python3.10/dist-packages/astra_camera_msgs/msg/_device_info.py
[4.535s] -- Up-to-date: /home/tractor/ws/install/astra_camera_msgs/local/lib/python3.10/dist-packages/astra_camera_msgs/msg/__init__.py
[4.536s] -- Up-to-date: /home/tractor/ws/install/astra_camera_msgs/local/lib/python3.10/dist-packages/astra_camera_msgs/msg/_extrinsics_s.c
[4.536s] -- Up-to-date: /home/tractor/ws/install/astra_camera_msgs/local/lib/python3.10/dist-packages/astra_camera_msgs/_astra_camera_msgs_s.ep.rosidl_typesupport_fastrtps_c.c
[4.537s] -- Up-to-date: /home/tractor/ws/install/astra_camera_msgs/local/lib/python3.10/dist-packages/astra_camera_msgs/astra_camera_msgs_s__rosidl_typesupport_introspection_c.cpython-310-aarch64-linux-gnu.so
[4.538s] -- Up-to-date: /home/tractor/ws/install/astra_camera_msgs/local/lib/python3.10/dist-packages/astra_camera_msgs/astra_camera_msgs_s__rosidl_typesupport_c.cpython-310-aarch64-linux-gnu.so
[4.538s] -- Up-to-date: /home/tractor/ws/install/astra_camera_msgs/local/lib/python3.10/dist-packages/astra_camera_msgs/astra_camera_msgs_s__rosidl_typesupport_fastrtps_c.cpython-310-aarch64-linux-gnu.so
[4.539s] -- Up-to-date: /home/tractor/ws/install/astra_camera_msgs/local/lib/python3.10/dist-packages/astra_camera_msgs/__init__.py
[4.714s] Listing '/home/tractor/ws/install/astra_camera_msgs/local/lib/python3.10/dist-packages/astra_camera_msgs'...
[4.715s] Listing '/home/tractor/ws/install/astra_camera_msgs/local/lib/python3.10/dist-packages/astra_camera_msgs/msg'...
[4.718s] Listing '/home/tractor/ws/install/astra_camera_msgs/local/lib/python3.10/dist-packages/astra_camera_msgs/srv'...
[4.746s] -- Up-to-date: /home/tractor/ws/install/astra_camera_msgs/local/lib/python3.10/dist-packages/astra_camera_msgs/astra_camera_msgs_s__rosidl_typesupport_fastrtps_c.cpython-310-aarch64-linux-gnu.so
[4.750s] -- Up-to-date: /home/tractor/ws/install/astra_camera_msgs/local/lib/python3.10/dist-packages/astra_camera_msgs/astra_camera_msgs_s__rosidl_typesupport_introspection_c.cpython-310-aarch64-linux-gnu.so
[4.758s] -- Up-to-date: /home/tractor/ws/install/astra_camera_msgs/local/lib/python3.10/dist-packages/astra_camera_msgs/astra_camera_msgs_s__rosidl_typesupport_c.cpython-310-aarch64-linux-gnu.so
[4.761s] -- Up-to-date: /home/tractor/ws/install/astra_camera_msgs/lib/libastra_camera_msgs__rosidl_generator_py.so
[4.763s] -- Up-to-date: /home/tractor/ws/install/astra_camera_msgs/share/astra_camera_msgs/msg/DeviceInfo.idl
[4.764s] -- Up-to-date: /home/tractor/ws/install/astra_camera_msgs/share/astra_camera_msgs/msg/Extrinsics.idl
[4.764s] -- Up-to-date: /home/tractor/ws/install/astra_camera_msgs/share/astra_camera_msgs/msg/Metadata.idl
[4.765s] -- Up-to-date: /home/tractor/ws/install/astra_camera_msgs/share/astra_camera_msgs/srv/GetDeviceInfo.idl
[4.766s] -- Up-to-date: /home/tractor/ws/install/astra_camera_msgs/share/astra_camera_msgs/srv/GetCameraInfo.idl
[4.767s] -- Up-to-date: /home/tractor/ws/install/astra_camera_msgs/share/astra_camera_msgs/srv/GetCameraParams.idl
[4.767s] -- Up-to-date: /home/tractor/ws/install/astra_camera_msgs/share/astra_camera_msgs/srv/GetInt32.idl
[4.768s] -- Up-to-date: /home/tractor/ws/install/astra_camera_msgs/share/astra_camera_msgs/srv/GetString.idl
[4.768s] -- Up-to-date: /home/tractor/ws/install/astra_camera_msgs/share/astra_camera_msgs/srv/SetInt32.idl
[4.769s] -- Up-to-date: /home/tractor/ws/install/astra_camera_msgs/share/astra_camera_msgs/msg/DeviceInfo.msg
[4.770s] -- Up-to-date: /home/tractor/ws/install/astra_camera_msgs/share/astra_camera_msgs/msg/Extrinsics.msg
[4.770s] -- Up-to-date: /home/tractor/ws/install/astra_camera_msgs/share/astra_camera_msgs/msg/Metadata.msg
[4.771s] -- Up-to-date: /home/tractor/ws/install/astra_camera_msgs/share/astra_camera_msgs/srv/GetDeviceInfo.srv
[4.772s] -- Up-to-date: /home/tractor/ws/install/astra_camera_msgs/share/astra_camera_msgs/srv/GetDeviceInfo_Request.msg
[4.772s] -- Up-to-date: /home/tractor/ws/install/astra_camera_msgs/share/astra_camera_msgs/srv/GetDeviceInfo_Response.msg
[4.773s] -- Up-to-date: /home/tractor/ws/install/astra_camera_msgs/share/astra_camera_msgs/srv/GetCameraInfo.srv
[4.774s] -- Up-to-date: /home/tractor/ws/install/astra_camera_msgs/share/astra_camera_msgs/srv/GetCameraInfo_Request.msg
[4.774s] -- Up-to-date: /home/tractor/ws/install/astra_camera_msgs/share/astra_camera_msgs/srv/GetCameraInfo_Response.msg
[4.775s] -- Up-to-date: /home/tractor/ws/install/astra_camera_msgs/share/astra_camera_msgs/srv/GetCameraParams.srv
[4.775s] -- Up-to-date: /home/tractor/ws/install/astra_camera_msgs/share/astra_camera_msgs/srv/GetCameraParams_Request.msg
[4.776s] -- Up-to-date: /home/tractor/ws/install/astra_camera_msgs/share/astra_camera_msgs/srv/GetCameraParams_Response.msg
[4.777s] -- Up-to-date: /home/tractor/ws/install/astra_camera_msgs/share/astra_camera_msgs/srv/GetInt32.srv
[4.777s] -- Up-to-date: /home/tractor/ws/install/astra_camera_msgs/share/astra_camera_msgs/srv/GetInt32_Request.msg
[4.778s] -- Up-to-date: /home/tractor/ws/install/astra_camera_msgs/share/astra_camera_msgs/srv/GetInt32_Response.msg
[4.778s] -- Up-to-date: /home/tractor/ws/install/astra_camera_msgs/share/astra_camera_msgs/srv/GetString.srv
[4.779s] -- Up-to-date: /home/tractor/ws/install/astra_camera_msgs/share/astra_camera_msgs/srv/GetString_Request.msg
[4.780s] -- Up-to-date: /home/tractor/ws/install/astra_camera_msgs/share/astra_camera_msgs/srv/GetString_Response.msg
[4.780s] -- Up-to-date: /home/tractor/ws/install/astra_camera_msgs/share/astra_camera_msgs/srv/SetInt32.srv
[4.781s] -- Up-to-date: /home/tractor/ws/install/astra_camera_msgs/share/astra_camera_msgs/srv/SetInt32_Request.msg
[4.782s] -- Up-to-date: /home/tractor/ws/install/astra_camera_msgs/share/astra_camera_msgs/srv/SetInt32_Response.msg
[4.783s] -- Up-to-date: /home/tractor/ws/install/astra_camera_msgs/share/ament_index/resource_index/package_run_dependencies/astra_camera_msgs
[4.784s] -- Up-to-date: /home/tractor/ws/install/astra_camera_msgs/share/ament_index/resource_index/parent_prefix_path/astra_camera_msgs
[4.785s] -- Up-to-date: /home/tractor/ws/install/astra_camera_msgs/share/astra_camera_msgs/environment/ament_prefix_path.sh
[4.785s] -- Up-to-date: /home/tractor/ws/install/astra_camera_msgs/share/astra_camera_msgs/environment/ament_prefix_path.dsv
[4.786s] -- Up-to-date: /home/tractor/ws/install/astra_camera_msgs/share/astra_camera_msgs/environment/path.sh
[4.787s] -- Up-to-date: /home/tractor/ws/install/astra_camera_msgs/share/astra_camera_msgs/environment/path.dsv
[4.787s] -- Up-to-date: /home/tractor/ws/install/astra_camera_msgs/share/astra_camera_msgs/local_setup.bash
[4.788s] -- Up-to-date: /home/tractor/ws/install/astra_camera_msgs/share/astra_camera_msgs/local_setup.sh
[4.788s] -- Up-to-date: /home/tractor/ws/install/astra_camera_msgs/share/astra_camera_msgs/local_setup.zsh
[4.789s] -- Up-to-date: /home/tractor/ws/install/astra_camera_msgs/share/astra_camera_msgs/local_setup.dsv
[4.789s] -- Installing: /home/tractor/ws/install/astra_camera_msgs/share/astra_camera_msgs/package.dsv
[4.794s] -- Up-to-date: /home/tractor/ws/install/astra_camera_msgs/share/ament_index/resource_index/packages/astra_camera_msgs
[4.799s] -- Up-to-date: /home/tractor/ws/install/astra_camera_msgs/share/astra_camera_msgs/cmake/export_astra_camera_msgs__rosidl_generator_cExport.cmake
[4.800s] -- Up-to-date: /home/tractor/ws/install/astra_camera_msgs/share/astra_camera_msgs/cmake/export_astra_camera_msgs__rosidl_generator_cExport-release.cmake
[4.802s] -- Up-to-date: /home/tractor/ws/install/astra_camera_msgs/share/astra_camera_msgs/cmake/export_astra_camera_msgs__rosidl_typesupport_fastrtps_cExport.cmake
[4.803s] -- Up-to-date: /home/tractor/ws/install/astra_camera_msgs/share/astra_camera_msgs/cmake/export_astra_camera_msgs__rosidl_typesupport_fastrtps_cExport-release.cmake
[4.805s] -- Up-to-date: /home/tractor/ws/install/astra_camera_msgs/share/astra_camera_msgs/cmake/astra_camera_msgs__rosidl_typesupport_introspection_cExport.cmake
[4.806s] -- Up-to-date: /home/tractor/ws/install/astra_camera_msgs/share/astra_camera_msgs/cmake/astra_camera_msgs__rosidl_typesupport_introspection_cExport-release.cmake
[4.808s] -- Up-to-date: /home/tractor/ws/install/astra_camera_msgs/share/astra_camera_msgs/cmake/astra_camera_msgs__rosidl_typesupport_cExport.cmake
[4.809s] -- Up-to-date: /home/tractor/ws/install/astra_camera_msgs/share/astra_camera_msgs/cmake/astra_camera_msgs__rosidl_typesupport_cExport-release.cmake
[4.811s] -- Up-to-date: /home/tractor/ws/install/astra_camera_msgs/share/astra_camera_msgs/cmake/export_astra_camera_msgs__rosidl_generator_cppExport.cmake
[4.814s] -- Up-to-date: /home/tractor/ws/install/astra_camera_msgs/share/astra_camera_msgs/cmake/export_astra_camera_msgs__rosidl_typesupport_fastrtps_cppExport.cmake
[4.814s] -- Up-to-date: /home/tractor/ws/install/astra_camera_msgs/share/astra_camera_msgs/cmake/export_astra_camera_msgs__rosidl_typesupport_fastrtps_cppExport-release.cmake
[4.817s] -- Up-to-date: /home/tractor/ws/install/astra_camera_msgs/share/astra_camera_msgs/cmake/astra_camera_msgs__rosidl_typesupport_introspection_cppExport.cmake
[4.818s] -- Up-to-date: /home/tractor/ws/install/astra_camera_msgs/share/astra_camera_msgs/cmake/astra_camera_msgs__rosidl_typesupport_introspection_cppExport-release.cmake
[4.820s] -- Up-to-date: /home/tractor/ws/install/astra_camera_msgs/share/astra_camera_msgs/cmake/astra_camera_msgs__rosidl_typesupport_cppExport.cmake
[4.821s] -- Up-to-date: /home/tractor/ws/install/astra_camera_msgs/share/astra_camera_msgs/cmake/astra_camera_msgs__rosidl_typesupport_cppExport-release.cmake
[4.824s] -- Up-to-date: /home/tractor/ws/install/astra_camera_msgs/share/astra_camera_msgs/cmake/export_astra_camera_msgs__rosidl_generator_pyExport.cmake
[4.824s] -- Up-to-date: /home/tractor/ws/install/astra_camera_msgs/share/astra_camera_msgs/cmake/export_astra_camera_msgs__rosidl_generator_pyExport-release.cmake
[4.825s] -- Up-to-date: /home/tractor/ws/install/astra_camera_msgs/share/astra_camera_msgs/cmake/rosidl_cmake-extras.cmake
[4.825s] -- Up-to-date: /home/tractor/ws/install/astra_camera_msgs/share/astra_camera_msgs/cmake/ament_cmake_export_dependencies-extras.cmake
[4.826s] -- Up-to-date: /home/tractor/ws/install/astra_camera_msgs/share/astra_camera_msgs/cmake/ament_cmake_export_include_directories-extras.cmake
[4.827s] -- Up-to-date: /home/tractor/ws/install/astra_camera_msgs/share/astra_camera_msgs/cmake/ament_cmake_export_libraries-extras.cmake
[4.828s] -- Up-to-date: /home/tractor/ws/install/astra_camera_msgs/share/astra_camera_msgs/cmake/ament_cmake_export_targets-extras.cmake
[4.829s] -- Up-to-date: /home/tractor/ws/install/astra_camera_msgs/share/astra_camera_msgs/cmake/rosidl_cmake_export_typesupport_targets-extras.cmake
[4.829s] -- Up-to-date: /home/tractor/ws/install/astra_camera_msgs/share/astra_camera_msgs/cmake/rosidl_cmake_export_typesupport_libraries-extras.cmake
[4.830s] -- Up-to-date: /home/tractor/ws/install/astra_camera_msgs/share/astra_camera_msgs/cmake/astra_camera_msgsConfig.cmake
[4.831s] -- Up-to-date: /home/tractor/ws/install/astra_camera_msgs/share/astra_camera_msgs/cmake/astra_camera_msgsConfig-version.cmake
[4.831s] -- Up-to-date: /home/tractor/ws/install/astra_camera_msgs/share/astra_camera_msgs/package.xml
[4.843s] Invoked command in '/home/tractor/ws/build/astra_camera_msgs' returned '0': CMAKE_PREFIX_PATH=/opt/ros/humble /usr/bin/cmake --install /home/tractor/ws/build/astra_camera_msgs
