[3.454s] Invoking command in '/home/tractor/ws/src/robot': PYTHONPATH=/home/tractor/ws/build/robot/prefix_override:/home/tractor/ws/install/robot/lib/python3.10/site-packages:${PYTHONPATH} /usr/bin/python3 -W ignore:setup.py install is deprecated setup.py egg_info --egg-base ../../build/robot build --build-base /home/tractor/ws/build/robot/build install --record /home/tractor/ws/build/robot/install.log --single-version-externally-managed install_data
[4.530s] running egg_info
[4.597s] writing ../../build/robot/robot.egg-info/PKG-INFO
[4.599s] writing dependency_links to ../../build/robot/robot.egg-info/dependency_links.txt
[4.601s] writing entry points to ../../build/robot/robot.egg-info/entry_points.txt
[4.602s] writing requirements to ../../build/robot/robot.egg-info/requires.txt
[4.603s] writing top-level names to ../../build/robot/robot.egg-info/top_level.txt
[4.739s] reading manifest file '../../build/robot/robot.egg-info/SOURCES.txt'
[4.741s] adding license file 'LICENSE'
[4.744s] writing manifest file '../../build/robot/robot.egg-info/SOURCES.txt'
[4.745s] running build
[4.745s] running build_py
[4.746s] copying robot/vision.py -> /home/tractor/ws/build/robot/build/lib/robot
[4.747s] copying robot/startRobot.py -> /home/tractor/ws/build/robot/build/lib/robot
[4.748s] copying robot/stop_sign_detection_screen_shots.py -> /home/tractor/ws/build/robot/build/lib/robot
[4.750s] copying robot/Locomotion.py -> /home/tractor/ws/build/robot/build/lib/robot
[4.751s] copying robot/__init__.py -> /home/tractor/ws/build/robot/build/lib/robot
[4.753s] running install
[4.777s] running install_lib
[4.842s] copying /home/tractor/ws/build/robot/build/lib/robot/stop_sign_detection_screen_shots.py -> /home/tractor/ws/install/robot/lib/python3.10/site-packages/robot
[4.846s] byte-compiling /home/tractor/ws/install/robot/lib/python3.10/site-packages/robot/stop_sign_detection_screen_shots.py to stop_sign_detection_screen_shots.cpython-310.pyc
[4.850s] running install_data
[4.850s] copying resource/robot -> /home/tractor/ws/install/robot/share/ament_index/resource_index/packages
[4.851s] copying package.xml -> /home/tractor/ws/install/robot/share/robot
[4.852s] running install_egg_info
[4.925s] removing '/home/tractor/ws/install/robot/lib/python3.10/site-packages/robot-0.0.0-py3.10.egg-info' (and everything under it)
[4.927s] Copying ../../build/robot/robot.egg-info to /home/tractor/ws/install/robot/lib/python3.10/site-packages/robot-0.0.0-py3.10.egg-info
[4.932s] running install_scripts
[5.597s] Installing Locomotion script to /home/tractor/ws/install/robot/lib/robot
[5.598s] Installing stop script to /home/tractor/ws/install/robot/lib/robot
[5.599s] Installing vision script to /home/tractor/ws/install/robot/lib/robot
[5.602s] writing list of installed files to '/home/tractor/ws/build/robot/install.log'
[5.744s] Invoked command in '/home/tractor/ws/src/robot' returned '0': PYTHONPATH=/home/tractor/ws/build/robot/prefix_override:/home/tractor/ws/install/robot/lib/python3.10/site-packages:${PYTHONPATH} /usr/bin/python3 -W ignore:setup.py install is deprecated setup.py egg_info --egg-base ../../build/robot build --build-base /home/tractor/ws/build/robot/build install --record /home/tractor/ws/build/robot/install.log --single-version-externally-managed install_data
