[0.130s] Invoking command in '/home/tractor/ws/build/libuvc': /usr/bin/cmake --build /home/tractor/ws/build/libuvc -- -j4 -l4
[0.648s] [ 45%] Built target uvc_static
[0.666s] [ 90%] Built target uvc
[0.814s] [100%] Built target example
[1.653s] Invoked command in '/home/tractor/ws/build/libuvc' returned '0': /usr/bin/cmake --build /home/tractor/ws/build/libuvc -- -j4 -l4
[2.148s] Invoking command in '/home/tractor/ws/build/libuvc': /usr/bin/cmake --install /home/tractor/ws/build/libuvc
[2.184s] -- Install configuration: "Release"
[2.192s] -- Up-to-date: /home/tractor/ws/install/libuvc/lib/libuvc.so.0.0.7
[2.193s] -- Up-to-date: /home/tractor/ws/install/libuvc/lib/libuvc.so.0
[2.194s] -- Up-to-date: /home/tractor/ws/install/libuvc/lib/libuvc.so
[2.195s] -- Up-to-date: /home/tractor/ws/install/libuvc/include/libuvc/libuvc.h
[2.197s] -- Up-to-date: /home/tractor/ws/install/libuvc/include/libuvc/libuvc_config.h
[2.198s] -- Up-to-date: /home/tractor/ws/install/libuvc/lib/libuvc.a
[2.199s] -- Up-to-date: /home/tractor/ws/install/libuvc/include/libuvc/libuvc.h
[2.201s] -- Up-to-date: /home/tractor/ws/install/libuvc/include/libuvc/libuvc_config.h
[2.202s] -- Up-to-date: /home/tractor/ws/install/libuvc/lib/cmake/libuvc/libuvcTargets.cmake
[2.203s] -- Up-to-date: /home/tractor/ws/install/libuvc/lib/cmake/libuvc/libuvcTargets-release.cmake
[2.204s] -- Up-to-date: /home/tractor/ws/install/libuvc/lib/cmake/libuvc/FindLibUSB.cmake
[2.205s] -- Up-to-date: /home/tractor/ws/install/libuvc/lib/cmake/libuvc/FindJpegPkg.cmake
[2.205s] -- Up-to-date: /home/tractor/ws/install/libuvc/lib/cmake/libuvc/libuvcConfigVersion.cmake
[2.206s] -- Up-to-date: /home/tractor/ws/install/libuvc/lib/pkgconfig/libuvc.pc
[2.206s] -- Up-to-date: /home/tractor/ws/install/libuvc/lib/cmake/libuvc/libuvcConfig.cmake
[2.221s] Invoked command in '/home/tractor/ws/build/libuvc' returned '0': /usr/bin/cmake --install /home/tractor/ws/build/libuvc
