[3.687s] Invoking command in '/home/tractor/ws/src/robot': PYTHONPATH=/home/tractor/ws/build/robot/prefix_override:/home/tractor/ws/install/robot/lib/python3.10/site-packages:${PYTHONPATH} /usr/bin/python3 -W ignore:setup.py install is deprecated setup.py egg_info --egg-base ../../build/robot build --build-base /home/tractor/ws/build/robot/build install --record /home/tractor/ws/build/robot/install.log --single-version-externally-managed install_data
[4.844s] running egg_info
[4.917s] writing ../../build/robot/robot.egg-info/PKG-INFO
[4.919s] writing dependency_links to ../../build/robot/robot.egg-info/dependency_links.txt
[4.920s] writing entry points to ../../build/robot/robot.egg-info/entry_points.txt
[4.921s] writing requirements to ../../build/robot/robot.egg-info/requires.txt
[4.922s] writing top-level names to ../../build/robot/robot.egg-info/top_level.txt
[5.087s] reading manifest file '../../build/robot/robot.egg-info/SOURCES.txt'
[5.088s] adding license file 'LICENSE'
[5.091s] writing manifest file '../../build/robot/robot.egg-info/SOURCES.txt'
[5.092s] running build
[5.092s] running build_py
[5.093s] copying robot/startRobot.py -> /home/tractor/ws/build/robot/build/lib/robot
[5.094s] copying robot/Locomotion.py -> /home/tractor/ws/build/robot/build/lib/robot
[5.095s] copying robot/__init__.py -> /home/tractor/ws/build/robot/build/lib/robot
[5.097s] running install
[5.118s] running install_lib
[5.189s] copying /home/tractor/ws/build/robot/build/lib/robot/Locomotion.py -> /home/tractor/ws/install/robot/lib/python3.10/site-packages/robot
[5.192s] byte-compiling /home/tractor/ws/install/robot/lib/python3.10/site-packages/robot/Locomotion.py to Locomotion.cpython-310.pyc
[5.198s] running install_data
[5.199s] copying resource/robot -> /home/tractor/ws/install/robot/share/ament_index/resource_index/packages
[5.200s] copying package.xml -> /home/tractor/ws/install/robot/share/robot
[5.201s] running install_egg_info
[5.272s] removing '/home/tractor/ws/install/robot/lib/python3.10/site-packages/robot-0.0.0-py3.10.egg-info' (and everything under it)
[5.274s] Copying ../../build/robot/robot.egg-info to /home/tractor/ws/install/robot/lib/python3.10/site-packages/robot-0.0.0-py3.10.egg-info
[5.279s] running install_scripts
[5.945s] Installing Locomotion script to /home/tractor/ws/install/robot/lib/robot
[5.947s] writing list of installed files to '/home/tractor/ws/build/robot/install.log'
[6.090s] Invoked command in '/home/tractor/ws/src/robot' returned '0': PYTHONPATH=/home/tractor/ws/build/robot/prefix_override:/home/tractor/ws/install/robot/lib/python3.10/site-packages:${PYTHONPATH} /usr/bin/python3 -W ignore:setup.py install is deprecated setup.py egg_info --egg-base ../../build/robot build --build-base /home/tractor/ws/build/robot/build install --record /home/tractor/ws/build/robot/install.log --single-version-externally-managed install_data
