[5.749s] Invoking command in '/home/tractor/ws/src/robot': PYTHONPATH=/home/tractor/ws/build/robot/prefix_override:/home/tractor/ws/install/robot/lib/python3.10/site-packages:${PYTHONPATH} /usr/bin/python3 -W ignore:setup.py install is deprecated setup.py egg_info --egg-base ../../build/robot build --build-base /home/tractor/ws/build/robot/build install --record /home/tractor/ws/build/robot/install.log --single-version-externally-managed install_data
[8.196s] running egg_info
[8.411s] writing ../../build/robot/robot.egg-info/PKG-INFO
[8.415s] writing dependency_links to ../../build/robot/robot.egg-info/dependency_links.txt
[8.416s] writing entry points to ../../build/robot/robot.egg-info/entry_points.txt
[8.418s] writing requirements to ../../build/robot/robot.egg-info/requires.txt
[8.419s] writing top-level names to ../../build/robot/robot.egg-info/top_level.txt
[8.654s] reading manifest file '../../build/robot/robot.egg-info/SOURCES.txt'
[8.656s] adding license file 'LICENSE'
[8.659s] writing manifest file '../../build/robot/robot.egg-info/SOURCES.txt'
[8.660s] running build
[8.661s] running build_py
[8.663s] copying robot/vision.py -> /home/tractor/ws/build/robot/build/lib/robot
[8.665s] copying robot/startRobot.py -> /home/tractor/ws/build/robot/build/lib/robot
[8.665s] copying robot/stop_sign_detection_screen_shots.py -> /home/tractor/ws/build/robot/build/lib/robot
[8.671s] copying robot/Locomotion.py -> /home/tractor/ws/build/robot/build/lib/robot
[8.672s] copying robot/__init__.py -> /home/tractor/ws/build/robot/build/lib/robot
[8.678s] running install
[8.711s] running install_lib
[8.857s] running install_data
[8.859s] copying resource/robot -> /home/tractor/ws/install/robot/share/ament_index/resource_index/packages
[8.860s] copying package.xml -> /home/tractor/ws/install/robot/share/robot
[8.863s] running install_egg_info
[9.088s] removing '/home/tractor/ws/install/robot/lib/python3.10/site-packages/robot-0.0.0-py3.10.egg-info' (and everything under it)
[9.090s] Copying ../../build/robot/robot.egg-info to /home/tractor/ws/install/robot/lib/python3.10/site-packages/robot-0.0.0-py3.10.egg-info
[9.097s] running install_scripts
[10.374s] Installing Locomotion script to /home/tractor/ws/install/robot/lib/robot
[10.377s] Installing stop script to /home/tractor/ws/install/robot/lib/robot
[10.380s] Installing vision script to /home/tractor/ws/install/robot/lib/robot
[10.383s] writing list of installed files to '/home/tractor/ws/build/robot/install.log'
[10.624s] Invoked command in '/home/tractor/ws/src/robot' returned '0': PYTHONPATH=/home/tractor/ws/build/robot/prefix_override:/home/tractor/ws/install/robot/lib/python3.10/site-packages:${PYTHONPATH} /usr/bin/python3 -W ignore:setup.py install is deprecated setup.py egg_info --egg-base ../../build/robot build --build-base /home/tractor/ws/build/robot/build install --record /home/tractor/ws/build/robot/install.log --single-version-externally-managed install_data
