[3.531s] Invoking command in '/home/tractor/ws/src/robot': PYTHONPATH=/home/tractor/ws/build/robot/prefix_override:/home/tractor/ws/install/robot/lib/python3.10/site-packages:${PYTHONPATH} /usr/bin/python3 -W ignore:setup.py install is deprecated setup.py egg_info --egg-base ../../build/robot build --build-base /home/tractor/ws/build/robot/build install --record /home/tractor/ws/build/robot/install.log --single-version-externally-managed install_data
[4.615s] running egg_info
[4.685s] writing ../../build/robot/robot.egg-info/PKG-INFO
[4.687s] writing dependency_links to ../../build/robot/robot.egg-info/dependency_links.txt
[4.688s] writing entry points to ../../build/robot/robot.egg-info/entry_points.txt
[4.689s] writing requirements to ../../build/robot/robot.egg-info/requires.txt
[4.690s] writing top-level names to ../../build/robot/robot.egg-info/top_level.txt
[4.832s] reading manifest file '../../build/robot/robot.egg-info/SOURCES.txt'
[4.834s] adding license file 'LICENSE'
[4.837s] writing manifest file '../../build/robot/robot.egg-info/SOURCES.txt'
[4.837s] running build
[4.838s] running build_py
[4.839s] copying robot/startRobot.py -> /home/tractor/ws/build/robot/build/lib/robot
[4.840s] copying robot/__init__.py -> /home/tractor/ws/build/robot/build/lib/robot
[4.842s] running install
[4.863s] running install_lib
[4.934s] creating /home/tractor/ws/install/robot/lib/python3.10/site-packages/robot
[4.934s] copying /home/tractor/ws/build/robot/build/lib/robot/startRobot.py -> /home/tractor/ws/install/robot/lib/python3.10/site-packages/robot
[4.935s] copying /home/tractor/ws/build/robot/build/lib/robot/Locomotion-odof.py -> /home/tractor/ws/install/robot/lib/python3.10/site-packages/robot
[4.936s] copying /home/tractor/ws/build/robot/build/lib/robot/Locomotion.py -> /home/tractor/ws/install/robot/lib/python3.10/site-packages/robot
[4.937s] copying /home/tractor/ws/build/robot/build/lib/robot/__init__.py -> /home/tractor/ws/install/robot/lib/python3.10/site-packages/robot
[4.940s] byte-compiling /home/tractor/ws/install/robot/lib/python3.10/site-packages/robot/startRobot.py to startRobot.cpython-310.pyc
[4.942s] byte-compiling /home/tractor/ws/install/robot/lib/python3.10/site-packages/robot/Locomotion-odof.py to Locomotion-odof.cpython-310.pyc
[4.948s] byte-compiling /home/tractor/ws/install/robot/lib/python3.10/site-packages/robot/Locomotion.py to Locomotion.cpython-310.pyc
[4.954s] byte-compiling /home/tractor/ws/install/robot/lib/python3.10/site-packages/robot/__init__.py to __init__.cpython-310.pyc
[4.955s] running install_data
[4.955s] creating /home/tractor/ws/install/robot/share/ament_index
[4.956s] creating /home/tractor/ws/install/robot/share/ament_index/resource_index
[4.956s] creating /home/tractor/ws/install/robot/share/ament_index/resource_index/packages
[4.957s] copying resource/robot -> /home/tractor/ws/install/robot/share/ament_index/resource_index/packages
[4.958s] copying package.xml -> /home/tractor/ws/install/robot/share/robot
[4.958s] running install_egg_info
[5.033s] Copying ../../build/robot/robot.egg-info to /home/tractor/ws/install/robot/lib/python3.10/site-packages/robot-0.0.0-py3.10.egg-info
[5.038s] running install_scripts
[5.720s] Installing Locomotion script to /home/tractor/ws/install/robot/lib/robot
[5.722s] writing list of installed files to '/home/tractor/ws/build/robot/install.log'
[5.870s] Invoked command in '/home/tractor/ws/src/robot' returned '0': PYTHONPATH=/home/tractor/ws/build/robot/prefix_override:/home/tractor/ws/install/robot/lib/python3.10/site-packages:${PYTHONPATH} /usr/bin/python3 -W ignore:setup.py install is deprecated setup.py egg_info --egg-base ../../build/robot build --build-base /home/tractor/ws/build/robot/build install --record /home/tractor/ws/build/robot/install.log --single-version-externally-managed install_data
