[3.646s] Invoking command in '/home/tractor/ws/src/robot': PYTHONPATH=/home/tractor/ws/build/robot/prefix_override:/home/tractor/ws/install/robot/lib/python3.10/site-packages:${PYTHONPATH} /usr/bin/python3 -W ignore:setup.py install is deprecated setup.py egg_info --egg-base ../../build/robot build --build-base /home/tractor/ws/build/robot/build install --record /home/tractor/ws/build/robot/install.log --single-version-externally-managed install_data
[4.773s] running egg_info
[4.840s] writing ../../build/robot/robot.egg-info/PKG-INFO
[4.842s] writing dependency_links to ../../build/robot/robot.egg-info/dependency_links.txt
[4.844s] writing entry points to ../../build/robot/robot.egg-info/entry_points.txt
[4.845s] writing requirements to ../../build/robot/robot.egg-info/requires.txt
[4.846s] writing top-level names to ../../build/robot/robot.egg-info/top_level.txt
[4.995s] reading manifest file '../../build/robot/robot.egg-info/SOURCES.txt'
[4.997s] adding license file 'LICENSE'
[5.000s] writing manifest file '../../build/robot/robot.egg-info/SOURCES.txt'
[5.001s] running build
[5.001s] running build_py
[5.002s] copying robot/vision.py -> /home/tractor/ws/build/robot/build/lib/robot
[5.004s] copying robot/startRobot.py -> /home/tractor/ws/build/robot/build/lib/robot
[5.005s] copying robot/stop_sign_detection_screen_shots.py -> /home/tractor/ws/build/robot/build/lib/robot
[5.006s] copying robot/Locomotion.py -> /home/tractor/ws/build/robot/build/lib/robot
[5.007s] copying robot/__init__.py -> /home/tractor/ws/build/robot/build/lib/robot
[5.009s] running install
[5.030s] running install_lib
[5.109s] running install_data
[5.110s] copying resource/robot -> /home/tractor/ws/install/robot/share/ament_index/resource_index/packages
[5.111s] copying package.xml -> /home/tractor/ws/install/robot/share/robot
[5.111s] running install_egg_info
[5.190s] removing '/home/tractor/ws/install/robot/lib/python3.10/site-packages/robot-0.0.0-py3.10.egg-info' (and everything under it)
[5.191s] Copying ../../build/robot/robot.egg-info to /home/tractor/ws/install/robot/lib/python3.10/site-packages/robot-0.0.0-py3.10.egg-info
[5.197s] running install_scripts
[5.884s] Installing Locomotion script to /home/tractor/ws/install/robot/lib/robot
[5.885s] Installing stop script to /home/tractor/ws/install/robot/lib/robot
[5.886s] Installing vision script to /home/tractor/ws/install/robot/lib/robot
[5.889s] writing list of installed files to '/home/tractor/ws/build/robot/install.log'
[6.038s] Invoked command in '/home/tractor/ws/src/robot' returned '0': PYTHONPATH=/home/tractor/ws/build/robot/prefix_override:/home/tractor/ws/install/robot/lib/python3.10/site-packages:${PYTHONPATH} /usr/bin/python3 -W ignore:setup.py install is deprecated setup.py egg_info --egg-base ../../build/robot build --build-base /home/tractor/ws/build/robot/build install --record /home/tractor/ws/build/robot/install.log --single-version-externally-managed install_data
