[3.394s] Invoking command in '/home/tractor/ws/src/robot': PYTHONPATH=/home/tractor/ws/build/robot/prefix_override:/home/tractor/ws/install/robot/lib/python3.10/site-packages:${PYTHONPATH} /usr/bin/python3 -W ignore:setup.py install is deprecated setup.py egg_info --egg-base ../../build/robot build --build-base /home/tractor/ws/build/robot/build install --record /home/tractor/ws/build/robot/install.log --single-version-externally-managed install_data
[4.475s] running egg_info
[4.476s] creating ../../build/robot/robot.egg-info
[4.540s] writing ../../build/robot/robot.egg-info/PKG-INFO
[4.541s] writing dependency_links to ../../build/robot/robot.egg-info/dependency_links.txt
[4.542s] writing entry points to ../../build/robot/robot.egg-info/entry_points.txt
[4.543s] writing requirements to ../../build/robot/robot.egg-info/requires.txt
[4.544s] writing top-level names to ../../build/robot/robot.egg-info/top_level.txt
[4.545s] writing manifest file '../../build/robot/robot.egg-info/SOURCES.txt'
[4.683s] reading manifest file '../../build/robot/robot.egg-info/SOURCES.txt'
[4.684s] adding license file 'LICENSE'
[4.686s] writing manifest file '../../build/robot/robot.egg-info/SOURCES.txt'
[4.687s] running build
[4.687s] running build_py
[4.688s] creating /home/tractor/ws/build/robot/build
[4.689s] creating /home/tractor/ws/build/robot/build/lib
[4.689s] creating /home/tractor/ws/build/robot/build/lib/robot
[4.690s] copying robot/startRobot.py -> /home/tractor/ws/build/robot/build/lib/robot
[4.691s] copying robot/Locomotion.py -> /home/tractor/ws/build/robot/build/lib/robot
[4.692s] copying robot/__init__.py -> /home/tractor/ws/build/robot/build/lib/robot
[4.693s] running install
[4.714s] running install_lib
[4.785s] creating /home/tractor/ws/install/robot/lib/python3.10/site-packages/robot
[4.786s] copying /home/tractor/ws/build/robot/build/lib/robot/startRobot.py -> /home/tractor/ws/install/robot/lib/python3.10/site-packages/robot
[4.787s] copying /home/tractor/ws/build/robot/build/lib/robot/Locomotion.py -> /home/tractor/ws/install/robot/lib/python3.10/site-packages/robot
[4.788s] copying /home/tractor/ws/build/robot/build/lib/robot/__init__.py -> /home/tractor/ws/install/robot/lib/python3.10/site-packages/robot
[4.790s] byte-compiling /home/tractor/ws/install/robot/lib/python3.10/site-packages/robot/startRobot.py to startRobot.cpython-310.pyc
[4.793s] byte-compiling /home/tractor/ws/install/robot/lib/python3.10/site-packages/robot/Locomotion.py to Locomotion.cpython-310.pyc
[4.797s] byte-compiling /home/tractor/ws/install/robot/lib/python3.10/site-packages/robot/__init__.py to __init__.cpython-310.pyc
[4.798s] running install_data
[4.799s] creating /home/tractor/ws/install/robot/share/ament_index
[4.800s] creating /home/tractor/ws/install/robot/share/ament_index/resource_index
[4.800s] creating /home/tractor/ws/install/robot/share/ament_index/resource_index/packages
[4.800s] copying resource/robot -> /home/tractor/ws/install/robot/share/ament_index/resource_index/packages
[4.801s] copying package.xml -> /home/tractor/ws/install/robot/share/robot
[4.802s] running install_egg_info
[4.874s] Copying ../../build/robot/robot.egg-info to /home/tractor/ws/install/robot/lib/python3.10/site-packages/robot-0.0.0-py3.10.egg-info
[4.879s] running install_scripts
[5.536s] Installing Locomotion script to /home/tractor/ws/install/robot/lib/robot
[5.538s] writing list of installed files to '/home/tractor/ws/build/robot/install.log'
[5.682s] Invoked command in '/home/tractor/ws/src/robot' returned '0': PYTHONPATH=/home/tractor/ws/build/robot/prefix_override:/home/tractor/ws/install/robot/lib/python3.10/site-packages:${PYTHONPATH} /usr/bin/python3 -W ignore:setup.py install is deprecated setup.py egg_info --egg-base ../../build/robot build --build-base /home/tractor/ws/build/robot/build install --record /home/tractor/ws/build/robot/install.log --single-version-externally-managed install_data
