[0.064s] Invoking command in '/home/tractor/ws/build/libuvc': /usr/bin/cmake --build /home/tractor/ws/build/libuvc -- -j4 -l4
[0.316s] [ 45%] Built target uvc_static
[0.324s] [ 90%] Built target uvc
[0.442s] [100%] Built target example
[0.507s] Invoked command in '/home/tractor/ws/build/libuvc' returned '0': /usr/bin/cmake --build /home/tractor/ws/build/libuvc -- -j4 -l4
[0.908s] Invoking command in '/home/tractor/ws/build/libuvc': /usr/bin/cmake --install /home/tractor/ws/build/libuvc
[0.948s] -- Install configuration: "Release"
[0.950s] -- Up-to-date: /home/tractor/ws/install/libuvc/lib/libuvc.so.0.0.7
[0.951s] -- Up-to-date: /home/tractor/ws/install/libuvc/lib/libuvc.so.0
[0.953s] -- Up-to-date: /home/tractor/ws/install/libuvc/lib/libuvc.so
[0.954s] -- Up-to-date: /home/tractor/ws/install/libuvc/include/libuvc/libuvc.h
[0.955s] -- Up-to-date: /home/tractor/ws/install/libuvc/include/libuvc/libuvc_config.h
[0.956s] -- Up-to-date: /home/tractor/ws/install/libuvc/lib/libuvc.a
[0.957s] -- Up-to-date: /home/tractor/ws/install/libuvc/include/libuvc/libuvc.h
[0.963s] -- Up-to-date: /home/tractor/ws/install/libuvc/include/libuvc/libuvc_config.h
[0.968s] -- Up-to-date: /home/tractor/ws/install/libuvc/lib/cmake/libuvc/libuvcTargets.cmake
[0.975s] -- Up-to-date: /home/tractor/ws/install/libuvc/lib/cmake/libuvc/libuvcTargets-release.cmake
[0.976s] -- Up-to-date: /home/tractor/ws/install/libuvc/lib/cmake/libuvc/FindLibUSB.cmake
[0.977s] -- Up-to-date: /home/tractor/ws/install/libuvc/lib/cmake/libuvc/FindJpegPkg.cmake
[0.978s] -- Up-to-date: /home/tractor/ws/install/libuvc/lib/cmake/libuvc/libuvcConfigVersion.cmake
[0.979s] -- Up-to-date: /home/tractor/ws/install/libuvc/lib/pkgconfig/libuvc.pc
[0.979s] -- Up-to-date: /home/tractor/ws/install/libuvc/lib/cmake/libuvc/libuvcConfig.cmake
[0.981s] Invoked command in '/home/tractor/ws/build/libuvc' returned '0': /usr/bin/cmake --install /home/tractor/ws/build/libuvc
