[3.442s] Invoking command in '/home/tractor/ws/src/robot': PYTHONPATH=/home/tractor/ws/build/robot/prefix_override:/home/tractor/ws/install/robot/lib/python3.10/site-packages:${PYTHONPATH} /usr/bin/python3 -W ignore:setup.py install is deprecated setup.py egg_info --egg-base ../../build/robot build --build-base /home/tractor/ws/build/robot/build install --record /home/tractor/ws/build/robot/install.log --single-version-externally-managed install_data
[4.528s] running egg_info
[4.597s] writing ../../build/robot/robot.egg-info/PKG-INFO
[4.599s] writing dependency_links to ../../build/robot/robot.egg-info/dependency_links.txt
[4.601s] writing entry points to ../../build/robot/robot.egg-info/entry_points.txt
[4.602s] writing requirements to ../../build/robot/robot.egg-info/requires.txt
[4.603s] writing top-level names to ../../build/robot/robot.egg-info/top_level.txt
[4.744s] reading manifest file '../../build/robot/robot.egg-info/SOURCES.txt'
[4.745s] adding license file 'LICENSE'
[4.749s] writing manifest file '../../build/robot/robot.egg-info/SOURCES.txt'
[4.749s] running build
[4.750s] running build_py
[4.751s] copying robot/startRobot.py -> /home/tractor/ws/build/robot/build/lib/robot
[4.752s] copying robot/stop_sign_detection_parse&save_video.py -> /home/tractor/ws/build/robot/build/lib/robot
[4.753s] copying robot/stop_sign_detection_screen_shots.py -> /home/tractor/ws/build/robot/build/lib/robot
[4.754s] copying robot/Locomotion.py -> /home/tractor/ws/build/robot/build/lib/robot
[4.755s] copying robot/__init__.py -> /home/tractor/ws/build/robot/build/lib/robot
[4.757s] running install
[4.782s] running install_lib
[4.851s] copying /home/tractor/ws/build/robot/build/lib/robot/stop_sign_detection_parse&save_video.py -> /home/tractor/ws/install/robot/lib/python3.10/site-packages/robot
[4.852s] copying /home/tractor/ws/build/robot/build/lib/robot/stop_sign_detection_screen_shots.py -> /home/tractor/ws/install/robot/lib/python3.10/site-packages/robot
[4.855s] byte-compiling /home/tractor/ws/install/robot/lib/python3.10/site-packages/robot/stop_sign_detection_parse&save_video.py to stop_sign_detection_parse&save_video.cpython-310.pyc
[4.858s] byte-compiling /home/tractor/ws/install/robot/lib/python3.10/site-packages/robot/stop_sign_detection_screen_shots.py to stop_sign_detection_screen_shots.cpython-310.pyc
[4.865s] running install_data
[4.866s] copying resource/robot -> /home/tractor/ws/install/robot/share/ament_index/resource_index/packages
[4.867s] copying package.xml -> /home/tractor/ws/install/robot/share/robot
[4.868s] running install_egg_info
[4.952s] removing '/home/tractor/ws/install/robot/lib/python3.10/site-packages/robot-0.0.0-py3.10.egg-info' (and everything under it)
[4.954s] Copying ../../build/robot/robot.egg-info to /home/tractor/ws/install/robot/lib/python3.10/site-packages/robot-0.0.0-py3.10.egg-info
[4.959s] running install_scripts
[5.623s] Installing Locomotion script to /home/tractor/ws/install/robot/lib/robot
[5.624s] Installing stop script to /home/tractor/ws/install/robot/lib/robot
[5.626s] writing list of installed files to '/home/tractor/ws/build/robot/install.log'
[5.774s] Invoked command in '/home/tractor/ws/src/robot' returned '0': PYTHONPATH=/home/tractor/ws/build/robot/prefix_override:/home/tractor/ws/install/robot/lib/python3.10/site-packages:${PYTHONPATH} /usr/bin/python3 -W ignore:setup.py install is deprecated setup.py egg_info --egg-base ../../build/robot build --build-base /home/tractor/ws/build/robot/build install --record /home/tractor/ws/build/robot/install.log --single-version-externally-managed install_data
