[3.490s] Invoking command in '/home/tractor/ws/src/robot': PYTHONPATH=/home/tractor/ws/build/robot/prefix_override:/home/tractor/ws/install/robot/lib/python3.10/site-packages:${PYTHONPATH} /usr/bin/python3 -W ignore:setup.py install is deprecated setup.py egg_info --egg-base ../../build/robot build --build-base /home/tractor/ws/build/robot/build install --record /home/tractor/ws/build/robot/install.log --single-version-externally-managed install_data
[4.599s] running egg_info
[4.672s] writing ../../build/robot/robot.egg-info/PKG-INFO
[4.674s] writing dependency_links to ../../build/robot/robot.egg-info/dependency_links.txt
[4.675s] writing entry points to ../../build/robot/robot.egg-info/entry_points.txt
[4.676s] writing requirements to ../../build/robot/robot.egg-info/requires.txt
[4.677s] writing top-level names to ../../build/robot/robot.egg-info/top_level.txt
[4.824s] reading manifest file '../../build/robot/robot.egg-info/SOURCES.txt'
[4.826s] adding license file 'LICENSE'
[4.829s] writing manifest file '../../build/robot/robot.egg-info/SOURCES.txt'
[4.830s] running build
[4.830s] running build_py
[4.831s] copying robot/vision.py -> /home/tractor/ws/build/robot/build/lib/robot
[4.832s] copying robot/startRobot.py -> /home/tractor/ws/build/robot/build/lib/robot
[4.834s] copying robot/stop_sign_detection_screen_shots.py -> /home/tractor/ws/build/robot/build/lib/robot
[4.836s] copying robot/Locomotion.py -> /home/tractor/ws/build/robot/build/lib/robot
[4.838s] copying robot/__init__.py -> /home/tractor/ws/build/robot/build/lib/robot
[4.840s] running install
[4.864s] running install_lib
[4.932s] copying /home/tractor/ws/build/robot/build/lib/robot/vision.py -> /home/tractor/ws/install/robot/lib/python3.10/site-packages/robot
[4.934s] copying /home/tractor/ws/build/robot/build/lib/robot/Locomotion.py -> /home/tractor/ws/install/robot/lib/python3.10/site-packages/robot
[4.936s] creating /home/tractor/ws/install/robot/lib/python3.10/site-packages/robot/media
[4.944s] copying /home/tractor/ws/build/robot/build/lib/robot/media/stop.png -> /home/tractor/ws/install/robot/lib/python3.10/site-packages/robot/media
[4.944s] copying /home/tractor/ws/build/robot/build/lib/robot/media/video_test.mp4 -> /home/tractor/ws/install/robot/lib/python3.10/site-packages/robot/media
[5.514s] copying /home/tractor/ws/build/robot/build/lib/robot/media/haar.png -> /home/tractor/ws/install/robot/lib/python3.10/site-packages/robot/media
[5.517s] byte-compiling /home/tractor/ws/install/robot/lib/python3.10/site-packages/robot/vision.py to vision.cpython-310.pyc
[5.522s] byte-compiling /home/tractor/ws/install/robot/lib/python3.10/site-packages/robot/Locomotion.py to Locomotion.cpython-310.pyc
[5.526s] running install_data
[5.527s] copying resource/robot -> /home/tractor/ws/install/robot/share/ament_index/resource_index/packages
[5.528s] copying package.xml -> /home/tractor/ws/install/robot/share/robot
[5.529s] running install_egg_info
[5.604s] removing '/home/tractor/ws/install/robot/lib/python3.10/site-packages/robot-0.0.0-py3.10.egg-info' (and everything under it)
[5.605s] Copying ../../build/robot/robot.egg-info to /home/tractor/ws/install/robot/lib/python3.10/site-packages/robot-0.0.0-py3.10.egg-info
[5.611s] running install_scripts
[6.291s] Installing Locomotion script to /home/tractor/ws/install/robot/lib/robot
[6.292s] Installing stop script to /home/tractor/ws/install/robot/lib/robot
[6.295s] writing list of installed files to '/home/tractor/ws/build/robot/install.log'
[6.450s] Invoked command in '/home/tractor/ws/src/robot' returned '0': PYTHONPATH=/home/tractor/ws/build/robot/prefix_override:/home/tractor/ws/install/robot/lib/python3.10/site-packages:${PYTHONPATH} /usr/bin/python3 -W ignore:setup.py install is deprecated setup.py egg_info --egg-base ../../build/robot build --build-base /home/tractor/ws/build/robot/build install --record /home/tractor/ws/build/robot/install.log --single-version-externally-managed install_data
