[1.214s] DEBUG:colcon:Command line arguments: ['/usr/bin/colcon', 'build']
[1.214s] DEBUG:colcon:Parsed command line arguments: Namespace(log_base=None, log_level=None, verb_name='build', build_base='build', install_base='install', merge_install=False, symlink_install=False, test_result_base=None, continue_on_error=False, executor='parallel', parallel_workers=4, event_handlers=None, ignore_user_meta=False, metas=['./colcon.meta'], base_paths=['.'], packages_ignore=None, packages_ignore_regex=None, paths=None, packages_up_to=None, packages_up_to_regex=None, packages_above=None, packages_above_and_dependencies=None, packages_above_depth=None, packages_select_by_dep=None, packages_skip_by_dep=None, packages_skip_up_to=None, packages_select_build_failed=False, packages_skip_build_finished=False, packages_select_test_failures=False, packages_skip_test_passed=False, packages_select=None, packages_skip=None, packages_select_regex=None, packages_skip_regex=None, packages_start=None, packages_end=None, allow_overriding=[], cmake_args=None, cmake_target=None, cmake_target_skip_unavailable=False, cmake_clean_cache=False, cmake_clean_first=False, cmake_force_configure=False, ament_cmake_args=None, catkin_cmake_args=None, catkin_skip_building_tests=False, verb_parser=<colcon_defaults.argument_parser.defaults.DefaultArgumentsDecorator object at 0xffff90624670>, verb_extension=<colcon_core.verb.build.BuildVerb object at 0xffff9075d270>, main=<bound method BuildVerb.main of <colcon_core.verb.build.BuildVerb object at 0xffff9075d270>>)
[1.527s] Level 1:colcon.colcon_core.package_discovery:discover_packages(colcon_meta) check parameters
[1.528s] Level 1:colcon.colcon_core.package_discovery:discover_packages(recursive) check parameters
[1.528s] Level 1:colcon.colcon_core.package_discovery:discover_packages(ignore) check parameters
[1.528s] Level 1:colcon.colcon_core.package_discovery:discover_packages(path) check parameters
[1.528s] Level 1:colcon.colcon_core.package_discovery:discover_packages(colcon_meta) discover
[1.529s] Level 1:colcon.colcon_core.package_discovery:discover_packages(recursive) discover
[1.529s] INFO:colcon.colcon_core.package_discovery:Crawling recursively for packages in '/home/tractor/ws'
[1.529s] Level 1:colcon.colcon_core.package_identification:_identify(.) by extensions ['ignore', 'ignore_ament_install']
[1.530s] Level 1:colcon.colcon_core.package_identification:_identify(.) by extension 'ignore'
[1.530s] Level 1:colcon.colcon_core.package_identification:_identify(.) by extension 'ignore_ament_install'
[1.531s] Level 1:colcon.colcon_core.package_identification:_identify(.) by extensions ['colcon_pkg']
[1.531s] Level 1:colcon.colcon_core.package_identification:_identify(.) by extension 'colcon_pkg'
[1.531s] Level 1:colcon.colcon_core.package_identification:_identify(.) by extensions ['colcon_meta']
[1.531s] Level 1:colcon.colcon_core.package_identification:_identify(.) by extension 'colcon_meta'
[1.531s] Level 1:colcon.colcon_core.package_identification:_identify(.) by extensions ['ros']
[1.531s] Level 1:colcon.colcon_core.package_identification:_identify(.) by extension 'ros'
[1.621s] Level 1:colcon.colcon_core.package_identification:_identify(.) by extensions ['cmake', 'python']
[1.622s] Level 1:colcon.colcon_core.package_identification:_identify(.) by extension 'cmake'
[1.622s] Level 1:colcon.colcon_core.package_identification:_identify(.) by extension 'python'
[1.622s] Level 1:colcon.colcon_core.package_identification:_identify(.) by extensions ['python_setup_py']
[1.622s] Level 1:colcon.colcon_core.package_identification:_identify(.) by extension 'python_setup_py'
[1.623s] Level 1:colcon.colcon_core.package_identification:_identify(build) by extensions ['ignore', 'ignore_ament_install']
[1.623s] Level 1:colcon.colcon_core.package_identification:_identify(build) by extension 'ignore'
[1.623s] Level 1:colcon.colcon_core.package_identification:_identify(build) ignored
[1.624s] Level 1:colcon.colcon_core.package_identification:_identify(install) by extensions ['ignore', 'ignore_ament_install']
[1.624s] Level 1:colcon.colcon_core.package_identification:_identify(install) by extension 'ignore'
[1.624s] Level 1:colcon.colcon_core.package_identification:_identify(install) ignored
[1.626s] Level 1:colcon.colcon_core.package_identification:_identify(log) by extensions ['ignore', 'ignore_ament_install']
[1.626s] Level 1:colcon.colcon_core.package_identification:_identify(log) by extension 'ignore'
[1.626s] Level 1:colcon.colcon_core.package_identification:_identify(log) ignored
[1.627s] Level 1:colcon.colcon_core.package_identification:_identify(src) by extensions ['ignore', 'ignore_ament_install']
[1.627s] Level 1:colcon.colcon_core.package_identification:_identify(src) by extension 'ignore'
[1.627s] Level 1:colcon.colcon_core.package_identification:_identify(src) by extension 'ignore_ament_install'
[1.627s] Level 1:colcon.colcon_core.package_identification:_identify(src) by extensions ['colcon_pkg']
[1.628s] Level 1:colcon.colcon_core.package_identification:_identify(src) by extension 'colcon_pkg'
[1.628s] Level 1:colcon.colcon_core.package_identification:_identify(src) by extensions ['colcon_meta']
[1.628s] Level 1:colcon.colcon_core.package_identification:_identify(src) by extension 'colcon_meta'
[1.628s] Level 1:colcon.colcon_core.package_identification:_identify(src) by extensions ['ros']
[1.628s] Level 1:colcon.colcon_core.package_identification:_identify(src) by extension 'ros'
[1.628s] Level 1:colcon.colcon_core.package_identification:_identify(src) by extensions ['cmake', 'python']
[1.629s] Level 1:colcon.colcon_core.package_identification:_identify(src) by extension 'cmake'
[1.629s] Level 1:colcon.colcon_core.package_identification:_identify(src) by extension 'python'
[1.629s] Level 1:colcon.colcon_core.package_identification:_identify(src) by extensions ['python_setup_py']
[1.629s] Level 1:colcon.colcon_core.package_identification:_identify(src) by extension 'python_setup_py'
[1.629s] Level 1:colcon.colcon_core.package_identification:_identify(src/Locomotion) by extensions ['ignore', 'ignore_ament_install']
[1.630s] Level 1:colcon.colcon_core.package_identification:_identify(src/Locomotion) by extension 'ignore'
[1.630s] Level 1:colcon.colcon_core.package_identification:_identify(src/Locomotion) by extension 'ignore_ament_install'
[1.630s] Level 1:colcon.colcon_core.package_identification:_identify(src/Locomotion) by extensions ['colcon_pkg']
[1.630s] Level 1:colcon.colcon_core.package_identification:_identify(src/Locomotion) by extension 'colcon_pkg'
[1.630s] Level 1:colcon.colcon_core.package_identification:_identify(src/Locomotion) by extensions ['colcon_meta']
[1.630s] Level 1:colcon.colcon_core.package_identification:_identify(src/Locomotion) by extension 'colcon_meta'
[1.631s] Level 1:colcon.colcon_core.package_identification:_identify(src/Locomotion) by extensions ['ros']
[1.631s] Level 1:colcon.colcon_core.package_identification:_identify(src/Locomotion) by extension 'ros'
[1.631s] Level 1:colcon.colcon_core.package_identification:_identify(src/Locomotion) by extensions ['cmake', 'python']
[1.631s] Level 1:colcon.colcon_core.package_identification:_identify(src/Locomotion) by extension 'cmake'
[1.631s] Level 1:colcon.colcon_core.package_identification:_identify(src/Locomotion) by extension 'python'
[1.632s] Level 1:colcon.colcon_core.package_identification:_identify(src/Locomotion) by extensions ['python_setup_py']
[1.632s] Level 1:colcon.colcon_core.package_identification:_identify(src/Locomotion) by extension 'python_setup_py'
[1.632s] Level 1:colcon.colcon_core.package_identification:_identify(src/libuvc) by extensions ['ignore', 'ignore_ament_install']
[1.633s] Level 1:colcon.colcon_core.package_identification:_identify(src/libuvc) by extension 'ignore'
[1.633s] Level 1:colcon.colcon_core.package_identification:_identify(src/libuvc) by extension 'ignore_ament_install'
[1.633s] Level 1:colcon.colcon_core.package_identification:_identify(src/libuvc) by extensions ['colcon_pkg']
[1.633s] Level 1:colcon.colcon_core.package_identification:_identify(src/libuvc) by extension 'colcon_pkg'
[1.633s] Level 1:colcon.colcon_core.package_identification:_identify(src/libuvc) by extensions ['colcon_meta']
[1.633s] Level 1:colcon.colcon_core.package_identification:_identify(src/libuvc) by extension 'colcon_meta'
[1.634s] Level 1:colcon.colcon_core.package_identification:_identify(src/libuvc) by extensions ['ros']
[1.634s] Level 1:colcon.colcon_core.package_identification:_identify(src/libuvc) by extension 'ros'
[1.634s] Level 1:colcon.colcon_core.package_identification:_identify(src/libuvc) by extensions ['cmake', 'python']
[1.634s] Level 1:colcon.colcon_core.package_identification:_identify(src/libuvc) by extension 'cmake'
[1.690s] Level 1:colcon.colcon_core.package_identification:_identify(src/libuvc) by extension 'python'
[1.691s] DEBUG:colcon.colcon_core.package_identification:Package 'src/libuvc' with type 'cmake' and name 'libuvc'
[1.692s] Level 1:colcon.colcon_core.package_identification:_identify(src/robot) by extensions ['ignore', 'ignore_ament_install']
[1.692s] Level 1:colcon.colcon_core.package_identification:_identify(src/robot) by extension 'ignore'
[1.692s] Level 1:colcon.colcon_core.package_identification:_identify(src/robot) by extension 'ignore_ament_install'
[1.692s] Level 1:colcon.colcon_core.package_identification:_identify(src/robot) by extensions ['colcon_pkg']
[1.693s] Level 1:colcon.colcon_core.package_identification:_identify(src/robot) by extension 'colcon_pkg'
[1.693s] Level 1:colcon.colcon_core.package_identification:_identify(src/robot) by extensions ['colcon_meta']
[1.693s] Level 1:colcon.colcon_core.package_identification:_identify(src/robot) by extension 'colcon_meta'
[1.693s] Level 1:colcon.colcon_core.package_identification:_identify(src/robot) by extensions ['ros']
[1.693s] Level 1:colcon.colcon_core.package_identification:_identify(src/robot) by extension 'ros'
[1.709s] DEBUG:colcon.colcon_core.package_identification:Package 'src/robot' with type 'ros.ament_python' and name 'robot'
[1.710s] Level 1:colcon.colcon_core.package_identification:_identify(src/ros2_astra_camera) by extensions ['ignore', 'ignore_ament_install']
[1.710s] Level 1:colcon.colcon_core.package_identification:_identify(src/ros2_astra_camera) by extension 'ignore'
[1.711s] Level 1:colcon.colcon_core.package_identification:_identify(src/ros2_astra_camera) by extension 'ignore_ament_install'
[1.711s] Level 1:colcon.colcon_core.package_identification:_identify(src/ros2_astra_camera) by extensions ['colcon_pkg']
[1.711s] Level 1:colcon.colcon_core.package_identification:_identify(src/ros2_astra_camera) by extension 'colcon_pkg'
[1.711s] Level 1:colcon.colcon_core.package_identification:_identify(src/ros2_astra_camera) by extensions ['colcon_meta']
[1.711s] Level 1:colcon.colcon_core.package_identification:_identify(src/ros2_astra_camera) by extension 'colcon_meta'
[1.712s] Level 1:colcon.colcon_core.package_identification:_identify(src/ros2_astra_camera) by extensions ['ros']
[1.712s] Level 1:colcon.colcon_core.package_identification:_identify(src/ros2_astra_camera) by extension 'ros'
[1.712s] Level 1:colcon.colcon_core.package_identification:_identify(src/ros2_astra_camera) by extensions ['cmake', 'python']
[1.712s] Level 1:colcon.colcon_core.package_identification:_identify(src/ros2_astra_camera) by extension 'cmake'
[1.713s] Level 1:colcon.colcon_core.package_identification:_identify(src/ros2_astra_camera) by extension 'python'
[1.713s] Level 1:colcon.colcon_core.package_identification:_identify(src/ros2_astra_camera) by extensions ['python_setup_py']
[1.713s] Level 1:colcon.colcon_core.package_identification:_identify(src/ros2_astra_camera) by extension 'python_setup_py'
[1.714s] Level 1:colcon.colcon_core.package_identification:_identify(src/ros2_astra_camera/astra_camera) by extensions ['ignore', 'ignore_ament_install']
[1.715s] Level 1:colcon.colcon_core.package_identification:_identify(src/ros2_astra_camera/astra_camera) by extension 'ignore'
[1.715s] Level 1:colcon.colcon_core.package_identification:_identify(src/ros2_astra_camera/astra_camera) by extension 'ignore_ament_install'
[1.716s] Level 1:colcon.colcon_core.package_identification:_identify(src/ros2_astra_camera/astra_camera) by extensions ['colcon_pkg']
[1.716s] Level 1:colcon.colcon_core.package_identification:_identify(src/ros2_astra_camera/astra_camera) by extension 'colcon_pkg'
[1.716s] Level 1:colcon.colcon_core.package_identification:_identify(src/ros2_astra_camera/astra_camera) by extensions ['colcon_meta']
[1.716s] Level 1:colcon.colcon_core.package_identification:_identify(src/ros2_astra_camera/astra_camera) by extension 'colcon_meta'
[1.716s] Level 1:colcon.colcon_core.package_identification:_identify(src/ros2_astra_camera/astra_camera) by extensions ['ros']
[1.717s] Level 1:colcon.colcon_core.package_identification:_identify(src/ros2_astra_camera/astra_camera) by extension 'ros'
[1.726s] DEBUG:colcon.colcon_core.package_identification:Package 'src/ros2_astra_camera/astra_camera' with type 'ros.ament_cmake' and name 'astra_camera'
[1.729s] Level 1:colcon.colcon_core.package_identification:_identify(src/ros2_astra_camera/astra_camera_msgs) by extensions ['ignore', 'ignore_ament_install']
[1.729s] Level 1:colcon.colcon_core.package_identification:_identify(src/ros2_astra_camera/astra_camera_msgs) by extension 'ignore'
[1.730s] Level 1:colcon.colcon_core.package_identification:_identify(src/ros2_astra_camera/astra_camera_msgs) by extension 'ignore_ament_install'
[1.730s] Level 1:colcon.colcon_core.package_identification:_identify(src/ros2_astra_camera/astra_camera_msgs) by extensions ['colcon_pkg']
[1.730s] Level 1:colcon.colcon_core.package_identification:_identify(src/ros2_astra_camera/astra_camera_msgs) by extension 'colcon_pkg'
[1.730s] Level 1:colcon.colcon_core.package_identification:_identify(src/ros2_astra_camera/astra_camera_msgs) by extensions ['colcon_meta']
[1.730s] Level 1:colcon.colcon_core.package_identification:_identify(src/ros2_astra_camera/astra_camera_msgs) by extension 'colcon_meta'
[1.731s] Level 1:colcon.colcon_core.package_identification:_identify(src/ros2_astra_camera/astra_camera_msgs) by extensions ['ros']
[1.731s] Level 1:colcon.colcon_core.package_identification:_identify(src/ros2_astra_camera/astra_camera_msgs) by extension 'ros'
[1.734s] DEBUG:colcon.colcon_core.package_identification:Package 'src/ros2_astra_camera/astra_camera_msgs' with type 'ros.ament_cmake' and name 'astra_camera_msgs'
[1.734s] Level 1:colcon.colcon_core.package_discovery:discover_packages(recursive) using defaults
[1.734s] Level 1:colcon.colcon_core.package_discovery:discover_packages(ignore) discover
[1.734s] Level 1:colcon.colcon_core.package_discovery:discover_packages(ignore) using defaults
[1.734s] Level 1:colcon.colcon_core.package_discovery:discover_packages(path) discover
[1.734s] Level 1:colcon.colcon_core.package_discovery:discover_packages(path) using defaults
[1.893s] Level 1:colcon.colcon_core.package_discovery:discover_packages(prefix_path) check parameters
[1.893s] Level 1:colcon.colcon_core.package_discovery:discover_packages(prefix_path) discover
[1.915s] DEBUG:colcon.colcon_installed_package_information.package_discovery:Found 274 installed packages in /opt/ros/humble
[1.922s] Level 1:colcon.colcon_core.package_discovery:discover_packages(prefix_path) using defaults
[2.093s] Level 5:colcon.colcon_core.verb:set package 'astra_camera_msgs' build argument 'cmake_args' from command line to 'None'
[2.094s] Level 5:colcon.colcon_core.verb:set package 'astra_camera_msgs' build argument 'cmake_target' from command line to 'None'
[2.094s] Level 5:colcon.colcon_core.verb:set package 'astra_camera_msgs' build argument 'cmake_target_skip_unavailable' from command line to 'False'
[2.094s] Level 5:colcon.colcon_core.verb:set package 'astra_camera_msgs' build argument 'cmake_clean_cache' from command line to 'False'
[2.094s] Level 5:colcon.colcon_core.verb:set package 'astra_camera_msgs' build argument 'cmake_clean_first' from command line to 'False'
[2.094s] Level 5:colcon.colcon_core.verb:set package 'astra_camera_msgs' build argument 'cmake_force_configure' from command line to 'False'
[2.094s] Level 5:colcon.colcon_core.verb:set package 'astra_camera_msgs' build argument 'ament_cmake_args' from command line to 'None'
[2.094s] Level 5:colcon.colcon_core.verb:set package 'astra_camera_msgs' build argument 'catkin_cmake_args' from command line to 'None'
[2.094s] Level 5:colcon.colcon_core.verb:set package 'astra_camera_msgs' build argument 'catkin_skip_building_tests' from command line to 'False'
[2.095s] DEBUG:colcon.colcon_core.verb:Building package 'astra_camera_msgs' with the following arguments: {'ament_cmake_args': None, 'build_base': '/home/tractor/ws/build/astra_camera_msgs', 'catkin_cmake_args': None, 'catkin_skip_building_tests': False, 'cmake_args': None, 'cmake_clean_cache': False, 'cmake_clean_first': False, 'cmake_force_configure': False, 'cmake_target': None, 'cmake_target_skip_unavailable': False, 'install_base': '/home/tractor/ws/install/astra_camera_msgs', 'merge_install': False, 'path': '/home/tractor/ws/src/ros2_astra_camera/astra_camera_msgs', 'symlink_install': False, 'test_result_base': None}
[2.096s] Level 5:colcon.colcon_core.verb:set package 'libuvc' build argument 'cmake_args' from command line to 'None'
[2.096s] Level 5:colcon.colcon_core.verb:set package 'libuvc' build argument 'cmake_target' from command line to 'None'
[2.096s] Level 5:colcon.colcon_core.verb:set package 'libuvc' build argument 'cmake_target_skip_unavailable' from command line to 'False'
[2.096s] Level 5:colcon.colcon_core.verb:set package 'libuvc' build argument 'cmake_clean_cache' from command line to 'False'
[2.097s] Level 5:colcon.colcon_core.verb:set package 'libuvc' build argument 'cmake_clean_first' from command line to 'False'
[2.097s] Level 5:colcon.colcon_core.verb:set package 'libuvc' build argument 'cmake_force_configure' from command line to 'False'
[2.097s] Level 5:colcon.colcon_core.verb:set package 'libuvc' build argument 'ament_cmake_args' from command line to 'None'
[2.097s] Level 5:colcon.colcon_core.verb:set package 'libuvc' build argument 'catkin_cmake_args' from command line to 'None'
[2.097s] Level 5:colcon.colcon_core.verb:set package 'libuvc' build argument 'catkin_skip_building_tests' from command line to 'False'
[2.097s] DEBUG:colcon.colcon_core.verb:Building package 'libuvc' with the following arguments: {'ament_cmake_args': None, 'build_base': '/home/tractor/ws/build/libuvc', 'catkin_cmake_args': None, 'catkin_skip_building_tests': False, 'cmake_args': None, 'cmake_clean_cache': False, 'cmake_clean_first': False, 'cmake_force_configure': False, 'cmake_target': None, 'cmake_target_skip_unavailable': False, 'install_base': '/home/tractor/ws/install/libuvc', 'merge_install': False, 'path': '/home/tractor/ws/src/libuvc', 'symlink_install': False, 'test_result_base': None}
[2.098s] Level 5:colcon.colcon_core.verb:set package 'robot' build argument 'cmake_args' from command line to 'None'
[2.099s] Level 5:colcon.colcon_core.verb:set package 'robot' build argument 'cmake_target' from command line to 'None'
[2.099s] Level 5:colcon.colcon_core.verb:set package 'robot' build argument 'cmake_target_skip_unavailable' from command line to 'False'
[2.099s] Level 5:colcon.colcon_core.verb:set package 'robot' build argument 'cmake_clean_cache' from command line to 'False'
[2.099s] Level 5:colcon.colcon_core.verb:set package 'robot' build argument 'cmake_clean_first' from command line to 'False'
[2.099s] Level 5:colcon.colcon_core.verb:set package 'robot' build argument 'cmake_force_configure' from command line to 'False'
[2.099s] Level 5:colcon.colcon_core.verb:set package 'robot' build argument 'ament_cmake_args' from command line to 'None'
[2.099s] Level 5:colcon.colcon_core.verb:set package 'robot' build argument 'catkin_cmake_args' from command line to 'None'
[2.099s] Level 5:colcon.colcon_core.verb:set package 'robot' build argument 'catkin_skip_building_tests' from command line to 'False'
[2.099s] DEBUG:colcon.colcon_core.verb:Building package 'robot' with the following arguments: {'ament_cmake_args': None, 'build_base': '/home/tractor/ws/build/robot', 'catkin_cmake_args': None, 'catkin_skip_building_tests': False, 'cmake_args': None, 'cmake_clean_cache': False, 'cmake_clean_first': False, 'cmake_force_configure': False, 'cmake_target': None, 'cmake_target_skip_unavailable': False, 'install_base': '/home/tractor/ws/install/robot', 'merge_install': False, 'path': '/home/tractor/ws/src/robot', 'symlink_install': False, 'test_result_base': None}
[2.101s] Level 5:colcon.colcon_core.verb:set package 'astra_camera' build argument 'cmake_args' from command line to 'None'
[2.101s] Level 5:colcon.colcon_core.verb:set package 'astra_camera' build argument 'cmake_target' from command line to 'None'
[2.101s] Level 5:colcon.colcon_core.verb:set package 'astra_camera' build argument 'cmake_target_skip_unavailable' from command line to 'False'
[2.101s] Level 5:colcon.colcon_core.verb:set package 'astra_camera' build argument 'cmake_clean_cache' from command line to 'False'
[2.101s] Level 5:colcon.colcon_core.verb:set package 'astra_camera' build argument 'cmake_clean_first' from command line to 'False'
[2.102s] Level 5:colcon.colcon_core.verb:set package 'astra_camera' build argument 'cmake_force_configure' from command line to 'False'
[2.102s] Level 5:colcon.colcon_core.verb:set package 'astra_camera' build argument 'ament_cmake_args' from command line to 'None'
[2.102s] Level 5:colcon.colcon_core.verb:set package 'astra_camera' build argument 'catkin_cmake_args' from command line to 'None'
[2.102s] Level 5:colcon.colcon_core.verb:set package 'astra_camera' build argument 'catkin_skip_building_tests' from command line to 'False'
[2.102s] DEBUG:colcon.colcon_core.verb:Building package 'astra_camera' with the following arguments: {'ament_cmake_args': None, 'build_base': '/home/tractor/ws/build/astra_camera', 'catkin_cmake_args': None, 'catkin_skip_building_tests': False, 'cmake_args': None, 'cmake_clean_cache': False, 'cmake_clean_first': False, 'cmake_force_configure': False, 'cmake_target': None, 'cmake_target_skip_unavailable': False, 'install_base': '/home/tractor/ws/install/astra_camera', 'merge_install': False, 'path': '/home/tractor/ws/src/ros2_astra_camera/astra_camera', 'symlink_install': False, 'test_result_base': None}
[2.103s] INFO:colcon.colcon_core.executor:Executing jobs using 'parallel' executor
[2.106s] DEBUG:colcon.colcon_parallel_executor.executor.parallel:run_until_complete
[2.107s] INFO:colcon.colcon_ros.task.ament_cmake.build:Building ROS package in '/home/tractor/ws/src/ros2_astra_camera/astra_camera_msgs' with build type 'ament_cmake'
[2.108s] INFO:colcon.colcon_cmake.task.cmake.build:Building CMake package in '/home/tractor/ws/src/ros2_astra_camera/astra_camera_msgs'
[2.131s] INFO:colcon.colcon_core.plugin_system:Skipping extension 'colcon_core.shell.bat': Not used on non-Windows systems
[2.132s] INFO:colcon.colcon_core.shell:Skip shell extension 'powershell' for command environment: Not usable outside of PowerShell
[2.133s] DEBUG:colcon.colcon_core.shell:Skip shell extension 'dsv' for command environment
[2.155s] INFO:colcon.colcon_cmake.task.cmake.build:Building CMake package in '/home/tractor/ws/src/libuvc'
[2.157s] INFO:colcon.colcon_core.shell:Skip shell extension 'powershell' for command environment: Not usable outside of PowerShell
[2.157s] DEBUG:colcon.colcon_core.shell:Skip shell extension 'dsv' for command environment
[2.179s] INFO:colcon.colcon_ros.task.ament_python.build:Building ROS package in '/home/tractor/ws/src/robot' with build type 'ament_python'
[2.181s] Level 1:colcon.colcon_core.shell:create_environment_hook('robot', 'ament_prefix_path')
[2.182s] INFO:colcon.colcon_core.shell:Creating environment hook '/home/tractor/ws/install/robot/share/robot/hook/ament_prefix_path.ps1'
[2.189s] INFO:colcon.colcon_core.shell:Creating environment descriptor '/home/tractor/ws/install/robot/share/robot/hook/ament_prefix_path.dsv'
[2.192s] INFO:colcon.colcon_core.shell:Creating environment hook '/home/tractor/ws/install/robot/share/robot/hook/ament_prefix_path.sh'
[2.197s] INFO:colcon.colcon_core.shell:Skip shell extension 'powershell' for command environment: Not usable outside of PowerShell
[2.198s] DEBUG:colcon.colcon_core.shell:Skip shell extension 'dsv' for command environment
[2.242s] DEBUG:colcon.colcon_core.event_handler.log_command:Invoking command in '/home/tractor/ws/build/astra_camera_msgs': CMAKE_PREFIX_PATH=/opt/ros/humble /usr/bin/cmake --build /home/tractor/ws/build/astra_camera_msgs -- -j4 -l4
[2.284s] DEBUG:colcon.colcon_core.event_handler.log_command:Invoking command in '/home/tractor/ws/build/libuvc': /usr/bin/cmake --build /home/tractor/ws/build/libuvc -- -j4 -l4
[3.730s] INFO:colcon.colcon_core.task.python.build:Building Python package in '/home/tractor/ws/src/robot'
[3.731s] INFO:colcon.colcon_core.shell:Skip shell extension 'powershell' for command environment: Not usable outside of PowerShell
[3.732s] DEBUG:colcon.colcon_core.shell:Skip shell extension 'dsv' for command environment
[3.761s] DEBUG:colcon.colcon_core.event_handler.log_command:Invoked command in '/home/tractor/ws/build/libuvc' returned '0': /usr/bin/cmake --build /home/tractor/ws/build/libuvc -- -j4 -l4
[4.244s] DEBUG:colcon.colcon_core.event_handler.log_command:Invoking command in '/home/tractor/ws/build/libuvc': /usr/bin/cmake --install /home/tractor/ws/build/libuvc
[4.319s] Level 1:colcon.colcon_core.environment:create_environment_scripts_only(libuvc)
[4.323s] DEBUG:colcon.colcon_core.event_handler.log_command:Invoked command in '/home/tractor/ws/build/libuvc' returned '0': /usr/bin/cmake --install /home/tractor/ws/build/libuvc
[4.353s] Level 1:colcon.colcon_core.environment:checking '/home/tractor/ws/install/libuvc' for CMake module files
[4.355s] Level 1:colcon.colcon_core.shell:create_environment_hook('libuvc', 'cmake_module_path')
[4.356s] INFO:colcon.colcon_core.shell:Creating environment hook '/home/tractor/ws/install/libuvc/share/libuvc/hook/cmake_module_path.ps1'
[4.363s] INFO:colcon.colcon_core.shell:Creating environment descriptor '/home/tractor/ws/install/libuvc/share/libuvc/hook/cmake_module_path.dsv'
[4.365s] INFO:colcon.colcon_core.shell:Creating environment hook '/home/tractor/ws/install/libuvc/share/libuvc/hook/cmake_module_path.sh'
[4.368s] Level 1:colcon.colcon_core.shell:create_environment_hook('libuvc', 'cmake_module_path1')
[4.369s] INFO:colcon.colcon_core.shell:Creating environment hook '/home/tractor/ws/install/libuvc/share/libuvc/hook/cmake_module_path1.ps1'
[4.371s] INFO:colcon.colcon_core.shell:Creating environment descriptor '/home/tractor/ws/install/libuvc/share/libuvc/hook/cmake_module_path1.dsv'
[4.373s] INFO:colcon.colcon_core.shell:Creating environment hook '/home/tractor/ws/install/libuvc/share/libuvc/hook/cmake_module_path1.sh'
[4.378s] Level 1:colcon.colcon_core.environment:checking '/home/tractor/ws/install/libuvc' for CMake config files
[4.381s] Level 1:colcon.colcon_core.shell:create_environment_hook('libuvc', 'cmake_prefix_path')
[4.382s] INFO:colcon.colcon_core.shell:Creating environment hook '/home/tractor/ws/install/libuvc/share/libuvc/hook/cmake_prefix_path.ps1'
[4.384s] INFO:colcon.colcon_core.shell:Creating environment descriptor '/home/tractor/ws/install/libuvc/share/libuvc/hook/cmake_prefix_path.dsv'
[4.386s] INFO:colcon.colcon_core.shell:Creating environment hook '/home/tractor/ws/install/libuvc/share/libuvc/hook/cmake_prefix_path.sh'
[4.391s] Level 1:colcon.colcon_core.environment:checking '/home/tractor/ws/install/libuvc/lib'
[4.392s] Level 1:colcon.colcon_core.shell:create_environment_hook('libuvc', 'ld_library_path_lib')
[4.393s] INFO:colcon.colcon_core.shell:Creating environment hook '/home/tractor/ws/install/libuvc/share/libuvc/hook/ld_library_path_lib.ps1'
[4.396s] INFO:colcon.colcon_core.shell:Creating environment descriptor '/home/tractor/ws/install/libuvc/share/libuvc/hook/ld_library_path_lib.dsv'
[4.398s] INFO:colcon.colcon_core.shell:Creating environment hook '/home/tractor/ws/install/libuvc/share/libuvc/hook/ld_library_path_lib.sh'
[4.401s] Level 1:colcon.colcon_core.environment:checking '/home/tractor/ws/install/libuvc/bin'
[4.401s] Level 1:colcon.colcon_core.environment:checking '/home/tractor/ws/install/libuvc/lib/pkgconfig/libuvc.pc'
[4.402s] Level 1:colcon.colcon_core.shell:create_environment_hook('libuvc', 'pkg_config')
[4.403s] INFO:colcon.colcon_core.shell:Creating environment hook '/home/tractor/ws/install/libuvc/share/libuvc/hook/pkg_config.ps1'
[4.405s] INFO:colcon.colcon_core.shell:Creating environment descriptor '/home/tractor/ws/install/libuvc/share/libuvc/hook/pkg_config.dsv'
[4.407s] INFO:colcon.colcon_core.shell:Creating environment hook '/home/tractor/ws/install/libuvc/share/libuvc/hook/pkg_config.sh'
[4.410s] Level 1:colcon.colcon_core.environment:checking '/home/tractor/ws/install/libuvc/lib/python3.10/site-packages'
[4.412s] Level 1:colcon.colcon_core.environment:checking '/home/tractor/ws/install/libuvc/bin'
[4.413s] INFO:colcon.colcon_core.shell:Creating package script '/home/tractor/ws/install/libuvc/share/libuvc/package.ps1'
[4.419s] INFO:colcon.colcon_core.shell:Creating package descriptor '/home/tractor/ws/install/libuvc/share/libuvc/package.dsv'
[4.425s] INFO:colcon.colcon_core.shell:Creating package script '/home/tractor/ws/install/libuvc/share/libuvc/package.sh'
[4.431s] INFO:colcon.colcon_core.shell:Creating package script '/home/tractor/ws/install/libuvc/share/libuvc/package.bash'
[4.435s] INFO:colcon.colcon_core.shell:Creating package script '/home/tractor/ws/install/libuvc/share/libuvc/package.zsh'
[4.440s] Level 1:colcon.colcon_core.environment:create_file_with_runtime_dependencies(/home/tractor/ws/install/libuvc/share/colcon-core/packages/libuvc)
[5.262s] DEBUG:colcon.colcon_core.event_handler.log_command:Invoked command in '/home/tractor/ws/build/astra_camera_msgs' returned '0': CMAKE_PREFIX_PATH=/opt/ros/humble /usr/bin/cmake --build /home/tractor/ws/build/astra_camera_msgs -- -j4 -l4
[6.527s] DEBUG:colcon.colcon_core.event_handler.log_command:Invoking command in '/home/tractor/ws/build/astra_camera_msgs': CMAKE_PREFIX_PATH=/opt/ros/humble /usr/bin/cmake --install /home/tractor/ws/build/astra_camera_msgs
[7.009s] Level 1:colcon.colcon_core.environment:create_environment_scripts_only(astra_camera_msgs)
[7.011s] Level 1:colcon.colcon_core.environment:checking '/home/tractor/ws/install/astra_camera_msgs' for CMake module files
[7.012s] DEBUG:colcon.colcon_core.event_handler.log_command:Invoked command in '/home/tractor/ws/build/astra_camera_msgs' returned '0': CMAKE_PREFIX_PATH=/opt/ros/humble /usr/bin/cmake --install /home/tractor/ws/build/astra_camera_msgs
[7.016s] Level 1:colcon.colcon_core.environment:checking '/home/tractor/ws/install/astra_camera_msgs' for CMake config files
[7.019s] Level 1:colcon.colcon_core.shell:create_environment_hook('astra_camera_msgs', 'cmake_prefix_path')
[7.020s] INFO:colcon.colcon_core.shell:Creating environment hook '/home/tractor/ws/install/astra_camera_msgs/share/astra_camera_msgs/hook/cmake_prefix_path.ps1'
[7.022s] INFO:colcon.colcon_core.shell:Creating environment descriptor '/home/tractor/ws/install/astra_camera_msgs/share/astra_camera_msgs/hook/cmake_prefix_path.dsv'
[7.024s] INFO:colcon.colcon_core.shell:Creating environment hook '/home/tractor/ws/install/astra_camera_msgs/share/astra_camera_msgs/hook/cmake_prefix_path.sh'
[7.027s] Level 1:colcon.colcon_core.environment:checking '/home/tractor/ws/install/astra_camera_msgs/lib'
[7.028s] Level 1:colcon.colcon_core.shell:create_environment_hook('astra_camera_msgs', 'ld_library_path_lib')
[7.029s] INFO:colcon.colcon_core.shell:Creating environment hook '/home/tractor/ws/install/astra_camera_msgs/share/astra_camera_msgs/hook/ld_library_path_lib.ps1'
[7.031s] INFO:colcon.colcon_core.shell:Creating environment descriptor '/home/tractor/ws/install/astra_camera_msgs/share/astra_camera_msgs/hook/ld_library_path_lib.dsv'
[7.033s] INFO:colcon.colcon_core.shell:Creating environment hook '/home/tractor/ws/install/astra_camera_msgs/share/astra_camera_msgs/hook/ld_library_path_lib.sh'
[7.035s] Level 1:colcon.colcon_core.environment:checking '/home/tractor/ws/install/astra_camera_msgs/bin'
[7.036s] Level 1:colcon.colcon_core.environment:checking '/home/tractor/ws/install/astra_camera_msgs/lib/pkgconfig/astra_camera_msgs.pc'
[7.037s] Level 1:colcon.colcon_core.environment:checking '/home/tractor/ws/install/astra_camera_msgs/lib/python3.10/site-packages'
[7.038s] Level 1:colcon.colcon_core.environment:checking '/home/tractor/ws/install/astra_camera_msgs/bin'
[7.040s] INFO:colcon.colcon_core.shell:Creating package script '/home/tractor/ws/install/astra_camera_msgs/share/astra_camera_msgs/package.ps1'
[7.043s] INFO:colcon.colcon_core.shell:Creating package descriptor '/home/tractor/ws/install/astra_camera_msgs/share/astra_camera_msgs/package.dsv'
[7.045s] INFO:colcon.colcon_core.shell:Creating package script '/home/tractor/ws/install/astra_camera_msgs/share/astra_camera_msgs/package.sh'
[7.047s] INFO:colcon.colcon_core.shell:Creating package script '/home/tractor/ws/install/astra_camera_msgs/share/astra_camera_msgs/package.bash'
[7.049s] INFO:colcon.colcon_core.shell:Creating package script '/home/tractor/ws/install/astra_camera_msgs/share/astra_camera_msgs/package.zsh'
[7.051s] Level 1:colcon.colcon_core.environment:create_file_with_runtime_dependencies(/home/tractor/ws/install/astra_camera_msgs/share/colcon-core/packages/astra_camera_msgs)
[7.473s] DEBUG:colcon.colcon_core.event_handler.log_command:Invoking command in '/home/tractor/ws/src/robot': PYTHONPATH=/home/tractor/ws/build/robot/prefix_override:/home/tractor/ws/install/robot/lib/python3.10/site-packages:${PYTHONPATH} /usr/bin/python3 -W ignore:setup.py install is deprecated setup.py egg_info --egg-base ../../build/robot build --build-base /home/tractor/ws/build/robot/build install --record /home/tractor/ws/build/robot/install.log --single-version-externally-managed install_data
[8.334s] Level 1:colcon.colcon_core.environment:create_environment_scripts_only(astra_camera_msgs)
[8.336s] Level 1:colcon.colcon_core.environment:checking '/home/tractor/ws/install/astra_camera_msgs' for CMake module files
[8.340s] Level 1:colcon.colcon_core.environment:checking '/home/tractor/ws/install/astra_camera_msgs' for CMake config files
[8.342s] Level 1:colcon.colcon_core.shell:create_environment_hook('astra_camera_msgs', 'cmake_prefix_path')
[8.343s] INFO:colcon.colcon_core.shell:Creating environment hook '/home/tractor/ws/install/astra_camera_msgs/share/astra_camera_msgs/hook/cmake_prefix_path.ps1'
[8.345s] INFO:colcon.colcon_core.shell:Creating environment descriptor '/home/tractor/ws/install/astra_camera_msgs/share/astra_camera_msgs/hook/cmake_prefix_path.dsv'
[8.347s] INFO:colcon.colcon_core.shell:Creating environment hook '/home/tractor/ws/install/astra_camera_msgs/share/astra_camera_msgs/hook/cmake_prefix_path.sh'
[8.350s] Level 1:colcon.colcon_core.environment:checking '/home/tractor/ws/install/astra_camera_msgs/lib'
[8.350s] Level 1:colcon.colcon_core.shell:create_environment_hook('astra_camera_msgs', 'ld_library_path_lib')
[8.351s] INFO:colcon.colcon_core.shell:Creating environment hook '/home/tractor/ws/install/astra_camera_msgs/share/astra_camera_msgs/hook/ld_library_path_lib.ps1'
[8.353s] INFO:colcon.colcon_core.shell:Creating environment descriptor '/home/tractor/ws/install/astra_camera_msgs/share/astra_camera_msgs/hook/ld_library_path_lib.dsv'
[8.356s] INFO:colcon.colcon_core.shell:Creating environment hook '/home/tractor/ws/install/astra_camera_msgs/share/astra_camera_msgs/hook/ld_library_path_lib.sh'
[8.358s] Level 1:colcon.colcon_core.environment:checking '/home/tractor/ws/install/astra_camera_msgs/bin'
[8.358s] Level 1:colcon.colcon_core.environment:checking '/home/tractor/ws/install/astra_camera_msgs/lib/pkgconfig/astra_camera_msgs.pc'
[8.359s] Level 1:colcon.colcon_core.environment:checking '/home/tractor/ws/install/astra_camera_msgs/lib/python3.10/site-packages'
[8.360s] Level 1:colcon.colcon_core.environment:checking '/home/tractor/ws/install/astra_camera_msgs/bin'
[8.362s] INFO:colcon.colcon_core.shell:Creating package script '/home/tractor/ws/install/astra_camera_msgs/share/astra_camera_msgs/package.ps1'
[8.365s] INFO:colcon.colcon_core.shell:Creating package descriptor '/home/tractor/ws/install/astra_camera_msgs/share/astra_camera_msgs/package.dsv'
[8.368s] INFO:colcon.colcon_core.shell:Creating package script '/home/tractor/ws/install/astra_camera_msgs/share/astra_camera_msgs/package.sh'
[8.370s] INFO:colcon.colcon_core.shell:Creating package script '/home/tractor/ws/install/astra_camera_msgs/share/astra_camera_msgs/package.bash'
[8.373s] INFO:colcon.colcon_core.shell:Creating package script '/home/tractor/ws/install/astra_camera_msgs/share/astra_camera_msgs/package.zsh'
[8.375s] Level 1:colcon.colcon_core.environment:create_file_with_runtime_dependencies(/home/tractor/ws/install/astra_camera_msgs/share/colcon-core/packages/astra_camera_msgs)
[8.377s] INFO:colcon.colcon_ros.task.ament_cmake.build:Building ROS package in '/home/tractor/ws/src/ros2_astra_camera/astra_camera' with build type 'ament_cmake'
[8.377s] INFO:colcon.colcon_cmake.task.cmake.build:Building CMake package in '/home/tractor/ws/src/ros2_astra_camera/astra_camera'
[8.379s] INFO:colcon.colcon_core.shell:Skip shell extension 'powershell' for command environment: Not usable outside of PowerShell
[8.379s] DEBUG:colcon.colcon_core.shell:Skip shell extension 'dsv' for command environment
[8.448s] DEBUG:colcon.colcon_core.event_handler.log_command:Invoking command in '/home/tractor/ws/build/astra_camera': AMENT_PREFIX_PATH=/home/tractor/ws/install/astra_camera_msgs:${AMENT_PREFIX_PATH} CMAKE_PREFIX_PATH=/home/tractor/ws/install/astra_camera_msgs:/opt/ros/humble LD_LIBRARY_PATH=/home/tractor/ws/install/astra_camera_msgs/lib:${LD_LIBRARY_PATH} PYTHONPATH=/home/tractor/ws/install/astra_camera_msgs/local/lib/python3.10/dist-packages:${PYTHONPATH} /usr/bin/cmake --build /home/tractor/ws/build/astra_camera -- -j4 -l4
[9.245s] DEBUG:colcon.colcon_core.event_handler.log_command:Invoked command in '/home/tractor/ws/build/astra_camera' returned '0': AMENT_PREFIX_PATH=/home/tractor/ws/install/astra_camera_msgs:${AMENT_PREFIX_PATH} CMAKE_PREFIX_PATH=/home/tractor/ws/install/astra_camera_msgs:/opt/ros/humble LD_LIBRARY_PATH=/home/tractor/ws/install/astra_camera_msgs/lib:${LD_LIBRARY_PATH} PYTHONPATH=/home/tractor/ws/install/astra_camera_msgs/local/lib/python3.10/dist-packages:${PYTHONPATH} /usr/bin/cmake --build /home/tractor/ws/build/astra_camera -- -j4 -l4
[9.581s] DEBUG:colcon.colcon_core.event_handler.log_command:Invoking command in '/home/tractor/ws/build/astra_camera': AMENT_PREFIX_PATH=/home/tractor/ws/install/astra_camera_msgs:${AMENT_PREFIX_PATH} CMAKE_PREFIX_PATH=/home/tractor/ws/install/astra_camera_msgs:/opt/ros/humble LD_LIBRARY_PATH=/home/tractor/ws/install/astra_camera_msgs/lib:${LD_LIBRARY_PATH} PYTHONPATH=/home/tractor/ws/install/astra_camera_msgs/local/lib/python3.10/dist-packages:${PYTHONPATH} /usr/bin/cmake --install /home/tractor/ws/build/astra_camera
[9.721s] Level 1:colcon.colcon_core.environment:create_environment_scripts_only(astra_camera)
[9.723s] Level 1:colcon.colcon_core.environment:checking '/home/tractor/ws/install/astra_camera' for CMake module files
[9.727s] DEBUG:colcon.colcon_core.event_handler.log_command:Invoked command in '/home/tractor/ws/build/astra_camera' returned '0': AMENT_PREFIX_PATH=/home/tractor/ws/install/astra_camera_msgs:${AMENT_PREFIX_PATH} CMAKE_PREFIX_PATH=/home/tractor/ws/install/astra_camera_msgs:/opt/ros/humble LD_LIBRARY_PATH=/home/tractor/ws/install/astra_camera_msgs/lib:${LD_LIBRARY_PATH} PYTHONPATH=/home/tractor/ws/install/astra_camera_msgs/local/lib/python3.10/dist-packages:${PYTHONPATH} /usr/bin/cmake --install /home/tractor/ws/build/astra_camera
[9.785s] Level 1:colcon.colcon_core.environment:checking '/home/tractor/ws/install/astra_camera' for CMake config files
[9.786s] Level 1:colcon.colcon_core.shell:create_environment_hook('astra_camera', 'cmake_prefix_path')
[9.787s] INFO:colcon.colcon_core.shell:Creating environment hook '/home/tractor/ws/install/astra_camera/share/astra_camera/hook/cmake_prefix_path.ps1'
[9.795s] INFO:colcon.colcon_core.shell:Creating environment descriptor '/home/tractor/ws/install/astra_camera/share/astra_camera/hook/cmake_prefix_path.dsv'
[9.797s] INFO:colcon.colcon_core.shell:Creating environment hook '/home/tractor/ws/install/astra_camera/share/astra_camera/hook/cmake_prefix_path.sh'
[9.800s] Level 1:colcon.colcon_core.environment:checking '/home/tractor/ws/install/astra_camera/lib'
[9.800s] Level 1:colcon.colcon_core.shell:create_environment_hook('astra_camera', 'ld_library_path_lib')
[9.801s] INFO:colcon.colcon_core.shell:Creating environment hook '/home/tractor/ws/install/astra_camera/share/astra_camera/hook/ld_library_path_lib.ps1'
[9.803s] INFO:colcon.colcon_core.shell:Creating environment descriptor '/home/tractor/ws/install/astra_camera/share/astra_camera/hook/ld_library_path_lib.dsv'
[9.805s] INFO:colcon.colcon_core.shell:Creating environment hook '/home/tractor/ws/install/astra_camera/share/astra_camera/hook/ld_library_path_lib.sh'
[9.807s] Level 1:colcon.colcon_core.environment:checking '/home/tractor/ws/install/astra_camera/bin'
[9.807s] Level 1:colcon.colcon_core.environment:checking '/home/tractor/ws/install/astra_camera/lib/pkgconfig/astra_camera.pc'
[9.809s] Level 1:colcon.colcon_core.environment:checking '/home/tractor/ws/install/astra_camera/lib/python3.10/site-packages'
[9.810s] Level 1:colcon.colcon_core.environment:checking '/home/tractor/ws/install/astra_camera/bin'
[9.812s] INFO:colcon.colcon_core.shell:Creating package script '/home/tractor/ws/install/astra_camera/share/astra_camera/package.ps1'
[9.814s] INFO:colcon.colcon_core.shell:Creating package descriptor '/home/tractor/ws/install/astra_camera/share/astra_camera/package.dsv'
[9.816s] INFO:colcon.colcon_core.shell:Creating package script '/home/tractor/ws/install/astra_camera/share/astra_camera/package.sh'
[9.818s] INFO:colcon.colcon_core.shell:Creating package script '/home/tractor/ws/install/astra_camera/share/astra_camera/package.bash'
[9.820s] INFO:colcon.colcon_core.shell:Creating package script '/home/tractor/ws/install/astra_camera/share/astra_camera/package.zsh'
[9.822s] Level 1:colcon.colcon_core.environment:create_file_with_runtime_dependencies(/home/tractor/ws/install/astra_camera/share/colcon-core/packages/astra_camera)
[10.186s] Level 1:colcon.colcon_core.environment:create_environment_scripts_only(astra_camera)
[10.187s] Level 1:colcon.colcon_core.environment:checking '/home/tractor/ws/install/astra_camera' for CMake module files
[10.192s] Level 1:colcon.colcon_core.environment:checking '/home/tractor/ws/install/astra_camera' for CMake config files
[10.193s] Level 1:colcon.colcon_core.shell:create_environment_hook('astra_camera', 'cmake_prefix_path')
[10.195s] INFO:colcon.colcon_core.shell:Creating environment hook '/home/tractor/ws/install/astra_camera/share/astra_camera/hook/cmake_prefix_path.ps1'
[10.199s] INFO:colcon.colcon_core.shell:Creating environment descriptor '/home/tractor/ws/install/astra_camera/share/astra_camera/hook/cmake_prefix_path.dsv'
[10.202s] INFO:colcon.colcon_core.shell:Creating environment hook '/home/tractor/ws/install/astra_camera/share/astra_camera/hook/cmake_prefix_path.sh'
[10.209s] Level 1:colcon.colcon_core.environment:checking '/home/tractor/ws/install/astra_camera/lib'
[10.211s] Level 1:colcon.colcon_core.shell:create_environment_hook('astra_camera', 'ld_library_path_lib')
[10.213s] INFO:colcon.colcon_core.shell:Creating environment hook '/home/tractor/ws/install/astra_camera/share/astra_camera/hook/ld_library_path_lib.ps1'
[10.217s] INFO:colcon.colcon_core.shell:Creating environment descriptor '/home/tractor/ws/install/astra_camera/share/astra_camera/hook/ld_library_path_lib.dsv'
[10.221s] INFO:colcon.colcon_core.shell:Creating environment hook '/home/tractor/ws/install/astra_camera/share/astra_camera/hook/ld_library_path_lib.sh'
[10.225s] Level 1:colcon.colcon_core.environment:checking '/home/tractor/ws/install/astra_camera/bin'
[10.226s] Level 1:colcon.colcon_core.environment:checking '/home/tractor/ws/install/astra_camera/lib/pkgconfig/astra_camera.pc'
[10.228s] Level 1:colcon.colcon_core.environment:checking '/home/tractor/ws/install/astra_camera/lib/python3.10/site-packages'
[10.229s] Level 1:colcon.colcon_core.environment:checking '/home/tractor/ws/install/astra_camera/bin'
[10.232s] INFO:colcon.colcon_core.shell:Creating package script '/home/tractor/ws/install/astra_camera/share/astra_camera/package.ps1'
[10.238s] INFO:colcon.colcon_core.shell:Creating package descriptor '/home/tractor/ws/install/astra_camera/share/astra_camera/package.dsv'
[10.243s] INFO:colcon.colcon_core.shell:Creating package script '/home/tractor/ws/install/astra_camera/share/astra_camera/package.sh'
[10.246s] INFO:colcon.colcon_core.shell:Creating package script '/home/tractor/ws/install/astra_camera/share/astra_camera/package.bash'
[10.250s] INFO:colcon.colcon_core.shell:Creating package script '/home/tractor/ws/install/astra_camera/share/astra_camera/package.zsh'
[10.253s] Level 1:colcon.colcon_core.environment:create_file_with_runtime_dependencies(/home/tractor/ws/install/astra_camera/share/colcon-core/packages/astra_camera)
[10.286s] Level 1:colcon.colcon_core.environment:checking '/home/tractor/ws/install/robot' for CMake module files
[10.288s] DEBUG:colcon.colcon_core.event_handler.log_command:Invoked command in '/home/tractor/ws/src/robot' returned '0': PYTHONPATH=/home/tractor/ws/build/robot/prefix_override:/home/tractor/ws/install/robot/lib/python3.10/site-packages:${PYTHONPATH} /usr/bin/python3 -W ignore:setup.py install is deprecated setup.py egg_info --egg-base ../../build/robot build --build-base /home/tractor/ws/build/robot/build install --record /home/tractor/ws/build/robot/install.log --single-version-externally-managed install_data
[10.289s] Level 1:colcon.colcon_core.environment:checking '/home/tractor/ws/install/robot' for CMake config files
[10.298s] Level 1:colcon.colcon_core.environment:checking '/home/tractor/ws/install/robot/lib'
[10.298s] Level 1:colcon.colcon_core.environment:checking '/home/tractor/ws/install/robot/bin'
[10.299s] Level 1:colcon.colcon_core.environment:checking '/home/tractor/ws/install/robot/lib/pkgconfig/robot.pc'
[10.300s] Level 1:colcon.colcon_core.environment:checking '/home/tractor/ws/install/robot/lib/python3.10/site-packages'
[10.300s] Level 1:colcon.colcon_core.shell:create_environment_hook('robot', 'pythonpath')
[10.302s] INFO:colcon.colcon_core.shell:Creating environment hook '/home/tractor/ws/install/robot/share/robot/hook/pythonpath.ps1'
[10.304s] INFO:colcon.colcon_core.shell:Creating environment descriptor '/home/tractor/ws/install/robot/share/robot/hook/pythonpath.dsv'
[10.306s] INFO:colcon.colcon_core.shell:Creating environment hook '/home/tractor/ws/install/robot/share/robot/hook/pythonpath.sh'
[10.311s] Level 1:colcon.colcon_core.environment:checking '/home/tractor/ws/install/robot/bin'
[10.312s] Level 1:colcon.colcon_core.environment:create_environment_scripts_only(robot)
[10.313s] INFO:colcon.colcon_core.shell:Creating package script '/home/tractor/ws/install/robot/share/robot/package.ps1'
[10.316s] INFO:colcon.colcon_core.shell:Creating package descriptor '/home/tractor/ws/install/robot/share/robot/package.dsv'
[10.318s] INFO:colcon.colcon_core.shell:Creating package script '/home/tractor/ws/install/robot/share/robot/package.sh'
[10.320s] INFO:colcon.colcon_core.shell:Creating package script '/home/tractor/ws/install/robot/share/robot/package.bash'
[10.322s] INFO:colcon.colcon_core.shell:Creating package script '/home/tractor/ws/install/robot/share/robot/package.zsh'
[10.324s] Level 1:colcon.colcon_core.environment:create_file_with_runtime_dependencies(/home/tractor/ws/install/robot/share/colcon-core/packages/robot)
[10.325s] DEBUG:colcon.colcon_parallel_executor.executor.parallel:closing loop
[10.326s] DEBUG:colcon.colcon_parallel_executor.executor.parallel:loop closed
[10.326s] DEBUG:colcon.colcon_parallel_executor.executor.parallel:run_until_complete finished with '0'
[10.327s] DEBUG:colcon.colcon_core.event_reactor:joining thread
[10.357s] INFO:colcon.colcon_core.plugin_system:Skipping extension 'colcon_notification.desktop_notification.terminal_notifier': Not used on non-Darwin systems
[10.358s] INFO:colcon.colcon_core.plugin_system:Skipping extension 'colcon_notification.desktop_notification.win32': Not used on non-Windows systems
[10.358s] INFO:colcon.colcon_notification.desktop_notification:Sending desktop notification using 'notify2'
[10.464s] DEBUG:colcon.colcon_core.event_reactor:joined thread
[10.465s] INFO:colcon.colcon_core.shell:Creating prefix script '/home/tractor/ws/install/local_setup.ps1'
[10.474s] INFO:colcon.colcon_core.shell:Creating prefix util module '/home/tractor/ws/install/_local_setup_util_ps1.py'
[10.484s] INFO:colcon.colcon_core.shell:Creating prefix chain script '/home/tractor/ws/install/setup.ps1'
[10.491s] INFO:colcon.colcon_core.shell:Creating prefix script '/home/tractor/ws/install/local_setup.sh'
[10.496s] INFO:colcon.colcon_core.shell:Creating prefix util module '/home/tractor/ws/install/_local_setup_util_sh.py'
[10.499s] INFO:colcon.colcon_core.shell:Creating prefix chain script '/home/tractor/ws/install/setup.sh'
[10.505s] INFO:colcon.colcon_core.shell:Creating prefix script '/home/tractor/ws/install/local_setup.bash'
[10.509s] INFO:colcon.colcon_core.shell:Creating prefix chain script '/home/tractor/ws/install/setup.bash'
[10.516s] INFO:colcon.colcon_core.shell:Creating prefix script '/home/tractor/ws/install/local_setup.zsh'
[10.520s] INFO:colcon.colcon_core.shell:Creating prefix chain script '/home/tractor/ws/install/setup.zsh'
