[3.722s] Invoking command in '/home/tractor/ws/src/robot': PYTHONPATH=/home/tractor/ws/build/robot/prefix_override:/home/tractor/ws/install/robot/lib/python3.10/site-packages:${PYTHONPATH} /usr/bin/python3 -W ignore:setup.py install is deprecated setup.py egg_info --egg-base ../../build/robot build --build-base /home/tractor/ws/build/robot/build install --record /home/tractor/ws/build/robot/install.log --single-version-externally-managed install_data
[4.864s] running egg_info
[4.937s] writing ../../build/robot/robot.egg-info/PKG-INFO
[4.940s] writing dependency_links to ../../build/robot/robot.egg-info/dependency_links.txt
[4.941s] writing entry points to ../../build/robot/robot.egg-info/entry_points.txt
[4.942s] writing requirements to ../../build/robot/robot.egg-info/requires.txt
[4.943s] writing top-level names to ../../build/robot/robot.egg-info/top_level.txt
[5.092s] reading manifest file '../../build/robot/robot.egg-info/SOURCES.txt'
[5.093s] adding license file 'LICENSE'
[5.096s] writing manifest file '../../build/robot/robot.egg-info/SOURCES.txt'
[5.097s] running build
[5.098s] running build_py
[5.098s] copying robot/vision.py -> /home/tractor/ws/build/robot/build/lib/robot
[5.100s] copying robot/startRobot.py -> /home/tractor/ws/build/robot/build/lib/robot
[5.101s] copying robot/stop_sign_detection_screen_shots.py -> /home/tractor/ws/build/robot/build/lib/robot
[5.103s] copying robot/Locomotion.py -> /home/tractor/ws/build/robot/build/lib/robot
[5.104s] copying robot/__init__.py -> /home/tractor/ws/build/robot/build/lib/robot
[5.106s] running install
[5.128s] running install_lib
[5.201s] copying /home/tractor/ws/build/robot/build/lib/robot/vision.py -> /home/tractor/ws/install/robot/lib/python3.10/site-packages/robot
[5.206s] byte-compiling /home/tractor/ws/install/robot/lib/python3.10/site-packages/robot/vision.py to vision.cpython-310.pyc
[5.212s] running install_data
[5.213s] copying resource/robot -> /home/tractor/ws/install/robot/share/ament_index/resource_index/packages
[5.214s] copying package.xml -> /home/tractor/ws/install/robot/share/robot
[5.214s] running install_egg_info
[5.293s] removing '/home/tractor/ws/install/robot/lib/python3.10/site-packages/robot-0.0.0-py3.10.egg-info' (and everything under it)
[5.295s] Copying ../../build/robot/robot.egg-info to /home/tractor/ws/install/robot/lib/python3.10/site-packages/robot-0.0.0-py3.10.egg-info
[5.300s] running install_scripts
[6.014s] Installing Locomotion script to /home/tractor/ws/install/robot/lib/robot
[6.015s] Installing stop script to /home/tractor/ws/install/robot/lib/robot
[6.016s] Installing vision script to /home/tractor/ws/install/robot/lib/robot
[6.018s] writing list of installed files to '/home/tractor/ws/build/robot/install.log'
[6.168s] Invoked command in '/home/tractor/ws/src/robot' returned '0': PYTHONPATH=/home/tractor/ws/build/robot/prefix_override:/home/tractor/ws/install/robot/lib/python3.10/site-packages:${PYTHONPATH} /usr/bin/python3 -W ignore:setup.py install is deprecated setup.py egg_info --egg-base ../../build/robot build --build-base /home/tractor/ws/build/robot/build install --record /home/tractor/ws/build/robot/install.log --single-version-externally-managed install_data
