[3.488s] Invoking command in '/home/tractor/ws/src/robot': PYTHONPATH=/home/tractor/ws/build/robot/prefix_override:/home/tractor/ws/install/robot/lib/python3.10/site-packages:${PYTHONPATH} /usr/bin/python3 -W ignore:setup.py install is deprecated setup.py egg_info --egg-base ../../build/robot build --build-base /home/tractor/ws/build/robot/build install --record /home/tractor/ws/build/robot/install.log --single-version-externally-managed install_data
[4.583s] running egg_info
[4.647s] writing ../../build/robot/robot.egg-info/PKG-INFO
[4.649s] writing dependency_links to ../../build/robot/robot.egg-info/dependency_links.txt
[4.650s] writing entry points to ../../build/robot/robot.egg-info/entry_points.txt
[4.652s] writing requirements to ../../build/robot/robot.egg-info/requires.txt
[4.652s] writing top-level names to ../../build/robot/robot.egg-info/top_level.txt
[4.793s] reading manifest file '../../build/robot/robot.egg-info/SOURCES.txt'
[4.795s] adding license file 'LICENSE'
[4.797s] writing manifest file '../../build/robot/robot.egg-info/SOURCES.txt'
[4.798s] running build
[4.799s] running build_py
[4.800s] copying robot/startRobot.py -> /home/tractor/ws/build/robot/build/lib/robot
[4.801s] copying robot/stop_sign_detection_screen_shots.py -> /home/tractor/ws/build/robot/build/lib/robot
[4.802s] copying robot/Locomotion.py -> /home/tractor/ws/build/robot/build/lib/robot
[4.804s] copying robot/__init__.py -> /home/tractor/ws/build/robot/build/lib/robot
[4.806s] running install
[4.827s] running install_lib
[4.897s] copying /home/tractor/ws/build/robot/build/lib/robot/stop_sign_detection_screen_shots.py -> /home/tractor/ws/install/robot/lib/python3.10/site-packages/robot
[4.900s] byte-compiling /home/tractor/ws/install/robot/lib/python3.10/site-packages/robot/stop_sign_detection_screen_shots.py to stop_sign_detection_screen_shots.cpython-310.pyc
[4.903s] running install_data
[4.903s] copying resource/robot -> /home/tractor/ws/install/robot/share/ament_index/resource_index/packages
[4.905s] copying package.xml -> /home/tractor/ws/install/robot/share/robot
[4.906s] running install_egg_info
[4.978s] removing '/home/tractor/ws/install/robot/lib/python3.10/site-packages/robot-0.0.0-py3.10.egg-info' (and everything under it)
[4.981s] Copying ../../build/robot/robot.egg-info to /home/tractor/ws/install/robot/lib/python3.10/site-packages/robot-0.0.0-py3.10.egg-info
[4.986s] running install_scripts
[5.643s] Installing Locomotion script to /home/tractor/ws/install/robot/lib/robot
[5.644s] Installing stop script to /home/tractor/ws/install/robot/lib/robot
[5.647s] writing list of installed files to '/home/tractor/ws/build/robot/install.log'
[5.794s] Invoked command in '/home/tractor/ws/src/robot' returned '0': PYTHONPATH=/home/tractor/ws/build/robot/prefix_override:/home/tractor/ws/install/robot/lib/python3.10/site-packages:${PYTHONPATH} /usr/bin/python3 -W ignore:setup.py install is deprecated setup.py egg_info --egg-base ../../build/robot build --build-base /home/tractor/ws/build/robot/build install --record /home/tractor/ws/build/robot/install.log --single-version-externally-managed install_data
