[3.583s] Invoking command in '/home/tractor/ws/src/robot': PYTHONPATH=/home/tractor/ws/build/robot/prefix_override:/home/tractor/ws/install/robot/lib/python3.10/site-packages:${PYTHONPATH} /usr/bin/python3 -W ignore:setup.py install is deprecated setup.py egg_info --egg-base ../../build/robot build --build-base /home/tractor/ws/build/robot/build install --record /home/tractor/ws/build/robot/install.log --single-version-externally-managed install_data
[4.665s] running egg_info
[4.667s] creating ../../build/robot/robot.egg-info
[4.733s] writing ../../build/robot/robot.egg-info/PKG-INFO
[4.735s] writing dependency_links to ../../build/robot/robot.egg-info/dependency_links.txt
[4.736s] writing entry points to ../../build/robot/robot.egg-info/entry_points.txt
[4.737s] writing requirements to ../../build/robot/robot.egg-info/requires.txt
[4.737s] writing top-level names to ../../build/robot/robot.egg-info/top_level.txt
[4.738s] writing manifest file '../../build/robot/robot.egg-info/SOURCES.txt'
[4.876s] reading manifest file '../../build/robot/robot.egg-info/SOURCES.txt'
[4.878s] adding license file 'LICENSE'
[4.880s] writing manifest file '../../build/robot/robot.egg-info/SOURCES.txt'
[4.881s] running build
[4.881s] running build_py
[4.882s] creating /home/tractor/ws/build/robot/build
[4.883s] creating /home/tractor/ws/build/robot/build/lib
[4.883s] creating /home/tractor/ws/build/robot/build/lib/robot
[4.884s] copying robot/startRobot.py -> /home/tractor/ws/build/robot/build/lib/robot
[4.885s] copying robot/stop_sign_detection_parse&save_video.py -> /home/tractor/ws/build/robot/build/lib/robot
[4.886s] copying robot/stop_sign_detection_screen_shots.py -> /home/tractor/ws/build/robot/build/lib/robot
[4.887s] copying robot/haar_cascade_steps.py -> /home/tractor/ws/build/robot/build/lib/robot
[4.888s] copying robot/Locomotion.py -> /home/tractor/ws/build/robot/build/lib/robot
[4.888s] copying robot/__init__.py -> /home/tractor/ws/build/robot/build/lib/robot
[4.890s] running install
[4.912s] running install_lib
[4.980s] creating /home/tractor/ws/install/robot/lib/python3.10/site-packages/robot
[4.980s] copying /home/tractor/ws/build/robot/build/lib/robot/startRobot.py -> /home/tractor/ws/install/robot/lib/python3.10/site-packages/robot
[4.981s] copying /home/tractor/ws/build/robot/build/lib/robot/stop_sign_detection_parse&save_video.py -> /home/tractor/ws/install/robot/lib/python3.10/site-packages/robot
[4.982s] copying /home/tractor/ws/build/robot/build/lib/robot/stop_sign_detection_screen_shots.py -> /home/tractor/ws/install/robot/lib/python3.10/site-packages/robot
[4.983s] copying /home/tractor/ws/build/robot/build/lib/robot/haar_cascade_steps.py -> /home/tractor/ws/install/robot/lib/python3.10/site-packages/robot
[4.984s] copying /home/tractor/ws/build/robot/build/lib/robot/Locomotion.py -> /home/tractor/ws/install/robot/lib/python3.10/site-packages/robot
[4.985s] copying /home/tractor/ws/build/robot/build/lib/robot/__init__.py -> /home/tractor/ws/install/robot/lib/python3.10/site-packages/robot
[4.988s] byte-compiling /home/tractor/ws/install/robot/lib/python3.10/site-packages/robot/startRobot.py to startRobot.cpython-310.pyc
[4.990s] byte-compiling /home/tractor/ws/install/robot/lib/python3.10/site-packages/robot/stop_sign_detection_parse&save_video.py to stop_sign_detection_parse&save_video.cpython-310.pyc
[4.993s] byte-compiling /home/tractor/ws/install/robot/lib/python3.10/site-packages/robot/stop_sign_detection_screen_shots.py to stop_sign_detection_screen_shots.cpython-310.pyc
[4.995s] byte-compiling /home/tractor/ws/install/robot/lib/python3.10/site-packages/robot/haar_cascade_steps.py to haar_cascade_steps.cpython-310.pyc
[4.999s] byte-compiling /home/tractor/ws/install/robot/lib/python3.10/site-packages/robot/Locomotion.py to Locomotion.cpython-310.pyc
[5.003s] byte-compiling /home/tractor/ws/install/robot/lib/python3.10/site-packages/robot/__init__.py to __init__.cpython-310.pyc
[5.005s] running install_data
[5.005s] creating /home/tractor/ws/install/robot/share/ament_index
[5.006s] creating /home/tractor/ws/install/robot/share/ament_index/resource_index
[5.006s] creating /home/tractor/ws/install/robot/share/ament_index/resource_index/packages
[5.007s] copying resource/robot -> /home/tractor/ws/install/robot/share/ament_index/resource_index/packages
[5.007s] copying package.xml -> /home/tractor/ws/install/robot/share/robot
[5.008s] running install_egg_info
[5.081s] Copying ../../build/robot/robot.egg-info to /home/tractor/ws/install/robot/lib/python3.10/site-packages/robot-0.0.0-py3.10.egg-info
[5.087s] running install_scripts
[5.750s] Installing Locomotion script to /home/tractor/ws/install/robot/lib/robot
[5.750s] Installing stop script to /home/tractor/ws/install/robot/lib/robot
[5.753s] writing list of installed files to '/home/tractor/ws/build/robot/install.log'
[5.903s] Invoked command in '/home/tractor/ws/src/robot' returned '0': PYTHONPATH=/home/tractor/ws/build/robot/prefix_override:/home/tractor/ws/install/robot/lib/python3.10/site-packages:${PYTHONPATH} /usr/bin/python3 -W ignore:setup.py install is deprecated setup.py egg_info --egg-base ../../build/robot build --build-base /home/tractor/ws/build/robot/build install --record /home/tractor/ws/build/robot/install.log --single-version-externally-managed install_data
